D:\大二下\人智导\作业\hw3_up\ChineseSentiment\FocalLoss.py:43: UserWarning: Implicit dimension choice for softmax has been deprecated. Change the call to include dim=X as an argument.
  P = F.softmax(inputs)
E:\Anaconda 5.3.1\lib\site-packages\scipy\stats\stats.py:3399: PearsonRConstantInputWarning: An input array is constant; the correlation coefficent is not defined.
  warnings.warn(PearsonRConstantInputWarning())
epoch:0
	best_epoch:0	best_acc:0.4540441176470588
	train loss:2.0883765435881085	train acc:0.3511284722222222	train F1:0.12055028457739272	train CORR:0.04591831587847499
	valid loss:1.3882167058832504	valid acc:0.4540441176470588	valid F1:0.07806573957016434	valid CORR:0.0
epoch:1
	best_epoch:1	best_acc:0.45588235294117646
	train loss:1.2071097476614847	train acc:0.3875868055555556	train F1:0.09875919701706277	train CORR:0.011703979274557227
	valid loss:1.3892685525557573	valid acc:0.45588235294117646	valid F1:0.08171190070364057	valid CORR:0.04196932788444472
epoch:2
	best_epoch:2	best_acc:0.4944852941176471
	train loss:1.1679666141668956	train acc:0.3975694444444444	train F1:0.09834323193429764	train CORR:0.06080345417133638
	valid loss:1.380641740911147	valid acc:0.4944852941176471	valid F1:0.14353370609105937	valid CORR:0.2292204994584637
epoch:3
	best_epoch:2	best_acc:0.4944852941176471
	train loss:1.11032554672824	train acc:0.4275173611111111	train F1:0.13622652347332792	train CORR:0.1851754798491176
	valid loss:1.3180623194750618	valid acc:0.4944852941176471	valid F1:0.1443340726826352	valid CORR:0.2328811173793157
epoch:4
	best_epoch:2	best_acc:0.4944852941176471
	train loss:1.0614564898941252	train acc:0.4552951388888889	train F1:0.17088142293926425	train CORR:0.24133330082302232
	valid loss:1.29152610021479	valid acc:0.49080882352941174	valid F1:0.16815691355215287	valid CORR:0.2352969211136814
epoch:5
	best_epoch:5	best_acc:0.5036764705882353
	train loss:1.0168272140953276	train acc:0.4722222222222222	train F1:0.18757250022449257	train CORR:0.24341287405922377
	valid loss:1.2187841569676119	valid acc:0.5036764705882353	valid F1:0.182864337966437	valid CORR:0.24454835137022135
epoch:6
	best_epoch:6	best_acc:0.5045955882352942
	train loss:0.9886595209439596	train acc:0.4917534722222222	train F1:0.20385989533342275	train CORR:0.2803065128780627
	valid loss:1.1822414959178251	valid acc:0.5045955882352942	valid F1:0.18827219125208422	valid CORR:0.23592997766443746
epoch:7
	best_epoch:7	best_acc:0.5073529411764706
	train loss:0.9563587589396371	train acc:0.5091145833333334	train F1:0.22795108728911162	train CORR:0.31106054325658417
	valid loss:1.157967630554648	valid acc:0.5073529411764706	valid F1:0.1938694164801559	valid CORR:0.22642421692570774
epoch:8
	best_epoch:7	best_acc:0.5073529411764706
	train loss:0.9264656205972036	train acc:0.5134548611111112	train F1:0.23443498480218897	train CORR:0.35121597398281545
	valid loss:1.14324954327415	valid acc:0.5055147058823529	valid F1:0.19103018012416015	valid CORR:0.22630017269870695
epoch:9
	best_epoch:7	best_acc:0.5073529411764706
	train loss:0.904277460442649	train acc:0.5221354166666666	train F1:0.24445715110986543	train CORR:0.3481326560857332
	valid loss:1.1459468883626602	valid acc:0.4963235294117647	valid F1:0.18359665861970434	valid CORR:0.21378486866936758
epoch:10
	best_epoch:7	best_acc:0.5073529411764706
	train loss:0.861409510175387	train acc:0.5381944444444444	train F1:0.26691272716771997	train CORR:0.37651381380978677
	valid loss:1.1020192118252026	valid acc:0.5018382352941176	valid F1:0.18782635548561022	valid CORR:0.2252056637405603
epoch:11
	best_epoch:11	best_acc:0.5202205882352942
	train loss:0.82180564933353	train acc:0.5551215277777778	train F1:0.279885340840663	train CORR:0.39349582178890036
	valid loss:1.0746448180254768	valid acc:0.5202205882352942	valid F1:0.20451010256787122	valid CORR:0.25126448610147334
epoch:12
	best_epoch:11	best_acc:0.5202205882352942
	train loss:0.7928590046034919	train acc:0.5763888888888888	train F1:0.3229286447844098	train CORR:0.4393813886459264
	valid loss:1.0994919117759256	valid acc:0.4852941176470588	valid F1:0.1911715640031082	valid CORR:0.21156598605186613
epoch:13
	best_epoch:13	best_acc:0.5220588235294118
	train loss:0.7682927697896957	train acc:0.5759548611111112	train F1:0.3243951669004501	train CORR:0.4458690802572224
	valid loss:1.050726385677562	valid acc:0.5220588235294118	valid F1:0.21129808963472607	valid CORR:0.28069662757567226
epoch:14
	best_epoch:13	best_acc:0.5220588235294118
	train loss:0.7437539680136575	train acc:0.5954861111111112	train F1:0.3590493865821197	train CORR:0.47908374170427637
	valid loss:1.043057448723737	valid acc:0.5073529411764706	valid F1:0.2058699235376605	valid CORR:0.2655287101119901
epoch:15
	best_epoch:13	best_acc:0.5220588235294118
	train loss:0.7163436197572284	train acc:0.6037326388888888	train F1:0.3700885299102122	train CORR:0.46884469729069456
	valid loss:1.0329968157936544	valid acc:0.5110294117647058	valid F1:0.21233450066302706	valid CORR:0.2853916581408782
epoch:16
	best_epoch:13	best_acc:0.5220588235294118
	train loss:0.6892631087038252	train acc:0.6245659722222222	train F1:0.4114908781785053	train CORR:0.5152877203194228
	valid loss:1.0261557768372929	valid acc:0.5101102941176471	valid F1:0.22441620380572652	valid CORR:0.29615032762810856
epoch:17
	best_epoch:17	best_acc:0.5257352941176471
	train loss:0.6703806842366854	train acc:0.6284722222222222	train F1:0.4052481025705237	train CORR:0.5523487220853532
	valid loss:0.9767476986436283	valid acc:0.5257352941176471	valid F1:0.22928120390015985	valid CORR:0.31820180393642417
epoch:18
	best_epoch:18	best_acc:0.5330882352941176
	train loss:0.630243707034323	train acc:0.6532118055555556	train F1:0.4426015270703114	train CORR:0.5832002359363521
	valid loss:0.9609321811619926	valid acc:0.5330882352941176	valid F1:0.23839314319482957	valid CORR:0.3428023815574617
epoch:19
	best_epoch:18	best_acc:0.5330882352941176
	train loss:0.6063632062739797	train acc:0.6449652777777778	train F1:0.42108583815608713	train CORR:0.5309783533139233
	valid loss:0.9767131700235254	valid acc:0.5220588235294118	valid F1:0.23763870603932716	valid CORR:0.29846705632516146
epoch:20
	best_epoch:20	best_acc:0.5340073529411765
	train loss:0.611470972498258	train acc:0.6631944444444444	train F1:0.4753830103817067	train CORR:0.5910248187933251
	valid loss:0.9627929154564353	valid acc:0.5340073529411765	valid F1:0.2557659688301618	valid CORR:0.35871901618941926
epoch:21
	best_epoch:20	best_acc:0.5340073529411765
	train loss:0.5514263874954648	train acc:0.6814236111111112	train F1:0.4883697440286417	train CORR:0.6309319619479634
	valid loss:0.9503389702123755	valid acc:0.5294117647058824	valid F1:0.25204535338125067	valid CORR:0.33638959735689583
epoch:22
	best_epoch:22	best_acc:0.5413602941176471
	train loss:0.5450572868188223	train acc:0.6814236111111112	train F1:0.48902687526084976	train CORR:0.6008680068113783
	valid loss:0.9491251882384805	valid acc:0.5413602941176471	valid F1:0.2694157223097726	valid CORR:0.35816198207928623
epoch:23
	best_epoch:23	best_acc:0.5643382352941176
	train loss:0.5173115233580271	train acc:0.7000868055555556	train F1:0.5224720305903776	train CORR:0.6245750803470782
	valid loss:0.8871585586491753	valid acc:0.5643382352941176	valid F1:0.27044006242727797	valid CORR:0.36990593676465017
epoch:24
	best_epoch:23	best_acc:0.5643382352941176
	train loss:0.5156506929132674	train acc:0.7165798611111112	train F1:0.5420496580986154	train CORR:0.6435936808490185
	valid loss:0.8931637301164514	valid acc:0.5606617647058824	valid F1:0.255337404349483	valid CORR:0.37282180560325373
epoch:25
	best_epoch:23	best_acc:0.5643382352941176
	train loss:0.48501432273123	train acc:0.7209201388888888	train F1:0.5668254061824514	train CORR:0.6716113113924449
	valid loss:0.9115891035865334	valid acc:0.5459558823529411	valid F1:0.27404522831349093	valid CORR:0.3638258940536824
epoch:26
	best_epoch:23	best_acc:0.5643382352941176
	train loss:0.4778221117125617	train acc:0.7265625	train F1:0.5782540206498661	train CORR:0.6681046912202824
	valid loss:0.8760353011243484	valid acc:0.5477941176470589	valid F1:0.2484927261574027	valid CORR:0.36265005737020783
epoch:27
	best_epoch:23	best_acc:0.5643382352941176
	train loss:0.46242211096816593	train acc:0.7252604166666666	train F1:0.5961342105414054	train CORR:0.6624631379637396
	valid loss:0.9250473695642808	valid acc:0.5303308823529411	valid F1:0.2554013036945436	valid CORR:0.3422473780956464
epoch:28
	best_epoch:23	best_acc:0.5643382352941176
	train loss:0.43391506953371894	train acc:0.7565104166666666	train F1:0.6272205737469694	train CORR:0.71912032077562
	valid loss:0.9234626258120817	valid acc:0.5303308823529411	valid F1:0.2720225364780455	valid CORR:0.3621422075417573
epoch:29
	best_epoch:23	best_acc:0.5643382352941176
	train loss:0.4204033621483379	train acc:0.7543402777777778	train F1:0.6360186525367681	train CORR:0.6951696495190671
	valid loss:0.9330632300937877	valid acc:0.5211397058823529	valid F1:0.2669586105820641	valid CORR:0.31901566365672757
epoch:30
	best_epoch:23	best_acc:0.5643382352941176
	train loss:0.3960563801229	train acc:0.7682291666666666	train F1:0.6557856287402481	train CORR:0.7370164393569759
	valid loss:0.906461354564218	valid acc:0.53125	valid F1:0.2649041945962136	valid CORR:0.34485904777430054
epoch:31
	best_epoch:23	best_acc:0.5643382352941176
	train loss:0.38217276831467945	train acc:0.7630208333333334	train F1:0.6515663572291609	train CORR:0.7186549785631733
	valid loss:0.8657673492151148	valid acc:0.5496323529411765	valid F1:0.27700395761205043	valid CORR:0.3829098928737202
epoch:32
	best_epoch:23	best_acc:0.5643382352941176
	train loss:0.3783970901535617	train acc:0.7673611111111112	train F1:0.6702535379021766	train CORR:0.7394769393108638
	valid loss:0.9062441517325008	valid acc:0.5266544117647058	valid F1:0.2517942010297175	valid CORR:0.3437540121596908
epoch:33
	best_epoch:23	best_acc:0.5643382352941176
	train loss:0.35631639096472	train acc:0.7864583333333334	train F1:0.6968421099306368	train CORR:0.7613953180844033
	valid loss:0.8446176052093506	valid acc:0.5551470588235294	valid F1:0.2743848051292469	valid CORR:0.3661968874739624
epoch:34
	best_epoch:23	best_acc:0.5643382352941176
	train loss:0.3590100018514527	train acc:0.7803819444444444	train F1:0.7079621618888899	train CORR:0.7558400410742143
	valid loss:0.9068682894987219	valid acc:0.5220588235294118	valid F1:0.2779239041706425	valid CORR:0.3465459914910668
epoch:35
	best_epoch:23	best_acc:0.5643382352941176
	train loss:0.33344605399502647	train acc:0.8064236111111112	train F1:0.7414496432118294	train CORR:0.7758719228452982
	valid loss:0.8602525591850281	valid acc:0.5450367647058824	valid F1:0.2730841448712364	valid CORR:0.38038243081816947
epoch:36
	best_epoch:23	best_acc:0.5643382352941176
	train loss:0.31556269774834317	train acc:0.8068576388888888	train F1:0.7287198974235782	train CORR:0.7847865970794403
	valid loss:0.836389446959776	valid acc:0.5588235294117647	valid F1:0.29021688970277515	valid CORR:0.4147857935937274
epoch:37
	best_epoch:23	best_acc:0.5643382352941176
	train loss:0.29722707760002876	train acc:0.8302951388888888	train F1:0.7837951930685165	train CORR:0.8413490019509785
	valid loss:0.9035479286137749	valid acc:0.5183823529411765	valid F1:0.26116132727620606	valid CORR:0.3377629508697205
epoch:38
	best_epoch:23	best_acc:0.5643382352941176
	train loss:0.2998478619588746	train acc:0.8133680555555556	train F1:0.7616860226791762	train CORR:0.8026853589626484
	valid loss:0.8558904213063857	valid acc:0.5413602941176471	valid F1:0.269278170919073	valid CORR:0.36548144343557304
epoch:39
	best_epoch:23	best_acc:0.5643382352941176
	train loss:0.29417043344842064	train acc:0.828125	train F1:0.7783951746036257	train CORR:0.810410489893327
	valid loss:0.8958351682214176	valid acc:0.515625	valid F1:0.26137584577059436	valid CORR:0.32969930644895196
epoch:40
	best_epoch:23	best_acc:0.5643382352941176
	train loss:0.2787396022015148	train acc:0.8294270833333334	train F1:0.7749309077530979	train CORR:0.7829999234940843
	valid loss:0.812399850172155	valid acc:0.5523897058823529	valid F1:0.26559540980742674	valid CORR:0.3754364629019278
epoch:41
	best_epoch:23	best_acc:0.5643382352941176
	train loss:0.2667150129046705	train acc:0.8246527777777778	train F1:0.787608428035873	train CORR:0.8180494407013233
	valid loss:0.8505149939480949	valid acc:0.5477941176470589	valid F1:0.29341603055777515	valid CORR:0.3996322603282997
epoch:42
	best_epoch:23	best_acc:0.5643382352941176
	train loss:0.25847627595067024	train acc:0.8498263888888888	train F1:0.8166307713889638	train CORR:0.8365286710635662
	valid loss:0.8222954203100765	valid acc:0.5606617647058824	valid F1:0.28450151065018914	valid CORR:0.40433619334765036
epoch:43
	best_epoch:23	best_acc:0.5643382352941176
	train loss:0.2625604462292459	train acc:0.84375	train F1:0.804051435800063	train CORR:0.8351045042025889
	valid loss:0.8173246348605436	valid acc:0.546875	valid F1:0.280842974399604	valid CORR:0.38586336003938415
epoch:44
	best_epoch:23	best_acc:0.5643382352941176
	train loss:0.23907596700721317	train acc:0.8502604166666666	train F1:0.8183688265396702	train CORR:0.8415620754056933
	valid loss:0.8153855134459103	valid acc:0.5615808823529411	valid F1:0.2904016943895738	valid CORR:0.4024223178871581
epoch:45
	best_epoch:45	best_acc:0.5772058823529411
	train loss:0.24325348705881172	train acc:0.8493923611111112	train F1:0.832704949560864	train CORR:0.8689415398322392
	valid loss:0.7870413029895109	valid acc:0.5772058823529411	valid F1:0.3008778169883325	valid CORR:0.4220222683090456
epoch:46
	best_epoch:45	best_acc:0.5772058823529411
	train loss:0.22882967856195238	train acc:0.8576388888888888	train F1:0.8187591041493326	train CORR:0.8562266991309689
	valid loss:0.8100907522089341	valid acc:0.5597426470588235	valid F1:0.28210891510189934	valid CORR:0.3939709762237338
epoch:47
	best_epoch:45	best_acc:0.5772058823529411
	train loss:0.21325835130280918	train acc:0.8732638888888888	train F1:0.8563308901983465	train CORR:0.8741534721985866
	valid loss:0.8061776266378515	valid acc:0.5560661764705882	valid F1:0.26266712389991653	valid CORR:0.38503567838294295
epoch:48
	best_epoch:45	best_acc:0.5772058823529411
	train loss:0.21103135703338516	train acc:0.8676215277777778	train F1:0.8420117645545679	train CORR:0.8750313024709868
	valid loss:0.7964487391359666	valid acc:0.5680147058823529	valid F1:0.2971367061417767	valid CORR:0.4203657615825903
epoch:49
	best_epoch:45	best_acc:0.5772058823529411
	train loss:0.21014091786411074	train acc:0.8719618055555556	train F1:0.8601631634727687	train CORR:0.8696830021759916
	valid loss:0.7832169217221877	valid acc:0.5680147058823529	valid F1:0.2743541667930022	valid CORR:0.4107243383276622
epoch:50
	best_epoch:45	best_acc:0.5772058823529411
	train loss:0.19307740301721626	train acc:0.8784722222222222	train F1:0.873393746779923	train CORR:0.8893352532607302
	valid loss:0.8243985596825095	valid acc:0.5505514705882353	valid F1:0.27833592234841487	valid CORR:0.3907131406837674
epoch:51
	best_epoch:45	best_acc:0.5772058823529411
	train loss:0.19626259679595628	train acc:0.8797743055555556	train F1:0.8549522521397239	train CORR:0.8735902433445359
	valid loss:0.7931202229331521	valid acc:0.5579044117647058	valid F1:0.2993291408823983	valid CORR:0.41693295341882763
epoch:52
	best_epoch:45	best_acc:0.5772058823529411
	train loss:0.18817339320149687	train acc:0.8949652777777778	train F1:0.8753788237077538	train CORR:0.8737049543481418
	valid loss:0.7989662149373222	valid acc:0.5606617647058824	valid F1:0.2928060039285491	valid CORR:0.4199787612259733
epoch:53
	best_epoch:45	best_acc:0.5772058823529411
	train loss:0.17510307932065594	train acc:0.9006076388888888	train F1:0.890278391492662	train CORR:0.8877718184814087
	valid loss:0.770701198016896	valid acc:0.5615808823529411	valid F1:0.28064300121085317	valid CORR:0.3962296985687796
epoch:54
	best_epoch:45	best_acc:0.5772058823529411
	train loss:0.1786161930196815	train acc:0.8940972222222222	train F1:0.8782336552963266	train CORR:0.8996575700606416
	valid loss:0.7808028038810281	valid acc:0.5698529411764706	valid F1:0.29472819493697555	valid CORR:0.41199916877804477
epoch:55
	best_epoch:45	best_acc:0.5772058823529411
	train loss:0.17679043652282822	train acc:0.8927951388888888	train F1:0.8679412553468918	train CORR:0.8955619682501236
	valid loss:0.7714076427852407	valid acc:0.5670955882352942	valid F1:0.2862747051030215	valid CORR:0.38384869875071614
epoch:56
	best_epoch:45	best_acc:0.5772058823529411
	train loss:0.1745538930926058	train acc:0.8949652777777778	train F1:0.8759533469135676	train CORR:0.8967871766687605
	valid loss:0.7897727840086993	valid acc:0.5615808823529411	valid F1:0.29614986171396723	valid CORR:0.4188193206716101
epoch:57
	best_epoch:45	best_acc:0.5772058823529411
	train loss:0.1751653781781594	train acc:0.8893229166666666	train F1:0.8736243452574584	train CORR:0.8900454586241083
	valid loss:0.7828969464582556	valid acc:0.5634191176470589	valid F1:0.269304554519327	valid CORR:0.3880680861062403
epoch:58
	best_epoch:45	best_acc:0.5772058823529411
	train loss:0.15666211768984795	train acc:0.9066840277777778	train F1:0.9016897711679759	train CORR:0.9128858062168819
	valid loss:0.7754820164512185	valid acc:0.5689338235294118	valid F1:0.2788535567090226	valid CORR:0.4055131898654608
epoch:59
	best_epoch:45	best_acc:0.5772058823529411
	train loss:0.16098824102017614	train acc:0.8953993055555556	train F1:0.8917799650542593	train CORR:0.8855552941157522
	valid loss:0.7708073293461519	valid acc:0.5661764705882353	valid F1:0.28937191707581217	valid CORR:0.4300164506732328
epoch:60
	best_epoch:60	best_acc:0.578125
	train loss:0.15950020940767395	train acc:0.8993055555555556	train F1:0.884035278980893	train CORR:0.8869383776664336
	valid loss:0.766295710030724	valid acc:0.578125	valid F1:0.2864756080634673	valid CORR:0.4245484632872213
epoch:61
	best_epoch:60	best_acc:0.578125
	train loss:0.15272454275853103	train acc:0.9032118055555556	train F1:0.8967500393201077	train CORR:0.9071829836612053
	valid loss:0.81563361602671	valid acc:0.5514705882352942	valid F1:0.2812265499791995	valid CORR:0.383356130856359
epoch:62
	best_epoch:60	best_acc:0.578125
	train loss:0.14372694037026829	train acc:0.9149305555555556	train F1:0.9024640006195725	train CORR:0.9006290923408999
	valid loss:0.7970695600790136	valid acc:0.5514705882352942	valid F1:0.2927600653399297	valid CORR:0.4051125816409832
epoch:63
	best_epoch:60	best_acc:0.578125
	train loss:0.14742061350908545	train acc:0.9166666666666666	train F1:0.9150918814979327	train CORR:0.9299623420800565
	valid loss:0.7621662441421958	valid acc:0.5716911764705882	valid F1:0.2893948077213671	valid CORR:0.4193487261070067
epoch:64
	best_epoch:60	best_acc:0.578125
	train loss:0.13792549177176422	train acc:0.9201388888888888	train F1:0.9165437547813354	train CORR:0.9203966525118823
	valid loss:0.7728504573597628	valid acc:0.5707720588235294	valid F1:0.27557944309982085	valid CORR:0.4161159851597123
epoch:65
	best_epoch:60	best_acc:0.578125
	train loss:0.13002649177279738	train acc:0.9223090277777778	train F1:0.9200831196577469	train CORR:0.92795210779149
	valid loss:0.7990376984371859	valid acc:0.5579044117647058	valid F1:0.27259327912848064	valid CORR:0.3746824677947028
epoch:66
	best_epoch:60	best_acc:0.578125
	train loss:0.13181009164286983	train acc:0.9114583333333334	train F1:0.9074369950116423	train CORR:0.9373659064440064
	valid loss:0.7712839350980871	valid acc:0.5625	valid F1:0.2952497253064826	valid CORR:0.42540395639931805
epoch:67
	best_epoch:60	best_acc:0.578125
	train loss:0.12104565401871999	train acc:0.9270833333333334	train F1:0.9217190563070241	train CORR:0.9198118922449368
	valid loss:0.7669356254970326	valid acc:0.5698529411764706	valid F1:0.2941915644299313	valid CORR:0.41445883935693906
epoch:68
	best_epoch:60	best_acc:0.578125
	train loss:0.12916264393263394	train acc:0.9157986111111112	train F1:0.9143736361837188	train CORR:0.9340196115298016
	valid loss:0.7742090190158171	valid acc:0.5698529411764706	valid F1:0.27965677676547596	valid CORR:0.42306182665162373
epoch:69
	best_epoch:60	best_acc:0.578125
	train loss:0.12088039476010534	train acc:0.9214409722222222	train F1:0.9208686691443049	train CORR:0.9338391899168714
	valid loss:0.7720121250433081	valid acc:0.5579044117647058	valid F1:0.2896891088231745	valid CORR:0.4233563366975486
epoch:70
	best_epoch:60	best_acc:0.578125
	train loss:0.14039414148363802	train acc:0.9123263888888888	train F1:0.9131195971947949	train CORR:0.9162507862688426
	valid loss:0.7800753852900337	valid acc:0.5716911764705882	valid F1:0.297840924795102	valid CORR:0.41761835823594123
epoch:71
	best_epoch:60	best_acc:0.578125
	train loss:0.11972793274455601	train acc:0.9288194444444444	train F1:0.9249632079211715	train CORR:0.9267695215680294
	valid loss:0.8016141653060913	valid acc:0.5349264705882353	valid F1:0.28978408338466977	valid CORR:0.4073188129889094
epoch:72
	best_epoch:60	best_acc:0.578125
	train loss:0.12133484168185128	train acc:0.921875	train F1:0.9227784894152267	train CORR:0.9345935433913263
	valid loss:0.7650835584191715	valid acc:0.5726102941176471	valid F1:0.28720314307352046	valid CORR:0.41518679593177793
epoch:73
	best_epoch:73	best_acc:0.5790441176470589
	train loss:0.11456894709004296	train acc:0.9275173611111112	train F1:0.9330635948489412	train CORR:0.9421532868421966
	valid loss:0.7663379206376917	valid acc:0.5790441176470589	valid F1:0.29449937294678197	valid CORR:0.41723517713369696
epoch:74
	best_epoch:73	best_acc:0.5790441176470589
	train loss:0.10902451382329066	train acc:0.9370659722222222	train F1:0.9356983419938703	train CORR:0.9420281297163122
	valid loss:0.7725700981476727	valid acc:0.5597426470588235	valid F1:0.29165470283201	valid CORR:0.4261151055757345
epoch:75
	best_epoch:73	best_acc:0.5790441176470589
	train loss:0.10436333177818193	train acc:0.9361979166666666	train F1:0.9336927171558849	train CORR:0.9404249640124249
	valid loss:0.7721892805660472	valid acc:0.546875	valid F1:0.2912378753738401	valid CORR:0.4010591454287634
epoch:76
	best_epoch:73	best_acc:0.5790441176470589
	train loss:0.10942831087029642	train acc:0.9288194444444444	train F1:0.9310293307418643	train CORR:0.9371559845779318
	valid loss:0.7729830321143655	valid acc:0.5698529411764706	valid F1:0.26726972525070336	valid CORR:0.42294517655426866
epoch:77
	best_epoch:73	best_acc:0.5790441176470589
	train loss:0.10876571449140708	train acc:0.9322916666666666	train F1:0.9361008118355103	train CORR:0.9456871697569713
	valid loss:0.7688797151341158	valid acc:0.5726102941176471	valid F1:0.29719027473572207	valid CORR:0.43357506237839327
epoch:78
	best_epoch:73	best_acc:0.5790441176470589
	train loss:0.11215679347515106	train acc:0.9288194444444444	train F1:0.9322801166322909	train CORR:0.9428300590650973
	valid loss:0.7755020050441518	valid acc:0.5680147058823529	valid F1:0.2857252364151338	valid CORR:0.42498821740511816
epoch:79
	best_epoch:73	best_acc:0.5790441176470589
	train loss:0.09879183117300272	train acc:0.9318576388888888	train F1:0.9375875594387384	train CORR:0.9513513815667755
	valid loss:0.7673518973238328	valid acc:0.578125	valid F1:0.28631525612428044	valid CORR:0.4328921692651631
epoch:80
	best_epoch:73	best_acc:0.5790441176470589
	train loss:0.09843657455510563	train acc:0.9388020833333334	train F1:0.9414137723443721	train CORR:0.9533879892029696
	valid loss:0.768226262401132	valid acc:0.5689338235294118	valid F1:0.2950322067078436	valid CORR:0.42537175379803654
epoch:81
	best_epoch:73	best_acc:0.5790441176470589
	train loss:0.10069779648135106	train acc:0.9370659722222222	train F1:0.9363338897844888	train CORR:0.9375799029660251
	valid loss:0.7570479179129881	valid acc:0.5661764705882353	valid F1:0.2901903434012413	valid CORR:0.41596280181748224
epoch:82
	best_epoch:73	best_acc:0.5790441176470589
	train loss:0.10365644790646103	train acc:0.9435763888888888	train F1:0.9410158774001036	train CORR:0.9419206210895359
	valid loss:0.7652013827772701	valid acc:0.5744485294117647	valid F1:0.29425808997819825	valid CORR:0.4100772893904549
epoch:83
	best_epoch:73	best_acc:0.5790441176470589
	train loss:0.08847511083715492	train acc:0.9487847222222222	train F1:0.9497823347719442	train CORR:0.9566355834652693
	valid loss:0.7703593618729535	valid acc:0.5579044117647058	valid F1:0.28289680309630566	valid CORR:0.4044503642285936
epoch:84
	best_epoch:73	best_acc:0.5790441176470589
	train loss:0.10414994011322658	train acc:0.9361979166666666	train F1:0.938758383478421	train CORR:0.9277580688830335
	valid loss:0.762306248440462	valid acc:0.5772058823529411	valid F1:0.2816714720477575	valid CORR:0.40951040930280735
epoch:85
	best_epoch:73	best_acc:0.5790441176470589
	train loss:0.0989078941444556	train acc:0.9370659722222222	train F1:0.9382077609036308	train CORR:0.9351993502571303
	valid loss:0.7701070852139417	valid acc:0.5735294117647058	valid F1:0.2772450768164157	valid CORR:0.4147165720077528
epoch:86
	best_epoch:73	best_acc:0.5790441176470589
	train loss:0.09341561007830831	train acc:0.9401041666666666	train F1:0.9434712766910629	train CORR:0.9487998357592609
	valid loss:0.7682788722655353	valid acc:0.5744485294117647	valid F1:0.28054482317441254	valid CORR:0.4178534772379509
epoch:87
	best_epoch:73	best_acc:0.5790441176470589
	train loss:0.08439009119239119	train acc:0.9509548611111112	train F1:0.9473828962720889	train CORR:0.9659915804748318
	valid loss:0.7637500096769894	valid acc:0.5707720588235294	valid F1:0.2953442555616547	valid CORR:0.41416085877425546
epoch:88
	best_epoch:73	best_acc:0.5790441176470589
	train loss:0.09487739629629585	train acc:0.9379340277777778	train F1:0.944724702018715	train CORR:0.9519347021813049
	valid loss:0.755999752703835	valid acc:0.5661764705882353	valid F1:0.290735540308051	valid CORR:0.40044260717584174
epoch:89
	best_epoch:73	best_acc:0.5790441176470589
	train loss:0.09224237315356731	train acc:0.9440104166666666	train F1:0.951027112566851	train CORR:0.9571037239836818
	valid loss:0.7757604122161865	valid acc:0.5533088235294118	valid F1:0.29524358794322525	valid CORR:0.4104039810567175
epoch:90
	best_epoch:73	best_acc:0.5790441176470589
	train loss:0.09104163479059935	train acc:0.9361979166666666	train F1:0.9418945369948635	train CORR:0.9364709068821997
	valid loss:0.7772067329462837	valid acc:0.5634191176470589	valid F1:0.2807783888769776	valid CORR:0.4116600846311499
epoch:91
	best_epoch:73	best_acc:0.5790441176470589
	train loss:0.08679298984093799	train acc:0.9500868055555556	train F1:0.9451529920849273	train CORR:0.9494434017718887
	valid loss:0.7656765001661637	valid acc:0.5735294117647058	valid F1:0.2843126617781372	valid CORR:0.4045279332091846
epoch:92
	best_epoch:73	best_acc:0.5790441176470589
	train loss:0.08475712738517258	train acc:0.9496527777777778	train F1:0.9542710761273792	train CORR:0.9614781596483758
	valid loss:0.7659860568888047	valid acc:0.5670955882352942	valid F1:0.29850040367935327	valid CORR:0.4200402697795462
epoch:93
	best_epoch:73	best_acc:0.5790441176470589
	train loss:0.07928966710136996	train acc:0.9474826388888888	train F1:0.954144527220148	train CORR:0.9707333017588369
	valid loss:0.7653851193540236	valid acc:0.5726102941176471	valid F1:0.29530780116937794	valid CORR:0.4210037521297745
epoch:94
	best_epoch:73	best_acc:0.5790441176470589
	train loss:0.08316882327198982	train acc:0.9487847222222222	train F1:0.9494383872667055	train CORR:0.9574635349244462
	valid loss:0.7667561488993028	valid acc:0.5542279411764706	valid F1:0.30076719318610445	valid CORR:0.40577190321488943
epoch:95
	best_epoch:73	best_acc:0.5790441176470589
	train loss:0.08067870574692886	train acc:0.9522569444444444	train F1:0.9540953364568978	train CORR:0.9607049752665788
	valid loss:0.7863301178988289	valid acc:0.5670955882352942	valid F1:0.28985194423552546	valid CORR:0.41895854377264485
epoch:96
	best_epoch:73	best_acc:0.5790441176470589
	train loss:0.07397379012157519	train acc:0.9526909722222222	train F1:0.9541863287781717	train CORR:0.9600645938431712
	valid loss:0.7746650331160602	valid acc:0.5634191176470589	valid F1:0.2908531165157783	valid CORR:0.4116157989166487
epoch:97
	best_epoch:73	best_acc:0.5790441176470589
	train loss:0.07894545027779208	train acc:0.9548611111111112	train F1:0.9532167692209395	train CORR:0.9616674692549181
	valid loss:0.7671728186747607	valid acc:0.5615808823529411	valid F1:0.28727689416931224	valid CORR:0.405344260581094
epoch:98
	best_epoch:73	best_acc:0.5790441176470589
	train loss:0.07592620390156905	train acc:0.9509548611111112	train F1:0.9503473449405321	train CORR:0.9407526706233968
	valid loss:0.7819340825080872	valid acc:0.5661764705882353	valid F1:0.28512801878096244	valid CORR:0.40661394169699705
epoch:99
	best_epoch:73	best_acc:0.5790441176470589
	train loss:0.07919199061062601	train acc:0.9544270833333334	train F1:0.9557242258555119	train CORR:0.9677202305861616
	valid loss:0.7808403793503257	valid acc:0.5606617647058824	valid F1:0.28984642887240475	valid CORR:0.4084400248390585
epoch:100
	best_epoch:73	best_acc:0.5790441176470589
	train loss:0.07159487116667959	train acc:0.9544270833333334	train F1:0.9570287010136687	train CORR:0.9660530707544344
	valid loss:0.7820966454113231	valid acc:0.5680147058823529	valid F1:0.2766534741483502	valid CORR:0.4036527391617288
epoch:101
	best_epoch:73	best_acc:0.5790441176470589
	train loss:0.07536704890016052	train acc:0.9522569444444444	train F1:0.9564418936387626	train CORR:0.9576169928755833
	valid loss:0.7788821914616753	valid acc:0.5652573529411765	valid F1:0.29572058824117725	valid CORR:0.4032525670784733
epoch:102
	best_epoch:73	best_acc:0.5790441176470589
	train loss:0.0743181278101272	train acc:0.9596354166666666	train F1:0.9586345002272176	train CORR:0.9622153188507174
	valid loss:0.7683105258380666	valid acc:0.5726102941176471	valid F1:0.2945216341363336	valid CORR:0.41598075244414234
epoch:103
	best_epoch:73	best_acc:0.5790441176470589
	train loss:0.08399119745526049	train acc:0.9440104166666666	train F1:0.9469308696280269	train CORR:0.9457852266512466
	valid loss:0.7662053406238556	valid acc:0.5551470588235294	valid F1:0.2954231785156031	valid CORR:0.4081422200872769
epoch:104
	best_epoch:73	best_acc:0.5790441176470589
	train loss:0.07497515653570493	train acc:0.9513888888888888	train F1:0.9527525963803496	train CORR:0.9514439334608691
	valid loss:0.7712106354096356	valid acc:0.5698529411764706	valid F1:0.2872822369451562	valid CORR:0.43811752472158194
epoch:105
	best_epoch:73	best_acc:0.5790441176470589
	train loss:0.07725973447991742	train acc:0.9522569444444444	train F1:0.9493889796752072	train CORR:0.9544820889006869
	valid loss:0.7970529514200547	valid acc:0.5615808823529411	valid F1:0.2672129141460721	valid CORR:0.40559362906725965
epoch:106
	best_epoch:73	best_acc:0.5790441176470589
	train loss:0.0699544773540563	train acc:0.9631076388888888	train F1:0.9718054485765403	train CORR:0.9758434898621348
	valid loss:0.7758293747901917	valid acc:0.5744485294117647	valid F1:0.29257195688839827	valid CORR:0.43579935623842214
epoch:107
	best_epoch:73	best_acc:0.5790441176470589
	train loss:0.07108153402805328	train acc:0.9578993055555556	train F1:0.9547856841249087	train CORR:0.9660773944834338
	valid loss:0.7777273479629966	valid acc:0.5597426470588235	valid F1:0.2931106438037651	valid CORR:0.4186467232223046
epoch:108
	best_epoch:73	best_acc:0.5790441176470589
	train loss:0.06977685220125648	train acc:0.9574652777777778	train F1:0.9651932167627896	train CORR:0.971864883313847
	valid loss:0.7737336228875553	valid acc:0.5772058823529411	valid F1:0.3018233423089929	valid CORR:0.425198457963031
epoch:109
	best_epoch:73	best_acc:0.5790441176470589
	train loss:0.0725252235101329	train acc:0.9526909722222222	train F1:0.9544847012484912	train CORR:0.9609699430470404
	valid loss:0.7715716747676625	valid acc:0.5670955882352942	valid F1:0.30144244000884163	valid CORR:0.44144608115872674
epoch:110
	best_epoch:73	best_acc:0.5790441176470589
	train loss:0.06936411083572441	train acc:0.9574652777777778	train F1:0.9552797693208126	train CORR:0.9658689332265478
	valid loss:0.7767304848222172	valid acc:0.5670955882352942	valid F1:0.28466872347641614	valid CORR:0.4067350364870716
epoch:111
	best_epoch:73	best_acc:0.5790441176470589
	train loss:0.06814485374424192	train acc:0.9609375	train F1:0.963026296540864	train CORR:0.9653542591521125
	valid loss:0.7702239857000464	valid acc:0.5716911764705882	valid F1:0.2892056327459607	valid CORR:0.41460280735480604
epoch:112
	best_epoch:73	best_acc:0.5790441176470589
	train loss:0.07059298176318407	train acc:0.9544270833333334	train F1:0.95619971410569	train CORR:0.9664234606080615
	valid loss:0.787755079129163	valid acc:0.5772058823529411	valid F1:0.2807697864230071	valid CORR:0.41173605046749784
epoch:113
	best_epoch:73	best_acc:0.5790441176470589
	train loss:0.07055015303194523	train acc:0.9578993055555556	train F1:0.9619828179042424	train CORR:0.9616568333105691
	valid loss:0.7725126550478094	valid acc:0.5790441176470589	valid F1:0.298415223574676	valid CORR:0.41978721536016916
epoch:114
	best_epoch:73	best_acc:0.5790441176470589
	train loss:0.0706021732961138	train acc:0.9522569444444444	train F1:0.9532227328604367	train CORR:0.9486900580261531
	valid loss:0.7863721111241508	valid acc:0.5726102941176471	valid F1:0.2778420186003546	valid CORR:0.4095883716314268
epoch:115
	best_epoch:73	best_acc:0.5790441176470589
	train loss:0.06670002877298328	train acc:0.9592013888888888	train F1:0.9626103974564946	train CORR:0.9692893947372725
	valid loss:0.7742482949705685	valid acc:0.5744485294117647	valid F1:0.2929928211654906	valid CORR:0.4046554244773225
epoch:116
	best_epoch:73	best_acc:0.5790441176470589
	train loss:0.0681924081614448	train acc:0.9578993055555556	train F1:0.9615782573197508	train CORR:0.9717804233629773
	valid loss:0.7731371241457322	valid acc:0.5698529411764706	valid F1:0.2938683171503439	valid CORR:0.440437354112392
epoch:117
	best_epoch:73	best_acc:0.5790441176470589
	train loss:0.061595335292319454	train acc:0.9631076388888888	train F1:0.9651420322268345	train CORR:0.9642481491118338
	valid loss:0.7750315806444954	valid acc:0.5744485294117647	valid F1:0.2892256065105959	valid CORR:0.40343835177822807
epoch:118
	best_epoch:73	best_acc:0.5790441176470589
	train loss:0.06450997882833083	train acc:0.9587673611111112	train F1:0.9578056574409384	train CORR:0.960307944678242
	valid loss:0.7921300600556767	valid acc:0.5689338235294118	valid F1:0.2795273490437326	valid CORR:0.4112523122294087
epoch:119
	best_epoch:73	best_acc:0.5790441176470589
	train loss:0.06465690789951219	train acc:0.9605034722222222	train F1:0.9633237665902654	train CORR:0.966239417510189
	valid loss:0.7727086614159977	valid acc:0.5707720588235294	valid F1:0.28629303283609897	valid CORR:0.42074514303233723
epoch:120
	best_epoch:73	best_acc:0.5790441176470589
	train loss:0.056211923559506737	train acc:0.9700520833333334	train F1:0.9717038950112445	train CORR:0.9730004158256276
	valid loss:0.7765223734519061	valid acc:0.5753676470588235	valid F1:0.2967627698135823	valid CORR:0.4036004374204355
epoch:121
	best_epoch:73	best_acc:0.5790441176470589
	train loss:0.06535964883450004	train acc:0.9565972222222222	train F1:0.9569811534071704	train CORR:0.9589174672026589
	valid loss:0.7723415967296151	valid acc:0.5744485294117647	valid F1:0.2994932905411746	valid CORR:0.4123750439592245
epoch:122
	best_epoch:73	best_acc:0.5790441176470589
	train loss:0.051023036086310945	train acc:0.9722222222222222	train F1:0.9738155626739116	train CORR:0.9772455351049372
	valid loss:0.7835453503272113	valid acc:0.5753676470588235	valid F1:0.28705541261409473	valid CORR:0.4217294858591805
epoch:123
	best_epoch:73	best_acc:0.5790441176470589
	train loss:0.062099165541844234	train acc:0.9609375	train F1:0.9655061597546216	train CORR:0.9721159593196047
	valid loss:0.7700994330293992	valid acc:0.5680147058823529	valid F1:0.2876118250772942	valid CORR:0.4151050985258208
epoch:124
	best_epoch:73	best_acc:0.5790441176470589
	train loss:0.0635176690088378	train acc:0.9609375	train F1:0.9666150206133471	train CORR:0.9616749157914315
	valid loss:0.7766061249901267	valid acc:0.5689338235294118	valid F1:0.2861409184284461	valid CORR:0.400527807257112
epoch:125
	best_epoch:73	best_acc:0.5790441176470589
	train loss:0.06151177961793211	train acc:0.95703125	train F1:0.9612929775365171	train CORR:0.9658709467135176
	valid loss:0.7904959987191593	valid acc:0.5753676470588235	valid F1:0.28970694706209316	valid CORR:0.4309116638917964
epoch:126
	best_epoch:73	best_acc:0.5790441176470589
	train loss:0.05881939290298356	train acc:0.9605034722222222	train F1:0.9665418576371556	train CORR:0.9695633028511155
	valid loss:0.7703749607591068	valid acc:0.5716911764705882	valid F1:0.29807153669744535	valid CORR:0.41324132431837884
epoch:127
	best_epoch:73	best_acc:0.5790441176470589
	train loss:0.06512401252985	train acc:0.9544270833333334	train F1:0.9598224968038488	train CORR:0.960537989601079
	valid loss:0.774548244826934	valid acc:0.5698529411764706	valid F1:0.27745180884052506	valid CORR:0.41305002315492256
epoch:128
	best_epoch:73	best_acc:0.5790441176470589
	train loss:0.061630033060080476	train acc:0.96484375	train F1:0.9610094167270863	train CORR:0.9567199227549198
	valid loss:0.7843245162683374	valid acc:0.5670955882352942	valid F1:0.2880783738391973	valid CORR:0.41886035071815586
epoch:129
	best_epoch:73	best_acc:0.5790441176470589
	train loss:0.05856174753151006	train acc:0.96484375	train F1:0.9676183760949966	train CORR:0.9772367078508042
	valid loss:0.7825497301185832	valid acc:0.5716911764705882	valid F1:0.2921399755462249	valid CORR:0.4230616264243202
epoch:130
	best_epoch:73	best_acc:0.5790441176470589
	train loss:0.06022352285476194	train acc:0.9596354166666666	train F1:0.9587179608017501	train CORR:0.954478200924974
	valid loss:0.7964375860550824	valid acc:0.5689338235294118	valid F1:0.2714774462307669	valid CORR:0.4035959845655721
epoch:131
	best_epoch:73	best_acc:0.5790441176470589
	train loss:0.06227726023644209	train acc:0.9661458333333334	train F1:0.9694787563286517	train CORR:0.9654706108740934
	valid loss:0.7798079304835376	valid acc:0.5680147058823529	valid F1:0.29160305402351716	valid CORR:0.4138784414595967
epoch:132
	best_epoch:73	best_acc:0.5790441176470589
	train loss:0.05340239069321089	train acc:0.9683159722222222	train F1:0.9704506686325539	train CORR:0.9706945423501491
	valid loss:0.769556008717593	valid acc:0.5588235294117647	valid F1:0.29604715429359774	valid CORR:0.4069052038595581
epoch:133
	best_epoch:73	best_acc:0.5790441176470589
	train loss:0.054820461923049554	train acc:0.96484375	train F1:0.9661152420118307	train CORR:0.9702012863688895
	valid loss:0.7807981284225688	valid acc:0.5707720588235294	valid F1:0.295133738269371	valid CORR:0.41788725044341235
epoch:134
	best_epoch:73	best_acc:0.5790441176470589
	train loss:0.054680141206416816	train acc:0.9631076388888888	train F1:0.9612103161315055	train CORR:0.9613411076058513
	valid loss:0.7878598676008337	valid acc:0.5625	valid F1:0.29652545567633803	valid CORR:0.40514287644248576
epoch:135
	best_epoch:73	best_acc:0.5790441176470589
	train loss:0.054965748710350856	train acc:0.9735243055555556	train F1:0.9742283914787946	train CORR:0.9680282210652396
	valid loss:0.7750206239083234	valid acc:0.5698529411764706	valid F1:0.29464701360278467	valid CORR:0.41257174962811316
epoch:136
	best_epoch:73	best_acc:0.5790441176470589
	train loss:0.05308758674396409	train acc:0.96875	train F1:0.9714106090344103	train CORR:0.9699863705498679
	valid loss:0.7883309476515826	valid acc:0.5716911764705882	valid F1:0.2811043728795361	valid CORR:0.4280542921412288
epoch:137
	best_epoch:73	best_acc:0.5790441176470589
	train loss:0.04771118186828163	train acc:0.9674479166666666	train F1:0.9721356334905602	train CORR:0.974961625733212
	valid loss:0.7952117148567649	valid acc:0.5726102941176471	valid F1:0.2863686619056085	valid CORR:0.41409820043718826
epoch:138
	best_epoch:73	best_acc:0.5790441176470589
	train loss:0.05413021726740731	train acc:0.9678819444444444	train F1:0.9686682552840189	train CORR:0.9639096005433323
	valid loss:0.8015728943488177	valid acc:0.5597426470588235	valid F1:0.28401817233420085	valid CORR:0.3976783878320007
epoch:139
	best_epoch:73	best_acc:0.5790441176470589
	train loss:0.05294698285352853	train acc:0.9661458333333334	train F1:0.9679755118873987	train CORR:0.9667905778438006
	valid loss:0.7846583215629354	valid acc:0.5762867647058824	valid F1:0.29049684586789054	valid CORR:0.43642766173769265
epoch:140
	best_epoch:73	best_acc:0.5790441176470589
	train loss:0.051780827084763184	train acc:0.96484375	train F1:0.9693180142253199	train CORR:0.9650887936830594
	valid loss:0.7950705745640922	valid acc:0.5707720588235294	valid F1:0.2786860239034712	valid CORR:0.4069909127523129
epoch:141
	best_epoch:73	best_acc:0.5790441176470589
	train loss:0.052736823136607804	train acc:0.9596354166666666	train F1:0.9662437573662187	train CORR:0.9728481565354905
	valid loss:0.7836434665848228	valid acc:0.5707720588235294	valid F1:0.29645278488791404	valid CORR:0.4303793601807208
epoch:142
	best_epoch:73	best_acc:0.5790441176470589
	train loss:0.052758172154426575	train acc:0.9713541666666666	train F1:0.971823431498869	train CORR:0.9754945221599458
	valid loss:0.7885685983826133	valid acc:0.5790441176470589	valid F1:0.28784344450441735	valid CORR:0.40232163105517804
epoch:143
	best_epoch:73	best_acc:0.5790441176470589
	train loss:0.05531230915544762	train acc:0.9661458333333334	train F1:0.9699074300662125	train CORR:0.9781369101457471
	valid loss:0.7851805669419906	valid acc:0.5661764705882353	valid F1:0.29484283113543447	valid CORR:0.4233601245119706
epoch:144
	best_epoch:73	best_acc:0.5790441176470589
	train loss:0.05012165066889591	train acc:0.9709201388888888	train F1:0.9711335215432764	train CORR:0.9695582749704776
	valid loss:0.7966055694748374	valid acc:0.5716911764705882	valid F1:0.2920019690087388	valid CORR:0.4127141231033702
epoch:145
	best_epoch:73	best_acc:0.5790441176470589
	train loss:0.053232258082264	train acc:0.9683159722222222	train F1:0.9736444602253811	train CORR:0.9687839560093462
	valid loss:0.7922128719442031	valid acc:0.5753676470588235	valid F1:0.2879142657222711	valid CORR:0.42226068277544226
epoch:146
	best_epoch:73	best_acc:0.5790441176470589
	train loss:0.055200399520496525	train acc:0.9674479166666666	train F1:0.9716129813377792	train CORR:0.9758781165096292
	valid loss:0.7859940493808073	valid acc:0.5680147058823529	valid F1:0.27720268690838834	valid CORR:0.419361699681978
epoch:147
	best_epoch:73	best_acc:0.5790441176470589
	train loss:0.05210551764402124	train acc:0.9713541666666666	train F1:0.9713282241797203	train CORR:0.9710589525221941
	valid loss:0.7759202333057628	valid acc:0.5716911764705882	valid F1:0.28556197265582683	valid CORR:0.42909599555419947
epoch:148
	best_epoch:148	best_acc:0.5799632352941176
	train loss:0.05163143456189169	train acc:0.9713541666666666	train F1:0.9762791035952936	train CORR:0.9735170029207363
	valid loss:0.785352531601401	valid acc:0.5799632352941176	valid F1:0.3033560278633631	valid CORR:0.4345386589562806
epoch:149
	best_epoch:148	best_acc:0.5799632352941176
	train loss:0.047906736481106944	train acc:0.9709201388888888	train F1:0.976045268895865	train CORR:0.9774934718389887
	valid loss:0.7917747006696814	valid acc:0.5716911764705882	valid F1:0.29604746195830167	valid CORR:0.4351280330364151
epoch:150
	best_epoch:150	best_acc:0.5818014705882353
	train loss:0.047820874800284706	train acc:0.9717881944444444	train F1:0.9698358706237723	train CORR:0.9659050339486621
	valid loss:0.786515474319458	valid acc:0.5818014705882353	valid F1:0.3031647735734839	valid CORR:0.42193321850028803
epoch:151
	best_epoch:150	best_acc:0.5818014705882353
	train loss:0.0536308814254072	train acc:0.9657118055555556	train F1:0.9670738556100564	train CORR:0.96692674717168
	valid loss:0.7907056527979234	valid acc:0.5661764705882353	valid F1:0.2863965582732676	valid CORR:0.4216013052658302
epoch:152
	best_epoch:150	best_acc:0.5818014705882353
	train loss:0.04823382152244449	train acc:0.9678819444444444	train F1:0.9727029272535055	train CORR:0.9775660788752417
	valid loss:0.7957725034040564	valid acc:0.5726102941176471	valid F1:0.28844804005853875	valid CORR:0.43258047394212995
epoch:153
	best_epoch:150	best_acc:0.5818014705882353
	train loss:0.0449146058720847	train acc:0.9704861111111112	train F1:0.9739474752741116	train CORR:0.9773773991809005
	valid loss:0.7825592545902028	valid acc:0.5680147058823529	valid F1:0.28763769405906503	valid CORR:0.4122190133799862
epoch:154
	best_epoch:150	best_acc:0.5818014705882353
	train loss:0.047455955400235124	train acc:0.9709201388888888	train F1:0.9770061589912279	train CORR:0.9747535954043833
	valid loss:0.784755049382939	valid acc:0.5707720588235294	valid F1:0.2883820083862324	valid CORR:0.43644299271379505
epoch:155
	best_epoch:150	best_acc:0.5818014705882353
	train loss:0.047220558755927615	train acc:0.9743923611111112	train F1:0.975005292880185	train CORR:0.9635998599922233
	valid loss:0.7929779256091398	valid acc:0.5689338235294118	valid F1:0.2889081154429597	valid CORR:0.4313163807277484
epoch:156
	best_epoch:150	best_acc:0.5818014705882353
	train loss:0.04881654710819324	train acc:0.9674479166666666	train F1:0.972405917482971	train CORR:0.9736982463468168
	valid loss:0.7888406444998348	valid acc:0.5643382352941176	valid F1:0.28903822741478213	valid CORR:0.4164826899249336
epoch:157
	best_epoch:150	best_acc:0.5818014705882353
	train loss:0.04787829161311189	train acc:0.9696180555555556	train F1:0.9724771834603374	train CORR:0.973345871023924
	valid loss:0.7998583737541648	valid acc:0.5744485294117647	valid F1:0.28647957136201985	valid CORR:0.4133396756381289
epoch:158
	best_epoch:150	best_acc:0.5818014705882353
	train loss:0.049022925138059587	train acc:0.9696180555555556	train F1:0.9724363372650503	train CORR:0.9731722591117493
	valid loss:0.7886896519099965	valid acc:0.5735294117647058	valid F1:0.3023047116543392	valid CORR:0.4431822136296365
epoch:159
	best_epoch:150	best_acc:0.5818014705882353
	train loss:0.04656904759920306	train acc:0.9735243055555556	train F1:0.9792287564911524	train CORR:0.9796269576367092
	valid loss:0.7907350624308866	valid acc:0.5670955882352942	valid F1:0.3052609838674001	valid CORR:0.41881968717678975
epoch:160
	best_epoch:150	best_acc:0.5818014705882353
	train loss:0.04536672660873996	train acc:0.9717881944444444	train F1:0.9726327442420624	train CORR:0.9776796497140016
	valid loss:0.781059601727654	valid acc:0.5689338235294118	valid F1:0.2969578345444881	valid CORR:0.42061710243853934
epoch:161
	best_epoch:150	best_acc:0.5818014705882353
	train loss:0.041014354727748364	train acc:0.9739583333333334	train F1:0.9773177676564275	train CORR:0.9845401999530532
	valid loss:0.7909375008414773	valid acc:0.5670955882352942	valid F1:0.2883208776104555	valid CORR:0.4148885283611714
epoch:162
	best_epoch:150	best_acc:0.5818014705882353
	train loss:0.04171779430988762	train acc:0.9743923611111112	train F1:0.9778908999460134	train CORR:0.9832449120557668
	valid loss:0.7920790823066935	valid acc:0.5716911764705882	valid F1:0.2976455944798256	valid CORR:0.43521521452536394
epoch:163
	best_epoch:150	best_acc:0.5818014705882353
	train loss:0.04671939990172783	train acc:0.9752604166666666	train F1:0.9784245539225074	train CORR:0.9831952541713795
	valid loss:0.7801241839633268	valid acc:0.5707720588235294	valid F1:0.3044909805211524	valid CORR:0.4243839471887749
epoch:164
	best_epoch:150	best_acc:0.5818014705882353
	train loss:0.04459289006061024	train acc:0.9730902777777778	train F1:0.9797032029826014	train CORR:0.9795586906192421
	valid loss:0.7764159826671376	valid acc:0.5652573529411765	valid F1:0.2897129052600639	valid CORR:0.4257922908084504
epoch:165
	best_epoch:150	best_acc:0.5818014705882353
	train loss:0.046874522490219936	train acc:0.9709201388888888	train F1:0.9775776532724375	train CORR:0.9707339034738717
	valid loss:0.7797261809601503	valid acc:0.5762867647058824	valid F1:0.2962805661783015	valid CORR:0.422768873287086
epoch:166
	best_epoch:150	best_acc:0.5818014705882353
	train loss:0.04064468423732453	train acc:0.9717881944444444	train F1:0.9744212338137059	train CORR:0.9694058084642427
	valid loss:0.7879987008431378	valid acc:0.5753676470588235	valid F1:0.3009228180327305	valid CORR:0.44241960045177664
epoch:167
	best_epoch:150	best_acc:0.5818014705882353
	train loss:0.04432926782303386	train acc:0.9769965277777778	train F1:0.9767946550698013	train CORR:0.9689135948609238
	valid loss:0.7851376358200522	valid acc:0.5625	valid F1:0.2859065574007804	valid CORR:0.4161685332185967
epoch:168
	best_epoch:150	best_acc:0.5818014705882353
	train loss:0.04083607159554958	train acc:0.9765625	train F1:0.9786816120532893	train CORR:0.9847186496961594
	valid loss:0.8065957321840174	valid acc:0.5726102941176471	valid F1:0.2926843282625007	valid CORR:0.4328278238007658
epoch:169
	best_epoch:150	best_acc:0.5818014705882353
	train loss:0.04354236171477371	train acc:0.9717881944444444	train F1:0.974328437971933	train CORR:0.9764452232735362
	valid loss:0.8032560015425962	valid acc:0.5726102941176471	valid F1:0.2767891118069438	valid CORR:0.41784813576272367
epoch:170
	best_epoch:150	best_acc:0.5818014705882353
	train loss:0.04253061752145489	train acc:0.9717881944444444	train F1:0.9706616632148206	train CORR:0.9751811208243445
	valid loss:0.7913617176168105	valid acc:0.5689338235294118	valid F1:0.2983272751949712	valid CORR:0.4314046343553968
epoch:171
	best_epoch:150	best_acc:0.5818014705882353
	train loss:0.04704158427193761	train acc:0.9713541666666666	train F1:0.9762674630081218	train CORR:0.9738275706379735
	valid loss:0.7835038672475254	valid acc:0.5698529411764706	valid F1:0.3008926594152128	valid CORR:0.4352318682103281
epoch:172
	best_epoch:150	best_acc:0.5818014705882353
	train loss:0.04227592387340135	train acc:0.9722222222222222	train F1:0.9752568413628817	train CORR:0.9747813476341155
	valid loss:0.8158058524131775	valid acc:0.5735294117647058	valid F1:0.2849345904092956	valid CORR:0.4183434990839466
epoch:173
	best_epoch:150	best_acc:0.5818014705882353
	train loss:0.0453253620200687	train acc:0.9704861111111112	train F1:0.9715269831096003	train CORR:0.9672090451393869
	valid loss:0.780548071160036	valid acc:0.5726102941176471	valid F1:0.30098601629369454	valid CORR:0.4400142826181209
epoch:174
	best_epoch:150	best_acc:0.5818014705882353
	train loss:0.04074994660913944	train acc:0.9739583333333334	train F1:0.9776094786438516	train CORR:0.9795698947552269
	valid loss:0.7871644602102392	valid acc:0.5735294117647058	valid F1:0.2982641522408254	valid CORR:0.42414529615323215
epoch:175
	best_epoch:150	best_acc:0.5818014705882353
	train loss:0.04632062237295839	train acc:0.9717881944444444	train F1:0.9759127193619638	train CORR:0.9712397888006301
	valid loss:0.787111222743988	valid acc:0.5707720588235294	valid F1:0.2964852944052111	valid CORR:0.42711077580348955
epoch:176
	best_epoch:150	best_acc:0.5818014705882353
	train loss:0.04089570469740364	train acc:0.9713541666666666	train F1:0.9766890150666089	train CORR:0.9822516808254366
	valid loss:0.781577352215262	valid acc:0.5569852941176471	valid F1:0.29810820629968815	valid CORR:0.43082170538961295
epoch:177
	best_epoch:150	best_acc:0.5818014705882353
	train loss:0.038532528922789626	train acc:0.9787326388888888	train F1:0.9823985921433543	train CORR:0.9848783051282477
	valid loss:0.7932083957335528	valid acc:0.5625	valid F1:0.29387398925349106	valid CORR:0.4162638643358162
epoch:178
	best_epoch:150	best_acc:0.5818014705882353
	train loss:0.04099214402958751	train acc:0.9735243055555556	train F1:0.9732332155061127	train CORR:0.9715608710314758
	valid loss:0.8010441520634819	valid acc:0.5661764705882353	valid F1:0.28299676212472014	valid CORR:0.42015116358145943
epoch:179
	best_epoch:150	best_acc:0.5818014705882353
	train loss:0.041739950344587363	train acc:0.9696180555555556	train F1:0.9728581325856327	train CORR:0.9773958748076866
	valid loss:0.7917595365468193	valid acc:0.5744485294117647	valid F1:0.295037697026439	valid CORR:0.4211304377968822
epoch:180
	best_epoch:150	best_acc:0.5818014705882353
	train loss:0.04147555777389142	train acc:0.9735243055555556	train F1:0.9759474724602353	train CORR:0.9665211724661087
	valid loss:0.8021518868558547	valid acc:0.5680147058823529	valid F1:0.2740180470185024	valid CORR:0.4242069845258003
epoch:181
	best_epoch:150	best_acc:0.5818014705882353
	train loss:0.039143771605773106	train acc:0.9769965277777778	train F1:0.9800006576991496	train CORR:0.9821925925349696
	valid loss:0.8041758099023033	valid acc:0.5735294117647058	valid F1:0.2849049556737297	valid CORR:0.4320899281885574
epoch:182
	best_epoch:150	best_acc:0.5818014705882353
	train loss:0.04010673420917657	train acc:0.9722222222222222	train F1:0.9777404525928377	train CORR:0.9729051079266869
	valid loss:0.8068833666689256	valid acc:0.5625	valid F1:0.292276901195094	valid CORR:0.4180434847931526
epoch:183
	best_epoch:150	best_acc:0.5818014705882353
	train loss:0.03499902500253585	train acc:0.9791666666666666	train F1:0.9829683823768733	train CORR:0.9863106606142816
	valid loss:0.7942048363825854	valid acc:0.5772058823529411	valid F1:0.2915784876634404	valid CORR:0.44216883330992457
epoch:184
	best_epoch:150	best_acc:0.5818014705882353
	train loss:0.03668667898616857	train acc:0.9800347222222222	train F1:0.9812818663832975	train CORR:0.9836227854296584
	valid loss:0.7960464831660775	valid acc:0.5707720588235294	valid F1:0.2924856126447933	valid CORR:0.425442219237233
epoch:185
	best_epoch:150	best_acc:0.5818014705882353
	train loss:0.04194636029812197	train acc:0.9748263888888888	train F1:0.9770880552365921	train CORR:0.9761880687295873
	valid loss:0.8109496341032141	valid acc:0.5698529411764706	valid F1:0.2837993382509011	valid CORR:0.41345509688624155
epoch:186
	best_epoch:150	best_acc:0.5818014705882353
	train loss:0.04191273600897855	train acc:0.96875	train F1:0.9746605891317961	train CORR:0.9780004697170788
	valid loss:0.786548351540285	valid acc:0.5698529411764706	valid F1:0.2927502549863473	valid CORR:0.4226180753389652
epoch:187
	best_epoch:150	best_acc:0.5818014705882353
	train loss:0.042041357037507825	train acc:0.9743923611111112	train F1:0.9757061570540022	train CORR:0.9845011473385767
	valid loss:0.7851120724397547	valid acc:0.5799632352941176	valid F1:0.297947612658071	valid CORR:0.4238415479139348
epoch:188
	best_epoch:150	best_acc:0.5818014705882353
	train loss:0.0386450618195037	train acc:0.9761284722222222	train F1:0.9773711446841216	train CORR:0.9783915937857055
	valid loss:0.8077526057467741	valid acc:0.5772058823529411	valid F1:0.2941032877884815	valid CORR:0.44209535214467915
epoch:189
	best_epoch:150	best_acc:0.5818014705882353
	train loss:0.04071661348765095	train acc:0.9739583333333334	train F1:0.9757618271943314	train CORR:0.980885829707782
	valid loss:0.7979511285529417	valid acc:0.5744485294117647	valid F1:0.29223683790726074	valid CORR:0.43081921232475195
epoch:190
	best_epoch:150	best_acc:0.5818014705882353
	train loss:0.03651748067285451	train acc:0.9787326388888888	train F1:0.9809154027550006	train CORR:0.9893884046462029
	valid loss:0.7804991602897644	valid acc:0.5487132352941176	valid F1:0.2922989640062726	valid CORR:0.42111012270153453
epoch:191
	best_epoch:150	best_acc:0.5818014705882353
	train loss:0.042651434946391314	train acc:0.9765625	train F1:0.9790404897561087	train CORR:0.9789178869732793
	valid loss:0.8226099925882676	valid acc:0.5634191176470589	valid F1:0.2698338804841927	valid CORR:0.40301055184165846
epoch:192
	best_epoch:150	best_acc:0.5818014705882353
	train loss:0.04208861182754239	train acc:0.9722222222222222	train F1:0.9774316290623952	train CORR:0.9700355075633177
	valid loss:0.7893375771887162	valid acc:0.5753676470588235	valid F1:0.2944648466636103	valid CORR:0.42415516795849995
epoch:193
	best_epoch:150	best_acc:0.5818014705882353
	train loss:0.033771774317655295	train acc:0.9765625	train F1:0.9834685775468854	train CORR:0.989126732907555
	valid loss:0.8055577663814321	valid acc:0.5744485294117647	valid F1:0.28952539815193656	valid CORR:0.4294253482325142
epoch:194
	best_epoch:150	best_acc:0.5818014705882353
	train loss:0.04045323065171639	train acc:0.9761284722222222	train F1:0.9798359497611522	train CORR:0.9827385344476937
	valid loss:0.8042823496986838	valid acc:0.5652573529411765	valid F1:0.2826916621658887	valid CORR:0.4255706101242799
epoch:195
	best_epoch:150	best_acc:0.5818014705882353
	train loss:0.03853211171614627	train acc:0.9743923611111112	train F1:0.9744028954160189	train CORR:0.9793727551178142
	valid loss:0.8092864979715908	valid acc:0.5716911764705882	valid F1:0.28613168100266073	valid CORR:0.4250127717172638
epoch:196
	best_epoch:150	best_acc:0.5818014705882353
	train loss:0.04133975050515599	train acc:0.9735243055555556	train F1:0.9728611182397827	train CORR:0.9793636178472996
	valid loss:0.7935912328607896	valid acc:0.5625	valid F1:0.29388404232288323	valid CORR:0.42261624282771526
epoch:197
	best_epoch:150	best_acc:0.5818014705882353
	train loss:0.03473487801642881	train acc:0.9800347222222222	train F1:0.9834003037256376	train CORR:0.9795898436578132
	valid loss:0.8040458910605487	valid acc:0.5670955882352942	valid F1:0.2814817777873235	valid CORR:0.4309039175267278
epoch:198
	best_epoch:150	best_acc:0.5818014705882353
	train loss:0.033814148511737585	train acc:0.9778645833333334	train F1:0.9822324926759648	train CORR:0.9873832480962728
	valid loss:0.7982061224825242	valid acc:0.5744485294117647	valid F1:0.29121755730108595	valid CORR:0.4368489707671587
epoch:199
	best_epoch:150	best_acc:0.5818014705882353
	train loss:0.04110451120262345	train acc:0.9691840277777778	train F1:0.9703722628662894	train CORR:0.9708886214011603
	valid loss:0.8033498262657839	valid acc:0.5726102941176471	valid F1:0.2928432143085274	valid CORR:0.42912333577217515
epoch:200
	best_epoch:150	best_acc:0.5818014705882353
	train loss:0.03866954854068657	train acc:0.9756944444444444	train F1:0.9808729677647434	train CORR:0.9820576675718647
	valid loss:0.8026190277408151	valid acc:0.5716911764705882	valid F1:0.28186728984564213	valid CORR:0.42804467145665576
epoch:201
	best_epoch:150	best_acc:0.5818014705882353
	train loss:0.03737739910785523	train acc:0.9730902777777778	train F1:0.9785764921648078	train CORR:0.9796177216264934
	valid loss:0.810269280391581	valid acc:0.5707720588235294	valid F1:0.2905833640648803	valid CORR:0.423907652502888
epoch:202
	best_epoch:150	best_acc:0.5818014705882353
	train loss:0.03835371654066774	train acc:0.9752604166666666	train F1:0.9745597750655002	train CORR:0.9772783803873328
	valid loss:0.8036515081630033	valid acc:0.5716911764705882	valid F1:0.2967123402691541	valid CORR:0.4180789450265792
epoch:203
	best_epoch:150	best_acc:0.5818014705882353
	train loss:0.03693385639538368	train acc:0.9761284722222222	train F1:0.9835379048914143	train CORR:0.9877157911511834
	valid loss:0.7968157529830933	valid acc:0.5698529411764706	valid F1:0.2945168641811255	valid CORR:0.41330637663961445
epoch:204
	best_epoch:150	best_acc:0.5818014705882353
	train loss:0.03650536263982455	train acc:0.9735243055555556	train F1:0.9793317146717178	train CORR:0.9734237384577282
	valid loss:0.81757753386217	valid acc:0.5707720588235294	valid F1:0.2803577194032755	valid CORR:0.4234469002654063
epoch:205
	best_epoch:150	best_acc:0.5818014705882353
	train loss:0.03671702023388611	train acc:0.9735243055555556	train F1:0.9773190017774835	train CORR:0.9802294269145183
	valid loss:0.8037126432446873	valid acc:0.5698529411764706	valid F1:0.29143581293429555	valid CORR:0.4254639294396092
epoch:206
	best_epoch:150	best_acc:0.5818014705882353
	train loss:0.03337402155415879	train acc:0.9817708333333334	train F1:0.9838991204486992	train CORR:0.9795010402665896
	valid loss:0.8014863484046039	valid acc:0.5744485294117647	valid F1:0.2933403964886941	valid CORR:0.4416190179494397
epoch:207
	best_epoch:150	best_acc:0.5818014705882353
	train loss:0.03466925537213683	train acc:0.9813368055555556	train F1:0.986174170063428	train CORR:0.9849923685047219
	valid loss:0.8165152809199165	valid acc:0.5670955882352942	valid F1:0.29238292482810174	valid CORR:0.42103176098158257
epoch:208
	best_epoch:150	best_acc:0.5818014705882353
	train loss:0.036964406414578356	train acc:0.9739583333333334	train F1:0.9791779009831392	train CORR:0.9776232500025317
	valid loss:0.8024038093931535	valid acc:0.5772058823529411	valid F1:0.29127275674481085	valid CORR:0.4274967228191482
epoch:209
	best_epoch:150	best_acc:0.5818014705882353
	train loss:0.0331341044511646	train acc:0.9796006944444444	train F1:0.9839135214355061	train CORR:0.9807495560084845
	valid loss:0.7986345256076139	valid acc:0.5744485294117647	valid F1:0.3020063750926259	valid CORR:0.4315136437765054
epoch:210
	best_epoch:150	best_acc:0.5818014705882353
	train loss:0.03469093244833251	train acc:0.9748263888888888	train F1:0.9798022780864206	train CORR:0.978240401337239
	valid loss:0.789579466861837	valid acc:0.5680147058823529	valid F1:0.3008404075582502	valid CORR:0.4322338968566457
epoch:211
	best_epoch:150	best_acc:0.5818014705882353
	train loss:0.03343899271243976	train acc:0.9791666666666666	train F1:0.9815891663450077	train CORR:0.9812357108646436
	valid loss:0.8126515115008635	valid acc:0.578125	valid F1:0.30084156484019076	valid CORR:0.43126775970803677
epoch:212
	best_epoch:150	best_acc:0.5818014705882353
	train loss:0.03479031095695165	train acc:0.9722222222222222	train F1:0.9770183429191096	train CORR:0.9748654516484049
	valid loss:0.7849798588191762	valid acc:0.5707720588235294	valid F1:0.2989224264051412	valid CORR:0.425919018312655
epoch:213
	best_epoch:150	best_acc:0.5818014705882353
	train loss:0.03405462691767348	train acc:0.9809027777777778	train F1:0.9788899485300351	train CORR:0.977985415536408
	valid loss:0.8206340004416073	valid acc:0.5726102941176471	valid F1:0.278510442614357	valid CORR:0.4199392202837252
epoch:214
	best_epoch:150	best_acc:0.5818014705882353
	train loss:0.032492340749336615	train acc:0.9796006944444444	train F1:0.985097506365249	train CORR:0.9896317031743251
	valid loss:0.8151735768598669	valid acc:0.5698529411764706	valid F1:0.28734019785525283	valid CORR:0.4323992443279119
epoch:215
	best_epoch:150	best_acc:0.5818014705882353
	train loss:0.0322389662420998	train acc:0.9826388888888888	train F1:0.9834170897918728	train CORR:0.9843142425713962
	valid loss:0.8113245858865625	valid acc:0.5707720588235294	valid F1:0.2951247612572443	valid CORR:0.4339854985485886
epoch:216
	best_epoch:150	best_acc:0.5818014705882353
	train loss:0.03563696223621567	train acc:0.98046875	train F1:0.9849995826648859	train CORR:0.9792978705105124
	valid loss:0.7958904276875889	valid acc:0.5726102941176471	valid F1:0.3014558635314035	valid CORR:0.43435148652357736
epoch:217
	best_epoch:150	best_acc:0.5818014705882353
	train loss:0.031992020913296275	train acc:0.98046875	train F1:0.9834635081439372	train CORR:0.9878363697185761
	valid loss:0.8034781673375297	valid acc:0.5716911764705882	valid F1:0.29879677943173133	valid CORR:0.42683665600067267
epoch:218
	best_epoch:150	best_acc:0.5818014705882353
	train loss:0.034596945650668606	train acc:0.9765625	train F1:0.9788976647000359	train CORR:0.9758462615274333
	valid loss:0.8126046938054702	valid acc:0.5744485294117647	valid F1:0.2904405938803758	valid CORR:0.42355519556611415
epoch:219
	best_epoch:150	best_acc:0.5818014705882353
	train loss:0.03354316773927874	train acc:0.9778645833333334	train F1:0.9775733488796132	train CORR:0.9846532029368733
	valid loss:0.7977491739918204	valid acc:0.5643382352941176	valid F1:0.293978000257441	valid CORR:0.4235870049947981
epoch:220
	best_epoch:150	best_acc:0.5818014705882353
	train loss:0.029267978673386905	train acc:0.9839409722222222	train F1:0.9847335163206701	train CORR:0.9872603429675626
	valid loss:0.8127304666182574	valid acc:0.5698529411764706	valid F1:0.2968667611651939	valid CORR:0.4258508164216639
epoch:221
	best_epoch:150	best_acc:0.5818014705882353
	train loss:0.03500749742508762	train acc:0.9796006944444444	train F1:0.9802378511276998	train CORR:0.9763034633767442
	valid loss:0.8060793263070724	valid acc:0.5726102941176471	valid F1:0.2938722106084401	valid CORR:0.42012584097437455
epoch:222
	best_epoch:150	best_acc:0.5818014705882353
	train loss:0.03247206663298938	train acc:0.9817708333333334	train F1:0.986492708743945	train CORR:0.9854900717413709
	valid loss:0.817258918986601	valid acc:0.5643382352941176	valid F1:0.2829575892503997	valid CORR:0.4134264833711001
epoch:223
	best_epoch:150	best_acc:0.5818014705882353
	train loss:0.038873368667231664	train acc:0.9769965277777778	train F1:0.978758926223259	train CORR:0.9763851381976574
	valid loss:0.826887474340551	valid acc:0.5707720588235294	valid F1:0.28612428725016714	valid CORR:0.42331876876130026
epoch:224
	best_epoch:150	best_acc:0.5818014705882353
	train loss:0.03126050314555565	train acc:0.9800347222222222	train F1:0.9864367701564511	train CORR:0.990149400913662
	valid loss:0.7894300274989184	valid acc:0.5689338235294118	valid F1:0.3032851353581021	valid CORR:0.4296057567239219
epoch:225
	best_epoch:150	best_acc:0.5818014705882353
	train loss:0.03030483962761031	train acc:0.9809027777777778	train F1:0.9816796394611156	train CORR:0.9855892210440169
	valid loss:0.799313180586871	valid acc:0.5744485294117647	valid F1:0.31160406807002805	valid CORR:0.4284347504586581
epoch:226
	best_epoch:150	best_acc:0.5818014705882353
	train loss:0.034031221358519465	train acc:0.9782986111111112	train F1:0.9815505593416772	train CORR:0.983473059819417
	valid loss:0.810463382917292	valid acc:0.5735294117647058	valid F1:0.298325029964869	valid CORR:0.429849242992988
epoch:227
	best_epoch:150	best_acc:0.5818014705882353
	train loss:0.03326099914395147	train acc:0.9813368055555556	train F1:0.9840638486719324	train CORR:0.9875581947223279
	valid loss:0.8088475535897648	valid acc:0.5707720588235294	valid F1:0.28862875019618833	valid CORR:0.42893557053960724
epoch:228
	best_epoch:150	best_acc:0.5818014705882353
	train loss:0.030176823208522465	train acc:0.9817708333333334	train F1:0.9826214025846438	train CORR:0.9876470328411201
	valid loss:0.8009843738640056	valid acc:0.5726102941176471	valid F1:0.30449296994129804	valid CORR:0.43413660961998574
epoch:229
	best_epoch:150	best_acc:0.5818014705882353
	train loss:0.031027550421034295	train acc:0.9826388888888888	train F1:0.9847892590472136	train CORR:0.9879218505951715
	valid loss:0.8092963187133565	valid acc:0.5634191176470589	valid F1:0.29361386762824393	valid CORR:0.43189606878138354
epoch:230
	best_epoch:150	best_acc:0.5818014705882353
	train loss:0.031188290410985548	train acc:0.984375	train F1:0.9873902964497894	train CORR:0.9858695933114877
	valid loss:0.8171494147356819	valid acc:0.5753676470588235	valid F1:0.2866006256289658	valid CORR:0.4211780932710364
epoch:231
	best_epoch:150	best_acc:0.5818014705882353
	train loss:0.03321838008964227	train acc:0.9813368055555556	train F1:0.9821616917925627	train CORR:0.9865840280425253
	valid loss:0.7944006218629724	valid acc:0.5726102941176471	valid F1:0.2984011766076412	valid CORR:0.4199961875219109
epoch:232
	best_epoch:150	best_acc:0.5818014705882353
	train loss:0.02984764597689112	train acc:0.9809027777777778	train F1:0.9870273934645426	train CORR:0.9874438092881477
	valid loss:0.8173339366912842	valid acc:0.5707720588235294	valid F1:0.28652472248845356	valid CORR:0.418040083899014
epoch:233
	best_epoch:150	best_acc:0.5818014705882353
	train loss:0.030858310068854027	train acc:0.9813368055555556	train F1:0.9819050092321312	train CORR:0.9816918838683056
	valid loss:0.8087059978176566	valid acc:0.578125	valid F1:0.2985018788027635	valid CORR:0.4308425197451695
epoch:234
	best_epoch:150	best_acc:0.5818014705882353
	train loss:0.036540353670716286	train acc:0.9782986111111112	train F1:0.9846463548042605	train CORR:0.98314512944438
	valid loss:0.7853130470303928	valid acc:0.5597426470588235	valid F1:0.30881021306240874	valid CORR:0.4272957159421692
epoch:235
	best_epoch:150	best_acc:0.5818014705882353
	train loss:0.031043999931878515	train acc:0.9809027777777778	train F1:0.9839617362563585	train CORR:0.9829397713201816
	valid loss:0.8042797235881581	valid acc:0.5698529411764706	valid F1:0.2887918863796237	valid CORR:0.42375726278226467
epoch:236
	best_epoch:150	best_acc:0.5818014705882353
	train loss:0.028045403615881998	train acc:0.98046875	train F1:0.9849286492719881	train CORR:0.9850936342837786
	valid loss:0.8131343091235441	valid acc:0.5716911764705882	valid F1:0.2928433638872504	valid CORR:0.4266928639612606
epoch:237
	best_epoch:150	best_acc:0.5818014705882353
	train loss:0.03132772567268047	train acc:0.9809027777777778	train F1:0.984320662892449	train CORR:0.9846336085536629
	valid loss:0.8259098635000341	valid acc:0.5753676470588235	valid F1:0.29035274587104554	valid CORR:0.43037366331871996
epoch:238
	best_epoch:150	best_acc:0.5818014705882353
	train loss:0.029744869305027857	train acc:0.9852430555555556	train F1:0.9884471600147835	train CORR:0.9909757015383438
	valid loss:0.8093731701374054	valid acc:0.5698529411764706	valid F1:0.2987680945245451	valid CORR:0.4266783303782701
epoch:239
	best_epoch:150	best_acc:0.5818014705882353
	train loss:0.03171682562161651	train acc:0.9778645833333334	train F1:0.9766701006960457	train CORR:0.9661628317245459
	valid loss:0.7999457506572499	valid acc:0.5735294117647058	valid F1:0.28732440604281806	valid CORR:0.4131971504353674
epoch:240
	best_epoch:150	best_acc:0.5818014705882353
	train loss:0.028437319754933316	train acc:0.9817708333333334	train F1:0.9836721986937209	train CORR:0.9840040583846849
	valid loss:0.811502440887339	valid acc:0.5744485294117647	valid F1:0.29873624728609904	valid CORR:0.41918017543821795
epoch:241
	best_epoch:150	best_acc:0.5818014705882353
	train loss:0.02987830679760211	train acc:0.9826388888888888	train F1:0.985836842212598	train CORR:0.9878155575988077
	valid loss:0.810944594004575	valid acc:0.5762867647058824	valid F1:0.2951040305492867	valid CORR:0.44173012236068704
epoch:242
	best_epoch:150	best_acc:0.5818014705882353
	train loss:0.03278084019095533	train acc:0.9778645833333334	train F1:0.9829154457029238	train CORR:0.9899028716853895
	valid loss:0.8008320086142596	valid acc:0.5634191176470589	valid F1:0.3010640189648046	valid CORR:0.43746345607610915
epoch:243
	best_epoch:150	best_acc:0.5818014705882353
	train loss:0.02884248905401263	train acc:0.9839409722222222	train F1:0.9853130400328811	train CORR:0.9848351195238618
	valid loss:0.8397851060418522	valid acc:0.5661764705882353	valid F1:0.2872349689261454	valid CORR:0.40157018480740025
epoch:244
	best_epoch:150	best_acc:0.5818014705882353
	train loss:0.031762301094002195	train acc:0.9800347222222222	train F1:0.9808980479923326	train CORR:0.9824930434858477
	valid loss:0.8119934867410099	valid acc:0.5698529411764706	valid F1:0.2972760235985382	valid CORR:0.4249614017972361
epoch:245
	best_epoch:150	best_acc:0.5818014705882353
	train loss:0.028957266864987712	train acc:0.9817708333333334	train F1:0.9825552010362784	train CORR:0.9814536464679908
	valid loss:0.8056794229675742	valid acc:0.5735294117647058	valid F1:0.30827978084473306	valid CORR:0.4296655176308212
epoch:246
	best_epoch:150	best_acc:0.5818014705882353
	train loss:0.030943646871795256	train acc:0.9822048611111112	train F1:0.9822363678172069	train CORR:0.9831114541807486
	valid loss:0.7944624844719382	valid acc:0.5689338235294118	valid F1:0.3020353784734298	valid CORR:0.44357767032090184
epoch:247
	best_epoch:150	best_acc:0.5818014705882353
	train loss:0.031051114486116502	train acc:0.9796006944444444	train F1:0.9814738349024462	train CORR:0.9821968016155981
	valid loss:0.8054857657236212	valid acc:0.5735294117647058	valid F1:0.2999277624152086	valid CORR:0.42322187861455746
epoch:248
	best_epoch:150	best_acc:0.5818014705882353
	train loss:0.029054859808335703	train acc:0.9813368055555556	train F1:0.9851832816261432	train CORR:0.9867305303969189
	valid loss:0.8053931278340957	valid acc:0.5726102941176471	valid F1:0.2979062917926638	valid CORR:0.43617218853248185
epoch:249
	best_epoch:150	best_acc:0.5818014705882353
	train loss:0.028168712587406237	train acc:0.9809027777777778	train F1:0.9812298006603111	train CORR:0.9807596228163844
	valid loss:0.8197803181760451	valid acc:0.5698529411764706	valid F1:0.2917579711624486	valid CORR:0.42223662113773763
epoch:250
	best_epoch:150	best_acc:0.5818014705882353
	train loss:0.029366842781503994	train acc:0.9813368055555556	train F1:0.9816463414745074	train CORR:0.9834992095589554
	valid loss:0.7983609788558063	valid acc:0.5744485294117647	valid F1:0.3063477535507125	valid CORR:0.42721401960220495
epoch:251
	best_epoch:150	best_acc:0.5818014705882353
	train loss:0.02854910852491028	train acc:0.9778645833333334	train F1:0.982207584086224	train CORR:0.9789021651303431
	valid loss:0.8016641245168799	valid acc:0.5726102941176471	valid F1:0.30992270091706314	valid CORR:0.4429356017664735
epoch:252
	best_epoch:150	best_acc:0.5818014705882353
	train loss:0.030319419896437064	train acc:0.9796006944444444	train F1:0.9843499994267279	train CORR:0.9840350540115148
	valid loss:0.8062216937541962	valid acc:0.5707720588235294	valid F1:0.29513996240982826	valid CORR:0.4466855615065446
epoch:253
	best_epoch:150	best_acc:0.5818014705882353
	train loss:0.032660092408251434	train acc:0.9774305555555556	train F1:0.9812995790256391	train CORR:0.9845261903070562
	valid loss:0.8126307445413926	valid acc:0.5744485294117647	valid F1:0.2984364499244313	valid CORR:0.43550151941913007
epoch:254
	best_epoch:150	best_acc:0.5818014705882353
	train loss:0.028804487509963412	train acc:0.984375	train F1:0.9873542970668738	train CORR:0.9891522908806174
	valid loss:0.8348276650204378	valid acc:0.5689338235294118	valid F1:0.2812091968739666	valid CORR:0.4211016144118829
epoch:255
	best_epoch:150	best_acc:0.5818014705882353
	train loss:0.028604585625645187	train acc:0.9830729166666666	train F1:0.9841537327766842	train CORR:0.9815292877344297
	valid loss:0.8168175851597506	valid acc:0.5735294117647058	valid F1:0.2867907793843054	valid CORR:0.41695991892828105
epoch:256
	best_epoch:150	best_acc:0.5818014705882353
	train loss:0.029938781815063622	train acc:0.9822048611111112	train F1:0.9844483627947493	train CORR:0.9819437541819054
	valid loss:0.8335862229852116	valid acc:0.5670955882352942	valid F1:0.2826044661941523	valid CORR:0.39882877853737075
epoch:257
	best_epoch:150	best_acc:0.5818014705882353
	train loss:0.029312722540150087	train acc:0.9813368055555556	train F1:0.9849030766551261	train CORR:0.9813634345935116
	valid loss:0.8165291004321155	valid acc:0.5735294117647058	valid F1:0.29080883577750327	valid CORR:0.4325046182879394
epoch:258
	best_epoch:150	best_acc:0.5818014705882353
	train loss:0.026761406230636768	train acc:0.9856770833333334	train F1:0.987443501142433	train CORR:0.9901214424092776
	valid loss:0.8042197245008805	valid acc:0.5790441176470589	valid F1:0.3127414386068118	valid CORR:0.4246427667414894
epoch:259
	best_epoch:150	best_acc:0.5818014705882353
	train loss:0.03256668500964426	train acc:0.9769965277777778	train F1:0.9755641986227659	train CORR:0.9733082799362996
	valid loss:0.8043589399141424	valid acc:0.5689338235294118	valid F1:0.30528872307526916	valid CORR:0.4284071326037766
epoch:260
	best_epoch:150	best_acc:0.5818014705882353
	train loss:0.027602537457520764	train acc:0.9817708333333334	train F1:0.9865298337678703	train CORR:0.9787659826511061
	valid loss:0.8214606677784639	valid acc:0.5707720588235294	valid F1:0.30048357519203195	valid CORR:0.42863821681885317
epoch:261
	best_epoch:150	best_acc:0.5818014705882353
	train loss:0.02797313114731676	train acc:0.9839409722222222	train F1:0.9896634852388587	train CORR:0.9858126286637409
	valid loss:0.8195800255326664	valid acc:0.5652573529411765	valid F1:0.29209058180521635	valid CORR:0.41738513295248814
epoch:262
	best_epoch:150	best_acc:0.5818014705882353
	train loss:0.030202652457066707	train acc:0.9813368055555556	train F1:0.9826705461632099	train CORR:0.9795356173116505
	valid loss:0.8055415749549866	valid acc:0.5726102941176471	valid F1:0.3054795875762283	valid CORR:0.4293266786340012
epoch:263
	best_epoch:150	best_acc:0.5818014705882353
	train loss:0.02763320054186301	train acc:0.9856770833333334	train F1:0.9860032598366677	train CORR:0.9839151501424908
	valid loss:0.8274186358732336	valid acc:0.5670955882352942	valid F1:0.27692607525556495	valid CORR:0.42302398086352644
epoch:264
	best_epoch:150	best_acc:0.5818014705882353
	train loss:0.024833731198062498	train acc:0.984375	train F1:0.9877542628271854	train CORR:0.9927779145322754
	valid loss:0.8295692415798411	valid acc:0.5716911764705882	valid F1:0.2921185710500213	valid CORR:0.4258283025299279
epoch:265
	best_epoch:150	best_acc:0.5818014705882353
	train loss:0.02895392172245516	train acc:0.9830729166666666	train F1:0.983534916223503	train CORR:0.9821143358846529
	valid loss:0.8071493716800914	valid acc:0.5744485294117647	valid F1:0.29931445088679787	valid CORR:0.4209936990030566
epoch:266
	best_epoch:150	best_acc:0.5818014705882353
	train loss:0.027433637529611588	train acc:0.9830729166666666	train F1:0.9818458373709187	train CORR:0.9826971183521476
	valid loss:0.7989394805010628	valid acc:0.5735294117647058	valid F1:0.30206683558007574	valid CORR:0.4258268252232441
epoch:267
	best_epoch:150	best_acc:0.5818014705882353
	train loss:0.027875458899264533	train acc:0.9826388888888888	train F1:0.9873517874388422	train CORR:0.9894385906260985
	valid loss:0.8135405463330886	valid acc:0.5689338235294118	valid F1:0.28750512875887835	valid CORR:0.4234862140647965
epoch:268
	best_epoch:150	best_acc:0.5818014705882353
	train loss:0.030790599890881114	train acc:0.9800347222222222	train F1:0.9773650458993827	train CORR:0.9745346256387475
	valid loss:0.8230327648275039	valid acc:0.5716911764705882	valid F1:0.3012429689447025	valid CORR:0.4227541712225854
epoch:269
	best_epoch:150	best_acc:0.5818014705882353
	train loss:0.033544821561210685	train acc:0.9817708333333334	train F1:0.9837685820167559	train CORR:0.9822779595921955
	valid loss:0.8424583252738503	valid acc:0.5762867647058824	valid F1:0.29315821229170325	valid CORR:0.42977602403674386
epoch:270
	best_epoch:150	best_acc:0.5818014705882353
	train loss:0.030689910183557205	train acc:0.9796006944444444	train F1:0.9811027525848496	train CORR:0.9796313356427429
	valid loss:0.8066882876788869	valid acc:0.5762867647058824	valid F1:0.30318209855955003	valid CORR:0.4389573580167333
epoch:271
	best_epoch:150	best_acc:0.5818014705882353
	train loss:0.026015806710347533	train acc:0.9848090277777778	train F1:0.9882725078608061	train CORR:0.9914223307319519
	valid loss:0.8075008813072654	valid acc:0.5744485294117647	valid F1:0.3062740850660893	valid CORR:0.44122086773371094
epoch:272
	best_epoch:150	best_acc:0.5818014705882353
	train loss:0.030232815666952066	train acc:0.9822048611111112	train F1:0.984900668168137	train CORR:0.9889029099425224
	valid loss:0.8191820277887232	valid acc:0.5680147058823529	valid F1:0.2966979120638381	valid CORR:0.43613594286753044
epoch:273
	best_epoch:150	best_acc:0.5818014705882353
	train loss:0.02650305163115263	train acc:0.9852430555555556	train F1:0.9850809044293387	train CORR:0.9822595088624808
	valid loss:0.8227465363109813	valid acc:0.5661764705882353	valid F1:0.290040920360251	valid CORR:0.40864415040827673
epoch:274
	best_epoch:150	best_acc:0.5818014705882353
	train loss:0.030581550802000694	train acc:0.9813368055555556	train F1:0.9824825127560666	train CORR:0.9869386962261204
	valid loss:0.8031635915531832	valid acc:0.5707720588235294	valid F1:0.29064790505964505	valid CORR:0.4290911010852202
epoch:275
	best_epoch:150	best_acc:0.5818014705882353
	train loss:0.027387979595611494	train acc:0.9813368055555556	train F1:0.9833484443054954	train CORR:0.9865895307926819
	valid loss:0.8246231131693896	valid acc:0.5707720588235294	valid F1:0.2923896426443556	valid CORR:0.43134036951940136
epoch:276
	best_epoch:150	best_acc:0.5818014705882353
	train loss:0.02862437183244361	train acc:0.9800347222222222	train F1:0.983925609046166	train CORR:0.981019318225315
	valid loss:0.7969079087762272	valid acc:0.5680147058823529	valid F1:0.3012138570024404	valid CORR:0.4384693380019813
epoch:277
	best_epoch:150	best_acc:0.5818014705882353
	train loss:0.028781629568483267	train acc:0.9817708333333334	train F1:0.9803589194086076	train CORR:0.9795267598118784
	valid loss:0.8094347925747142	valid acc:0.5698529411764706	valid F1:0.2902064027470734	valid CORR:0.4325844368433095
epoch:278
	best_epoch:150	best_acc:0.5818014705882353
	train loss:0.02570772383155094	train acc:0.9865451388888888	train F1:0.9877745997962559	train CORR:0.9841826440094292
	valid loss:0.8023404373842127	valid acc:0.5680147058823529	valid F1:0.31587898887617305	valid CORR:0.42393638380075455
epoch:279
	best_epoch:150	best_acc:0.5818014705882353
	train loss:0.027001824566266604	train acc:0.984375	train F1:0.9873187041974161	train CORR:0.9905087546857331
	valid loss:0.8192178326494554	valid acc:0.5689338235294118	valid F1:0.29475555755799504	valid CORR:0.4312376187807768
epoch:280
	best_epoch:150	best_acc:0.5818014705882353
	train loss:0.029430482562424407	train acc:0.9852430555555556	train F1:0.9841712553095396	train CORR:0.9855802019758637
	valid loss:0.8221990150563857	valid acc:0.5753676470588235	valid F1:0.2924010496191777	valid CORR:0.44243206021790826
epoch:281
	best_epoch:150	best_acc:0.5818014705882353
	train loss:0.02195760203499554	train acc:0.98828125	train F1:0.9888211875974946	train CORR:0.9888751859047986
	valid loss:0.8106379140825832	valid acc:0.5762867647058824	valid F1:0.2962595050736573	valid CORR:0.4286447519709061
epoch:282
	best_epoch:150	best_acc:0.5818014705882353
	train loss:0.02786293967316548	train acc:0.98046875	train F1:0.9831699817560428	train CORR:0.9830974271361076
	valid loss:0.8021444783491247	valid acc:0.5643382352941176	valid F1:0.31265942103116035	valid CORR:0.439479866005667
epoch:283
	best_epoch:150	best_acc:0.5818014705882353
	train loss:0.02680217930012279	train acc:0.9800347222222222	train F1:0.9844637068175217	train CORR:0.9787925853026755
	valid loss:0.8050840181462905	valid acc:0.5735294117647058	valid F1:0.2990626691625931	valid CORR:0.431787050863782
epoch:284
	best_epoch:150	best_acc:0.5818014705882353
	train loss:0.025504123341913026	train acc:0.9865451388888888	train F1:0.9855914618860844	train CORR:0.9873883308213454
	valid loss:0.8148344474680284	valid acc:0.5670955882352942	valid F1:0.30092902912290787	valid CORR:0.42883405809832453
epoch:285
	best_epoch:150	best_acc:0.5818014705882353
	train loss:0.025664742596240506	train acc:0.9856770833333334	train F1:0.9852444894895923	train CORR:0.9776442920465015
	valid loss:0.8301897189196419	valid acc:0.5661764705882353	valid F1:0.28820417821938904	valid CORR:0.410636290288946
epoch:286
	best_epoch:150	best_acc:0.5818014705882353
	train loss:0.026693991333660152	train acc:0.9791666666666666	train F1:0.9782220025877663	train CORR:0.9827862456883925
	valid loss:0.8158298520480886	valid acc:0.5790441176470589	valid F1:0.30175228122711517	valid CORR:0.43843490039690397
epoch:287
	best_epoch:150	best_acc:0.5818014705882353
	train loss:0.023198992311437096	train acc:0.9869791666666666	train F1:0.9899897948181814	train CORR:0.9913352727026254
	valid loss:0.8175945913090426	valid acc:0.5744485294117647	valid F1:0.2944199259339698	valid CORR:0.4388688519732875
epoch:288
	best_epoch:150	best_acc:0.5818014705882353
	train loss:0.02783416651396288	train acc:0.9839409722222222	train F1:0.9859827579295589	train CORR:0.9876754871705691
	valid loss:0.810204853029812	valid acc:0.5716911764705882	valid F1:0.29263657067955134	valid CORR:0.43475390640868344
epoch:289
	best_epoch:150	best_acc:0.5818014705882353
	train loss:0.022655916374383703	train acc:0.9861111111111112	train F1:0.9868432989148868	train CORR:0.9878169834199368
	valid loss:0.8253407162778518	valid acc:0.5753676470588235	valid F1:0.29589126300926877	valid CORR:0.43897883581367303
epoch:290
	best_epoch:150	best_acc:0.5818014705882353
	train loss:0.02831623149621818	train acc:0.9796006944444444	train F1:0.9822515254194544	train CORR:0.976354509158944
	valid loss:0.8314571450738346	valid acc:0.5707720588235294	valid F1:0.28568352517523193	valid CORR:0.4248012492779985
epoch:291
	best_epoch:150	best_acc:0.5818014705882353
	train loss:0.028366396022546623	train acc:0.9835069444444444	train F1:0.9884430853051792	train CORR:0.9880698017776486
	valid loss:0.8152164010440602	valid acc:0.5744485294117647	valid F1:0.29801750611698874	valid CORR:0.44894954349137234
epoch:292
	best_epoch:150	best_acc:0.5818014705882353
	train loss:0.025508974433048733	train acc:0.9887152777777778	train F1:0.9888897770775911	train CORR:0.9877952445710472
	valid loss:0.8192727846257827	valid acc:0.5753676470588235	valid F1:0.30028099202465164	valid CORR:0.44316348302017694
epoch:293
	best_epoch:150	best_acc:0.5818014705882353
	train loss:0.02334136120043695	train acc:0.9861111111111112	train F1:0.9866164124579667	train CORR:0.9851586544295363
	valid loss:0.8284130254212547	valid acc:0.578125	valid F1:0.3007158755488638	valid CORR:0.4426148304286
epoch:294
	best_epoch:150	best_acc:0.5818014705882353
	train loss:0.026332176005881693	train acc:0.9839409722222222	train F1:0.9873156845256426	train CORR:0.9899494256235982
	valid loss:0.8061142879373887	valid acc:0.5735294117647058	valid F1:0.30720000104362377	valid CORR:0.4326696051833787
epoch:295
	best_epoch:150	best_acc:0.5818014705882353
	train loss:0.026681564825897414	train acc:0.9856770833333334	train F1:0.9887336873884263	train CORR:0.9865063281182378
	valid loss:0.8288749386282528	valid acc:0.5634191176470589	valid F1:0.28555696769920885	valid CORR:0.411083444770284
epoch:296
	best_epoch:150	best_acc:0.5818014705882353
	train loss:0.025998584253506526	train acc:0.9861111111111112	train F1:0.9855582698308889	train CORR:0.9883843729039997
	valid loss:0.8254500347025254	valid acc:0.5762867647058824	valid F1:0.30284448366487565	valid CORR:0.4383352050345909
epoch:297
	best_epoch:150	best_acc:0.5818014705882353
	train loss:0.025876318143370252	train acc:0.9822048611111112	train F1:0.9862327209142296	train CORR:0.9836301326939754
	valid loss:0.817709892988205	valid acc:0.5707720588235294	valid F1:0.29605049741506717	valid CORR:0.4422697172996915
epoch:298
	best_epoch:150	best_acc:0.5818014705882353
	train loss:0.02425040164962411	train acc:0.9874131944444444	train F1:0.9878445514317744	train CORR:0.9837266658447044
	valid loss:0.8153507814687841	valid acc:0.5790441176470589	valid F1:0.3095594435102782	valid CORR:0.42703081917275865
epoch:299
	best_epoch:150	best_acc:0.5818014705882353
	train loss:0.02757760170950658	train acc:0.9791666666666666	train F1:0.9767147649801773	train CORR:0.9757568137903956
	valid loss:0.8297595872598535	valid acc:0.5716911764705882	valid F1:0.2951670221395746	valid CORR:0.4334083340857725
test loss:0.8308441568823421	test acc:0.5726102941176471	test F1:0.2929076950547618	test CORR:0.44909060431186515
Total Time Use: 868 s
