E:\Anaconda 5.3.1\lib\site-packages\scipy\stats\stats.py:3399: PearsonRConstantInputWarning: An input array is constant; the correlation coefficent is not defined.
  warnings.warn(PearsonRConstantInputWarning())
epoch:0
	best_epoch:0	best_acc:0.4540441176470588
	train loss:1206.2519226074219	train acc:0.3207465277777778	train F1:0.10203584309029123	train CORR:0.05331313429016883
	valid loss:3379.8116670496324	valid acc:0.4540441176470588	valid F1:0.07806573957016434	valid CORR:0.0
epoch:1
	best_epoch:0	best_acc:0.4540441176470588
	train loss:1205.0424092610676	train acc:0.3997395833333333	train F1:0.0713953488372093	train CORR:0.0
	valid loss:3379.8116814108457	valid acc:0.4540441176470588	valid F1:0.07806573957016434	valid CORR:0.0
epoch:2
	best_epoch:0	best_acc:0.4540441176470588
	train loss:1205.0423668755425	train acc:0.3997395833333333	train F1:0.0713953488372093	train CORR:0.0
	valid loss:3379.8117532169117	valid acc:0.4540441176470588	valid F1:0.07806573957016434	valid CORR:0.0
epoch:3
	best_epoch:0	best_acc:0.4540441176470588
	train loss:1205.042382982042	train acc:0.3997395833333333	train F1:0.0713953488372093	train CORR:0.0
	valid loss:3379.811882467831	valid acc:0.4540441176470588	valid F1:0.07806573957016434	valid CORR:0.0
epoch:4
	best_epoch:0	best_acc:0.4540441176470588
	train loss:1205.0423651801216	train acc:0.3997395833333333	train F1:0.0713953488372093	train CORR:0.0
	valid loss:3379.8120045381434	valid acc:0.4540441176470588	valid F1:0.07806573957016434	valid CORR:0.0
epoch:5
	best_epoch:0	best_acc:0.4540441176470588
	train loss:1205.0424465603298	train acc:0.3997395833333333	train F1:0.0713953488372093	train CORR:0.0
	valid loss:3379.812083524816	valid acc:0.4540441176470588	valid F1:0.07806573957016434	valid CORR:0.0
epoch:6
	best_epoch:0	best_acc:0.4540441176470588
	train loss:1205.0425211588542	train acc:0.3997395833333333	train F1:0.0713953488372093	train CORR:0.0
	valid loss:3379.8122486787684	valid acc:0.4540441176470588	valid F1:0.07806573957016434	valid CORR:0.0
epoch:7
	best_epoch:0	best_acc:0.4540441176470588
	train loss:1205.0425720214844	train acc:0.3997395833333333	train F1:0.0713953488372093	train CORR:0.0
	valid loss:3379.812105066636	valid acc:0.4540441176470588	valid F1:0.07806573957016434	valid CORR:0.0
epoch:8
	best_epoch:0	best_acc:0.4540441176470588
	train loss:1205.0424465603298	train acc:0.3997395833333333	train F1:0.0713953488372093	train CORR:0.0
	valid loss:3379.812083524816	valid acc:0.4540441176470588	valid F1:0.07806573957016434	valid CORR:0.0
epoch:9
	best_epoch:0	best_acc:0.4540441176470588
	train loss:1205.0423651801216	train acc:0.3997395833333333	train F1:0.0713953488372093	train CORR:0.0
	valid loss:3379.8120978860293	valid acc:0.4540441176470588	valid F1:0.07806573957016434	valid CORR:0.0
epoch:10
	best_epoch:0	best_acc:0.4540441176470588
	train loss:1205.0424906412761	train acc:0.3997395833333333	train F1:0.0713953488372093	train CORR:0.0
	valid loss:3379.8120978860293	valid acc:0.4540441176470588	valid F1:0.07806573957016434	valid CORR:0.0
epoch:11
	best_epoch:0	best_acc:0.4540441176470588
	train loss:1205.0425618489583	train acc:0.3997395833333333	train F1:0.0713953488372093	train CORR:0.0
	valid loss:3379.8121768727024	valid acc:0.4540441176470588	valid F1:0.07806573957016434	valid CORR:0.0
epoch:12
	best_epoch:0	best_acc:0.4540441176470588
	train loss:1205.042355855306	train acc:0.3997395833333333	train F1:0.0713953488372093	train CORR:0.0
	valid loss:3379.812349207261	valid acc:0.4540441176470588	valid F1:0.07806573957016434	valid CORR:0.0
epoch:13
	best_epoch:0	best_acc:0.4540441176470588
	train loss:1205.0424228244358	train acc:0.3997395833333333	train F1:0.0713953488372093	train CORR:0.0
	valid loss:3379.8124138327207	valid acc:0.4540441176470588	valid F1:0.07806573957016434	valid CORR:0.0
epoch:14
	best_epoch:0	best_acc:0.4540441176470588
	train loss:1205.042483859592	train acc:0.3997395833333333	train F1:0.0713953488372093	train CORR:0.0
	valid loss:3379.812313304228	valid acc:0.4540441176470588	valid F1:0.07806573957016434	valid CORR:0.0
epoch:15
	best_epoch:0	best_acc:0.4540441176470588
	train loss:1205.042677137587	train acc:0.3997395833333333	train F1:0.0713953488372093	train CORR:0.0
	valid loss:3379.812126608456	valid acc:0.4540441176470588	valid F1:0.07806573957016434	valid CORR:0.0
epoch:16
	best_epoch:0	best_acc:0.4540441176470588
	train loss:1205.0424126519097	train acc:0.3997395833333333	train F1:0.0713953488372093	train CORR:0.0
	valid loss:3379.8123348460476	valid acc:0.4540441176470588	valid F1:0.07806573957016434	valid CORR:0.0
epoch:17
	best_epoch:0	best_acc:0.4540441176470588
	train loss:1205.0425847371419	train acc:0.3997395833333333	train F1:0.0713953488372093	train CORR:0.0
	valid loss:3379.812349207261	valid acc:0.4540441176470588	valid F1:0.07806573957016434	valid CORR:0.0
epoch:18
	best_epoch:0	best_acc:0.4540441176470588
	train loss:1205.042315165202	train acc:0.3997395833333333	train F1:0.0713953488372093	train CORR:0.0
	valid loss:3379.8135770909926	valid acc:0.4540441176470588	valid F1:0.07806573957016434	valid CORR:0.0
epoch:19
	best_epoch:0	best_acc:0.4540441176470588
	train loss:1205.0425101386177	train acc:0.3997395833333333	train F1:0.0713953488372093	train CORR:0.0
	valid loss:3379.8144854377297	valid acc:0.4540441176470588	valid F1:0.07806573957016434	valid CORR:0.0
epoch:20
	best_epoch:0	best_acc:0.4540441176470588
	train loss:1205.0426805284287	train acc:0.3997395833333333	train F1:0.0713953488372093	train CORR:0.0
	valid loss:3379.812780043658	valid acc:0.4540441176470588	valid F1:0.07806573957016434	valid CORR:0.0
epoch:21
	best_epoch:0	best_acc:0.4540441176470588
	train loss:1205.0421820746528	train acc:0.3997395833333333	train F1:0.0713953488372093	train CORR:0.0
	valid loss:3379.814417221967	valid acc:0.4540441176470588	valid F1:0.07806573957016434	valid CORR:0.0
epoch:22
	best_epoch:0	best_acc:0.4540441176470588
	train loss:1205.04224480523	train acc:0.3997395833333333	train F1:0.07141749379652605	train CORR:0.035028997969505926
	valid loss:3379.8148624195774	valid acc:0.4540441176470588	valid F1:0.07806573957016434	valid CORR:0.0
epoch:23
	best_epoch:0	best_acc:0.4540441176470588
	train loss:1205.0423236423069	train acc:0.3997395833333333	train F1:0.0713953488372093	train CORR:0.0
	valid loss:3379.8168155445774	valid acc:0.4540441176470588	valid F1:0.07806573957016434	valid CORR:0.0
epoch:24
	best_epoch:0	best_acc:0.4540441176470588
	train loss:1205.042854309082	train acc:0.3997395833333333	train F1:0.0713953488372093	train CORR:0.0
	valid loss:3379.817160213695	valid acc:0.4540441176470588	valid F1:0.07806573957016434	valid CORR:0.0
epoch:25
	best_epoch:0	best_acc:0.4540441176470588
	train loss:1205.1010318332249	train acc:0.3936631944444444	train F1:0.07866065598955332	train CORR:0.04654419375429074
	valid loss:3379.82182042739	valid acc:0.4540441176470588	valid F1:0.07806573957016434	valid CORR:0.0
epoch:26
	best_epoch:0	best_acc:0.4540441176470588
	train loss:1205.0418489244248	train acc:0.3997395833333333	train F1:0.07146182495344507	train CORR:0.005677598723359853
	valid loss:3379.833438648897	valid acc:0.4540441176470588	valid F1:0.07806573957016434	valid CORR:0.0
epoch:27
	best_epoch:0	best_acc:0.4540441176470588
	train loss:1205.0519146389431	train acc:0.4010416666666667	train F1:0.07437602300030921	train CORR:0.05047404801003709
	valid loss:3379.8314208984375	valid acc:0.4540441176470588	valid F1:0.07806573957016434	valid CORR:0.0
epoch:28
	best_epoch:0	best_acc:0.4540441176470588
	train loss:1205.0072953965928	train acc:0.4010416666666667	train F1:0.07381626351003602	train CORR:0.01779867389629979
	valid loss:3379.825310202206	valid acc:0.4540441176470588	valid F1:0.07806573957016434	valid CORR:0.0
epoch:29
	best_epoch:0	best_acc:0.4540441176470588
	train loss:1205.0574578179253	train acc:0.3997395833333333	train F1:0.07143965249767298	train CORR:-0.034665463109793085
	valid loss:3379.818187040441	valid acc:0.4540441176470588	valid F1:0.07806573957016434	valid CORR:0.0
epoch:30
	best_epoch:30	best_acc:0.45496323529411764
	train loss:1205.0482432047527	train acc:0.3975694444444444	train F1:0.07553720394274152	train CORR:0.030747801047169437
	valid loss:3379.8754380170035	valid acc:0.45496323529411764	valid F1:0.07936072921082915	valid CORR:0.051606485706770136
epoch:31
	best_epoch:31	best_acc:0.4568014705882353
	train loss:1204.9751383463542	train acc:0.3993055555555556	train F1:0.07783625039419742	train CORR:0.06534282988199261
	valid loss:3379.994749181411	valid acc:0.4568014705882353	valid F1:0.09322907263645663	valid CORR:0.050449814668241465
epoch:32
	best_epoch:31	best_acc:0.4568014705882353
	train loss:1204.978163825141	train acc:0.4040798611111111	train F1:0.0874624170479864	train CORR:0.10189599046858235
	valid loss:3379.897331686581	valid acc:0.4568014705882353	valid F1:0.08532594304754129	valid CORR:0.017238800807822606
epoch:33
	best_epoch:31	best_acc:0.4568014705882353
	train loss:1204.9782257080078	train acc:0.4010416666666667	train F1:0.08171297479678953	train CORR:0.05625177390485544
	valid loss:3379.8645306755516	valid acc:0.45588235294117646	valid F1:0.08086648843235891	valid CORR:0.02463962576204272
epoch:34
	best_epoch:31	best_acc:0.4568014705882353
	train loss:1204.9555774264866	train acc:0.4040798611111111	train F1:0.08436940090639444	train CORR:0.07983952340436415
	valid loss:3379.8704726275278	valid acc:0.45588235294117646	valid F1:0.08203185636178616	valid CORR:0.06755957319645546
epoch:35
	best_epoch:31	best_acc:0.4568014705882353
	train loss:1204.9806060791016	train acc:0.4084201388888889	train F1:0.08951026615969582	train CORR:0.06595095421835223
	valid loss:3379.8558959960938	valid acc:0.45496323529411764	valid F1:0.08086575976544463	valid CORR:0.06523835563375525
epoch:36
	best_epoch:36	best_acc:0.4577205882352941
	train loss:1205.0021870930989	train acc:0.3993055555555556	train F1:0.08576133798481428	train CORR:0.09098816679061439
	valid loss:3379.962890625	valid acc:0.4577205882352941	valid F1:0.09338699550005232	valid CORR:0.02546278005256978
epoch:37
	best_epoch:36	best_acc:0.4577205882352941
	train loss:1204.8987460666233	train acc:0.4049479166666667	train F1:0.08723219699823827	train CORR:0.09791719660629061
	valid loss:3379.9493839039524	valid acc:0.4568014705882353	valid F1:0.0924348307957714	valid CORR:0.03175269600579245
epoch:38
	best_epoch:36	best_acc:0.4577205882352941
	train loss:1204.9416910807292	train acc:0.40234375	train F1:0.0870776125397681	train CORR:0.07154194924249008
	valid loss:3380.0492840935203	valid acc:0.4522058823529412	valid F1:0.09529678068410463	valid CORR:0.04458718030612681
epoch:39
	best_epoch:36	best_acc:0.4577205882352941
	train loss:1204.940288119846	train acc:0.4010416666666667	train F1:0.08754678002347718	train CORR:0.09183569228341436
	valid loss:3379.9249303481156	valid acc:0.4577205882352941	valid F1:0.09259844336121642	valid CORR:0.02373964515045716
epoch:40
	best_epoch:36	best_acc:0.4577205882352941
	train loss:1204.9035975138347	train acc:0.4071180555555556	train F1:0.09023106942271811	train CORR:0.09001624276456258
	valid loss:3379.945899514591	valid acc:0.45496323529411764	valid F1:0.09211174664487694	valid CORR:0.029719807256987037
epoch:41
	best_epoch:36	best_acc:0.4577205882352941
	train loss:1204.9034957885742	train acc:0.4006076388888889	train F1:0.08882855323310665	train CORR:0.11291981809278237
	valid loss:3379.947671329274	valid acc:0.45588235294117646	valid F1:0.09305236637326189	valid CORR:0.03082755295095053
epoch:42
	best_epoch:42	best_acc:0.46047794117647056
	train loss:1204.9080030653213	train acc:0.4019097222222222	train F1:0.0890655909533792	train CORR:0.10639122515343596
	valid loss:3379.88891063017	valid acc:0.46047794117647056	valid F1:0.09143469785575048	valid CORR:0.04445071688760392
epoch:43
	best_epoch:42	best_acc:0.46047794117647056
	train loss:1204.9047054714626	train acc:0.4045138888888889	train F1:0.08785535860875937	train CORR:0.08147122825064476
	valid loss:3379.8452256146597	valid acc:0.4577205882352941	valid F1:0.08465913431630415	valid CORR:0.05493985555037295
epoch:44
	best_epoch:42	best_acc:0.46047794117647056
	train loss:1204.9049479166667	train acc:0.4049479166666667	train F1:0.0876229306916461	train CORR:0.09956966253858368
	valid loss:3379.923433191636	valid acc:0.45496323529411764	valid F1:0.09211649859489043	valid CORR:0.028767518161564302
epoch:45
	best_epoch:42	best_acc:0.46047794117647056
	train loss:1204.8859820895725	train acc:0.40625	train F1:0.08889643989933194	train CORR:0.11753662535862575
	valid loss:3379.8760735006895	valid acc:0.45955882352941174	valid F1:0.0912801685410664	valid CORR:0.02837523202614741
epoch:46
	best_epoch:42	best_acc:0.46047794117647056
	train loss:1204.8595191107856	train acc:0.4079861111111111	train F1:0.09089906680904405	train CORR:0.11065915603358703
	valid loss:3380.1417649213004	valid acc:0.4476102941176471	valid F1:0.09767078343864612	valid CORR:0.041989796102117734
epoch:47
	best_epoch:42	best_acc:0.46047794117647056
	train loss:1204.8634452819824	train acc:0.4079861111111111	train F1:0.09933440460823827	train CORR:0.12898641151152124
	valid loss:3379.893990909352	valid acc:0.45955882352941174	valid F1:0.09371274217585693	valid CORR:0.048436204332029435
epoch:48
	best_epoch:42	best_acc:0.46047794117647056
	train loss:1204.8820385403103	train acc:0.40625	train F1:0.09176623008640437	train CORR:0.10346419972617896
	valid loss:3379.8760986328125	valid acc:0.4586397058823529	valid F1:0.0935508224987417	valid CORR:0.046466195289261256
epoch:49
	best_epoch:42	best_acc:0.46047794117647056
	train loss:1204.8847783406575	train acc:0.4110243055555556	train F1:0.09328481866789662	train CORR:0.10514790931618206
	valid loss:3379.809112548828	valid acc:0.45496323529411764	valid F1:0.07958092271176383	valid CORR:0.10402549458953617
epoch:50
	best_epoch:42	best_acc:0.46047794117647056
	train loss:1204.8448710971409	train acc:0.4071180555555556	train F1:0.0879368941334302	train CORR:0.12892831437448532
	valid loss:3379.956973805147	valid acc:0.45588235294117646	valid F1:0.09667540124467736	valid CORR:0.03553875835731527
epoch:51
	best_epoch:42	best_acc:0.46047794117647056
	train loss:1204.8927552964951	train acc:0.4036458333333333	train F1:0.09227138643067848	train CORR:0.11346093741187531
	valid loss:3379.820989272174	valid acc:0.46047794117647056	valid F1:0.08881941449858655	valid CORR:0.027865348673364425
epoch:52
	best_epoch:42	best_acc:0.46047794117647056
	train loss:1204.839367336697	train acc:0.4084201388888889	train F1:0.08962191060230944	train CORR:0.14321338201566786
	valid loss:3379.8776101505055	valid acc:0.4568014705882353	valid F1:0.09321840253975663	valid CORR:0.031905649337931836
epoch:53
	best_epoch:42	best_acc:0.46047794117647056
	train loss:1204.8322465684678	train acc:0.4049479166666667	train F1:0.09442215025501423	train CORR:0.13855017428297578
	valid loss:3379.861405316521	valid acc:0.45955882352941174	valid F1:0.09370985840629568	valid CORR:0.03639151777826985
epoch:54
	best_epoch:42	best_acc:0.46047794117647056
	train loss:1204.7963426378037	train acc:0.4114583333333333	train F1:0.09798187923187923	train CORR:0.13287373312420794
	valid loss:3379.911552877987	valid acc:0.45955882352941174	valid F1:0.09735889725018472	valid CORR:0.024958450124045788
epoch:55
	best_epoch:55	best_acc:0.46139705882352944
	train loss:1204.8043314615886	train acc:0.4131944444444444	train F1:0.1012285079866772	train CORR:0.1534655502580478
	valid loss:3379.8470584644992	valid acc:0.46139705882352944	valid F1:0.09481044555015822	valid CORR:0.03893285098383838
epoch:56
	best_epoch:55	best_acc:0.46139705882352944
	train loss:1204.795299106174	train acc:0.4118923611111111	train F1:0.09836768170101504	train CORR:0.13455473709481064
	valid loss:3379.842633415671	valid acc:0.46139705882352944	valid F1:0.09481435038680087	valid CORR:0.03436175241891392
epoch:57
	best_epoch:57	best_acc:0.46231617647058826
	train loss:1204.8137825859917	train acc:0.4092881944444444	train F1:0.09722619047619048	train CORR:0.13360531830306288
	valid loss:3379.8293959673715	valid acc:0.46231617647058826	valid F1:0.09499287383701518	valid CORR:0.035964487670915736
epoch:58
	best_epoch:57	best_acc:0.46231617647058826
	train loss:1204.850476582845	train acc:0.4110243055555556	train F1:0.09863753125214322	train CORR:0.10412742571831234
	valid loss:3379.803903018727	valid acc:0.45496323529411764	valid F1:0.0796253065807748	valid CORR:0.11707950053184592
epoch:59
	best_epoch:57	best_acc:0.46231617647058826
	train loss:1204.844923231337	train acc:0.4088541666666667	train F1:0.08678777425190126	train CORR:0.14054822810401824
	valid loss:3379.845157398897	valid acc:0.45955882352941174	valid F1:0.09447515163373116	valid CORR:0.037863257102451295
epoch:60
	best_epoch:57	best_acc:0.46231617647058826
	train loss:1204.7760569254558	train acc:0.4131944444444444	train F1:0.09726233258642666	train CORR:0.1357872269065019
	valid loss:3379.848833869485	valid acc:0.46231617647058826	valid F1:0.09721457082934656	valid CORR:0.04800029407028104
epoch:61
	best_epoch:57	best_acc:0.46231617647058826
	train loss:1204.7893770005967	train acc:0.4136284722222222	train F1:0.10178444524488664	train CORR:0.1392917892407147
	valid loss:3379.8419530531937	valid acc:0.46139705882352944	valid F1:0.09631531097919674	valid CORR:0.041767395496928955
epoch:62
	best_epoch:57	best_acc:0.46231617647058826
	train loss:1204.7485546535916	train acc:0.4188368055555556	train F1:0.10673816904512903	train CORR:0.1358078248262567
	valid loss:3379.8665304744945	valid acc:0.46047794117647056	valid F1:0.09957886871715152	valid CORR:0.033882054436612755
epoch:63
	best_epoch:57	best_acc:0.46231617647058826
	train loss:1204.7689374287922	train acc:0.4149305555555556	train F1:0.10354515362867325	train CORR:0.12383950399024843
	valid loss:3379.7999106014477	valid acc:0.46231617647058826	valid F1:0.0942213631461425	valid CORR:0.038894360966135924
epoch:64
	best_epoch:57	best_acc:0.46231617647058826
	train loss:1204.7388174268935	train acc:0.41796875	train F1:0.10367387435402055	train CORR:0.13767658832890817
	valid loss:3379.847250545726	valid acc:0.46047794117647056	valid F1:0.09882893641163606	valid CORR:0.051776900049585295
epoch:65
	best_epoch:57	best_acc:0.46231617647058826
	train loss:1204.7208311292861	train acc:0.4171006944444444	train F1:0.10529065208112053	train CORR:0.15122791285736176
	valid loss:3379.811313404756	valid acc:0.45955882352941174	valid F1:0.09592563665625296	valid CORR:0.04194281823827624
epoch:66
	best_epoch:57	best_acc:0.46231617647058826
	train loss:1204.7184193929036	train acc:0.4166666666666667	train F1:0.10295932719079193	train CORR:0.13139306356567707
	valid loss:3379.794117647059	valid acc:0.46139705882352944	valid F1:0.09404713546368176	valid CORR:0.03175269600579238
epoch:67
	best_epoch:57	best_acc:0.46231617647058826
	train loss:1204.680039299859	train acc:0.4253472222222222	train F1:0.1068503701562252	train CORR:0.1419011673850214
	valid loss:3379.7935701258043	valid acc:0.4586397058823529	valid F1:0.09029664855072464	valid CORR:0.03933703109969837
epoch:68
	best_epoch:57	best_acc:0.46231617647058826
	train loss:1204.6925404866536	train acc:0.4262152777777778	train F1:0.10927371932448837	train CORR:0.12633799220800962
	valid loss:3379.8368853400734	valid acc:0.46047794117647056	valid F1:0.10011410746357338	valid CORR:0.06576414488701943
epoch:69
	best_epoch:57	best_acc:0.46231617647058826
	train loss:1204.6793424818252	train acc:0.4288194444444444	train F1:0.11118940934109277	train CORR:0.15378959851371993
	valid loss:3379.7906063304226	valid acc:0.45955882352941174	valid F1:0.0904594089673913	valid CORR:0.03645418792062845
epoch:70
	best_epoch:57	best_acc:0.46231617647058826
	train loss:1204.6696366204155	train acc:0.4227430555555556	train F1:0.10730633989422028	train CORR:0.11718298437527697
	valid loss:3379.8069691377527	valid acc:0.46047794117647056	valid F1:0.09748917084246427	valid CORR:0.07717200614755054
epoch:71
	best_epoch:57	best_acc:0.46231617647058826
	train loss:1204.6798320346409	train acc:0.4210069444444444	train F1:0.10620206211492518	train CORR:0.13375303664750252
	valid loss:3379.7874719956344	valid acc:0.45496323529411764	valid F1:0.08974854112992042	valid CORR:0.03071363386174275
epoch:72
	best_epoch:57	best_acc:0.46231617647058826
	train loss:1204.6475312974717	train acc:0.4249131944444444	train F1:0.10829147179398349	train CORR:0.13928170032587595
	valid loss:3379.786538516774	valid acc:0.4577205882352941	valid F1:0.0901519799575632	valid CORR:0.03518608948744047
epoch:73
	best_epoch:57	best_acc:0.46231617647058826
	train loss:1204.663929409451	train acc:0.42578125	train F1:0.10892095971607332	train CORR:0.14097218617660173
	valid loss:3379.786922679228	valid acc:0.46231617647058826	valid F1:0.0971575399368606	valid CORR:0.07510318060005254
epoch:74
	best_epoch:57	best_acc:0.46231617647058826
	train loss:1204.6649598015679	train acc:0.4201388888888889	train F1:0.10833465461656361	train CORR:0.128174211323392
	valid loss:3379.7871757956113	valid acc:0.45955882352941174	valid F1:0.09446731808209381	valid CORR:0.057720967862457145
epoch:75
	best_epoch:57	best_acc:0.46231617647058826
	train loss:1204.6195136176216	train acc:0.4275173611111111	train F1:0.11210552162038753	train CORR:0.16143870076191594
	valid loss:3379.7899116067324	valid acc:0.46139705882352944	valid F1:0.09626646796394783	valid CORR:0.0734666028870068
epoch:76
	best_epoch:57	best_acc:0.46231617647058826
	train loss:1204.6426022847493	train acc:0.4283854166666667	train F1:0.11295491065215282	train CORR:0.13735906735066966
	valid loss:3379.7887088551242	valid acc:0.4568014705882353	valid F1:0.08646015703750862	valid CORR:0.04319929198950481
epoch:77
	best_epoch:77	best_acc:0.46599264705882354
	train loss:1204.6438641018337	train acc:0.4262152777777778	train F1:0.1068300985155307	train CORR:0.1705519291246056
	valid loss:3379.841762767119	valid acc:0.46599264705882354	valid F1:0.10639821412694178	valid CORR:0.0907802460028023
epoch:78
	best_epoch:77	best_acc:0.46599264705882354
	train loss:1204.5944849650066	train acc:0.4288194444444444	train F1:0.11307673803424408	train CORR:0.15132233762777225
	valid loss:3379.798027487362	valid acc:0.4641544117647059	valid F1:0.10140928089165148	valid CORR:0.1055132373985602
epoch:79
	best_epoch:77	best_acc:0.46599264705882354
	train loss:1204.6089460584853	train acc:0.4244791666666667	train F1:0.1107496410893741	train CORR:0.12554402270053197
	valid loss:3379.799650304458	valid acc:0.46599264705882354	valid F1:0.10299368123370599	valid CORR:0.09467352501796569
epoch:80
	best_epoch:77	best_acc:0.46599264705882354
	train loss:1204.6573486328125	train acc:0.4288194444444444	train F1:0.11311864753051738	train CORR:0.14673993692999537
	valid loss:3379.788376752068	valid acc:0.4632352941176471	valid F1:0.0979677047289504	valid CORR:0.11039584244646172
epoch:81
	best_epoch:77	best_acc:0.46599264705882354
	train loss:1204.604843987359	train acc:0.4314236111111111	train F1:0.11315861776129282	train CORR:0.13669653557985575
	valid loss:3379.7888560575598	valid acc:0.4650735294117647	valid F1:0.10098025017649935	valid CORR:0.10705013073814879
epoch:82
	best_epoch:77	best_acc:0.46599264705882354
	train loss:1204.5624262491863	train acc:0.4353298611111111	train F1:0.11640662100142626	train CORR:0.13184011309019844
	valid loss:3379.7827256146597	valid acc:0.4641544117647059	valid F1:0.09883275663206459	valid CORR:0.09281588319705625
epoch:83
	best_epoch:77	best_acc:0.46599264705882354
	train loss:1204.57556576199	train acc:0.4318576388888889	train F1:0.11488514081476764	train CORR:0.12621992533109644
	valid loss:3379.778372371898	valid acc:0.45955882352941174	valid F1:0.09447126763230143	valid CORR:0.08367891662648853
epoch:84
	best_epoch:77	best_acc:0.46599264705882354
	train loss:1204.5825559828018	train acc:0.4344618055555556	train F1:0.11542111329919058	train CORR:0.1650180826721333
	valid loss:3379.780548095703	valid acc:0.4641544117647059	valid F1:0.0995078202781257	valid CORR:0.09355741121348912
epoch:85
	best_epoch:77	best_acc:0.46599264705882354
	train loss:1204.5606477525498	train acc:0.4409722222222222	train F1:0.1188139140465514	train CORR:0.131692950469877
	valid loss:3379.7756419462316	valid acc:0.4577205882352941	valid F1:0.0902157178391607	valid CORR:0.04777879771646272
epoch:86
	best_epoch:86	best_acc:0.4678308823529412
	train loss:1204.561154683431	train acc:0.4348958333333333	train F1:0.11632199406949756	train CORR:0.14897112856679837
	valid loss:3379.793991986443	valid acc:0.4678308823529412	valid F1:0.10396145421531167	valid CORR:0.10010198756317257
epoch:87
	best_epoch:86	best_acc:0.4678308823529412
	train loss:1204.554711235894	train acc:0.4318576388888889	train F1:0.11422380471845071	train CORR:0.1458721096771871
	valid loss:3379.802610509536	valid acc:0.46691176470588236	valid F1:0.10427561265248839	valid CORR:0.09909975739240665
epoch:88
	best_epoch:86	best_acc:0.4678308823529412
	train loss:1204.5516895718044	train acc:0.4383680555555556	train F1:0.11772170630510898	train CORR:0.1353268021381651
	valid loss:3379.816323673024	valid acc:0.46691176470588236	valid F1:0.10528360080345874	valid CORR:0.08128704739140703
epoch:89
	best_epoch:86	best_acc:0.4678308823529412
	train loss:1204.5694868299697	train acc:0.4322916666666667	train F1:0.11666319557982074	train CORR:0.14180585581076693
	valid loss:3379.7811171587778	valid acc:0.4632352941176471	valid F1:0.09864871374891608	valid CORR:0.07617070638809394
epoch:90
	best_epoch:86	best_acc:0.4678308823529412
	train loss:1204.5394956800674	train acc:0.4401041666666667	train F1:0.11697378617316458	train CORR:0.1565173062153307
	valid loss:3379.795067282284	valid acc:0.4678308823529412	valid F1:0.10446375230525468	valid CORR:0.08013806573313899
epoch:91
	best_epoch:86	best_acc:0.4678308823529412
	train loss:1204.5423528883193	train acc:0.44140625	train F1:0.11992538060384336	train CORR:0.12829403548522123
	valid loss:3379.798266242532	valid acc:0.4678308823529412	valid F1:0.10446375230525468	valid CORR:0.08013806573313899
epoch:92
	best_epoch:92	best_acc:0.46875
	train loss:1204.5255474514431	train acc:0.4401041666666667	train F1:0.11969018254619224	train CORR:0.1549813922958494
	valid loss:3379.7893353630516	valid acc:0.46875	valid F1:0.10409121600883924	valid CORR:0.09083176294921715
epoch:93
	best_epoch:92	best_acc:0.46875
	train loss:1204.5300097995334	train acc:0.4427083333333333	train F1:0.12007948927694989	train CORR:0.13419792118376112
	valid loss:3379.813189338235	valid acc:0.4678308823529412	valid F1:0.10648754038315122	valid CORR:0.081257028514086
epoch:94
	best_epoch:92	best_acc:0.46875
	train loss:1204.5186517503525	train acc:0.4409722222222222	train F1:0.12039232091313795	train CORR:0.13953513253115243
	valid loss:3379.7993702607996	valid acc:0.46691176470588236	valid F1:0.10415923926422029	valid CORR:0.07994545679966919
epoch:95
	best_epoch:92	best_acc:0.46875
	train loss:1204.514924791124	train acc:0.4401041666666667	train F1:0.11932086848800084	train CORR:0.12918988465305534
	valid loss:3379.791581097771	valid acc:0.46875	valid F1:0.10456223854752435	valid CORR:0.07809954853822754
epoch:96
	best_epoch:92	best_acc:0.46875
	train loss:1204.5162743462456	train acc:0.4457465277777778	train F1:0.12355639320973966	train CORR:0.1270131418999248
	valid loss:3379.7913190056297	valid acc:0.4678308823529412	valid F1:0.1043599257884972	valid CORR:0.07520793673248755
epoch:97
	best_epoch:92	best_acc:0.46875
	train loss:1204.4855033026802	train acc:0.4479166666666667	train F1:0.12364447023853872	train CORR:0.1565962610670486
	valid loss:3379.7756832347195	valid acc:0.46231617647058826	valid F1:0.09709544660096447	valid CORR:0.0625848635302554
epoch:98
	best_epoch:98	best_acc:0.4696691176470588
	train loss:1204.4900572035049	train acc:0.4461805555555556	train F1:0.12260164738871362	train CORR:0.14572875057363094
	valid loss:3379.791161032284	valid acc:0.4696691176470588	valid F1:0.10639223546876113	valid CORR:0.08128704739140703
epoch:99
	best_epoch:98	best_acc:0.4696691176470588
	train loss:1204.4721154106987	train acc:0.4422743055555556	train F1:0.12205071620545377	train CORR:0.13823112393417222
	valid loss:3379.7771750057445	valid acc:0.4650735294117647	valid F1:0.1008816232500443	valid CORR:0.0769837868840112
epoch:100
	best_epoch:98	best_acc:0.4696691176470588
	train loss:1204.486728668213	train acc:0.4522569444444444	train F1:0.1252104597934346	train CORR:0.15949600432722058
	valid loss:3379.7778553682215	valid acc:0.4696691176470588	valid F1:0.10482147197194591	valid CORR:0.07869924031113162
epoch:101
	best_epoch:98	best_acc:0.4696691176470588
	train loss:1204.4936269124348	train acc:0.4470486111111111	train F1:0.12287807988247523	train CORR:0.14564280067429186
	valid loss:3379.7865564682907	valid acc:0.4577205882352941	valid F1:0.08565606843124597	valid CORR:0.057084477344540904
epoch:102
	best_epoch:102	best_acc:0.47058823529411764
	train loss:1204.5381418863933	train acc:0.4418402777777778	train F1:0.11724271391627818	train CORR:0.15163324459154578
	valid loss:3379.7813630945543	valid acc:0.47058823529411764	valid F1:0.10620695239123393	valid CORR:0.08351509538103279
epoch:103
	best_epoch:103	best_acc:0.47150735294117646
	train loss:1204.4751586914062	train acc:0.4444444444444444	train F1:0.12350273481705015	train CORR:0.15173760333167785
	valid loss:3379.781551585478	valid acc:0.47150735294117646	valid F1:0.10695257246470219	valid CORR:0.0785998152439005
epoch:104
	best_epoch:103	best_acc:0.47150735294117646
	train loss:1204.4788966708713	train acc:0.4453125	train F1:0.12311318254922834	train CORR:0.15820173586663042
	valid loss:3379.795122931985	valid acc:0.47058823529411764	valid F1:0.10813453365907738	valid CORR:0.07720968830143887
epoch:105
	best_epoch:103	best_acc:0.47150735294117646
	train loss:1204.4702394273545	train acc:0.4409722222222222	train F1:0.1225831061283434	train CORR:0.14617122433371138
	valid loss:3379.7993918026195	valid acc:0.4696691176470588	valid F1:0.10842365931879999	valid CORR:0.07156232952581106
epoch:106
	best_epoch:103	best_acc:0.47150735294117646
	train loss:1204.4541541205513	train acc:0.4483506944444444	train F1:0.1246421372689693	train CORR:0.15931688841070635
	valid loss:3379.7824724982765	valid acc:0.47058823529411764	valid F1:0.10660262082332618	valid CORR:0.07101369355718759
epoch:107
	best_epoch:103	best_acc:0.47150735294117646
	train loss:1204.4490093655056	train acc:0.4470486111111111	train F1:0.12386154386876427	train CORR:0.14263541420801149
	valid loss:3379.773103601792	valid acc:0.4678308823529412	valid F1:0.10267939993813795	valid CORR:0.06833166056004178
epoch:108
	best_epoch:103	best_acc:0.47150735294117646
	train loss:1204.4545902676052	train acc:0.4513888888888889	train F1:0.12532284474588856	train CORR:0.13209850754078062
	valid loss:3379.7716782513785	valid acc:0.46599264705882354	valid F1:0.10108274836566286	valid CORR:0.07867091879419948
epoch:109
	best_epoch:109	best_acc:0.4733455882352941
	train loss:1204.4457431369358	train acc:0.4526909722222222	train F1:0.1264573053520615	train CORR:0.16097693841865127
	valid loss:3379.7795087028953	valid acc:0.4733455882352941	valid F1:0.1078348580811635	valid CORR:0.0904797238106784
epoch:110
	best_epoch:109	best_acc:0.4733455882352941
	train loss:1204.45017835829	train acc:0.4466145833333333	train F1:0.12380399267980846	train CORR:0.1369365413097664
	valid loss:3379.779293284697	valid acc:0.47150735294117646	valid F1:0.10635351381620038	valid CORR:0.0849263242663838
epoch:111
	best_epoch:109	best_acc:0.4733455882352941
	train loss:1204.423666212294	train acc:0.4557291666666667	train F1:0.1273268864309885	train CORR:0.14691287309315665
	valid loss:3379.775483972886	valid acc:0.47058823529411764	valid F1:0.10558026557270862	valid CORR:0.08351509538103291
epoch:112
	best_epoch:109	best_acc:0.4733455882352941
	train loss:1204.4328702290852	train acc:0.4522569444444444	train F1:0.12639204756966857	train CORR:0.13825035579031514
	valid loss:3379.7821314194625	valid acc:0.4724264705882353	valid F1:0.10802764708331598	valid CORR:0.08723783855468764
epoch:113
	best_epoch:109	best_acc:0.4733455882352941
	train loss:1204.4268001980251	train acc:0.4574652777777778	train F1:0.1288963346532643	train CORR:0.14198521286154464
	valid loss:3379.773446475758	valid acc:0.47058823529411764	valid F1:0.10555986302254959	valid CORR:0.08104626040471312
epoch:114
	best_epoch:109	best_acc:0.4733455882352941
	train loss:1204.440742916531	train acc:0.453125	train F1:0.1291770732235766	train CORR:0.14713898391762287
	valid loss:3379.789328182445	valid acc:0.4724264705882353	valid F1:0.10802764708331598	valid CORR:0.0780453029769264
epoch:115
	best_epoch:109	best_acc:0.4733455882352941
	train loss:1204.4169993930393	train acc:0.4552951388888889	train F1:0.1280531424597247	train CORR:0.16719995343632807
	valid loss:3379.7905560661766	valid acc:0.47058823529411764	valid F1:0.1081132427162193	valid CORR:0.07498561106392392
epoch:116
	best_epoch:109	best_acc:0.4733455882352941
	train loss:1204.4249555799697	train acc:0.4578993055555556	train F1:0.12825997603709416	train CORR:0.1399989832908233
	valid loss:3379.7819339527805	valid acc:0.4696691176470588	valid F1:0.1052619322824711	valid CORR:0.07191213366569657
epoch:117
	best_epoch:109	best_acc:0.4733455882352941
	train loss:1204.4162576463486	train acc:0.4587673611111111	train F1:0.1291892444148453	train CORR:0.16787823937320723
	valid loss:3379.775338565602	valid acc:0.4696691176470588	valid F1:0.1047662122288988	valid CORR:0.07328613268137184
epoch:118
	best_epoch:109	best_acc:0.4733455882352941
	train loss:1204.4022030300564	train acc:0.4574652777777778	train F1:0.12824937990796648	train CORR:0.15146541400506897
	valid loss:3379.777379653033	valid acc:0.46875	valid F1:0.10504413619167718	valid CORR:0.06497532765643149
epoch:119
	best_epoch:109	best_acc:0.4733455882352941
	train loss:1204.4229371812607	train acc:0.4509548611111111	train F1:0.12508842429055195	train CORR:0.13370172573839081
	valid loss:3379.769265567555	valid acc:0.4696691176470588	valid F1:0.10474887639966657	valid CORR:0.07859981524390051
epoch:120
	best_epoch:109	best_acc:0.4733455882352941
	train loss:1204.4075965881348	train acc:0.4561631944444444	train F1:0.13024750998911558	train CORR:0.12668743491697293
	valid loss:3379.764242733226	valid acc:0.46691176470588236	valid F1:0.10246783938546261	valid CORR:0.0688426750398329
epoch:121
	best_epoch:109	best_acc:0.4733455882352941
	train loss:1204.4092814127605	train acc:0.4596354166666667	train F1:0.12979810764887842	train CORR:0.17088338309966666
	valid loss:3379.7687970329735	valid acc:0.47058823529411764	valid F1:0.1055400156401729	valid CORR:0.07473561881881458
epoch:122
	best_epoch:109	best_acc:0.4733455882352941
	train loss:1204.4039353264702	train acc:0.4583333333333333	train F1:0.1290781771152406	train CORR:0.1499279924431275
	valid loss:3379.7660019818472	valid acc:0.4696691176470588	valid F1:0.1047662122288988	valid CORR:0.07328613268137184
epoch:123
	best_epoch:109	best_acc:0.4733455882352941
	train loss:1204.400284661187	train acc:0.4587673611111111	train F1:0.12947625062693885	train CORR:0.12844473238768137
	valid loss:3379.769635368796	valid acc:0.4724264705882353	valid F1:0.10705115902160237	valid CORR:0.0809348568868091
epoch:124
	best_epoch:109	best_acc:0.4733455882352941
	train loss:1204.4114884270562	train acc:0.4552951388888889	train F1:0.1279927470555261	train CORR:0.1382317545681952
	valid loss:3379.7799287683824	valid acc:0.47150735294117646	valid F1:0.10820596354483822	valid CORR:0.08041707927266459
epoch:125
	best_epoch:109	best_acc:0.4733455882352941
	train loss:1204.407310909695	train acc:0.4592013888888889	train F1:0.1293938470741207	train CORR:0.1299348749422234
	valid loss:3379.792911305147	valid acc:0.4733455882352941	valid F1:0.11055345974386975	valid CORR:0.06260285263965401
epoch:126
	best_epoch:109	best_acc:0.4733455882352941
	train loss:1204.4034775627983	train acc:0.4600694444444444	train F1:0.13154219548217713	train CORR:0.15699408527785635
	valid loss:3379.7657345042508	valid acc:0.46875	valid F1:0.10398790888481053	valid CORR:0.08156701262961122
epoch:127
	best_epoch:109	best_acc:0.4733455882352941
	train loss:1204.4022750854492	train acc:0.4600694444444444	train F1:0.12839762087420176	train CORR:0.1214180499475552
	valid loss:3379.7764946432676	valid acc:0.4696691176470588	valid F1:0.10574801182495731	valid CORR:0.07069127451471739
epoch:128
	best_epoch:109	best_acc:0.4733455882352941
	train loss:1204.3929477267795	train acc:0.4609375	train F1:0.13059294748257488	train CORR:0.16042986472542797
	valid loss:3379.7905883789062	valid acc:0.47150735294117646	valid F1:0.10920118651332522	valid CORR:0.05185690021203092
epoch:129
	best_epoch:109	best_acc:0.4733455882352941
	train loss:1204.385861714681	train acc:0.4644097222222222	train F1:0.13079060834262474	train CORR:0.10707116012467514
	valid loss:3379.7662353515625	valid acc:0.4696691176470588	valid F1:0.10414216794813812	valid CORR:0.0752261646122072
epoch:130
	best_epoch:109	best_acc:0.4733455882352941
	train loss:1204.3873613145615	train acc:0.4609375	train F1:0.12971669839594369	train CORR:0.14473900368313575
	valid loss:3379.7793812471277	valid acc:0.4724264705882353	valid F1:0.10890044738660751	valid CORR:0.04613682090330222
epoch:131
	best_epoch:109	best_acc:0.4733455882352941
	train loss:1204.3918024698894	train acc:0.4605034722222222	train F1:0.13189470835625433	train CORR:0.1163471366642212
	valid loss:3379.7703821518844	valid acc:0.47058823529411764	valid F1:0.10644160644160645	valid CORR:0.05814104675107094
epoch:132
	best_epoch:109	best_acc:0.4733455882352941
	train loss:1204.3827328152126	train acc:0.4661458333333333	train F1:0.1323841558106889	train CORR:0.159513587354558
	valid loss:3379.7724465762867	valid acc:0.4724264705882353	valid F1:0.10788536853144562	valid CORR:0.0552467395536843
epoch:133
	best_epoch:109	best_acc:0.4733455882352941
	train loss:1204.3801265292698	train acc:0.4639756944444444	train F1:0.13152768750477917	train CORR:0.12384388343000492
	valid loss:3379.793320599724	valid acc:0.4733455882352941	valid F1:0.11097933486553913	valid CORR:0.047361553028443505
epoch:134
	best_epoch:109	best_acc:0.4733455882352941
	train loss:1204.3812052408855	train acc:0.4609375	train F1:0.13255978182675324	train CORR:0.14031895585637813
	valid loss:3379.7692332548254	valid acc:0.4696691176470588	valid F1:0.10514673811452428	valid CORR:0.05561062963639701
epoch:135
	best_epoch:109	best_acc:0.4733455882352941
	train loss:1204.37697007921	train acc:0.4609375	train F1:0.12999366945279367	train CORR:0.13336536193856574
	valid loss:3379.768854477826	valid acc:0.47058823529411764	valid F1:0.105385666246322	valid CORR:0.05564757702437924
epoch:136
	best_epoch:109	best_acc:0.4733455882352941
	train loss:1204.3979949951172	train acc:0.4600694444444444	train F1:0.1297797875666395	train CORR:0.10952682453638558
	valid loss:3379.782984116498	valid acc:0.4733455882352941	valid F1:0.10860901979056821	valid CORR:0.05668170625305923
epoch:137
	best_epoch:137	best_acc:0.4742647058823529
	train loss:1204.3695301479763	train acc:0.4661458333333333	train F1:0.13441380797608374	train CORR:0.13334105921337716
	valid loss:3379.8604161879593	valid acc:0.4742647058823529	valid F1:0.11592790052953722	valid CORR:0.07018011321735855
epoch:138
	best_epoch:137	best_acc:0.4742647058823529
	train loss:1204.310341729058	train acc:0.4665798611111111	train F1:0.145134431584987	train CORR:0.11271766881041362
	valid loss:3379.745298497817	valid acc:0.4632352941176471	valid F1:0.10012836770036321	valid CORR:0.09408282584822772
epoch:139
	best_epoch:137	best_acc:0.4742647058823529
	train loss:1204.4041497972275	train acc:0.4587673611111111	train F1:0.14791928870577944	train CORR:0.1261598467853359
	valid loss:3379.7565325568703	valid acc:0.46139705882352944	valid F1:0.09168207346426205	valid CORR:0.09109845266723061
epoch:140
	best_epoch:137	best_acc:0.4742647058823529
	train loss:1204.3488133748372	train acc:0.4587673611111111	train F1:0.14065413257204823	train CORR:0.10643696636404203
	valid loss:3379.7613938275504	valid acc:0.46139705882352944	valid F1:0.08997281284464849	valid CORR:0.07861217210601018
epoch:141
	best_epoch:141	best_acc:0.49172794117647056
	train loss:1204.2618403964573	train acc:0.4657118055555556	train F1:0.15015770127418998	train CORR:0.13493834954289152
	valid loss:3379.6816513959097	valid acc:0.49172794117647056	valid F1:0.15127205480748376	valid CORR:0.1632465945581428
epoch:142
	best_epoch:141	best_acc:0.49172794117647056
	train loss:1204.3155708312988	train acc:0.4678819444444444	train F1:0.16492743133824467	train CORR:0.14502140555781876
	valid loss:3379.714003619026	valid acc:0.4632352941176471	valid F1:0.09935222925523904	valid CORR:0.05967814397917686
epoch:143
	best_epoch:141	best_acc:0.49172794117647056
	train loss:1204.081689622667	train acc:0.4765625	train F1:0.17079133908466687	train CORR:0.16585865235606626
	valid loss:3379.702367446002	valid acc:0.49080882352941174	valid F1:0.16364260317394116	valid CORR:0.18909439459767935
epoch:144
	best_epoch:141	best_acc:0.49172794117647056
	train loss:1204.049930996365	train acc:0.46484375	train F1:0.16440494894211585	train CORR:0.1279979634022043
	valid loss:3379.7591588637406	valid acc:0.46047794117647056	valid F1:0.08871024808524809	valid CORR:0.03356322869920215
epoch:145
	best_epoch:141	best_acc:0.49172794117647056
	train loss:1204.0379698011611	train acc:0.4691840277777778	train F1:0.16241166247836072	train CORR:0.14282921828483644
	valid loss:3379.5590748506434	valid acc:0.484375	valid F1:0.1335664137116627	valid CORR:0.149585393878737
epoch:146
	best_epoch:141	best_acc:0.49172794117647056
	train loss:1203.757679409451	train acc:0.4917534722222222	train F1:0.17964007159187176	train CORR:0.17263406160741854
	valid loss:3379.6620250028723	valid acc:0.4641544117647059	valid F1:0.10233435582165817	valid CORR:-0.007932513097528297
epoch:147
	best_epoch:147	best_acc:0.5045955882352942
	train loss:1203.7459949917263	train acc:0.4913194444444444	train F1:0.17916828331341933	train CORR:0.229551929672397
	valid loss:3379.3175515567555	valid acc:0.5045955882352942	valid F1:0.16380557008467583	valid CORR:0.1965899497599602
epoch:148
	best_epoch:148	best_acc:0.5073529411764706
	train loss:1203.7122506035698	train acc:0.4917534722222222	train F1:0.18164168021134053	train CORR:0.1785080518469302
	valid loss:3379.2842443129593	valid acc:0.5073529411764706	valid F1:0.16783328196821576	valid CORR:0.19554043227285978
epoch:149
	best_epoch:149	best_acc:0.5128676470588235
	train loss:1203.6201231214736	train acc:0.4969618055555556	train F1:0.1861093165264498	train CORR:0.19801999719715185
	valid loss:3379.1518877814797	valid acc:0.5128676470588235	valid F1:0.16908805253404585	valid CORR:0.22967921587999585
epoch:150
	best_epoch:149	best_acc:0.5128676470588235
	train loss:1203.5425618489583	train acc:0.5021701388888888	train F1:0.18955030152623453	train CORR:0.2253127172821015
	valid loss:3379.3413373161766	valid acc:0.4990808823529412	valid F1:0.16692452408580058	valid CORR:0.1899727149508758
epoch:151
	best_epoch:151	best_acc:0.5147058823529411
	train loss:1203.5177035861545	train acc:0.5069444444444444	train F1:0.19344795397881692	train CORR:0.22651386249783598
	valid loss:3379.0225399241726	valid acc:0.5147058823529411	valid F1:0.16441182496811155	valid CORR:0.2246851797341689
epoch:152
	best_epoch:151	best_acc:0.5147058823529411
	train loss:1203.4527520073784	train acc:0.5095486111111112	train F1:0.1905469553994111	train CORR:0.19445654883479008
	valid loss:3379.0188365263098	valid acc:0.5119485294117647	valid F1:0.16254060065557024	valid CORR:0.24755083595093647
epoch:153
	best_epoch:153	best_acc:0.5165441176470589
	train loss:1203.4309717814128	train acc:0.5073784722222222	train F1:0.19168171729912864	train CORR:0.24649742870939165
	valid loss:3379.057827220244	valid acc:0.5165441176470589	valid F1:0.1697191669851692	valid CORR:0.21682514319325358
epoch:154
	best_epoch:153	best_acc:0.5165441176470589
	train loss:1203.431137084961	train acc:0.5160590277777778	train F1:0.19520087119053903	train CORR:0.2521336002045389
	valid loss:3378.9413775275734	valid acc:0.515625	valid F1:0.16544055255744494	valid CORR:0.2270797964488126
epoch:155
	best_epoch:155	best_acc:0.5220588235294118
	train loss:1203.359666612413	train acc:0.5164930555555556	train F1:0.1962963581956192	train CORR:0.2408960305769798
	valid loss:3378.9713511747473	valid acc:0.5220588235294118	valid F1:0.17209094412806192	valid CORR:0.24233091951883456
epoch:156
	best_epoch:155	best_acc:0.5220588235294118
	train loss:1203.3534020317925	train acc:0.5190972222222222	train F1:0.19574357363259165	train CORR:0.22932886342549214
	valid loss:3378.8724311379824	valid acc:0.5174632352941176	valid F1:0.1669610349032321	valid CORR:0.22971728219514004
epoch:157
	best_epoch:157	best_acc:0.5229779411764706
	train loss:1203.2902323404949	train acc:0.5303819444444444	train F1:0.20520066318015362	train CORR:0.28792158219438596
	valid loss:3378.8394470214844	valid acc:0.5229779411764706	valid F1:0.16989651082389898	valid CORR:0.28104997944494237
epoch:158
	best_epoch:157	best_acc:0.5229779411764706
	train loss:1203.317675696479	train acc:0.5260416666666666	train F1:0.20069925669272687	train CORR:0.2605728285370673
	valid loss:3378.851567885455	valid acc:0.5220588235294118	valid F1:0.17111224511836876	valid CORR:0.24860086830561165
epoch:159
	best_epoch:159	best_acc:0.5248161764705882
	train loss:1203.27363120185	train acc:0.5342881944444444	train F1:0.20780226191329482	train CORR:0.2898598105879502
	valid loss:3378.8691603716684	valid acc:0.5248161764705882	valid F1:0.17521380631747527	valid CORR:0.2504566463654313
epoch:160
	best_epoch:159	best_acc:0.5248161764705882
	train loss:1203.2062356736924	train acc:0.5373263888888888	train F1:0.20696219890292183	train CORR:0.2708456048320927
	valid loss:3378.80005421358	valid acc:0.5229779411764706	valid F1:0.171853179711203	valid CORR:0.2527808845918139
epoch:161
	best_epoch:159	best_acc:0.5248161764705882
	train loss:1203.2077429029678	train acc:0.5390625	train F1:0.2085261341430958	train CORR:0.30343802048279356
	valid loss:3378.7629789464613	valid acc:0.5248161764705882	valid F1:0.17271980450675117	valid CORR:0.2588042388437375
epoch:162
	best_epoch:162	best_acc:0.5257352941176471
	train loss:1203.1836649576824	train acc:0.5425347222222222	train F1:0.21175596738514277	train CORR:0.29169324301292354
	valid loss:3378.7241857192093	valid acc:0.5257352941176471	valid F1:0.17349889121793377	valid CORR:0.27316965554581873
epoch:163
	best_epoch:163	best_acc:0.5294117647058824
	train loss:1203.1806021796333	train acc:0.5368923611111112	train F1:0.20765996852343377	train CORR:0.2902432339719893
	valid loss:3378.7497450884653	valid acc:0.5294117647058824	valid F1:0.17649971593055136	valid CORR:0.286577336648245
epoch:164
	best_epoch:164	best_acc:0.5303308823529411
	train loss:1203.1854459974502	train acc:0.5364583333333334	train F1:0.20679593890378672	train CORR:0.28304539263875705
	valid loss:3378.717717787799	valid acc:0.5303308823529411	valid F1:0.17829653480244254	valid CORR:0.3039811906626362
epoch:165
	best_epoch:164	best_acc:0.5303308823529411
	train loss:1203.1267823113335	train acc:0.5342881944444444	train F1:0.20688273836873133	train CORR:0.289459077627836
	valid loss:3378.6907492244945	valid acc:0.5284926470588235	valid F1:0.17641748010337754	valid CORR:0.2935845289560568
epoch:166
	best_epoch:166	best_acc:0.5330882352941176
	train loss:1203.1457430521648	train acc:0.5486111111111112	train F1:0.21488430519225363	train CORR:0.3289298082810219
	valid loss:3378.660323199104	valid acc:0.5330882352941176	valid F1:0.17892321212675386	valid CORR:0.31191505075697723
epoch:167
	best_epoch:166	best_acc:0.5330882352941176
	train loss:1203.0812958611382	train acc:0.5533854166666666	train F1:0.21642857038954508	train CORR:0.32095095725097567
	valid loss:3378.826789407169	valid acc:0.5321691176470589	valid F1:0.17976700938142393	valid CORR:0.27573078615467644
epoch:168
	best_epoch:166	best_acc:0.5330882352941176
	train loss:1203.0971650017632	train acc:0.546875	train F1:0.21422732031369443	train CORR:0.33276012124689963
	valid loss:3378.6860746495863	valid acc:0.5321691176470589	valid F1:0.17986986461251167	valid CORR:0.31025380953853343
epoch:169
	best_epoch:169	best_acc:0.5340073529411765
	train loss:1203.1337161593967	train acc:0.5499131944444444	train F1:0.21699399025851807	train CORR:0.3314083185197608
	valid loss:3378.723067339729	valid acc:0.5340073529411765	valid F1:0.18109505405297832	valid CORR:0.31335896807518504
epoch:170
	best_epoch:169	best_acc:0.5340073529411765
	train loss:1203.103603363037	train acc:0.5473090277777778	train F1:0.21630483971827277	train CORR:0.311807233278121
	valid loss:3378.6048548081344	valid acc:0.5330882352941176	valid F1:0.17765097586341017	valid CORR:0.303297176616134
epoch:171
	best_epoch:169	best_acc:0.5340073529411765
	train loss:1203.063688490126	train acc:0.5590277777777778	train F1:0.2192326065227656	train CORR:0.35426500087534324
	valid loss:3378.627042882583	valid acc:0.5340073529411765	valid F1:0.17896592476277506	valid CORR:0.30866259367911203
epoch:172
	best_epoch:172	best_acc:0.5358455882352942
	train loss:1203.0721113416885	train acc:0.5503472222222222	train F1:0.2142005764419355	train CORR:0.35240631361015873
	valid loss:3378.5743103027344	valid acc:0.5358455882352942	valid F1:0.1789392616720038	valid CORR:0.3082475965629051
epoch:173
	best_epoch:172	best_acc:0.5358455882352942
	train loss:1203.0651694403755	train acc:0.5581597222222222	train F1:0.22142788800718805	train CORR:0.37013657125219707
	valid loss:3378.5699678308824	valid acc:0.5349264705882353	valid F1:0.17659559013575263	valid CORR:0.29208087988659437
epoch:174
	best_epoch:174	best_acc:0.5367647058823529
	train loss:1203.0249298943413	train acc:0.5607638888888888	train F1:0.22098022986405785	train CORR:0.35836850983472174
	valid loss:3378.5568668141086	valid acc:0.5367647058823529	valid F1:0.18052205882686148	valid CORR:0.31294963099632445
epoch:175
	best_epoch:174	best_acc:0.5367647058823529
	train loss:1203.066051059299	train acc:0.5651041666666666	train F1:0.2259688983318433	train CORR:0.36410935886488227
	valid loss:3378.5749619427847	valid acc:0.5349264705882353	valid F1:0.18009367442524923	valid CORR:0.3020471073333869
epoch:176
	best_epoch:176	best_acc:0.5386029411764706
	train loss:1203.0413547092014	train acc:0.5651041666666666	train F1:0.2255334226461944	train CORR:0.3665966188800425
	valid loss:3378.6212194106156	valid acc:0.5386029411764706	valid F1:0.18254037185343938	valid CORR:0.32419091566619146
epoch:177
	best_epoch:176	best_acc:0.5386029411764706
	train loss:1203.0437744988335	train acc:0.5611979166666666	train F1:0.22452035047963215	train CORR:0.36189433766542756
	valid loss:3378.7756491268383	valid acc:0.5321691176470589	valid F1:0.18088198305882602	valid CORR:0.2943544315494687
epoch:178
	best_epoch:176	best_acc:0.5386029411764706
	train loss:1203.018500857883	train acc:0.55859375	train F1:0.22348655197721812	train CORR:0.35507921222601346
	valid loss:3378.6518357220816	valid acc:0.5376838235294118	valid F1:0.1823760309977253	valid CORR:0.3112199679454445
epoch:179
	best_epoch:176	best_acc:0.5386029411764706
	train loss:1203.0138155619304	train acc:0.5598958333333334	train F1:0.2226183957950249	train CORR:0.3782942273616803
	valid loss:3378.5465177648207	valid acc:0.5376838235294118	valid F1:0.18314138044153472	valid CORR:0.30636009982772355
epoch:180
	best_epoch:180	best_acc:0.5404411764705882
	train loss:1202.996328141954	train acc:0.5729166666666666	train F1:0.22790105785028464	train CORR:0.37978526302764287
	valid loss:3378.5094460880055	valid acc:0.5404411764705882	valid F1:0.18184023690936132	valid CORR:0.3041284409597619
epoch:181
	best_epoch:181	best_acc:0.5422794117647058
	train loss:1203.0225190056694	train acc:0.5685763888888888	train F1:0.22560364741625835	train CORR:0.38178605853860276
	valid loss:3378.525031594669	valid acc:0.5422794117647058	valid F1:0.18258788396857856	valid CORR:0.32203917410301824
epoch:182
	best_epoch:182	best_acc:0.5431985294117647
	train loss:1202.9867362976074	train acc:0.5607638888888888	train F1:0.22051392443326304	train CORR:0.3602060031833785
	valid loss:3378.5410335765164	valid acc:0.5431985294117647	valid F1:0.18418934768105547	valid CORR:0.33028269115112857
epoch:183
	best_epoch:182	best_acc:0.5431985294117647
	train loss:1202.9846890767415	train acc:0.5677083333333334	train F1:0.22734721112291317	train CORR:0.38301676945148366
	valid loss:3378.6666008444395	valid acc:0.5340073529411765	valid F1:0.18246878245160827	valid CORR:0.3046343644553088
epoch:184
	best_epoch:182	best_acc:0.5431985294117647
	train loss:1202.9698261684841	train acc:0.5685763888888888	train F1:0.2258964351528933	train CORR:0.3849431003161603
	valid loss:3378.557757209329	valid acc:0.5422794117647058	valid F1:0.18522612139633415	valid CORR:0.3242915160798596
epoch:185
	best_epoch:182	best_acc:0.5431985294117647
	train loss:1202.9846649169922	train acc:0.5611979166666666	train F1:0.22430015969418293	train CORR:0.3579413476839613
	valid loss:3378.480551326976	valid acc:0.5404411764705882	valid F1:0.18048999504107865	valid CORR:0.3160415110651892
epoch:186
	best_epoch:186	best_acc:0.546875
	train loss:1202.9624858432346	train acc:0.5698784722222222	train F1:0.22586533430562178	train CORR:0.39352429950718026
	valid loss:3378.491331212661	valid acc:0.546875	valid F1:0.18763522276878197	valid CORR:0.33477979930363766
epoch:187
	best_epoch:186	best_acc:0.546875
	train loss:1202.9657397800022	train acc:0.5724826388888888	train F1:0.23094735416984408	train CORR:0.3828833336882479
	valid loss:3378.499371696921	valid acc:0.5441176470588235	valid F1:0.18813936615905077	valid CORR:0.33247427849601563
epoch:188
	best_epoch:186	best_acc:0.546875
	train loss:1202.9581180148655	train acc:0.5716145833333334	train F1:0.22764489884234207	train CORR:0.3692764197433261
	valid loss:3378.506950827206	valid acc:0.5459558823529411	valid F1:0.18832133133758414	valid CORR:0.3240386624149163
epoch:189
	best_epoch:186	best_acc:0.546875
	train loss:1202.9733022054036	train acc:0.5690104166666666	train F1:0.22817148957264793	train CORR:0.3835493023304555
	valid loss:3378.465279971852	valid acc:0.546875	valid F1:0.18710701417789075	valid CORR:0.3324711640610538
epoch:190
	best_epoch:186	best_acc:0.546875
	train loss:1202.9588326348198	train acc:0.57421875	train F1:0.23116607206164277	train CORR:0.3830304234322913
	valid loss:3378.5134726131664	valid acc:0.546875	valid F1:0.19029242260878912	valid CORR:0.33013969086351536
epoch:191
	best_epoch:186	best_acc:0.546875
	train loss:1202.9628846910264	train acc:0.5677083333333334	train F1:0.22945565457557976	train CORR:0.40558036608798903
	valid loss:3378.5069005629593	valid acc:0.546875	valid F1:0.18743331604887126	valid CORR:0.33581488443463514
epoch:192
	best_epoch:186	best_acc:0.546875
	train loss:1202.9311866760254	train acc:0.5690104166666666	train F1:0.22765415599227665	train CORR:0.3976218370985818
	valid loss:3378.4893367991726	valid acc:0.5441176470588235	valid F1:0.18477060785340213	valid CORR:0.3337756777029689
epoch:193
	best_epoch:193	best_acc:0.5505514705882353
	train loss:1202.9060062832302	train acc:0.5729166666666666	train F1:0.2304534562154854	train CORR:0.39089326387233975
	valid loss:3378.472952450023	valid acc:0.5505514705882353	valid F1:0.1918286942245828	valid CORR:0.34362340449313356
epoch:194
	best_epoch:193	best_acc:0.5505514705882353
	train loss:1202.9286092122395	train acc:0.5755208333333334	train F1:0.23124485882240453	train CORR:0.3803647891060684
	valid loss:3378.445308909697	valid acc:0.5487132352941176	valid F1:0.18822884627969375	valid CORR:0.34727961378132766
epoch:195
	best_epoch:193	best_acc:0.5505514705882353
	train loss:1202.9417881435818	train acc:0.5711805555555556	train F1:0.2269211681784906	train CORR:0.3746016846155745
	valid loss:3378.554276410271	valid acc:0.5395220588235294	valid F1:0.1883698527103907	valid CORR:0.3287545011081583
epoch:196
	best_epoch:193	best_acc:0.5505514705882353
	train loss:1202.908285352919	train acc:0.5737847222222222	train F1:0.2310171994763103	train CORR:0.3854960075591938
	valid loss:3378.4938049316406	valid acc:0.5441176470588235	valid F1:0.18813005235721864	valid CORR:0.33206152388620336
epoch:197
	best_epoch:193	best_acc:0.5505514705882353
	train loss:1202.911833021376	train acc:0.5768229166666666	train F1:0.2342625767644615	train CORR:0.4169405968055786
	valid loss:3378.4498380773207	valid acc:0.5459558823529411	valid F1:0.1857127498576266	valid CORR:0.33305406955173256
epoch:198
	best_epoch:198	best_acc:0.5514705882352942
	train loss:1202.9051598442925	train acc:0.5815972222222222	train F1:0.23464820933307112	train CORR:0.41152163762128857
	valid loss:3378.4394656910617	valid acc:0.5514705882352942	valid F1:0.19239729700619765	valid CORR:0.35244031651378843
epoch:199
	best_epoch:198	best_acc:0.5514705882352942
	train loss:1202.8788897196453	train acc:0.5789930555555556	train F1:0.23392147812545605	train CORR:0.4028857544997515
	valid loss:3378.498353845933	valid acc:0.5431985294117647	valid F1:0.18751455005289688	valid CORR:0.3399818013683732
epoch:200
	best_epoch:198	best_acc:0.5514705882352942
	train loss:1202.9009441799587	train acc:0.5807291666666666	train F1:0.23439630967704178	train CORR:0.41036168765857556
	valid loss:3378.433001349954	valid acc:0.5505514705882353	valid F1:0.19177818307396774	valid CORR:0.3440757988419884
epoch:201
	best_epoch:198	best_acc:0.5514705882352942
	train loss:1202.886649661594	train acc:0.5828993055555556	train F1:0.23521497362226085	train CORR:0.4191172588657628
	valid loss:3378.483685661765	valid acc:0.5459558823529411	valid F1:0.19046455593186606	valid CORR:0.3325769189067779
epoch:202
	best_epoch:198	best_acc:0.5514705882352942
	train loss:1202.882945590549	train acc:0.5785590277777778	train F1:0.23404014218573385	train CORR:0.413570565956254
	valid loss:3378.489211138557	valid acc:0.5459558823529411	valid F1:0.18985694330760933	valid CORR:0.3327595703248537
epoch:203
	best_epoch:198	best_acc:0.5514705882352942
	train loss:1202.915040757921	train acc:0.5789930555555556	train F1:0.23377737111562075	train CORR:0.42124602781409515
	valid loss:3378.5597031537222	valid acc:0.5404411764705882	valid F1:0.18746477070226458	valid CORR:0.3299666637605652
epoch:204
	best_epoch:198	best_acc:0.5514705882352942
	train loss:1202.8981505499946	train acc:0.5772569444444444	train F1:0.23446904890401665	train CORR:0.410804901255862
	valid loss:3378.4462387982535	valid acc:0.5505514705882353	valid F1:0.1917574088464947	valid CORR:0.3494141572121672
epoch:205
	best_epoch:198	best_acc:0.5514705882352942
	train loss:1202.8941972520615	train acc:0.5724826388888888	train F1:0.23140289073868078	train CORR:0.42056989893499025
	valid loss:3378.4590597713695	valid acc:0.5496323529411765	valid F1:0.19078596264831885	valid CORR:0.3369368053170478
epoch:206
	best_epoch:198	best_acc:0.5514705882352942
	train loss:1202.823353237576	train acc:0.5811631944444444	train F1:0.2351585231821964	train CORR:0.41442391724585015
	valid loss:3378.600688261144	valid acc:0.5358455882352942	valid F1:0.18355941333599898	valid CORR:0.32180938452687535
epoch:207
	best_epoch:198	best_acc:0.5514705882352942
	train loss:1202.8355382283528	train acc:0.5785590277777778	train F1:0.23548288269626352	train CORR:0.42131546161963956
	valid loss:3378.4655438591453	valid acc:0.5386029411764706	valid F1:0.18260696664179407	valid CORR:0.35072012965835525
epoch:208
	best_epoch:198	best_acc:0.5514705882352942
	train loss:1202.8486946953667	train acc:0.5789930555555556	train F1:0.23513534923947366	train CORR:0.4132841553440738
	valid loss:3378.4781386431528	valid acc:0.5487132352941176	valid F1:0.19312016154256148	valid CORR:0.349264936008563
epoch:209
	best_epoch:198	best_acc:0.5514705882352942
	train loss:1202.8217002020942	train acc:0.5824652777777778	train F1:0.23477196454994298	train CORR:0.4105457461585252
	valid loss:3378.484100341797	valid acc:0.5450367647058824	valid F1:0.18946479153393575	valid CORR:0.3305245524636038
epoch:210
	best_epoch:198	best_acc:0.5514705882352942
	train loss:1202.7916395399307	train acc:0.5855034722222222	train F1:0.23737154161320095	train CORR:0.4092131725911895
	valid loss:3378.4450037339157	valid acc:0.5450367647058824	valid F1:0.19038862341738427	valid CORR:0.3361620146535367
epoch:211
	best_epoch:198	best_acc:0.5514705882352942
	train loss:1202.7997597588433	train acc:0.5872395833333334	train F1:0.23739593020681105	train CORR:0.41367533826898767
	valid loss:3378.4189381318934	valid acc:0.5477941176470589	valid F1:0.19224626526513316	valid CORR:0.3455740784359994
epoch:212
	best_epoch:198	best_acc:0.5514705882352942
	train loss:1202.8011860317654	train acc:0.5833333333333334	train F1:0.2373383933904848	train CORR:0.4258376291222873
	valid loss:3378.4014641256895	valid acc:0.5450367647058824	valid F1:0.18624267405751305	valid CORR:0.3412191509670539
epoch:213
	best_epoch:198	best_acc:0.5514705882352942
	train loss:1202.784603966607	train acc:0.5824652777777778	train F1:0.23687185702291597	train CORR:0.4460925335214456
	valid loss:3378.4171519559973	valid acc:0.5477941176470589	valid F1:0.19170991951326066	valid CORR:0.3456981741541916
epoch:214
	best_epoch:198	best_acc:0.5514705882352942
	train loss:1202.7758560180664	train acc:0.5859375	train F1:0.23899021173834972	train CORR:0.43665464716464475
	valid loss:3378.430051915786	valid acc:0.5477941176470589	valid F1:0.19066945191267357	valid CORR:0.3412397805435209
epoch:215
	best_epoch:198	best_acc:0.5514705882352942
	train loss:1202.7759373982747	train acc:0.5872395833333334	train F1:0.23836205942979094	train CORR:0.4181378385401973
	valid loss:3378.4516063017004	valid acc:0.546875	valid F1:0.1909724553083493	valid CORR:0.3496465522016237
epoch:216
	best_epoch:216	best_acc:0.5523897058823529
	train loss:1202.7794257269966	train acc:0.5902777777777778	train F1:0.24063036828812528	train CORR:0.4473498829732127
	valid loss:3378.3826778636258	valid acc:0.5523897058823529	valid F1:0.19247700504224466	valid CORR:0.3475736426285927
epoch:217
	best_epoch:216	best_acc:0.5523897058823529
	train loss:1202.7693960401748	train acc:0.5863715277777778	train F1:0.23878752259439717	train CORR:0.4374774282718721
	valid loss:3378.4896240234375	valid acc:0.5487132352941176	valid F1:0.19380409635609316	valid CORR:0.3589849335050511
epoch:218
	best_epoch:216	best_acc:0.5523897058823529
	train loss:1202.785203721788	train acc:0.5894097222222222	train F1:0.2397847869960576	train CORR:0.41781529535447176
	valid loss:3378.3945456112133	valid acc:0.5514705882352942	valid F1:0.1925904861452697	valid CORR:0.3533983777807552
epoch:219
	best_epoch:216	best_acc:0.5523897058823529
	train loss:1202.7684122721355	train acc:0.5837673611111112	train F1:0.23767934030159116	train CORR:0.4097170061432505
	valid loss:3378.3467586741726	valid acc:0.5477941176470589	valid F1:0.1888690185420001	valid CORR:0.3644984022521154
epoch:220
	best_epoch:216	best_acc:0.5523897058823529
	train loss:1202.7475297715928	train acc:0.5928819444444444	train F1:0.2412360623063575	train CORR:0.4257507002107238
	valid loss:3378.386282528148	valid acc:0.5523897058823529	valid F1:0.1940194525139921	valid CORR:0.3645935797749823
epoch:221
	best_epoch:216	best_acc:0.5523897058823529
	train loss:1202.769254896376	train acc:0.5920138888888888	train F1:0.24081871330608892	train CORR:0.44794212321540083
	valid loss:3378.4305078843063	valid acc:0.5477941176470589	valid F1:0.19208359297696162	valid CORR:0.3473676640677157
epoch:222
	best_epoch:216	best_acc:0.5523897058823529
	train loss:1202.7545750935872	train acc:0.5928819444444444	train F1:0.24137750632116223	train CORR:0.45422473383936723
	valid loss:3378.383451573989	valid acc:0.5514705882352942	valid F1:0.1936674185843224	valid CORR:0.3640480549248425
epoch:223
	best_epoch:216	best_acc:0.5523897058823529
	train loss:1202.732445610894	train acc:0.5946180555555556	train F1:0.2414535107398313	train CORR:0.4457968556274556
	valid loss:3378.4229269588695	valid acc:0.5477941176470589	valid F1:0.18921680104436184	valid CORR:0.3583143135192892
epoch:224
	best_epoch:216	best_acc:0.5523897058823529
	train loss:1202.7540007697212	train acc:0.5911458333333334	train F1:0.23869601893746745	train CORR:0.45947070327979306
	valid loss:3378.4045589671414	valid acc:0.5505514705882353	valid F1:0.19364807014547394	valid CORR:0.35190845676014804
epoch:225
	best_epoch:216	best_acc:0.5523897058823529
	train loss:1202.7405518425835	train acc:0.5920138888888888	train F1:0.24207618153835403	train CORR:0.436446016800098
	valid loss:3378.377348058364	valid acc:0.5505514705882353	valid F1:0.19318561540357262	valid CORR:0.3489545350530392
epoch:226
	best_epoch:226	best_acc:0.5533088235294118
	train loss:1202.749949561225	train acc:0.5915798611111112	train F1:0.2403750281990069	train CORR:0.41163817736413577
	valid loss:3378.38676183364	valid acc:0.5533088235294118	valid F1:0.1935839074253703	valid CORR:0.3648845176041618
epoch:227
	best_epoch:226	best_acc:0.5533088235294118
	train loss:1202.746748606364	train acc:0.5946180555555556	train F1:0.2423957030564332	train CORR:0.45804760621051255
	valid loss:3378.374143712661	valid acc:0.5487132352941176	valid F1:0.192148599069705	valid CORR:0.3522065592395939
epoch:228
	best_epoch:226	best_acc:0.5533088235294118
	train loss:1202.7614148457844	train acc:0.5902777777777778	train F1:0.23981195677391343	train CORR:0.4299067097795423
	valid loss:3378.452439252068	valid acc:0.5487132352941176	valid F1:0.19088839447405181	valid CORR:0.3650985055024437
epoch:229
	best_epoch:226	best_acc:0.5533088235294118
	train loss:1202.7399753994412	train acc:0.5959201388888888	train F1:0.24341696889736017	train CORR:0.45696829975610753
	valid loss:3378.390016443589	valid acc:0.5505514705882353	valid F1:0.19328848278206193	valid CORR:0.35715565826757034
epoch:230
	best_epoch:226	best_acc:0.5533088235294118
	train loss:1202.7377039591472	train acc:0.5924479166666666	train F1:0.24195515451001867	train CORR:0.4433130889368438
	valid loss:3378.4060166302847	valid acc:0.5496323529411765	valid F1:0.1932641456634438	valid CORR:0.3518086020050958
epoch:231
	best_epoch:226	best_acc:0.5533088235294118
	train loss:1202.7451455858018	train acc:0.5911458333333334	train F1:0.24083817265792218	train CORR:0.4282166795005781
	valid loss:3378.3557254566867	valid acc:0.5523897058823529	valid F1:0.19014505150967498	valid CORR:0.3597564431880439
epoch:232
	best_epoch:226	best_acc:0.5533088235294118
	train loss:1202.730111863878	train acc:0.5950520833333334	train F1:0.2427626784457027	train CORR:0.43370675852211626
	valid loss:3378.337813433479	valid acc:0.5523897058823529	valid F1:0.19347223378962647	valid CORR:0.36764196215641437
epoch:233
	best_epoch:226	best_acc:0.5533088235294118
	train loss:1202.752658420139	train acc:0.5928819444444444	train F1:0.24247787510196012	train CORR:0.43432519881519904
	valid loss:3378.369099336512	valid acc:0.5533088235294118	valid F1:0.19359740898460737	valid CORR:0.3637416629400372
epoch:234
	best_epoch:226	best_acc:0.5533088235294118
	train loss:1202.7498664855957	train acc:0.59375	train F1:0.2435093576174141	train CORR:0.453201158555149
	valid loss:3378.3973999023438	valid acc:0.5533088235294118	valid F1:0.19530399059558334	valid CORR:0.36806327626494884
epoch:235
	best_epoch:226	best_acc:0.5533088235294118
	train loss:1202.7639355129666	train acc:0.5963541666666666	train F1:0.24299985140141206	train CORR:0.42905337774208463
	valid loss:3378.3825360466453	valid acc:0.5514705882352942	valid F1:0.1898451090492506	valid CORR:0.3621271064168397
epoch:236
	best_epoch:226	best_acc:0.5533088235294118
	train loss:1202.7416212293838	train acc:0.5924479166666666	train F1:0.24196824473247514	train CORR:0.4413299963015596
	valid loss:3378.4005378274355	valid acc:0.5487132352941176	valid F1:0.18972215009117088	valid CORR:0.3582693488966034
epoch:237
	best_epoch:226	best_acc:0.5533088235294118
	train loss:1202.7149624294705	train acc:0.5928819444444444	train F1:0.2416837467026557	train CORR:0.43004944567530035
	valid loss:3378.3889339671414	valid acc:0.5514705882352942	valid F1:0.19419418109089664	valid CORR:0.37143010636313895
epoch:238
	best_epoch:226	best_acc:0.5533088235294118
	train loss:1202.7218755086262	train acc:0.5993923611111112	train F1:0.24383600771245648	train CORR:0.43138631771036734
	valid loss:3378.3402709960938	valid acc:0.5533088235294118	valid F1:0.1941515260146086	valid CORR:0.3673674841641157
epoch:239
	best_epoch:239	best_acc:0.5560661764705882
	train loss:1202.745450761583	train acc:0.5920138888888888	train F1:0.2409578377219136	train CORR:0.4608340126656087
	valid loss:3378.349505256204	valid acc:0.5560661764705882	valid F1:0.19546587938673737	valid CORR:0.37153588604829785
epoch:240
	best_epoch:239	best_acc:0.5560661764705882
	train loss:1202.7198952568901	train acc:0.5963541666666666	train F1:0.24460866326526343	train CORR:0.4847963441202431
	valid loss:3378.343563304228	valid acc:0.5523897058823529	valid F1:0.19361053033653652	valid CORR:0.36094941668131636
epoch:241
	best_epoch:239	best_acc:0.5560661764705882
	train loss:1202.7249620225693	train acc:0.5950520833333334	train F1:0.24386980159841895	train CORR:0.4422142099055083
	valid loss:3378.360586727367	valid acc:0.5523897058823529	valid F1:0.1937623605257872	valid CORR:0.3645174766696651
epoch:242
	best_epoch:239	best_acc:0.5560661764705882
	train loss:1202.7129317389595	train acc:0.5967881944444444	train F1:0.2437413589742288	train CORR:0.4395660332726191
	valid loss:3378.3460442038145	valid acc:0.5551470588235294	valid F1:0.19566451376152869	valid CORR:0.36990946640569766
epoch:243
	best_epoch:239	best_acc:0.5560661764705882
	train loss:1202.7423884073894	train acc:0.5989583333333334	train F1:0.24563912835687476	train CORR:0.4560436508622331
	valid loss:3378.3946569106156	valid acc:0.5533088235294118	valid F1:0.19480154137903943	valid CORR:0.3773168087662807
epoch:244
	best_epoch:239	best_acc:0.5560661764705882
	train loss:1202.7144834730361	train acc:0.5993923611111112	train F1:0.24576912985093105	train CORR:0.4741698060160941
	valid loss:3378.4186419318703	valid acc:0.5514705882352942	valid F1:0.19622569643498994	valid CORR:0.38301115147878434
epoch:245
	best_epoch:239	best_acc:0.5560661764705882
	train loss:1202.7174775865342	train acc:0.5946180555555556	train F1:0.24320837812393356	train CORR:0.45500739811007324
	valid loss:3378.4088098862594	valid acc:0.5523897058823529	valid F1:0.19517260228933941	valid CORR:0.3875257714731156
epoch:246
	best_epoch:239	best_acc:0.5560661764705882
	train loss:1202.712175157335	train acc:0.59765625	train F1:0.2459110879999985	train CORR:0.45649912639781665
	valid loss:3378.3991591509653	valid acc:0.5505514705882353	valid F1:0.19315040691575955	valid CORR:0.3831462190812896
epoch:247
	best_epoch:239	best_acc:0.5560661764705882
	train loss:1202.7215800815159	train acc:0.6011284722222222	train F1:0.2469030316401575	train CORR:0.4576096470756279
	valid loss:3378.3457318474266	valid acc:0.5560661764705882	valid F1:0.19620566896720215	valid CORR:0.37324980075281233
epoch:248
	best_epoch:239	best_acc:0.5560661764705882
	train loss:1202.7158728705513	train acc:0.5954861111111112	train F1:0.24294012336536772	train CORR:0.4761041803745364
	valid loss:3378.3980443617875	valid acc:0.5551470588235294	valid F1:0.19709364109772837	valid CORR:0.38875281863729827
epoch:249
	best_epoch:239	best_acc:0.5560661764705882
	train loss:1202.7168553670247	train acc:0.59765625	train F1:0.24417284593568217	train CORR:0.4527604058573246
	valid loss:3378.3160184972426	valid acc:0.5496323529411765	valid F1:0.19136724212264286	valid CORR:0.37208846100430454
epoch:250
	best_epoch:239	best_acc:0.5560661764705882
	train loss:1202.7102521260579	train acc:0.6028645833333334	train F1:0.24618879202423344	train CORR:0.45489738256943535
	valid loss:3378.340341007008	valid acc:0.5523897058823529	valid F1:0.19475531337188534	valid CORR:0.3774627754731388
epoch:251
	best_epoch:239	best_acc:0.5560661764705882
	train loss:1202.6937692430283	train acc:0.6067708333333334	train F1:0.2500562517415304	train CORR:0.4849351597534737
	valid loss:3378.3263316434973	valid acc:0.5542279411764706	valid F1:0.1948243911968939	valid CORR:0.377324272362252
epoch:252
	best_epoch:239	best_acc:0.5560661764705882
	train loss:1202.6919407314724	train acc:0.5963541666666666	train F1:0.2443594609727394	train CORR:0.4554078768955231
	valid loss:3378.3681712431066	valid acc:0.5533088235294118	valid F1:0.1949719357173581	valid CORR:0.3704329961988643
epoch:253
	best_epoch:239	best_acc:0.5560661764705882
	train loss:1202.7039082845051	train acc:0.5993923611111112	train F1:0.24552794330730707	train CORR:0.4315530813473538
	valid loss:3378.383805218865	valid acc:0.5533088235294118	valid F1:0.19588667913680982	valid CORR:0.37994520164071843
epoch:254
	best_epoch:239	best_acc:0.5560661764705882
	train loss:1202.6973588731553	train acc:0.6002604166666666	train F1:0.2463017956354122	train CORR:0.45451796983268317
	valid loss:3378.3410752240347	valid acc:0.5533088235294118	valid F1:0.19316778273809523	valid CORR:0.37762754655523134
epoch:255
	best_epoch:239	best_acc:0.5560661764705882
	train loss:1202.6970244513618	train acc:0.5989583333333334	train F1:0.24617493620299485	train CORR:0.46345528488260124
	valid loss:3378.340540268842	valid acc:0.5560661764705882	valid F1:0.19699075852068887	valid CORR:0.3788499826645259
epoch:256
	best_epoch:239	best_acc:0.5560661764705882
	train loss:1202.6866268581814	train acc:0.6019965277777778	train F1:0.24812802557466757	train CORR:0.4891564984602798
	valid loss:3378.353479721967	valid acc:0.5523897058823529	valid F1:0.19483698599655053	valid CORR:0.3748916539745476
epoch:257
	best_epoch:239	best_acc:0.5560661764705882
	train loss:1202.6935056050618	train acc:0.6006944444444444	train F1:0.24743132741578694	train CORR:0.46084670471756395
	valid loss:3378.3211921243105	valid acc:0.5542279411764706	valid F1:0.19483802259950606	valid CORR:0.3790116033064927
epoch:258
	best_epoch:239	best_acc:0.5560661764705882
	train loss:1202.690677218967	train acc:0.6002604166666666	train F1:0.24636095239751635	train CORR:0.4757489231533587
	valid loss:3378.3547596650965	valid acc:0.5505514705882353	valid F1:0.19468805610819193	valid CORR:0.3754073826253745
epoch:259
	best_epoch:239	best_acc:0.5560661764705882
	train loss:1202.6872698465984	train acc:0.5972222222222222	train F1:0.245572512156418	train CORR:0.46173594439289994
	valid loss:3378.3290171903723	valid acc:0.5533088235294118	valid F1:0.19421154239407412	valid CORR:0.37549916771458736
epoch:260
	best_epoch:239	best_acc:0.5560661764705882
	train loss:1202.6972058614094	train acc:0.6028645833333334	train F1:0.2471596745664096	train CORR:0.4475777154122776
	valid loss:3378.364356545841	valid acc:0.5514705882352942	valid F1:0.1938082352147309	valid CORR:0.3815618622437861
epoch:261
	best_epoch:239	best_acc:0.5560661764705882
	train loss:1202.6889139811199	train acc:0.5998263888888888	train F1:0.24636080315930153	train CORR:0.4562419033085826
	valid loss:3378.3640029009653	valid acc:0.5542279411764706	valid F1:0.19678804855275445	valid CORR:0.3877011328158295
epoch:262
	best_epoch:239	best_acc:0.5560661764705882
	train loss:1202.6976835462783	train acc:0.5950520833333334	train F1:0.24456655811075334	train CORR:0.4657941318618033
	valid loss:3378.357551125919	valid acc:0.5542279411764706	valid F1:0.1957081305144536	valid CORR:0.3748533101153852
epoch:263
	best_epoch:239	best_acc:0.5560661764705882
	train loss:1202.6876725090874	train acc:0.60546875	train F1:0.2491437259643707	train CORR:0.4648120029613956
	valid loss:3378.3415670955883	valid acc:0.5542279411764706	valid F1:0.19535400490339916	valid CORR:0.3714818926228891
epoch:264
	best_epoch:239	best_acc:0.5560661764705882
	train loss:1202.6798316107856	train acc:0.6059027777777778	train F1:0.24973618387464425	train CORR:0.48403188242519773
	valid loss:3378.31789263557	valid acc:0.5551470588235294	valid F1:0.1955706598536103	valid CORR:0.3844362639323494
epoch:265
	best_epoch:239	best_acc:0.5560661764705882
	train loss:1202.7006462944878	train acc:0.6041666666666666	train F1:0.24816844054578405	train CORR:0.4691744911355201
	valid loss:3378.3191977108227	valid acc:0.5523897058823529	valid F1:0.1942797614129414	valid CORR:0.3749152204666217
epoch:266
	best_epoch:239	best_acc:0.5560661764705882
	train loss:1202.69552315606	train acc:0.5989583333333334	train F1:0.24458716500305164	train CORR:0.45327205025768735
	valid loss:3378.313056497013	valid acc:0.5542279411764706	valid F1:0.19493115162863128	valid CORR:0.3876972562711524
epoch:267
	best_epoch:239	best_acc:0.5560661764705882
	train loss:1202.683832804362	train acc:0.5993923611111112	train F1:0.24602068694104573	train CORR:0.4496184626037394
	valid loss:3378.2960546156937	valid acc:0.5477941176470589	valid F1:0.18927894116961927	valid CORR:0.37020921801647755
epoch:268
	best_epoch:239	best_acc:0.5560661764705882
	train loss:1202.6933941311306	train acc:0.6024305555555556	train F1:0.24758660215888853	train CORR:0.4503629425178911
	valid loss:3378.377206241383	valid acc:0.5514705882352942	valid F1:0.1962764945683538	valid CORR:0.3805322475147258
epoch:269
	best_epoch:239	best_acc:0.5560661764705882
	train loss:1202.6894810994465	train acc:0.6050347222222222	train F1:0.25012957761421584	train CORR:0.4803656800236026
	valid loss:3378.3050267836625	valid acc:0.5542279411764706	valid F1:0.1938832680021707	valid CORR:0.3765708263613723
epoch:270
	best_epoch:239	best_acc:0.5560661764705882
	train loss:1202.6823789808486	train acc:0.6019965277777778	train F1:0.24768571920025906	train CORR:0.4588224051403589
	valid loss:3378.332711612477	valid acc:0.5551470588235294	valid F1:0.19743610283640495	valid CORR:0.3907667151949309
epoch:271
	best_epoch:239	best_acc:0.5560661764705882
	train loss:1202.6948314242893	train acc:0.6102430555555556	train F1:0.2522484486210266	train CORR:0.4587721542536898
	valid loss:3378.4835258932676	valid acc:0.546875	valid F1:0.18889210126310552	valid CORR:0.364612560143342
epoch:272
	best_epoch:239	best_acc:0.5560661764705882
	train loss:1202.687259250217	train acc:0.6059027777777778	train F1:0.24985481931477682	train CORR:0.45932648935766096
	valid loss:3378.3114264993105	valid acc:0.5514705882352942	valid F1:0.19171842685923907	valid CORR:0.377748016803867
epoch:273
	best_epoch:239	best_acc:0.5560661764705882
	train loss:1202.6886528862847	train acc:0.6041666666666666	train F1:0.24843203827977495	train CORR:0.45195427024588997
	valid loss:3378.333921544692	valid acc:0.5514705882352942	valid F1:0.19545733281293093	valid CORR:0.39180151933343743
epoch:274
	best_epoch:239	best_acc:0.5560661764705882
	train loss:1202.6836302015518	train acc:0.6141493055555556	train F1:0.2547316142592498	train CORR:0.48497185931008646
	valid loss:3378.3418345731848	valid acc:0.5523897058823529	valid F1:0.19627286876991423	valid CORR:0.3921944024018463
epoch:275
	best_epoch:239	best_acc:0.5560661764705882
	train loss:1202.6789711846245	train acc:0.6067708333333334	train F1:0.2495592388149421	train CORR:0.48171516447043583
	valid loss:3378.318032657399	valid acc:0.5542279411764706	valid F1:0.19423303864268	valid CORR:0.38030951643917377
epoch:276
	best_epoch:239	best_acc:0.5560661764705882
	train loss:1202.683920118544	train acc:0.6046006944444444	train F1:0.2493841158337457	train CORR:0.46604420368655824
	valid loss:3378.3074825511258	valid acc:0.5542279411764706	valid F1:0.19501793512503368	valid CORR:0.3771129486801071
epoch:277
	best_epoch:239	best_acc:0.5560661764705882
	train loss:1202.6825201246475	train acc:0.6024305555555556	train F1:0.2469763950812583	train CORR:0.46363418120751587
	valid loss:3378.308109059053	valid acc:0.5551470588235294	valid F1:0.19584698577542003	valid CORR:0.38626065711019697
epoch:278
	best_epoch:239	best_acc:0.5560661764705882
	train loss:1202.6781141493057	train acc:0.6085069444444444	train F1:0.25008141973445863	train CORR:0.47202610986141447
	valid loss:3378.2947782628676	valid acc:0.5542279411764706	valid F1:0.19368073507924022	valid CORR:0.38108026567411696
epoch:279
	best_epoch:239	best_acc:0.5560661764705882
	train loss:1202.676709069146	train acc:0.6050347222222222	train F1:0.24791021876025848	train CORR:0.4826146477857651
	valid loss:3378.328909481273	valid acc:0.5533088235294118	valid F1:0.19676378923144153	valid CORR:0.3943246885013972
epoch:280
	best_epoch:239	best_acc:0.5560661764705882
	train loss:1202.6795756022136	train acc:0.6032986111111112	train F1:0.24768890498237697	train CORR:0.44690191026585857
	valid loss:3378.280445772059	valid acc:0.5523897058823529	valid F1:0.18892857142857142	valid CORR:0.3834721712445953
epoch:281
	best_epoch:239	best_acc:0.5560661764705882
	train loss:1202.6645639207627	train acc:0.6072048611111112	train F1:0.25031496058527414	train CORR:0.4664661431942702
	valid loss:3378.3168029785156	valid acc:0.5551470588235294	valid F1:0.19632369437366792	valid CORR:0.38662447543703016
epoch:282
	best_epoch:282	best_acc:0.5597426470588235
	train loss:1202.6700524224175	train acc:0.6072048611111112	train F1:0.2494171359243615	train CORR:0.4576890700274725
	valid loss:3378.3706431669348	valid acc:0.5597426470588235	valid F1:0.20312196950541186	valid CORR:0.38897184385248207
epoch:283
	best_epoch:282	best_acc:0.5597426470588235
	train loss:1202.6798294915093	train acc:0.6063368055555556	train F1:0.24990149599956518	train CORR:0.4518927936232936
	valid loss:3378.325211468865	valid acc:0.5542279411764706	valid F1:0.19586762956046136	valid CORR:0.3907012351607856
epoch:284
	best_epoch:282	best_acc:0.5597426470588235
	train loss:1202.6773054334853	train acc:0.6102430555555556	train F1:0.25161485733317024	train CORR:0.4746734601794001
	valid loss:3378.321010813994	valid acc:0.5551470588235294	valid F1:0.19668231742253425	valid CORR:0.38997388603306293
epoch:285
	best_epoch:282	best_acc:0.5597426470588235
	train loss:1202.6681238810222	train acc:0.6059027777777778	train F1:0.24997050636821339	train CORR:0.4709472232047376
	valid loss:3378.2950439453125	valid acc:0.5542279411764706	valid F1:0.19455287476689043	valid CORR:0.38705650547093606
epoch:286
	best_epoch:282	best_acc:0.5597426470588235
	train loss:1202.6712392171223	train acc:0.6050347222222222	train F1:0.24856731614252509	train CORR:0.4520397468149927
	valid loss:3378.342466466567	valid acc:0.5542279411764706	valid F1:0.19639371201172787	valid CORR:0.3824371802998362
epoch:287
	best_epoch:282	best_acc:0.5597426470588235
	train loss:1202.6635047064888	train acc:0.6024305555555556	train F1:0.24894645940167553	train CORR:0.4724999351885006
	valid loss:3378.301165412454	valid acc:0.5533088235294118	valid F1:0.19513623453840845	valid CORR:0.3783856879998684
epoch:288
	best_epoch:282	best_acc:0.5597426470588235
	train loss:1202.6661762661404	train acc:0.6059027777777778	train F1:0.24991859674189337	train CORR:0.4772019804375419
	valid loss:3378.2991530474496	valid acc:0.5542279411764706	valid F1:0.19439223249288834	valid CORR:0.3836752260283717
epoch:289
	best_epoch:282	best_acc:0.5597426470588235
	train loss:1202.6502168443467	train acc:0.6089409722222222	train F1:0.25250083146634444	train CORR:0.4819106172550508
	valid loss:3378.317537195542	valid acc:0.5533088235294118	valid F1:0.19755732423526595	valid CORR:0.3838080144906972
epoch:290
	best_epoch:282	best_acc:0.5597426470588235
	train loss:1202.6630164252388	train acc:0.6089409722222222	train F1:0.25117540676919126	train CORR:0.47857108930257414
	valid loss:3378.335696949678	valid acc:0.5560661764705882	valid F1:0.19895744489770734	valid CORR:0.38942445940149306
epoch:291
	best_epoch:282	best_acc:0.5597426470588235
	train loss:1202.6723823547363	train acc:0.6006944444444444	train F1:0.24771308192829605	train CORR:0.471925650117077
	valid loss:3378.33912748449	valid acc:0.5569852941176471	valid F1:0.1981991233166815	valid CORR:0.39602952038042993
epoch:292
	best_epoch:282	best_acc:0.5597426470588235
	train loss:1202.6652726067437	train acc:0.61328125	train F1:0.2543442018843571	train CORR:0.4648428801882837
	valid loss:3378.3246316348805	valid acc:0.5560661764705882	valid F1:0.19795861839042478	valid CORR:0.3838823860592424
epoch:293
	best_epoch:282	best_acc:0.5597426470588235
	train loss:1202.663966284858	train acc:0.6059027777777778	train F1:0.2513504760699729	train CORR:0.48690111260886754
	valid loss:3378.2841150620407	valid acc:0.5560661764705882	valid F1:0.1961176415608428	valid CORR:0.39213402242506856
epoch:294
	best_epoch:282	best_acc:0.5597426470588235
	train loss:1202.656775156657	train acc:0.6072048611111112	train F1:0.25100388294119724	train CORR:0.4895570355932917
	valid loss:3378.285929960363	valid acc:0.5551470588235294	valid F1:0.19498251846839224	valid CORR:0.3883053835345762
epoch:295
	best_epoch:282	best_acc:0.5597426470588235
	train loss:1202.6612413194443	train acc:0.6063368055555556	train F1:0.2492257331701333	train CORR:0.45025136891782824
	valid loss:3378.3115126665903	valid acc:0.5551470588235294	valid F1:0.19690316619242948	valid CORR:0.3865612563789137
epoch:296
	best_epoch:282	best_acc:0.5597426470588235
	train loss:1202.6555285983616	train acc:0.6098090277777778	train F1:0.25148925172146674	train CORR:0.48198737146050497
	valid loss:3378.2821098776426	valid acc:0.5579044117647058	valid F1:0.1970984874978143	valid CORR:0.398298907190346
epoch:297
	best_epoch:282	best_acc:0.5597426470588235
	train loss:1202.6663750542534	train acc:0.6063368055555556	train F1:0.24912110426899262	train CORR:0.4697846136583334
	valid loss:3378.2905937643613	valid acc:0.5579044117647058	valid F1:0.19753687296931421	valid CORR:0.3897354421617945
epoch:298
	best_epoch:282	best_acc:0.5597426470588235
	train loss:1202.656214396159	train acc:0.6111111111111112	train F1:0.2542404491689885	train CORR:0.49767394543140603
	valid loss:3378.325080422794	valid acc:0.5569852941176471	valid F1:0.19810255961636017	valid CORR:0.3950662401830074
epoch:299
	best_epoch:282	best_acc:0.5597426470588235
	train loss:1202.663877275255	train acc:0.6098090277777778	train F1:0.2519321483852076	train CORR:0.4809521503669177
	valid loss:3378.3088271197153	valid acc:0.5560661764705882	valid F1:0.19732974160928854	valid CORR:0.38985133436057295
test loss:2464.5923354204965	test acc:0.5689338235294118	test F1:0.20563212714375506	test CORR:0.44854213208987204
Total Time Use: 862 s
