E:\Anaconda 5.3.1\lib\site-packages\scipy\stats\stats.py:3399: PearsonRConstantInputWarning: An input array is constant; the correlation coefficent is not defined.
  warnings.warn(PearsonRConstantInputWarning())
epoch:0
	best_epoch:0	best_acc:0.4540441176470588
	train loss:2.5349724855687885	train acc:0.359375	train F1:0.11858153334377805	train CORR:0.04039631422833209
	valid loss:1.879311533535228	valid acc:0.4540441176470588	valid F1:0.07806573957016434	valid CORR:0.0
epoch:1
	best_epoch:0	best_acc:0.4540441176470588
	train loss:1.7212936348385282	train acc:0.3888888888888889	train F1:0.08771920428378896	train CORR:-0.018936721824728678
	valid loss:1.875119167215684	valid acc:0.4540441176470588	valid F1:0.07806573957016434	valid CORR:0.0
epoch:2
	best_epoch:2	best_acc:0.5009191176470589
	train loss:1.6726908187071483	train acc:0.4084201388888889	train F1:0.09491822756547695	train CORR:0.06580613310460748
	valid loss:1.857250732534072	valid acc:0.5009191176470589	valid F1:0.14222069014867536	valid CORR:0.2808128290454726
epoch:3
	best_epoch:3	best_acc:0.5119485294117647
	train loss:1.61206806368298	train acc:0.4210069444444444	train F1:0.11829310113890605	train CORR:0.12399876654938786
	valid loss:1.7758298481211943	valid acc:0.5119485294117647	valid F1:0.15014528189936296	valid CORR:0.25420817339121793
epoch:4
	best_epoch:3	best_acc:0.5119485294117647
	train loss:1.551820370886061	train acc:0.4583333333333333	train F1:0.16049899323460287	train CORR:0.22252876107717803
	valid loss:1.7350937829298132	valid acc:0.5045955882352942	valid F1:0.17033626805569105	valid CORR:0.23507758578413296
epoch:5
	best_epoch:5	best_acc:0.5165441176470589
	train loss:1.4964295625686646	train acc:0.4769965277777778	train F1:0.18606596233331402	train CORR:0.27276996112790397
	valid loss:1.649970293045044	valid acc:0.5165441176470589	valid F1:0.18613566872025408	valid CORR:0.23709158978546652
epoch:6
	best_epoch:5	best_acc:0.5165441176470589
	train loss:1.4723131391737196	train acc:0.4965277777777778	train F1:0.2017721181127083	train CORR:0.2652845375936667
	valid loss:1.6421794680988087	valid acc:0.5082720588235294	valid F1:0.1849493547834447	valid CORR:0.2269501901795456
epoch:7
	best_epoch:5	best_acc:0.5165441176470589
	train loss:1.4287112885051303	train acc:0.5043402777777778	train F1:0.22465941097904418	train CORR:0.27157008932499216
	valid loss:1.6074667958652271	valid acc:0.5101102941176471	valid F1:0.19270788994201346	valid CORR:0.23204517065052055
epoch:8
	best_epoch:5	best_acc:0.5165441176470589
	train loss:1.3893676731321547	train acc:0.5260416666666666	train F1:0.23237057615060566	train CORR:0.3406789934314279
	valid loss:1.5966211066526526	valid acc:0.5055147058823529	valid F1:0.1880266561816489	valid CORR:0.22989689685303027
epoch:9
	best_epoch:5	best_acc:0.5165441176470589
	train loss:1.3597282336817846	train acc:0.5212673611111112	train F1:0.23606900626032376	train CORR:0.3215309836295338
	valid loss:1.6114563801709343	valid acc:0.4963235294117647	valid F1:0.18382081504118974	valid CORR:0.1981868294685343
epoch:10
	best_epoch:5	best_acc:0.5165441176470589
	train loss:1.3203274309635162	train acc:0.5295138888888888	train F1:0.2513529327796561	train CORR:0.33197602719734287
	valid loss:1.5471496652154362	valid acc:0.5101102941176471	valid F1:0.1916429614688176	valid CORR:0.2394820107477001
epoch:11
	best_epoch:11	best_acc:0.5211397058823529
	train loss:1.2880610326925914	train acc:0.5490451388888888	train F1:0.27330944778937194	train CORR:0.3613213359069365
	valid loss:1.5251545345082003	valid acc:0.5211397058823529	valid F1:0.2060181203746374	valid CORR:0.2612963901424944
epoch:12
	best_epoch:11	best_acc:0.5211397058823529
	train loss:1.2493476586209402	train acc:0.5720486111111112	train F1:0.3115859386875636	train CORR:0.41654976206696537
	valid loss:1.5573001819498398	valid acc:0.4954044117647059	valid F1:0.19245562377168096	valid CORR:0.23591782284415758
epoch:13
	best_epoch:11	best_acc:0.5211397058823529
	train loss:1.2229793353213205	train acc:0.5685763888888888	train F1:0.31915822415245765	train CORR:0.46005203682048457
	valid loss:1.5010484947877771	valid acc:0.5202205882352942	valid F1:0.2066616656369724	valid CORR:0.2772106309460298
epoch:14
	best_epoch:11	best_acc:0.5211397058823529
	train loss:1.190955529610316	train acc:0.5855034722222222	train F1:0.3453667203323336	train CORR:0.4537924546245025
	valid loss:1.487085875342874	valid acc:0.5183823529411765	valid F1:0.21147016100788057	valid CORR:0.2750563133112067
epoch:15
	best_epoch:15	best_acc:0.5238970588235294
	train loss:1.158136452237765	train acc:0.5920138888888888	train F1:0.3417673196888117	train CORR:0.4347630449932508
	valid loss:1.4666703799191643	valid acc:0.5238970588235294	valid F1:0.2142310933049552	valid CORR:0.30268670906296813
epoch:16
	best_epoch:15	best_acc:0.5238970588235294
	train loss:1.1235575841532812	train acc:0.6150173611111112	train F1:0.37735447221339785	train CORR:0.49518792309364534
	valid loss:1.4430033950244678	valid acc:0.5193014705882353	valid F1:0.20884663241499332	valid CORR:0.2852588389463527
epoch:17
	best_epoch:17	best_acc:0.5505514705882353
	train loss:1.0997164630227618	train acc:0.6232638888888888	train F1:0.3932028197747932	train CORR:0.5076845502800743
	valid loss:1.3950615349937887	valid acc:0.5505514705882353	valid F1:0.22667620086016635	valid CORR:0.33468882977193015
epoch:18
	best_epoch:17	best_acc:0.5505514705882353
	train loss:1.0656776229540508	train acc:0.6349826388888888	train F1:0.4093169871347424	train CORR:0.538842564870079
	valid loss:1.3978229691000545	valid acc:0.5386029411764706	valid F1:0.22448488040448197	valid CORR:0.340161986794413
epoch:19
	best_epoch:17	best_acc:0.5505514705882353
	train loss:1.0407799267106586	train acc:0.6410590277777778	train F1:0.41349318822541387	train CORR:0.5087149330383147
	valid loss:1.421085701269262	valid acc:0.5294117647058824	valid F1:0.24569534012979302	valid CORR:0.33511296978517213
epoch:20
	best_epoch:17	best_acc:0.5505514705882353
	train loss:1.0346487098269992	train acc:0.6510416666666666	train F1:0.43177583523845126	train CORR:0.5534142670842531
	valid loss:1.393762188799241	valid acc:0.546875	valid F1:0.2511579939313191	valid CORR:0.35886487505337067
epoch:21
	best_epoch:17	best_acc:0.5505514705882353
	train loss:0.9662414573960834	train acc:0.671875	train F1:0.4437762349122974	train CORR:0.5893805635163047
	valid loss:1.4093092189115637	valid acc:0.5229779411764706	valid F1:0.24377687846298396	valid CORR:0.32353012836084666
epoch:22
	best_epoch:17	best_acc:0.5505514705882353
	train loss:0.9551765753163232	train acc:0.6827256944444444	train F1:0.47352389692685226	train CORR:0.5733653318739409
	valid loss:1.403664736186757	valid acc:0.5321691176470589	valid F1:0.25163467917864907	valid CORR:0.36049151256512013
epoch:23
	best_epoch:23	best_acc:0.5670955882352942
	train loss:0.9291486226850085	train acc:0.6888020833333334	train F1:0.4965826747886354	train CORR:0.5748564271485025
	valid loss:1.3227475390714758	valid acc:0.5670955882352942	valid F1:0.25477504929584704	valid CORR:0.3805126434961238
epoch:24
	best_epoch:23	best_acc:0.5670955882352942
	train loss:0.9148480610715019	train acc:0.6974826388888888	train F1:0.49580912130122756	train CORR:0.6183402571860861
	valid loss:1.314701795578003	valid acc:0.5670955882352942	valid F1:0.25183322875404124	valid CORR:0.400026911351974
epoch:25
	best_epoch:25	best_acc:0.5762867647058824
	train loss:0.8993817567825317	train acc:0.6979166666666666	train F1:0.5236241063543443	train CORR:0.616471671358322
	valid loss:1.314896723803352	valid acc:0.5762867647058824	valid F1:0.27939552475100593	valid CORR:0.3952755362863721
epoch:26
	best_epoch:25	best_acc:0.5762867647058824
	train loss:0.8687123292022281	train acc:0.7139756944444444	train F1:0.5440193982499154	train CORR:0.6191536275365452
	valid loss:1.3292418928707348	valid acc:0.5487132352941176	valid F1:0.25189710212633143	valid CORR:0.3650700590620344
epoch:27
	best_epoch:25	best_acc:0.5762867647058824
	train loss:0.8479773021406598	train acc:0.7174479166666666	train F1:0.590624025610045	train CORR:0.6508286437310549
	valid loss:1.3765554638469921	valid acc:0.5220588235294118	valid F1:0.25631226786631467	valid CORR:0.3425228047626039
epoch:28
	best_epoch:25	best_acc:0.5762867647058824
	train loss:0.8222561015023125	train acc:0.7391493055555556	train F1:0.574977697079819	train CORR:0.6578883562119837
	valid loss:1.368028717882493	valid acc:0.5193014705882353	valid F1:0.2558692833937274	valid CORR:0.3295005573740974
epoch:29
	best_epoch:25	best_acc:0.5762867647058824
	train loss:0.7989563941955566	train acc:0.7486979166666666	train F1:0.5956966898489715	train CORR:0.6645250582068114
	valid loss:1.3888852806652294	valid acc:0.515625	valid F1:0.263100336570541	valid CORR:0.32311301428819783
epoch:30
	best_epoch:25	best_acc:0.5762867647058824
	train loss:0.7530998670392566	train acc:0.7690972222222222	train F1:0.6341064399540575	train CORR:0.7047533935878955
	valid loss:1.2920643932679121	valid acc:0.5560661764705882	valid F1:0.2648263417651197	valid CORR:0.38625468052990175
epoch:31
	best_epoch:25	best_acc:0.5762867647058824
	train loss:0.7566657943858041	train acc:0.7495659722222222	train F1:0.5980985465324862	train CORR:0.6769868991877843
	valid loss:1.3378988644656014	valid acc:0.5367647058823529	valid F1:0.2775214863173222	valid CORR:0.380638296609766
epoch:32
	best_epoch:25	best_acc:0.5762867647058824
	train loss:0.7386500628458129	train acc:0.7673611111111112	train F1:0.6398500153708355	train CORR:0.709764025960237
	valid loss:1.3775093204834883	valid acc:0.5137867647058824	valid F1:0.2529697663925975	valid CORR:0.3038862603058458
epoch:33
	best_epoch:25	best_acc:0.5762867647058824
	train loss:0.7166095914112197	train acc:0.7769097222222222	train F1:0.668802438169186	train CORR:0.7317709416127989
	valid loss:1.2701114416122437	valid acc:0.5560661764705882	valid F1:0.26380816624686876	valid CORR:0.3783623880303709
epoch:34
	best_epoch:25	best_acc:0.5762867647058824
	train loss:0.6998565875821643	train acc:0.7868923611111112	train F1:0.6960790000814934	train CORR:0.7343034274081515
	valid loss:1.3313570232952343	valid acc:0.5386029411764706	valid F1:0.289626608636403	valid CORR:0.38201125734643093
epoch:35
	best_epoch:25	best_acc:0.5762867647058824
	train loss:0.6794750359323289	train acc:0.7925347222222222	train F1:0.6958733318506591	train CORR:0.7273166349221813
	valid loss:1.317240413497476	valid acc:0.5441176470588235	valid F1:0.27691163461401597	valid CORR:0.3808619109009892
epoch:36
	best_epoch:25	best_acc:0.5762867647058824
	train loss:0.6508202892210748	train acc:0.7986111111111112	train F1:0.6922510107348734	train CORR:0.7464113503103142
	valid loss:1.256286382675171	valid acc:0.5689338235294118	valid F1:0.2814333009979303	valid CORR:0.40989731962069753
epoch:37
	best_epoch:25	best_acc:0.5762867647058824
	train loss:0.6345522362324927	train acc:0.8133680555555556	train F1:0.7304270406112837	train CORR:0.7936160453962284
	valid loss:1.3499255951713114	valid acc:0.5229779411764706	valid F1:0.2678441797552922	valid CORR:0.3483073519254818
epoch:38
	best_epoch:25	best_acc:0.5762867647058824
	train loss:0.6345220671759711	train acc:0.8038194444444444	train F1:0.7292215060831797	train CORR:0.7764898420483901
	valid loss:1.2858265077366549	valid acc:0.5542279411764706	valid F1:0.28799352066565187	valid CORR:0.39791637454740253
epoch:39
	best_epoch:25	best_acc:0.5762867647058824
	train loss:0.6071588297684988	train acc:0.8233506944444444	train F1:0.7471812545726314	train CORR:0.7836644714538521
	valid loss:1.4291279876933378	valid acc:0.4954044117647059	valid F1:0.2774369703388885	valid CORR:0.3396261896472019
epoch:40
	best_epoch:25	best_acc:0.5762867647058824
	train loss:0.5891493053899871	train acc:0.8250868055555556	train F1:0.742301986377907	train CORR:0.7581397548226189
	valid loss:1.254241876742419	valid acc:0.5625	valid F1:0.2651596112615975	valid CORR:0.39058308828109034
epoch:41
	best_epoch:25	best_acc:0.5762867647058824
	train loss:0.6115815705723233	train acc:0.8094618055555556	train F1:0.7403884183057949	train CORR:0.788476311580018
	valid loss:1.306881441789515	valid acc:0.5395220588235294	valid F1:0.2869790224557579	valid CORR:0.38346587487037476
epoch:42
	best_epoch:25	best_acc:0.5762867647058824
	train loss:0.5667176528109444	train acc:0.8433159722222222	train F1:0.7841743760181613	train CORR:0.820776452710773
	valid loss:1.2594680470578812	valid acc:0.5625	valid F1:0.27640614934322727	valid CORR:0.38635698688936193
epoch:43
	best_epoch:25	best_acc:0.5762867647058824
	train loss:0.5587905587421523	train acc:0.8363715277777778	train F1:0.7858440309668406	train CORR:0.8062014007374411
	valid loss:1.251511927913217	valid acc:0.5643382352941176	valid F1:0.2706632646459338	valid CORR:0.3738563823333034
epoch:44
	best_epoch:25	best_acc:0.5762867647058824
	train loss:0.5510818817549281	train acc:0.8307291666666666	train F1:0.7677082295825355	train CORR:0.8001881696898661
	valid loss:1.2718603505807764	valid acc:0.5579044117647058	valid F1:0.2906248754035974	valid CORR:0.38648486447501074
epoch:45
	best_epoch:25	best_acc:0.5762867647058824
	train loss:0.5309606922997369	train acc:0.8480902777777778	train F1:0.8024392958133642	train CORR:0.8426389787407476
	valid loss:1.236386207973256	valid acc:0.5606617647058824	valid F1:0.279036252355197	valid CORR:0.3847240195243332
epoch:46
	best_epoch:25	best_acc:0.5762867647058824
	train loss:0.5112175246079763	train acc:0.8493923611111112	train F1:0.7829962311106281	train CORR:0.8224856551451525
	valid loss:1.2488010630888098	valid acc:0.5615808823529411	valid F1:0.27635940859863733	valid CORR:0.3856691161283874
epoch:47
	best_epoch:25	best_acc:0.5762867647058824
	train loss:0.4848548331194454	train acc:0.8650173611111112	train F1:0.8230120537336654	train CORR:0.8341948311580971
	valid loss:1.2385232729070328	valid acc:0.5615808823529411	valid F1:0.26729052372831796	valid CORR:0.3781034081150248
epoch:48
	best_epoch:25	best_acc:0.5762867647058824
	train loss:0.46885784301492905	train acc:0.8736979166666666	train F1:0.8241884392543495	train CORR:0.8552785881738526
	valid loss:1.2358415126800537	valid acc:0.5661764705882353	valid F1:0.2884397146942591	valid CORR:0.4053499508433046
epoch:49
	best_epoch:25	best_acc:0.5762867647058824
	train loss:0.4706388802991973	train acc:0.87890625	train F1:0.8484383460879654	train CORR:0.8461727307338212
	valid loss:1.232534086003023	valid acc:0.5744485294117647	valid F1:0.28042987023540983	valid CORR:0.4019514434350067
epoch:50
	best_epoch:25	best_acc:0.5762867647058824
	train loss:0.46179569098684525	train acc:0.8745659722222222	train F1:0.8406304202150474	train CORR:0.8658690932846991
	valid loss:1.271897950593163	valid acc:0.5477941176470589	valid F1:0.28024853991409177	valid CORR:0.3765380895036333
epoch:51
	best_epoch:25	best_acc:0.5762867647058824
	train loss:0.4597141212887234	train acc:0.8806423611111112	train F1:0.8389763325975765	train CORR:0.8731614574416662
	valid loss:1.2378145947175867	valid acc:0.5634191176470589	valid F1:0.2980980842196711	valid CORR:0.4147891348236472
epoch:52
	best_epoch:25	best_acc:0.5762867647058824
	train loss:0.42715540031592053	train acc:0.8971354166666666	train F1:0.8610090874241412	train CORR:0.8685169895032075
	valid loss:1.2520589863552767	valid acc:0.5542279411764706	valid F1:0.2798098816393957	valid CORR:0.39275680134311364
epoch:53
	best_epoch:25	best_acc:0.5762867647058824
	train loss:0.42161886394023895	train acc:0.8919270833333334	train F1:0.8544951550720635	train CORR:0.8720910397056119
	valid loss:1.2290823214194353	valid acc:0.5670955882352942	valid F1:0.28932732585827503	valid CORR:0.4315529317248952
epoch:54
	best_epoch:25	best_acc:0.5762867647058824
	train loss:0.42956943230496514	train acc:0.8888888888888888	train F1:0.8508577113034241	train CORR:0.8652452384064471
	valid loss:1.2389316138099222	valid acc:0.5670955882352942	valid F1:0.2693381244272037	valid CORR:0.38498125544365236
epoch:55
	best_epoch:25	best_acc:0.5762867647058824
	train loss:0.41478360609875786	train acc:0.89453125	train F1:0.8567814146901841	train CORR:0.8803090396498339
	valid loss:1.2215640790322249	valid acc:0.5735294117647058	valid F1:0.2918998589691282	valid CORR:0.41104719388488054
epoch:56
	best_epoch:25	best_acc:0.5762867647058824
	train loss:0.4166237289706866	train acc:0.8910590277777778	train F1:0.8498923389904518	train CORR:0.8809822261068716
	valid loss:1.2510001939885758	valid acc:0.5514705882352942	valid F1:0.2887291966136884	valid CORR:0.4024584635679622
epoch:57
	best_epoch:25	best_acc:0.5762867647058824
	train loss:0.4093876878420512	train acc:0.8932291666666666	train F1:0.8642187848186573	train CORR:0.8697995600012312
	valid loss:1.2364698788698982	valid acc:0.5615808823529411	valid F1:0.26170839877722796	valid CORR:0.39442125156417973
epoch:58
	best_epoch:25	best_acc:0.5762867647058824
	train loss:0.375266728301843	train acc:0.9071180555555556	train F1:0.8690467728510289	train CORR:0.8827826082979338
	valid loss:1.2318892724373762	valid acc:0.5680147058823529	valid F1:0.27752375012742725	valid CORR:0.3959954941146854
epoch:59
	best_epoch:25	best_acc:0.5762867647058824
	train loss:0.389254044327471	train acc:0.8980034722222222	train F1:0.8722705121882115	train CORR:0.8817094341634641
	valid loss:1.2297712880022384	valid acc:0.5625	valid F1:0.27988549130217716	valid CORR:0.401027515778202
epoch:60
	best_epoch:25	best_acc:0.5762867647058824
	train loss:0.38914119948943454	train acc:0.9036458333333334	train F1:0.8801036882543224	train CORR:0.8679554171253157
	valid loss:1.2401130199432373	valid acc:0.5680147058823529	valid F1:0.26381551186661223	valid CORR:0.40500503851399483
epoch:61
	best_epoch:25	best_acc:0.5762867647058824
	train loss:0.3781476736896568	train acc:0.8980034722222222	train F1:0.8760170243230739	train CORR:0.8843880246405222
	valid loss:1.2657241786227507	valid acc:0.5551470588235294	valid F1:0.2887118223573687	valid CORR:0.3804366631265539
epoch:62
	best_epoch:25	best_acc:0.5762867647058824
	train loss:0.3535489762822787	train acc:0.9110243055555556	train F1:0.8752916410025553	train CORR:0.8815020191190253
	valid loss:1.261353026418125	valid acc:0.5459558823529411	valid F1:0.29661482250405313	valid CORR:0.4003867036072592
epoch:63
	best_epoch:25	best_acc:0.5762867647058824
	train loss:0.36166827711794114	train acc:0.9075520833333334	train F1:0.8894004507527121	train CORR:0.8983295824203709
	valid loss:1.221600641222561	valid acc:0.5753676470588235	valid F1:0.2914006327822442	valid CORR:0.42357050527910967
epoch:64
	best_epoch:25	best_acc:0.5762867647058824
	train loss:0.34592543211248183	train acc:0.9175347222222222	train F1:0.893044521050559	train CORR:0.8883731223628171
	valid loss:1.2378338294870712	valid acc:0.5643382352941176	valid F1:0.2617723360176778	valid CORR:0.38611684443194
epoch:65
	best_epoch:25	best_acc:0.5762867647058824
	train loss:0.326287263383468	train acc:0.9279513888888888	train F1:0.9155050437630852	train CORR:0.9202030761088849
	valid loss:1.2447721397175509	valid acc:0.5560661764705882	valid F1:0.2727149129769264	valid CORR:0.37764797041152004
epoch:66
	best_epoch:25	best_acc:0.5762867647058824
	train loss:0.3289954612652461	train acc:0.9188368055555556	train F1:0.8942810900376885	train CORR:0.9285430449486093
	valid loss:1.2294018338708317	valid acc:0.5698529411764706	valid F1:0.2942378066952053	valid CORR:0.4199769224550719
epoch:67
	best_epoch:25	best_acc:0.5762867647058824
	train loss:0.3102731795774566	train acc:0.9288194444444444	train F1:0.9112669647081867	train CORR:0.9186025601418478
	valid loss:1.2282947792726404	valid acc:0.5625	valid F1:0.29661992419394534	valid CORR:0.428802636245366
epoch:68
	best_epoch:25	best_acc:0.5762867647058824
	train loss:0.31578047076861065	train acc:0.9262152777777778	train F1:0.9146768804468093	train CORR:0.9209488944751447
	valid loss:1.2302018263760734	valid acc:0.5735294117647058	valid F1:0.28944181033672634	valid CORR:0.41596627325291946
epoch:69
	best_epoch:25	best_acc:0.5762867647058824
	train loss:0.3091329348584016	train acc:0.9270833333333334	train F1:0.9092842112317281	train CORR:0.9113222521389741
	valid loss:1.232533889658311	valid acc:0.5588235294117647	valid F1:0.2885097901390665	valid CORR:0.41473159915483715
epoch:70
	best_epoch:25	best_acc:0.5762867647058824
	train loss:0.3317432093123595	train acc:0.9153645833333334	train F1:0.8988001213942547	train CORR:0.908424629281186
	valid loss:1.2397319919922773	valid acc:0.5735294117647058	valid F1:0.29070157672797015	valid CORR:0.41889454864413656
epoch:71
	best_epoch:25	best_acc:0.5762867647058824
	train loss:0.29529671867688495	train acc:0.9322916666666666	train F1:0.9170981464598268	train CORR:0.9172353032347023
	valid loss:1.2752206080100115	valid acc:0.5367647058823529	valid F1:0.2920895621186561	valid CORR:0.38971352555593003
epoch:72
	best_epoch:25	best_acc:0.5762867647058824
	train loss:0.30959328677919173	train acc:0.9214409722222222	train F1:0.9014889783036384	train CORR:0.9064987304908483
	valid loss:1.2428675118614645	valid acc:0.5716911764705882	valid F1:0.279074807581728	valid CORR:0.41691310933501763
epoch:73
	best_epoch:25	best_acc:0.5762867647058824
	train loss:0.28808411790264976	train acc:0.9340277777777778	train F1:0.927325801733753	train CORR:0.9282532951490365
	valid loss:1.2336099673719967	valid acc:0.5753676470588235	valid F1:0.2895315126099345	valid CORR:0.42023249746801716
epoch:74
	best_epoch:25	best_acc:0.5762867647058824
	train loss:0.2769619607263141	train acc:0.9375	train F1:0.9255460750614497	train CORR:0.9248321782774205
	valid loss:1.2231437178219067	valid acc:0.5762867647058824	valid F1:0.30469746319919006	valid CORR:0.42238721359822196
epoch:75
	best_epoch:25	best_acc:0.5762867647058824
	train loss:0.27976763372619945	train acc:0.9344618055555556	train F1:0.9157388307193199	train CORR:0.9151717404602215
	valid loss:1.237145227544448	valid acc:0.5560661764705882	valid F1:0.30432752244255984	valid CORR:0.42328972700357953
epoch:76
	best_epoch:25	best_acc:0.5762867647058824
	train loss:0.2687435485422611	train acc:0.9366319444444444	train F1:0.9198609698607338	train CORR:0.9230094260948493
	valid loss:1.2484121357693392	valid acc:0.5716911764705882	valid F1:0.2721733873815053	valid CORR:0.4292436470914165
epoch:77
	best_epoch:25	best_acc:0.5762867647058824
	train loss:0.27774348358313244	train acc:0.9366319444444444	train F1:0.9192141198768242	train CORR:0.929335015564573
	valid loss:1.2350605305503397	valid acc:0.5707720588235294	valid F1:0.29741902077937843	valid CORR:0.4139345794344181
epoch:78
	best_epoch:25	best_acc:0.5762867647058824
	train loss:0.27674275346928173	train acc:0.9383680555555556	train F1:0.9361858614341239	train CORR:0.9344679482365075
	valid loss:1.2453741466297823	valid acc:0.5707720588235294	valid F1:0.2878525155072731	valid CORR:0.41911068566818
epoch:79
	best_epoch:25	best_acc:0.5762867647058824
	train loss:0.24990447693400913	train acc:0.94921875	train F1:0.945672092252168	train CORR:0.9483880637043891
	valid loss:1.2481799791840946	valid acc:0.5661764705882353	valid F1:0.2766115809665339	valid CORR:0.3942431510331399
epoch:80
	best_epoch:25	best_acc:0.5762867647058824
	train loss:0.261115834944778	train acc:0.9422743055555556	train F1:0.9311302147680938	train CORR:0.9367240719744712
	valid loss:1.2308213605600244	valid acc:0.5716911764705882	valid F1:0.2969690502080898	valid CORR:0.42011369549042465
epoch:81
	best_epoch:25	best_acc:0.5762867647058824
	train loss:0.2521113869216707	train acc:0.9440104166666666	train F1:0.9319811977302528	train CORR:0.9300423920300616
	valid loss:1.2275294170660132	valid acc:0.5680147058823529	valid F1:0.3007638993284917	valid CORR:0.42358801414876485
epoch:82
	best_epoch:25	best_acc:0.5762867647058824
	train loss:0.25952235733469325	train acc:0.9470486111111112	train F1:0.9382882212272909	train CORR:0.9398104639941203
	valid loss:1.2395847790381487	valid acc:0.5735294117647058	valid F1:0.29903308299592374	valid CORR:0.41544070122597043
epoch:83
	best_epoch:25	best_acc:0.5762867647058824
	train loss:0.23230025834507412	train acc:0.9496527777777778	train F1:0.9403623238974015	train CORR:0.9346897238874755
	valid loss:1.2458255571477554	valid acc:0.5726102941176471	valid F1:0.28917618776127507	valid CORR:0.4139129140061646
epoch:84
	best_epoch:84	best_acc:0.5790441176470589
	train loss:0.26495925585428876	train acc:0.9305555555555556	train F1:0.9258341232617993	train CORR:0.9297147813041913
	valid loss:1.2378349830122555	valid acc:0.5790441176470589	valid F1:0.290524026070799	valid CORR:0.42449775585095306
epoch:85
	best_epoch:84	best_acc:0.5790441176470589
	train loss:0.24653994705941942	train acc:0.9470486111111112	train F1:0.9384666905455115	train CORR:0.9239080940086422
	valid loss:1.2592399470946367	valid acc:0.5772058823529411	valid F1:0.28327456691551733	valid CORR:0.42416431405040755
epoch:86
	best_epoch:84	best_acc:0.5790441176470589
	train loss:0.23855831515457895	train acc:0.9466145833333334	train F1:0.9373562325989797	train CORR:0.9372317418481094
	valid loss:1.2553534016889685	valid acc:0.5753676470588235	valid F1:0.2828050476390169	valid CORR:0.4146173738347674
epoch:87
	best_epoch:84	best_acc:0.5790441176470589
	train loss:0.22516007638639873	train acc:0.9539930555555556	train F1:0.9453051959981633	train CORR:0.9597209015469252
	valid loss:1.2320941055522245	valid acc:0.5680147058823529	valid F1:0.2963108244640238	valid CORR:0.4272152718123926
epoch:88
	best_epoch:84	best_acc:0.5790441176470589
	train loss:0.23525410518050194	train acc:0.9479166666666666	train F1:0.9429246544813588	train CORR:0.9457448407537861
	valid loss:1.2332099360578201	valid acc:0.5790441176470589	valid F1:0.29450148213320704	valid CORR:0.4152406040794441
epoch:89
	best_epoch:84	best_acc:0.5790441176470589
	train loss:0.231606165981955	train acc:0.9470486111111112	train F1:0.9409350684819665	train CORR:0.9362581958406564
	valid loss:1.2544435367864721	valid acc:0.5680147058823529	valid F1:0.28971760390902285	valid CORR:0.41528705021484746
epoch:90
	best_epoch:84	best_acc:0.5790441176470589
	train loss:0.22959449307786095	train acc:0.9505208333333334	train F1:0.9478072628924792	train CORR:0.9472312055719647
	valid loss:1.2637413880404305	valid acc:0.5670955882352942	valid F1:0.28819635389270976	valid CORR:0.41885344686935333
epoch:91
	best_epoch:84	best_acc:0.5790441176470589
	train loss:0.21867697520388496	train acc:0.9548611111111112	train F1:0.9417366799621454	train CORR:0.9381923018895935
	valid loss:1.2721327963997335	valid acc:0.5735294117647058	valid F1:0.2798148707867074	valid CORR:0.40114449356819837
epoch:92
	best_epoch:84	best_acc:0.5790441176470589
	train loss:0.22360489062137073	train acc:0.953125	train F1:0.9485218479837552	train CORR:0.9576488257104209
	valid loss:1.247697865261751	valid acc:0.5735294117647058	valid F1:0.2987486969822202	valid CORR:0.42521101029010144
epoch:93
	best_epoch:84	best_acc:0.5790441176470589
	train loss:0.20609830278489324	train acc:0.9596354166666666	train F1:0.9617059815288446	train CORR:0.9725586779536919
	valid loss:1.2462772201089298	valid acc:0.5744485294117647	valid F1:0.2926961112809243	valid CORR:0.41465329825533903
epoch:94
	best_epoch:84	best_acc:0.5790441176470589
	train loss:0.21626591227120823	train acc:0.9578993055555556	train F1:0.9480468751895157	train CORR:0.9446099452470658
	valid loss:1.2452700453646042	valid acc:0.5606617647058824	valid F1:0.2977196465707495	valid CORR:0.4102648502335403
epoch:95
	best_epoch:84	best_acc:0.5790441176470589
	train loss:0.20849691496955025	train acc:0.9557291666666666	train F1:0.9494930124085752	train CORR:0.9492522772975249
	valid loss:1.258360340314753	valid acc:0.5744485294117647	valid F1:0.3045151504854857	valid CORR:0.4243789116924147
epoch:96
	best_epoch:84	best_acc:0.5790441176470589
	train loss:0.1911372116042508	train acc:0.96484375	train F1:0.961684375056086	train CORR:0.9605982842383938
	valid loss:1.2700460973907919	valid acc:0.5569852941176471	valid F1:0.29629143694067017	valid CORR:0.4166571502727928
epoch:97
	best_epoch:84	best_acc:0.5790441176470589
	train loss:0.1973499928911527	train acc:0.9600694444444444	train F1:0.9560429593303934	train CORR:0.9545948256276584
	valid loss:1.2579183438244987	valid acc:0.5661764705882353	valid F1:0.2896538997879684	valid CORR:0.4122300883452258
epoch:98
	best_epoch:84	best_acc:0.5790441176470589
	train loss:0.2004953978790177	train acc:0.9557291666666666	train F1:0.9527010461719247	train CORR:0.9424134700979261
	valid loss:1.2755066612187553	valid acc:0.5579044117647058	valid F1:0.26556907527177875	valid CORR:0.3812080954606498
epoch:99
	best_epoch:84	best_acc:0.5790441176470589
	train loss:0.2013592463400629	train acc:0.9613715277777778	train F1:0.9578543442389014	train CORR:0.9601692059412504
	valid loss:1.2700048825320076	valid acc:0.5625	valid F1:0.29019164002420983	valid CORR:0.41206507941144777
epoch:100
	best_epoch:84	best_acc:0.5790441176470589
	train loss:0.18570645194914606	train acc:0.96484375	train F1:0.9632035258757938	train CORR:0.9567566790972475
	valid loss:1.2957113735816057	valid acc:0.5707720588235294	valid F1:0.2907516045776859	valid CORR:0.4280332650846959
epoch:101
	best_epoch:84	best_acc:0.5790441176470589
	train loss:0.19069486546019712	train acc:0.9661458333333334	train F1:0.9644801285235429	train CORR:0.9726729106210479
	valid loss:1.2605203249875236	valid acc:0.5588235294117647	valid F1:0.2929152412479895	valid CORR:0.40750260838288777
epoch:102
	best_epoch:84	best_acc:0.5790441176470589
	train loss:0.18771985007656944	train acc:0.9626736111111112	train F1:0.9575918964959782	train CORR:0.9528998400973598
	valid loss:1.2622436179834253	valid acc:0.5698529411764706	valid F1:0.2877404372891008	valid CORR:0.4055127364925834
epoch:103
	best_epoch:84	best_acc:0.5790441176470589
	train loss:0.1956542386776871	train acc:0.953125	train F1:0.9440883682107146	train CORR:0.946593923917975
	valid loss:1.2530966681592606	valid acc:0.5606617647058824	valid F1:0.29616524127753635	valid CORR:0.41141771020810114
epoch:104
	best_epoch:84	best_acc:0.5790441176470589
	train loss:0.18359171599149704	train acc:0.9639756944444444	train F1:0.9584825159238176	train CORR:0.9553535761662251
	valid loss:1.2519187190953422	valid acc:0.5588235294117647	valid F1:0.2893616491084806	valid CORR:0.42380286626503594
epoch:105
	best_epoch:84	best_acc:0.5790441176470589
	train loss:0.1873380798432562	train acc:0.9635416666666666	train F1:0.9614400740503108	train CORR:0.9539591868373541
	valid loss:1.3291024846189163	valid acc:0.5680147058823529	valid F1:0.27806026828287544	valid CORR:0.4166712686285611
epoch:106
	best_epoch:84	best_acc:0.5790441176470589
	train loss:0.1780227507568068	train acc:0.9657118055555556	train F1:0.9648782870295232	train CORR:0.9615286971103274
	valid loss:1.2676495734383078	valid acc:0.5670955882352942	valid F1:0.294384169780336	valid CORR:0.4139185046100888
epoch:107
	best_epoch:84	best_acc:0.5790441176470589
	train loss:0.17797490478389794	train acc:0.9670138888888888	train F1:0.9626214723182891	train CORR:0.971080671418012
	valid loss:1.2666051142355974	valid acc:0.5579044117647058	valid F1:0.29703116819441755	valid CORR:0.41700155057948063
epoch:108
	best_epoch:84	best_acc:0.5790441176470589
	train loss:0.17819696913162866	train acc:0.9622395833333334	train F1:0.9598544944106892	train CORR:0.957528209865655
	valid loss:1.2802420363706701	valid acc:0.5698529411764706	valid F1:0.275737999294315	valid CORR:0.40586158025553287
epoch:109
	best_epoch:84	best_acc:0.5790441176470589
	train loss:0.18389438320365217	train acc:0.9596354166666666	train F1:0.959258952883002	train CORR:0.9530738801987741
	valid loss:1.2596454234684216	valid acc:0.5606617647058824	valid F1:0.29460898765286075	valid CORR:0.4069220071824824
epoch:110
	best_epoch:84	best_acc:0.5790441176470589
	train loss:0.17470997923778164	train acc:0.9670138888888888	train F1:0.962706578338141	train CORR:0.9667189909747803
	valid loss:1.2840572315103866	valid acc:0.5716911764705882	valid F1:0.2958728114816892	valid CORR:0.4105594969816678
epoch:111
	best_epoch:84	best_acc:0.5790441176470589
	train loss:0.1721118568546242	train acc:0.9626736111111112	train F1:0.9605707937224313	train CORR:0.9648752227066872
	valid loss:1.2686103372012867	valid acc:0.5735294117647058	valid F1:0.28571078064181976	valid CORR:0.41224961672504257
epoch:112
	best_epoch:84	best_acc:0.5790441176470589
	train loss:0.1813355212410291	train acc:0.9618055555555556	train F1:0.9564122243767456	train CORR:0.9621785790672623
	valid loss:1.303802704109865	valid acc:0.5744485294117647	valid F1:0.2823188271416309	valid CORR:0.3987188121928907
epoch:113
	best_epoch:84	best_acc:0.5790441176470589
	train loss:0.17432608331243196	train acc:0.9609375	train F1:0.9567319797229175	train CORR:0.9585222710184035
	valid loss:1.2969564935740303	valid acc:0.5772058823529411	valid F1:0.2929804956339823	valid CORR:0.4143076249084431
epoch:114
	best_epoch:84	best_acc:0.5790441176470589
	train loss:0.17058488043646017	train acc:0.9661458333333334	train F1:0.9626703177726311	train CORR:0.9614960374022637
	valid loss:1.29531628594679	valid acc:0.5753676470588235	valid F1:0.2909822831383287	valid CORR:0.4109773725502277
epoch:115
	best_epoch:84	best_acc:0.5790441176470589
	train loss:0.16829681706925234	train acc:0.9631076388888888	train F1:0.9600784209786317	train CORR:0.9624017862680028
	valid loss:1.267220493625192	valid acc:0.5716911764705882	valid F1:0.3122088107558548	valid CORR:0.42137876042970124
epoch:116
	best_epoch:84	best_acc:0.5790441176470589
	train loss:0.17367744031879637	train acc:0.9605034722222222	train F1:0.9589320096403166	train CORR:0.9617888656670421
	valid loss:1.2752053983071272	valid acc:0.5661764705882353	valid F1:0.2916488644551689	valid CORR:0.4183635236662004
epoch:117
	best_epoch:117	best_acc:0.5827205882352942
	train loss:0.15531819831166002	train acc:0.9704861111111112	train F1:0.972164797259615	train CORR:0.9710909399567396
	valid loss:1.2669163837152368	valid acc:0.5827205882352942	valid F1:0.31687391672959886	valid CORR:0.4256161448330781
epoch:118
	best_epoch:117	best_acc:0.5827205882352942
	train loss:0.16301875561475754	train acc:0.9678819444444444	train F1:0.9650272875797521	train CORR:0.9650091717795359
	valid loss:1.3096626541193794	valid acc:0.5615808823529411	valid F1:0.270807858539846	valid CORR:0.40564111297637856
epoch:119
	best_epoch:117	best_acc:0.5827205882352942
	train loss:0.15837949141860008	train acc:0.9674479166666666	train F1:0.9644444186721564	train CORR:0.9614227783518987
	valid loss:1.2620993221507353	valid acc:0.5643382352941176	valid F1:0.29593944067808114	valid CORR:0.431040130288292
epoch:120
	best_epoch:117	best_acc:0.5827205882352942
	train loss:0.1481054379708237	train acc:0.9722222222222222	train F1:0.9680216032510603	train CORR:0.962115780539327
	valid loss:1.2815094485002405	valid acc:0.5808823529411765	valid F1:0.30234517097175817	valid CORR:0.4127494687839099
epoch:121
	best_epoch:117	best_acc:0.5827205882352942
	train loss:0.1661204681214359	train acc:0.9678819444444444	train F1:0.9672531162407343	train CORR:0.9623079292950667
	valid loss:1.2767893075942993	valid acc:0.5799632352941176	valid F1:0.31151446858831505	valid CORR:0.42063523559877836
epoch:122
	best_epoch:117	best_acc:0.5827205882352942
	train loss:0.14425125676724646	train acc:0.9730902777777778	train F1:0.9683484668968474	train CORR:0.9651780247775728
	valid loss:1.2752227713080013	valid acc:0.5772058823529411	valid F1:0.2987298666326553	valid CORR:0.41763322510764034
epoch:123
	best_epoch:117	best_acc:0.5827205882352942
	train loss:0.16080499129990736	train acc:0.9657118055555556	train F1:0.9667256422824237	train CORR:0.9697221192781458
	valid loss:1.2859784680254318	valid acc:0.5726102941176471	valid F1:0.2830741664111674	valid CORR:0.40862701659694467
epoch:124
	best_epoch:117	best_acc:0.5827205882352942
	train loss:0.15848498750064108	train acc:0.9661458333333334	train F1:0.9617070730328747	train CORR:0.9490573734534966
	valid loss:1.277956675080692	valid acc:0.5670955882352942	valid F1:0.29539160739259307	valid CORR:0.41440544952335745
epoch:125
	best_epoch:117	best_acc:0.5827205882352942
	train loss:0.162184350606468	train acc:0.9661458333333334	train F1:0.9649578218807127	train CORR:0.9643718907087846
	valid loss:1.299922441734987	valid acc:0.5680147058823529	valid F1:0.2868900525417532	valid CORR:0.4291412458394311
epoch:126
	best_epoch:117	best_acc:0.5827205882352942
	train loss:0.1466766506847408	train acc:0.9661458333333334	train F1:0.9651743266581252	train CORR:0.9634961522216845
	valid loss:1.2834312810617334	valid acc:0.5818014705882353	valid F1:0.2996565531132102	valid CORR:0.43577540460270453
epoch:127
	best_epoch:117	best_acc:0.5827205882352942
	train loss:0.16452068752712673	train acc:0.9626736111111112	train F1:0.959312210927002	train CORR:0.9618547302312013
	valid loss:1.2893740815274857	valid acc:0.5707720588235294	valid F1:0.280509696582988	valid CORR:0.4068512223661581
epoch:128
	best_epoch:117	best_acc:0.5827205882352942
	train loss:0.15651368908584118	train acc:0.9704861111111112	train F1:0.965633391008443	train CORR:0.9643641204599375
	valid loss:1.2923354892169727	valid acc:0.5726102941176471	valid F1:0.29647861262342035	valid CORR:0.42171238283126944
epoch:129
	best_epoch:117	best_acc:0.5827205882352942
	train loss:0.14362616878416803	train acc:0.9722222222222222	train F1:0.9746617026534996	train CORR:0.9782831568989856
	valid loss:1.2958673379000496	valid acc:0.5716911764705882	valid F1:0.2973002553122154	valid CORR:0.409538087789141
epoch:130
	best_epoch:117	best_acc:0.5827205882352942
	train loss:0.14816027796930736	train acc:0.9717881944444444	train F1:0.9684056064885747	train CORR:0.9677850648005413
	valid loss:1.3596692786497229	valid acc:0.5680147058823529	valid F1:0.2652755395319887	valid CORR:0.41382556955188576
epoch:131
	best_epoch:117	best_acc:0.5827205882352942
	train loss:0.15277264391382536	train acc:0.9722222222222222	train F1:0.9713007826968446	train CORR:0.9701550009586937
	valid loss:1.274578918428982	valid acc:0.5726102941176471	valid F1:0.2963800022089104	valid CORR:0.42433868933067703
epoch:132
	best_epoch:117	best_acc:0.5827205882352942
	train loss:0.14226891948944992	train acc:0.9717881944444444	train F1:0.9719522778471765	train CORR:0.9663282189210043
	valid loss:1.2669209557421066	valid acc:0.5588235294117647	valid F1:0.299515975260837	valid CORR:0.42412211585337534
epoch:133
	best_epoch:117	best_acc:0.5827205882352942
	train loss:0.1407693357517322	train acc:0.97265625	train F1:0.9698847105667725	train CORR:0.9671223255362504
	valid loss:1.2911359422347124	valid acc:0.5707720588235294	valid F1:0.2982085718286188	valid CORR:0.41164322629946665
epoch:134
	best_epoch:117	best_acc:0.5827205882352942
	train loss:0.13830467375616232	train acc:0.97265625	train F1:0.9715390080576704	train CORR:0.9660318448161207
	valid loss:1.3033282230882084	valid acc:0.5689338235294118	valid F1:0.29569353953721483	valid CORR:0.40610112221638744
epoch:135
	best_epoch:117	best_acc:0.5827205882352942
	train loss:0.14181410086651644	train acc:0.9743923611111112	train F1:0.9691767576050593	train CORR:0.968083541514975
	valid loss:1.2894219756126404	valid acc:0.5790441176470589	valid F1:0.2956829311888425	valid CORR:0.40353844524515414
epoch:136
	best_epoch:117	best_acc:0.5827205882352942
	train loss:0.1390137920777003	train acc:0.9735243055555556	train F1:0.9734616082701515	train CORR:0.9754692086903543
	valid loss:1.3014532958759981	valid acc:0.5698529411764706	valid F1:0.2812226598388878	valid CORR:0.4256076345078186
epoch:137
	best_epoch:117	best_acc:0.5827205882352942
	train loss:0.12967324546641773	train acc:0.9739583333333334	train F1:0.97370213709573	train CORR:0.9785870265445016
	valid loss:1.3233258163227755	valid acc:0.5716911764705882	valid F1:0.2869106507443332	valid CORR:0.397978062855247
epoch:138
	best_epoch:117	best_acc:0.5827205882352942
	train loss:0.13342911336157057	train acc:0.9743923611111112	train F1:0.9729964143472365	train CORR:0.9725731066187752
	valid loss:1.3253626227378845	valid acc:0.5625	valid F1:0.2862757835562121	valid CORR:0.3986288652226268
epoch:139
	best_epoch:117	best_acc:0.5827205882352942
	train loss:0.13736358616087171	train acc:0.9748263888888888	train F1:0.975227408463754	train CORR:0.9746570621691601
	valid loss:1.3030136332792395	valid acc:0.5744485294117647	valid F1:0.2948472455592268	valid CORR:0.42819757208589104
epoch:140
	best_epoch:117	best_acc:0.5827205882352942
	train loss:0.12962785797814527	train acc:0.9730902777777778	train F1:0.9707460725236176	train CORR:0.9663733625881378
	valid loss:1.3043845716644735	valid acc:0.5680147058823529	valid F1:0.2847683401559723	valid CORR:0.403992047689655
epoch:141
	best_epoch:117	best_acc:0.5827205882352942
	train loss:0.1345119240383307	train acc:0.9713541666666666	train F1:0.973301010329859	train CORR:0.974515568948527
	valid loss:1.3114619921235477	valid acc:0.5726102941176471	valid F1:0.3005434861375691	valid CORR:0.4237297975531522
epoch:142
	best_epoch:117	best_acc:0.5827205882352942
	train loss:0.13180185502601993	train acc:0.9769965277777778	train F1:0.9772391601622632	train CORR:0.976379423006104
	valid loss:1.3056125921361588	valid acc:0.5818014705882353	valid F1:0.30420313844256874	valid CORR:0.4212178454765381
epoch:143
	best_epoch:117	best_acc:0.5827205882352942
	train loss:0.1369122519261307	train acc:0.9752604166666666	train F1:0.9775639736139494	train CORR:0.9842862719205797
	valid loss:1.3097817196565515	valid acc:0.578125	valid F1:0.3073688193496299	valid CORR:0.42034888573699514
epoch:144
	best_epoch:117	best_acc:0.5827205882352942
	train loss:0.12151048767069976	train acc:0.9787326388888888	train F1:0.976126133799718	train CORR:0.9788309569637677
	valid loss:1.3180560259258045	valid acc:0.5680147058823529	valid F1:0.2948441066643382	valid CORR:0.41179372514766766
epoch:145
	best_epoch:117	best_acc:0.5827205882352942
	train loss:0.13388113574021393	train acc:0.9717881944444444	train F1:0.9695576870592706	train CORR:0.9692887635358679
	valid loss:1.326997697353363	valid acc:0.5744485294117647	valid F1:0.2915119373926409	valid CORR:0.4099333550860038
epoch:146
	best_epoch:117	best_acc:0.5827205882352942
	train loss:0.14189134217384788	train acc:0.9722222222222222	train F1:0.970197458926841	train CORR:0.9706626396551035
	valid loss:1.3020327126278597	valid acc:0.5625	valid F1:0.2838277245613182	valid CORR:0.3938367948260312
epoch:147
	best_epoch:117	best_acc:0.5827205882352942
	train loss:0.13025288335565063	train acc:0.9748263888888888	train F1:0.9707869866285901	train CORR:0.9673505478122636
	valid loss:1.2921853451167835	valid acc:0.5707720588235294	valid F1:0.2887173287635519	valid CORR:0.42554193953472463
epoch:148
	best_epoch:117	best_acc:0.5827205882352942
	train loss:0.13246093607611126	train acc:0.9722222222222222	train F1:0.9716066295284329	train CORR:0.9640541458609672
	valid loss:1.3198663101476782	valid acc:0.5772058823529411	valid F1:0.29344543639550646	valid CORR:0.42992585838159303
epoch:149
	best_epoch:117	best_acc:0.5827205882352942
	train loss:0.12620010061396492	train acc:0.9778645833333334	train F1:0.9755016870336526	train CORR:0.9834007980891512
	valid loss:1.310987949371338	valid acc:0.5615808823529411	valid F1:0.28482770414802383	valid CORR:0.4161195347517488
epoch:150
	best_epoch:117	best_acc:0.5827205882352942
	train loss:0.1267627781877915	train acc:0.9717881944444444	train F1:0.9669300052142284	train CORR:0.970963375972991
	valid loss:1.3145603327190174	valid acc:0.5799632352941176	valid F1:0.29731493680868903	valid CORR:0.42149165294429247
epoch:151
	best_epoch:117	best_acc:0.5827205882352942
	train loss:0.13632257468998432	train acc:0.97265625	train F1:0.9710792265539221	train CORR:0.9747987901219952
	valid loss:1.3066461962812088	valid acc:0.5744485294117647	valid F1:0.3028852782843404	valid CORR:0.4180186332641515
epoch:152
	best_epoch:117	best_acc:0.5827205882352942
	train loss:0.1215140354923076	train acc:0.9761284722222222	train F1:0.9738060977425157	train CORR:0.9820130145876528
	valid loss:1.3466216360821444	valid acc:0.5689338235294118	valid F1:0.2825135312890389	valid CORR:0.41858844160255104
epoch:153
	best_epoch:117	best_acc:0.5827205882352942
	train loss:0.11978531856503752	train acc:0.9761284722222222	train F1:0.9778338450340027	train CORR:0.9847481490057665
	valid loss:1.3089178169474882	valid acc:0.5799632352941176	valid F1:0.3056209844784586	valid CORR:0.42591278938566307
epoch:154
	best_epoch:117	best_acc:0.5827205882352942
	train loss:0.11975153204467562	train acc:0.9813368055555556	train F1:0.984330568936059	train CORR:0.9852834058298471
	valid loss:1.3161835004301632	valid acc:0.5698529411764706	valid F1:0.2877013385004221	valid CORR:0.4055186975892008
epoch:155
	best_epoch:117	best_acc:0.5827205882352942
	train loss:0.12271673211620913	train acc:0.9761284722222222	train F1:0.9777347542146652	train CORR:0.9709203062200571
	valid loss:1.3049613973673653	valid acc:0.5643382352941176	valid F1:0.2976990872815365	valid CORR:0.42943960719308805
epoch:156
	best_epoch:117	best_acc:0.5827205882352942
	train loss:0.12549222136537233	train acc:0.97265625	train F1:0.9704490641184147	train CORR:0.9589315608640171
	valid loss:1.2951282999094795	valid acc:0.5652573529411765	valid F1:0.29823865415704853	valid CORR:0.4099051529868113
epoch:157
	best_epoch:117	best_acc:0.5827205882352942
	train loss:0.1287187793188625	train acc:0.9748263888888888	train F1:0.9744050950287575	train CORR:0.971823456388965
	valid loss:1.331970782840953	valid acc:0.5716911764705882	valid F1:0.2857322043195194	valid CORR:0.4252009909405868
epoch:158
	best_epoch:117	best_acc:0.5827205882352942
	train loss:0.1195906601432297	train acc:0.9800347222222222	train F1:0.9819856876267838	train CORR:0.979653644857302
	valid loss:1.3132964162265552	valid acc:0.5615808823529411	valid F1:0.28882690094019414	valid CORR:0.42686477199518424
epoch:159
	best_epoch:117	best_acc:0.5827205882352942
	train loss:0.11789269434909026	train acc:0.9787326388888888	train F1:0.9780466234472392	train CORR:0.9782590819455499
	valid loss:1.309064861606149	valid acc:0.5606617647058824	valid F1:0.302827456619438	valid CORR:0.423738754109666
epoch:160
	best_epoch:117	best_acc:0.5827205882352942
	train loss:0.10993603492776553	train acc:0.98046875	train F1:0.9804887107681418	train CORR:0.9871444502504043
	valid loss:1.3061262824956108	valid acc:0.5661764705882353	valid F1:0.30130847712699316	valid CORR:0.41017781791430696
epoch:161
	best_epoch:117	best_acc:0.5827205882352942
	train loss:0.10658458785878287	train acc:0.9796006944444444	train F1:0.9800692687573581	train CORR:0.9828134288684556
	valid loss:1.322183889501235	valid acc:0.5670955882352942	valid F1:0.29595933607751007	valid CORR:0.4209810571946295
epoch:162
	best_epoch:117	best_acc:0.5827205882352942
	train loss:0.10917743523087767	train acc:0.9809027777777778	train F1:0.9810461478891555	train CORR:0.9886561359235091
	valid loss:1.3298161871293013	valid acc:0.5689338235294118	valid F1:0.2884652532096954	valid CORR:0.4295251276903036
epoch:163
	best_epoch:117	best_acc:0.5827205882352942
	train loss:0.11720198351475927	train acc:0.9756944444444444	train F1:0.9784034231581569	train CORR:0.9787856165844412
	valid loss:1.3090046889641707	valid acc:0.5762867647058824	valid F1:0.298360198425911	valid CORR:0.42974982407332224
epoch:164
	best_epoch:117	best_acc:0.5827205882352942
	train loss:0.11054275785055426	train acc:0.9756944444444444	train F1:0.9767461737506599	train CORR:0.9760481557966904
	valid loss:1.304495814968558	valid acc:0.5643382352941176	valid F1:0.2929790666269989	valid CORR:0.4121978294598012
epoch:165
	best_epoch:117	best_acc:0.5827205882352942
	train loss:0.12086275892539157	train acc:0.9765625	train F1:0.9795544583876733	train CORR:0.9779212638198758
	valid loss:1.297699791543624	valid acc:0.5762867647058824	valid F1:0.3089193684148855	valid CORR:0.4228784796218576
epoch:166
	best_epoch:117	best_acc:0.5827205882352942
	train loss:0.10576125079145034	train acc:0.984375	train F1:0.9840027727776459	train CORR:0.9851974797372433
	valid loss:1.3405271032277275	valid acc:0.5762867647058824	valid F1:0.30214360877714297	valid CORR:0.42620345011418337
epoch:167
	best_epoch:117	best_acc:0.5827205882352942
	train loss:0.11080070895453294	train acc:0.98046875	train F1:0.9789444739716384	train CORR:0.973981980560469
	valid loss:1.3150129388360416	valid acc:0.5533088235294118	valid F1:0.293553692910783	valid CORR:0.41897227934175263
epoch:168
	best_epoch:117	best_acc:0.5827205882352942
	train loss:0.10725256200465891	train acc:0.9817708333333334	train F1:0.9828330621130793	train CORR:0.9820288815622928
	valid loss:1.3253868642975302	valid acc:0.5652573529411765	valid F1:0.29651854544049633	valid CORR:0.42758633166006327
epoch:169
	best_epoch:117	best_acc:0.5827205882352942
	train loss:0.10982466126895613	train acc:0.9778645833333334	train F1:0.9788658098247353	train CORR:0.9745217706516237
	valid loss:1.3791825245408451	valid acc:0.5753676470588235	valid F1:0.28365319904565917	valid CORR:0.4216129245598456
epoch:170
	best_epoch:117	best_acc:0.5827205882352942
	train loss:0.10727153283854325	train acc:0.9796006944444444	train F1:0.9762479803546665	train CORR:0.9800472362174815
	valid loss:1.3060243094668669	valid acc:0.5643382352941176	valid F1:0.30655821654094767	valid CORR:0.41344694379144
epoch:171
	best_epoch:117	best_acc:0.5827205882352942
	train loss:0.10893548052344057	train acc:0.9796006944444444	train F1:0.9799509609717065	train CORR:0.979934517859989
	valid loss:1.3205086869352005	valid acc:0.5726102941176471	valid F1:0.29489591392051173	valid CORR:0.416658158031193
epoch:172
	best_epoch:117	best_acc:0.5827205882352942
	train loss:0.11281737954252297	train acc:0.9778645833333334	train F1:0.9765782007407442	train CORR:0.9725603982632883
	valid loss:1.3831861404811634	valid acc:0.5753676470588235	valid F1:0.2873587975756287	valid CORR:0.42127335662783066
epoch:173
	best_epoch:117	best_acc:0.5827205882352942
	train loss:0.11063744676195914	train acc:0.9756944444444444	train F1:0.9767418088725885	train CORR:0.970532024286046
	valid loss:1.3133121834081762	valid acc:0.5716911764705882	valid F1:0.2997047725984023	valid CORR:0.4262113787046107
epoch:174
	best_epoch:117	best_acc:0.5827205882352942
	train loss:0.1071916605449385	train acc:0.9743923611111112	train F1:0.9742008740048387	train CORR:0.9632236665500078
	valid loss:1.3241448998451233	valid acc:0.5753676470588235	valid F1:0.3104111293184448	valid CORR:0.42033199404779964
epoch:175
	best_epoch:117	best_acc:0.5827205882352942
	train loss:0.11148357670754194	train acc:0.9761284722222222	train F1:0.9766815984785476	train CORR:0.9759022860305154
	valid loss:1.3320948411436642	valid acc:0.5680147058823529	valid F1:0.2945684199589408	valid CORR:0.4226025728277583
epoch:176
	best_epoch:117	best_acc:0.5827205882352942
	train loss:0.10248587321903971	train acc:0.9791666666666666	train F1:0.9793241617943355	train CORR:0.9847521913009127
	valid loss:1.3114324071828056	valid acc:0.5560661764705882	valid F1:0.2905265550674285	valid CORR:0.42063014655397
epoch:177
	best_epoch:117	best_acc:0.5827205882352942
	train loss:0.09986239495790666	train acc:0.9809027777777778	train F1:0.9785683370392668	train CORR:0.9831630239280655
	valid loss:1.3225710847798515	valid acc:0.5680147058823529	valid F1:0.2994005725585397	valid CORR:0.4162144920593442
epoch:178
	best_epoch:117	best_acc:0.5827205882352942
	train loss:0.10117185084770124	train acc:0.9826388888888888	train F1:0.9839462350406365	train CORR:0.9829542605800611
	valid loss:1.3209150924402124	valid acc:0.5661764705882353	valid F1:0.30044237523431727	valid CORR:0.4142757288742862
epoch:179
	best_epoch:117	best_acc:0.5827205882352942
	train loss:0.1036545131355524	train acc:0.9800347222222222	train F1:0.9811742718686443	train CORR:0.984928987962434
	valid loss:1.3777185994036056	valid acc:0.5680147058823529	valid F1:0.27079641324520365	valid CORR:0.4081056410447526
epoch:180
	best_epoch:117	best_acc:0.5827205882352942
	train loss:0.11276710033416748	train acc:0.9743923611111112	train F1:0.9793663988926484	train CORR:0.9697142874055309
	valid loss:1.3375452090712154	valid acc:0.5661764705882353	valid F1:0.28030612254193404	valid CORR:0.40624487426333167
epoch:181
	best_epoch:117	best_acc:0.5827205882352942
	train loss:0.09687618797438012	train acc:0.9835069444444444	train F1:0.98263231763308	train CORR:0.982089336941152
	valid loss:1.342834991567275	valid acc:0.5735294117647058	valid F1:0.294579468027458	valid CORR:0.4276667629788154
epoch:182
	best_epoch:117	best_acc:0.5827205882352942
	train loss:0.10406995988968346	train acc:0.98046875	train F1:0.9789681716872325	train CORR:0.9731615174109528
	valid loss:1.3399246054537155	valid acc:0.5431985294117647	valid F1:0.29457936119334616	valid CORR:0.41173140371259925
epoch:183
	best_epoch:117	best_acc:0.5827205882352942
	train loss:0.09712061730937825	train acc:0.9839409722222222	train F1:0.9847555756773799	train CORR:0.9878430954424259
	valid loss:1.33463054895401	valid acc:0.5716911764705882	valid F1:0.28767345038499925	valid CORR:0.4330642345093185
epoch:184
	best_epoch:117	best_acc:0.5827205882352942
	train loss:0.09798997733741999	train acc:0.9826388888888888	train F1:0.9842618150901086	train CORR:0.9844043304645821
	valid loss:1.3223968218354618	valid acc:0.5680147058823529	valid F1:0.29681079325218385	valid CORR:0.41786833792223066
epoch:185
	best_epoch:117	best_acc:0.5827205882352942
	train loss:0.10744064321948422	train acc:0.98046875	train F1:0.9806567845396473	train CORR:0.9771065004011537
	valid loss:1.345670174149906	valid acc:0.5744485294117647	valid F1:0.2897826460660791	valid CORR:0.4244265632799864
epoch:186
	best_epoch:117	best_acc:0.5827205882352942
	train loss:0.10777540111707316	train acc:0.9787326388888888	train F1:0.9807644415079818	train CORR:0.985780033057772
	valid loss:1.354051155202529	valid acc:0.5689338235294118	valid F1:0.28825864607566454	valid CORR:0.4108215740269737
epoch:187
	best_epoch:117	best_acc:0.5827205882352942
	train loss:0.1083573651396566	train acc:0.9761284722222222	train F1:0.9762732212997747	train CORR:0.9744417853723183
	valid loss:1.312818053890677	valid acc:0.5744485294117647	valid F1:0.3015431575336289	valid CORR:0.4306623471756531
epoch:188
	best_epoch:117	best_acc:0.5827205882352942
	train loss:0.09816026118480498	train acc:0.9809027777777778	train F1:0.9823986391910724	train CORR:0.9834444556913828
	valid loss:1.3989651448586409	valid acc:0.5689338235294118	valid F1:0.2850527627916703	valid CORR:0.41867436245804135
epoch:189
	best_epoch:117	best_acc:0.5827205882352942
	train loss:0.10182404735436042	train acc:0.98046875	train F1:0.980214514367724	train CORR:0.9830305711137217
	valid loss:1.3494525306365068	valid acc:0.5689338235294118	valid F1:0.28720408329122843	valid CORR:0.42073543082155185
epoch:190
	best_epoch:117	best_acc:0.5827205882352942
	train loss:0.0965675607116686	train acc:0.9817708333333334	train F1:0.9795005570400026	train CORR:0.9874438428500086
	valid loss:1.299924605032977	valid acc:0.5551470588235294	valid F1:0.2977026644556199	valid CORR:0.42635315531560797
epoch:191
	best_epoch:117	best_acc:0.5827205882352942
	train loss:0.1003279998484585	train acc:0.9822048611111112	train F1:0.9837701769872464	train CORR:0.981303436097811
	valid loss:1.3742217421531677	valid acc:0.5652573529411765	valid F1:0.27927563091697916	valid CORR:0.41928801211855904
epoch:192
	best_epoch:117	best_acc:0.5827205882352942
	train loss:0.10269324916104476	train acc:0.9791666666666666	train F1:0.9788146956474478	train CORR:0.9773925700739974
	valid loss:1.3303866316290462	valid acc:0.5680147058823529	valid F1:0.29707389160204156	valid CORR:0.42100875487626144
epoch:193
	best_epoch:117	best_acc:0.5827205882352942
	train loss:0.0923984454323848	train acc:0.9822048611111112	train F1:0.9857643301606327	train CORR:0.9848939277094281
	valid loss:1.361533925813787	valid acc:0.5670955882352942	valid F1:0.2959534440859334	valid CORR:0.42671148015432847
epoch:194
	best_epoch:117	best_acc:0.5827205882352942
	train loss:0.10185828660097387	train acc:0.984375	train F1:0.9860380777173928	train CORR:0.9850070881474943
	valid loss:1.3310997380929834	valid acc:0.5634191176470589	valid F1:0.29209294911535266	valid CORR:0.414476127782661
epoch:195
	best_epoch:117	best_acc:0.5827205882352942
	train loss:0.099349123529262	train acc:0.9782986111111112	train F1:0.9752344470887139	train CORR:0.978599321252478
	valid loss:1.3674020942519693	valid acc:0.5680147058823529	valid F1:0.2761095796706966	valid CORR:0.4237777847211003
epoch:196
	best_epoch:117	best_acc:0.5827205882352942
	train loss:0.09941379953589705	train acc:0.9813368055555556	train F1:0.978764411322506	train CORR:0.9824474559447754
	valid loss:1.3294402816716362	valid acc:0.5615808823529411	valid F1:0.30315931874577934	valid CORR:0.4137089737123093
epoch:197
	best_epoch:117	best_acc:0.5827205882352942
	train loss:0.08835563560326894	train acc:0.9839409722222222	train F1:0.9838801432662103	train CORR:0.9814007444907
	valid loss:1.3482408172944014	valid acc:0.5698529411764706	valid F1:0.28853767717981094	valid CORR:0.4229021172627017
epoch:198
	best_epoch:117	best_acc:0.5827205882352942
	train loss:0.09257393702864647	train acc:0.9826388888888888	train F1:0.9836277991063997	train CORR:0.9884258244317348
	valid loss:1.3377732283928816	valid acc:0.5716911764705882	valid F1:0.2957793250351912	valid CORR:0.42091864900264475
epoch:199
	best_epoch:117	best_acc:0.5827205882352942
	train loss:0.09450902851919334	train acc:0.9817708333333334	train F1:0.9806105997268231	train CORR:0.9808140135729613
	valid loss:1.3572409328292399	valid acc:0.5670955882352942	valid F1:0.29619035270395666	valid CORR:0.4226058944521168
epoch:200
	best_epoch:117	best_acc:0.5827205882352942
	train loss:0.09801224091400702	train acc:0.9813368055555556	train F1:0.9848015671577046	train CORR:0.9836817813063177
	valid loss:1.3600906063528622	valid acc:0.5670955882352942	valid F1:0.2807729021290676	valid CORR:0.42205161095409083
epoch:201
	best_epoch:117	best_acc:0.5827205882352942
	train loss:0.09832986733979648	train acc:0.98046875	train F1:0.9820209246136626	train CORR:0.9830064675324411
	valid loss:1.3707081815775704	valid acc:0.5698529411764706	valid F1:0.29837863352569394	valid CORR:0.4164528493223222
epoch:202
	best_epoch:117	best_acc:0.5827205882352942
	train loss:0.09250768574161662	train acc:0.9861111111111112	train F1:0.9881005181816338	train CORR:0.9956740608601004
	valid loss:1.3731138776330387	valid acc:0.5707720588235294	valid F1:0.29757078721044994	valid CORR:0.4223609717904645
epoch:203
	best_epoch:117	best_acc:0.5827205882352942
	train loss:0.09553748617569606	train acc:0.98046875	train F1:0.9836190855752818	train CORR:0.985034813952294
	valid loss:1.3466576162506552	valid acc:0.5716911764705882	valid F1:0.29924023893732976	valid CORR:0.4191454060160168
epoch:204
	best_epoch:117	best_acc:0.5827205882352942
	train loss:0.09462014699561729	train acc:0.9800347222222222	train F1:0.9781658252959347	train CORR:0.9763348712230671
	valid loss:1.3925676240640528	valid acc:0.5680147058823529	valid F1:0.27836760509001657	valid CORR:0.4152914512119661
epoch:205
	best_epoch:117	best_acc:0.5827205882352942
	train loss:0.09101914376434353	train acc:0.9826388888888888	train F1:0.982230803326622	train CORR:0.9844756545525237
	valid loss:1.3713721071972567	valid acc:0.5579044117647058	valid F1:0.2877761148315562	valid CORR:0.41103205931010656
epoch:206
	best_epoch:117	best_acc:0.5827205882352942
	train loss:0.09056788206928307	train acc:0.9839409722222222	train F1:0.9815085693036959	train CORR:0.9779723102901361
	valid loss:1.3396354107295765	valid acc:0.5689338235294118	valid F1:0.294340833167932	valid CORR:0.42762957758506503
epoch:207
	best_epoch:117	best_acc:0.5827205882352942
	train loss:0.0910692833777931	train acc:0.9852430555555556	train F1:0.9870803156465884	train CORR:0.9854861639668211
	valid loss:1.3401935661540312	valid acc:0.5634191176470589	valid F1:0.30478361189769043	valid CORR:0.4391330896775586
epoch:208
	best_epoch:117	best_acc:0.5827205882352942
	train loss:0.09730670870178276	train acc:0.9782986111111112	train F1:0.9817154847525471	train CORR:0.9801996358224464
	valid loss:1.3920216665548437	valid acc:0.5753676470588235	valid F1:0.2977691464661914	valid CORR:0.4278484501935682
epoch:209
	best_epoch:117	best_acc:0.5827205882352942
	train loss:0.08908754980398549	train acc:0.9839409722222222	train F1:0.9833563441860088	train CORR:0.9764733238807004
	valid loss:1.3413381611599642	valid acc:0.5652573529411765	valid F1:0.2949094231991294	valid CORR:0.41589351227226284
epoch:210
	best_epoch:117	best_acc:0.5827205882352942
	train loss:0.09144904785272148	train acc:0.9822048611111112	train F1:0.9842800245005336	train CORR:0.9855119385113291
	valid loss:1.347981943803675	valid acc:0.5652573529411765	valid F1:0.29231196166228246	valid CORR:0.40414030360597714
epoch:211
	best_epoch:117	best_acc:0.5827205882352942
	train loss:0.08225175045016739	train acc:0.9852430555555556	train F1:0.9841682340255751	train CORR:0.9826017778403313
	valid loss:1.3766990970162785	valid acc:0.5818014705882353	valid F1:0.30923110611082694	valid CORR:0.428977355155522
epoch:212
	best_epoch:117	best_acc:0.5827205882352942
	train loss:0.0888802246708009	train acc:0.9826388888888888	train F1:0.9840650988991765	train CORR:0.9850736677079732
	valid loss:1.3372198273153866	valid acc:0.5716911764705882	valid F1:0.3121065464842447	valid CORR:0.4360577281473879
epoch:213
	best_epoch:117	best_acc:0.5827205882352942
	train loss:0.08728209655317995	train acc:0.9822048611111112	train F1:0.9835103523285937	train CORR:0.9818675324065879
	valid loss:1.3741189872517305	valid acc:0.5661764705882353	valid F1:0.28675262573421284	valid CORR:0.4059386507108268
epoch:214
	best_epoch:117	best_acc:0.5827205882352942
	train loss:0.08231508462793297	train acc:0.9852430555555556	train F1:0.9848843201298274	train CORR:0.9912704655272446
	valid loss:1.388165831565857	valid acc:0.5698529411764706	valid F1:0.2962033735209772	valid CORR:0.42644609141063666
epoch:215
	best_epoch:117	best_acc:0.5827205882352942
	train loss:0.07871652477317387	train acc:0.9887152777777778	train F1:0.9866457389380769	train CORR:0.9883087964675179
	valid loss:1.3677780908696793	valid acc:0.5670955882352942	valid F1:0.2973513789327069	valid CORR:0.42119958960512316
epoch:216
	best_epoch:117	best_acc:0.5827205882352942
	train loss:0.08499029961725076	train acc:0.9826388888888888	train F1:0.9857073281359322	train CORR:0.9840606717829371
	valid loss:1.3508276062853195	valid acc:0.5588235294117647	valid F1:0.2960068856829624	valid CORR:0.4152078027996068
epoch:217
	best_epoch:117	best_acc:0.5827205882352942
	train loss:0.08666360657662153	train acc:0.9822048611111112	train F1:0.9819537825131229	train CORR:0.9812412290443923
	valid loss:1.3789615981719072	valid acc:0.5634191176470589	valid F1:0.30022424666758385	valid CORR:0.4198176549955104
epoch:218
	best_epoch:117	best_acc:0.5827205882352942
	train loss:0.08432398084551096	train acc:0.984375	train F1:0.9858453005728046	train CORR:0.9840465092931119
	valid loss:1.4009506386869095	valid acc:0.5762867647058824	valid F1:0.3095414695275986	valid CORR:0.43193910897728405
epoch:219
	best_epoch:117	best_acc:0.5827205882352942
	train loss:0.0847282199602988	train acc:0.9852430555555556	train F1:0.9826304176042454	train CORR:0.9853589984978479
	valid loss:1.3685962943469776	valid acc:0.5588235294117647	valid F1:0.29909738609875314	valid CORR:0.42307635693678886
epoch:220
	best_epoch:117	best_acc:0.5827205882352942
	train loss:0.07582513046347433	train acc:0.98828125	train F1:0.9849715575210334	train CORR:0.9896249605765262
	valid loss:1.3885852414018967	valid acc:0.5726102941176471	valid F1:0.2966691330659207	valid CORR:0.4188373625983123
epoch:221
	best_epoch:117	best_acc:0.5827205882352942
	train loss:0.07886902139418656	train acc:0.9874131944444444	train F1:0.9865940807103906	train CORR:0.9845957189038885
	valid loss:1.3672624020015491	valid acc:0.5698529411764706	valid F1:0.2982296868159894	valid CORR:0.41403094324054657
epoch:222
	best_epoch:117	best_acc:0.5827205882352942
	train loss:0.08668341911915275	train acc:0.984375	train F1:0.9835027309380072	train CORR:0.9871237858432751
	valid loss:1.3712962024352129	valid acc:0.5597426470588235	valid F1:0.28705703701533775	valid CORR:0.4179848116920132
epoch:223
	best_epoch:117	best_acc:0.5827205882352942
	train loss:0.09350326553814942	train acc:0.9813368055555556	train F1:0.984124039420385	train CORR:0.9802698380708368
	valid loss:1.363702630295473	valid acc:0.5625	valid F1:0.2942757828793682	valid CORR:0.42982213687414716
epoch:224
	best_epoch:117	best_acc:0.5827205882352942
	train loss:0.07678455776638454	train acc:0.9865451388888888	train F1:0.9888990202065191	train CORR:0.9869832653477852
	valid loss:1.3431147021405838	valid acc:0.5707720588235294	valid F1:0.3062956259702237	valid CORR:0.42962708584382275
epoch:225
	best_epoch:117	best_acc:0.5827205882352942
	train loss:0.07666745357629326	train acc:0.9878472222222222	train F1:0.9845570817977214	train CORR:0.987257995162649
	valid loss:1.3924267151776482	valid acc:0.578125	valid F1:0.30912424379715264	valid CORR:0.42808337294560284
epoch:226
	best_epoch:117	best_acc:0.5827205882352942
	train loss:0.08290210862954457	train acc:0.9856770833333334	train F1:0.9897185164423006	train CORR:0.989197022168332
	valid loss:1.3691361967255087	valid acc:0.5689338235294118	valid F1:0.30377321933621454	valid CORR:0.41663794270318355
epoch:227
	best_epoch:117	best_acc:0.5827205882352942
	train loss:0.08778906551500161	train acc:0.9809027777777778	train F1:0.9847291428082687	train CORR:0.9811716364209474
	valid loss:1.3760804393712212	valid acc:0.5707720588235294	valid F1:0.29558152097794543	valid CORR:0.41926146551843646
epoch:228
	best_epoch:117	best_acc:0.5827205882352942
	train loss:0.07740106464674075	train acc:0.9865451388888888	train F1:0.984672339767158	train CORR:0.9867882529900401
	valid loss:1.3608489527421839	valid acc:0.5661764705882353	valid F1:0.30477977367905884	valid CORR:0.4220498499116795
epoch:229
	best_epoch:117	best_acc:0.5827205882352942
	train loss:0.07798000559624699	train acc:0.98828125	train F1:0.9870689469018652	train CORR:0.9879288632621872
	valid loss:1.355595844633439	valid acc:0.5533088235294118	valid F1:0.28668958053830357	valid CORR:0.402954206038711
epoch:230
	best_epoch:117	best_acc:0.5827205882352942
	train loss:0.07859192995561494	train acc:0.9887152777777778	train F1:0.9896585761237087	train CORR:0.992194627795346
	valid loss:1.391035392003901	valid acc:0.5652573529411765	valid F1:0.2855006469970549	valid CORR:0.4179437405718588
epoch:231
	best_epoch:117	best_acc:0.5827205882352942
	train loss:0.08153524777541558	train acc:0.9835069444444444	train F1:0.9810441654758094	train CORR:0.9858201950092573
	valid loss:1.3333613767343409	valid acc:0.5707720588235294	valid F1:0.3027893788042838	valid CORR:0.44398119342262893
epoch:232
	best_epoch:117	best_acc:0.5827205882352942
	train loss:0.0753187250552906	train acc:0.9852430555555556	train F1:0.9868387601601311	train CORR:0.9882799503749329
	valid loss:1.3977996706962585	valid acc:0.5661764705882353	valid F1:0.27919079461802476	valid CORR:0.4148833270128932
epoch:233
	best_epoch:117	best_acc:0.5827205882352942
	train loss:0.07793955473850171	train acc:0.9848090277777778	train F1:0.9864716803959566	train CORR:0.9903168396063867
	valid loss:1.4215755462646484	valid acc:0.5799632352941176	valid F1:0.2924872023697625	valid CORR:0.4236906114975759
epoch:234
	best_epoch:117	best_acc:0.5827205882352942
	train loss:0.08965037463025914	train acc:0.9830729166666666	train F1:0.9860634167076007	train CORR:0.9847622229030399
	valid loss:1.3390477825613583	valid acc:0.5551470588235294	valid F1:0.29901096490236617	valid CORR:0.4084729448147375
epoch:235
	best_epoch:117	best_acc:0.5827205882352942
	train loss:0.07538081643482049	train acc:0.98828125	train F1:0.9917728480776294	train CORR:0.9924063137037896
	valid loss:1.3700851692872889	valid acc:0.5762867647058824	valid F1:0.29841919361195807	valid CORR:0.4376907802394598
epoch:236
	best_epoch:117	best_acc:0.5827205882352942
	train loss:0.07478022761642933	train acc:0.9887152777777778	train F1:0.9880368782421446	train CORR:0.9819593579445178
	valid loss:1.389718150391298	valid acc:0.5707720588235294	valid F1:0.30099009189660475	valid CORR:0.41208552091227146
epoch:237
	best_epoch:117	best_acc:0.5827205882352942
	train loss:0.07867374529855119	train acc:0.9869791666666666	train F1:0.9881004491796208	train CORR:0.9917695042968024
	valid loss:1.408097340780146	valid acc:0.5772058823529411	valid F1:0.29932863252536535	valid CORR:0.422037189893721
epoch:238
	best_epoch:117	best_acc:0.5827205882352942
	train loss:0.07537861768570212	train acc:0.9891493055555556	train F1:0.9897661857428286	train CORR:0.9853740612679067
	valid loss:1.3563445561072405	valid acc:0.5533088235294118	valid F1:0.3027514327594647	valid CORR:0.43506802524356303
epoch:239
	best_epoch:117	best_acc:0.5827205882352942
	train loss:0.07544994716429049	train acc:0.9904513888888888	train F1:0.9890145726950222	train CORR:0.9879300461743841
	valid loss:1.381385540260988	valid acc:0.5762867647058824	valid F1:0.29786198806622627	valid CORR:0.4240932384220343
epoch:240
	best_epoch:117	best_acc:0.5827205882352942
	train loss:0.07147668509019746	train acc:0.9900173611111112	train F1:0.9899920532660651	train CORR:0.9903522797892363
	valid loss:1.3721991672235376	valid acc:0.5707720588235294	valid F1:0.30851140606866345	valid CORR:0.426949490910155
epoch:241
	best_epoch:117	best_acc:0.5827205882352942
	train loss:0.07817389619433218	train acc:0.984375	train F1:0.9874978001139849	train CORR:0.9854657373345901
	valid loss:1.3969596028327942	valid acc:0.5698529411764706	valid F1:0.2873379783301249	valid CORR:0.42649189344992877
epoch:242
	best_epoch:117	best_acc:0.5827205882352942
	train loss:0.0757251087990072	train acc:0.9878472222222222	train F1:0.9896273048254609	train CORR:0.992119012456671
	valid loss:1.380161348511191	valid acc:0.5615808823529411	valid F1:0.29887815270292206	valid CORR:0.41023318400465275
epoch:243
	best_epoch:117	best_acc:0.5827205882352942
	train loss:0.07149177468899223	train acc:0.9861111111111112	train F1:0.9870758876080529	train CORR:0.9874274040256041
	valid loss:1.4133229290737825	valid acc:0.5661764705882353	valid F1:0.30058437118043657	valid CORR:0.418675134085555
epoch:244
	best_epoch:117	best_acc:0.5827205882352942
	train loss:0.07425092636711067	train acc:0.9887152777777778	train F1:0.9908585381417498	train CORR:0.9890049073972014
	valid loss:1.3613244224997127	valid acc:0.5680147058823529	valid F1:0.313124497226539	valid CORR:0.4196257959427621
epoch:245
	best_epoch:117	best_acc:0.5827205882352942
	train loss:0.07193236694567734	train acc:0.9848090277777778	train F1:0.9841852939475138	train CORR:0.9854370232699672
	valid loss:1.3796513536397148	valid acc:0.5615808823529411	valid F1:0.2891295004983216	valid CORR:0.4190501388447625
epoch:246
	best_epoch:117	best_acc:0.5827205882352942
	train loss:0.07915386578275098	train acc:0.9852430555555556	train F1:0.9848318897182595	train CORR:0.9845005576322836
	valid loss:1.3510861291604883	valid acc:0.5569852941176471	valid F1:0.2923465894665467	valid CORR:0.4243308431298789
epoch:247
	best_epoch:117	best_acc:0.5827205882352942
	train loss:0.07472071144729853	train acc:0.9874131944444444	train F1:0.9878490109676805	train CORR:0.982400354821035
	valid loss:1.3936501601163078	valid acc:0.5698529411764706	valid F1:0.30304839196522676	valid CORR:0.4170613623005856
epoch:248
	best_epoch:117	best_acc:0.5827205882352942
	train loss:0.07364188672767745	train acc:0.98828125	train F1:0.9895668226128623	train CORR:0.9924238309733854
	valid loss:1.3676035614574658	valid acc:0.5707720588235294	valid F1:0.30806270038163214	valid CORR:0.4196086818138545
epoch:249
	best_epoch:117	best_acc:0.5827205882352942
	train loss:0.07224696709050073	train acc:0.9895833333333334	train F1:0.9912285831408661	train CORR:0.9922105331395223
	valid loss:1.4090744011542375	valid acc:0.5634191176470589	valid F1:0.29325968202493347	valid CORR:0.4088065160697686
epoch:250
	best_epoch:117	best_acc:0.5827205882352942
	train loss:0.07408365534825458	train acc:0.9869791666666666	train F1:0.9867620834878589	train CORR:0.9898628559867966
	valid loss:1.3606731435831856	valid acc:0.5772058823529411	valid F1:0.3172632567984995	valid CORR:0.43128792903830704
epoch:251
	best_epoch:117	best_acc:0.5827205882352942
	train loss:0.07564083766192198	train acc:0.984375	train F1:0.9845582873965912	train CORR:0.9803833480411976
	valid loss:1.3549784527105444	valid acc:0.5716911764705882	valid F1:0.31366416036234546	valid CORR:0.44460388206361984
epoch:252
	best_epoch:117	best_acc:0.5827205882352942
	train loss:0.07725872120095624	train acc:0.9865451388888888	train F1:0.986417554863416	train CORR:0.9846638294239849
	valid loss:1.3734207223443424	valid acc:0.5625	valid F1:0.28719498727013787	valid CORR:0.41066391737931784
epoch:253
	best_epoch:117	best_acc:0.5827205882352942
	train loss:0.07788555634518464	train acc:0.9830729166666666	train F1:0.9832294765046101	train CORR:0.9822584254754285
	valid loss:1.3977965502177967	valid acc:0.5726102941176471	valid F1:0.3029373220137446	valid CORR:0.41929099720979546
epoch:254
	best_epoch:117	best_acc:0.5827205882352942
	train loss:0.0725893307891157	train acc:0.98828125	train F1:0.9887894420915324	train CORR:0.9938990723458616
	valid loss:1.428938024184283	valid acc:0.5698529411764706	valid F1:0.28309947055267376	valid CORR:0.42060429453115633
epoch:255
	best_epoch:117	best_acc:0.5827205882352942
	train loss:0.07177532547050053	train acc:0.9869791666666666	train F1:0.9857802993111209	train CORR:0.9762023091541275
	valid loss:1.4280020243981306	valid acc:0.5707720588235294	valid F1:0.29184984667272473	valid CORR:0.434791832274002
epoch:256
	best_epoch:117	best_acc:0.5827205882352942
	train loss:0.07276716052244107	train acc:0.9861111111111112	train F1:0.9879976723738165	train CORR:0.9898519182328024
	valid loss:1.4044337483013378	valid acc:0.5588235294117647	valid F1:0.28594475752389015	valid CORR:0.40839405652916605
epoch:257
	best_epoch:117	best_acc:0.5827205882352942
	train loss:0.0694343207610978	train acc:0.9874131944444444	train F1:0.9858674595846	train CORR:0.9833006296201331
	valid loss:1.3833648632554447	valid acc:0.5753676470588235	valid F1:0.3012315672352848	valid CORR:0.4289839983684065
epoch:258
	best_epoch:117	best_acc:0.5827205882352942
	train loss:0.06952909359501468	train acc:0.98828125	train F1:0.9872169162735278	train CORR:0.9887834532187803
	valid loss:1.3899226819767672	valid acc:0.578125	valid F1:0.31098917235129464	valid CORR:0.43814044009152164
epoch:259
	best_epoch:117	best_acc:0.5827205882352942
	train loss:0.07249014358967543	train acc:0.9848090277777778	train F1:0.9852081961216992	train CORR:0.983231416170893
	valid loss:1.3651099836125093	valid acc:0.5597426470588235	valid F1:0.2923593667125203	valid CORR:0.4078074063338087
epoch:260
	best_epoch:117	best_acc:0.5827205882352942
	train loss:0.07133079009751479	train acc:0.9869791666666666	train F1:0.988604119103106	train CORR:0.9895736445162698
	valid loss:1.3946863763472612	valid acc:0.5735294117647058	valid F1:0.30234980945188616	valid CORR:0.41656985588849527
epoch:261
	best_epoch:117	best_acc:0.5827205882352942
	train loss:0.07204637583345175	train acc:0.9869791666666666	train F1:0.9899513940031338	train CORR:0.9893857567805135
	valid loss:1.3744031050625969	valid acc:0.5680147058823529	valid F1:0.29643180548887066	valid CORR:0.41735283751044877
epoch:262
	best_epoch:117	best_acc:0.5827205882352942
	train loss:0.07304938934329483	train acc:0.98828125	train F1:0.9881069297850975	train CORR:0.9848920796797621
	valid loss:1.3709995886858772	valid acc:0.5625	valid F1:0.3023177235316792	valid CORR:0.42221636847558547
epoch:263
	best_epoch:117	best_acc:0.5827205882352942
	train loss:0.06870157985637586	train acc:0.9904513888888888	train F1:0.9895722758837753	train CORR:0.9899418130537828
	valid loss:1.4267353695981644	valid acc:0.5652573529411765	valid F1:0.2829714545033287	valid CORR:0.3985862902444084
epoch:264
	best_epoch:117	best_acc:0.5827205882352942
	train loss:0.0664575228260623	train acc:0.9865451388888888	train F1:0.9882324357444878	train CORR:0.9917710624583251
	valid loss:1.4002919477574967	valid acc:0.5680147058823529	valid F1:0.29943107782414013	valid CORR:0.41785662298869874
epoch:265
	best_epoch:117	best_acc:0.5827205882352942
	train loss:0.07249951724790865	train acc:0.9891493055555556	train F1:0.9908791647835868	train CORR:0.9900761538483714
	valid loss:1.376819603583392	valid acc:0.5625	valid F1:0.29338893824605483	valid CORR:0.42705659366620363
epoch:266
	best_epoch:117	best_acc:0.5827205882352942
	train loss:0.0697658635261986	train acc:0.9878472222222222	train F1:0.9852878745039069	train CORR:0.9863271701911067
	valid loss:1.378876805305481	valid acc:0.5670955882352942	valid F1:0.2970353325693752	valid CORR:0.4376839467296256
epoch:267
	best_epoch:117	best_acc:0.5827205882352942
	train loss:0.06595921630246772	train acc:0.98828125	train F1:0.9887053760530908	train CORR:0.9870949785937628
	valid loss:1.4069331533768599	valid acc:0.5698529411764706	valid F1:0.30103728995627704	valid CORR:0.4312218423504957
epoch:268
	best_epoch:117	best_acc:0.5827205882352942
	train loss:0.06931257051312262	train acc:0.9869791666666666	train F1:0.9872776851079792	train CORR:0.9872048385484932
	valid loss:1.4458301558214075	valid acc:0.5716911764705882	valid F1:0.29897924125727143	valid CORR:0.4234025369274812
epoch:269
	best_epoch:117	best_acc:0.5827205882352942
	train loss:0.08128799746433894	train acc:0.9830729166666666	train F1:0.985583625644703	train CORR:0.9816576888658176
	valid loss:1.42680165346931	valid acc:0.5744485294117647	valid F1:0.29762560991459497	valid CORR:0.431838126893704
epoch:270
	best_epoch:117	best_acc:0.5827205882352942
	train loss:0.07425566472940975	train acc:0.9856770833333334	train F1:0.9819756540960521	train CORR:0.9867824691264102
	valid loss:1.367272906443652	valid acc:0.5735294117647058	valid F1:0.3205832616076019	valid CORR:0.44831928162772217
epoch:271
	best_epoch:117	best_acc:0.5827205882352942
	train loss:0.06738918222900894	train acc:0.9865451388888888	train F1:0.9890298705041622	train CORR:0.987299861605766
	valid loss:1.3732304047135746	valid acc:0.5597426470588235	valid F1:0.30743071199506367	valid CORR:0.44539974230682133
epoch:272
	best_epoch:117	best_acc:0.5827205882352942
	train loss:0.07445414861043294	train acc:0.9869791666666666	train F1:0.9890806704856937	train CORR:0.98528690156816
	valid loss:1.3797827468198889	valid acc:0.5625	valid F1:0.3059384283061315	valid CORR:0.43610391183599545
epoch:273
	best_epoch:117	best_acc:0.5827205882352942
	train loss:0.06470407638698816	train acc:0.9917534722222222	train F1:0.991070041073496	train CORR:0.9891612569935085
	valid loss:1.4175770598299362	valid acc:0.5615808823529411	valid F1:0.2935731671837477	valid CORR:0.42260598513176006
epoch:274
	best_epoch:117	best_acc:0.5827205882352942
	train loss:0.078689930960536	train acc:0.984375	train F1:0.9841961915581444	train CORR:0.9905670006515709
	valid loss:1.3764700644156511	valid acc:0.5716911764705882	valid F1:0.2951175636385216	valid CORR:0.4230013626508743
epoch:275
	best_epoch:117	best_acc:0.5827205882352942
	train loss:0.07397970681389172	train acc:0.9878472222222222	train F1:0.987761422210709	train CORR:0.9850059234605207
	valid loss:1.3897714755114388	valid acc:0.5689338235294118	valid F1:0.2998711776278886	valid CORR:0.424739703035412
epoch:276
	best_epoch:117	best_acc:0.5827205882352942
	train loss:0.07066007124053107	train acc:0.9874131944444444	train F1:0.987321578568976	train CORR:0.985582763277869
	valid loss:1.3830362172687756	valid acc:0.5772058823529411	valid F1:0.3039737593025541	valid CORR:0.44362388949882625
epoch:277
	best_epoch:117	best_acc:0.5827205882352942
	train loss:0.06576654904832442	train acc:0.9878472222222222	train F1:0.9873748637923897	train CORR:0.9860357037581555
	valid loss:1.3812792020685531	valid acc:0.5735294117647058	valid F1:0.2992784880516537	valid CORR:0.4350055599147261
epoch:278
	best_epoch:117	best_acc:0.5827205882352942
	train loss:0.0635915304430657	train acc:0.9895833333333334	train F1:0.9907123834264171	train CORR:0.9862708735298817
	valid loss:1.387453605146969	valid acc:0.5625	valid F1:0.2957319150894699	valid CORR:0.4146454418851987
epoch:279
	best_epoch:117	best_acc:0.5827205882352942
	train loss:0.06639071874734429	train acc:0.9878472222222222	train F1:0.988025061552763	train CORR:0.9912799523789816
	valid loss:1.4043741681996513	valid acc:0.5753676470588235	valid F1:0.2978928411901435	valid CORR:0.4395391789285532
epoch:280
	best_epoch:117	best_acc:0.5827205882352942
	train loss:0.07169680100762182	train acc:0.9878472222222222	train F1:0.9873445523462236	train CORR:0.9872525842097327
	valid loss:1.4294082276961382	valid acc:0.5661764705882353	valid F1:0.28817517377980073	valid CORR:0.42185252235646487
epoch:281
	best_epoch:117	best_acc:0.5827205882352942
	train loss:0.06111049000173807	train acc:0.9908854166666666	train F1:0.9909420014935142	train CORR:0.9914896303990702
	valid loss:1.3863912049461813	valid acc:0.5680147058823529	valid F1:0.2981264219834333	valid CORR:0.42631904116495745
epoch:282
	best_epoch:117	best_acc:0.5827205882352942
	train loss:0.06586891340298785	train acc:0.9869791666666666	train F1:0.9874674000258403	train CORR:0.9903678787546975
	valid loss:1.3871670610764448	valid acc:0.5670955882352942	valid F1:0.30245521908732165	valid CORR:0.42472948566992486
epoch:283
	best_epoch:117	best_acc:0.5827205882352942
	train loss:0.07117610983550549	train acc:0.984375	train F1:0.9861088779501747	train CORR:0.9884569880672858
	valid loss:1.361668818137225	valid acc:0.5597426470588235	valid F1:0.30036023748039453	valid CORR:0.4278681945038929
epoch:284
	best_epoch:117	best_acc:0.5827205882352942
	train loss:0.06728845306982596	train acc:0.9852430555555556	train F1:0.9849968464414485	train CORR:0.9868013675703475
	valid loss:1.3955576735384323	valid acc:0.5597426470588235	valid F1:0.2962640839320673	valid CORR:0.4140430782975668
epoch:285
	best_epoch:117	best_acc:0.5827205882352942
	train loss:0.06354032788011763	train acc:0.9887152777777778	train F1:0.9886655867033418	train CORR:0.9875791287261636
	valid loss:1.4439243393785812	valid acc:0.5634191176470589	valid F1:0.28963442623707103	valid CORR:0.41964422576714416
epoch:286
	best_epoch:117	best_acc:0.5827205882352942
	train loss:0.06470731883827183	train acc:0.9891493055555556	train F1:0.9892240135260877	train CORR:0.9882994664060758
	valid loss:1.3954270131447737	valid acc:0.5808823529411765	valid F1:0.312708240064809	valid CORR:0.44146486973928534
epoch:287
	best_epoch:117	best_acc:0.5827205882352942
	train loss:0.06098259530133671	train acc:0.9904513888888888	train F1:0.9906635802777615	train CORR:0.9934884356885635
	valid loss:1.4009117378908045	valid acc:0.5698529411764706	valid F1:0.2954113702834281	valid CORR:0.42422647986384265
epoch:288
	best_epoch:117	best_acc:0.5827205882352942
	train loss:0.06354680626342694	train acc:0.9891493055555556	train F1:0.9894329866682161	train CORR:0.99191758295988
	valid loss:1.40455741742078	valid acc:0.5661764705882353	valid F1:0.28859446371573144	valid CORR:0.423256563971827
epoch:289
	best_epoch:117	best_acc:0.5827205882352942
	train loss:0.05826442719747623	train acc:0.9908854166666666	train F1:0.9893824597127362	train CORR:0.9869752013935918
	valid loss:1.4238826632499695	valid acc:0.5772058823529411	valid F1:0.30560216303449844	valid CORR:0.4293411740228049
epoch:290
	best_epoch:117	best_acc:0.5827205882352942
	train loss:0.07017756232784854	train acc:0.9839409722222222	train F1:0.9831798793191406	train CORR:0.9751527828123807
	valid loss:1.4473468275631176	valid acc:0.5680147058823529	valid F1:0.29401039098727166	valid CORR:0.41673048226440007
epoch:291
	best_epoch:117	best_acc:0.5827205882352942
	train loss:0.07178231918563445	train acc:0.9856770833333334	train F1:0.9880221719608042	train CORR:0.9834874016311218
	valid loss:1.3973812355714685	valid acc:0.5661764705882353	valid F1:0.2940272873064926	valid CORR:0.4321451215797404
epoch:292
	best_epoch:117	best_acc:0.5827205882352942
	train loss:0.0647648432188564	train acc:0.9895833333333334	train F1:0.9903847211981669	train CORR:0.9889942256311437
	valid loss:1.3774212037815767	valid acc:0.5707720588235294	valid F1:0.31626274818412475	valid CORR:0.4379062590457361
epoch:293
	best_epoch:117	best_acc:0.5827205882352942
	train loss:0.06099069884253873	train acc:0.9908854166666666	train F1:0.9909091448356577	train CORR:0.9905762114917199
	valid loss:1.4142693666850819	valid acc:0.5808823529411765	valid F1:0.31045428415669885	valid CORR:0.44444927856606375
epoch:294
	best_epoch:117	best_acc:0.5827205882352942
	train loss:0.06731036098466979	train acc:0.9865451388888888	train F1:0.9868551083556714	train CORR:0.9884031721360566
	valid loss:1.378989394973306	valid acc:0.5753676470588235	valid F1:0.31468115722763473	valid CORR:0.44421284317916776
epoch:295
	best_epoch:117	best_acc:0.5827205882352942
	train loss:0.06282525613076156	train acc:0.9874131944444444	train F1:0.9877928229690056	train CORR:0.988426822682823
	valid loss:1.4126062884050257	valid acc:0.5625	valid F1:0.3012902910038443	valid CORR:0.4272584621491854
epoch:296
	best_epoch:117	best_acc:0.5827205882352942
	train loss:0.06617747857752773	train acc:0.9887152777777778	train F1:0.9880653805434532	train CORR:0.9913302857647447
	valid loss:1.4317330577794243	valid acc:0.5689338235294118	valid F1:0.29345136074793354	valid CORR:0.43911897097032265
epoch:297
	best_epoch:117	best_acc:0.5827205882352942
	train loss:0.06483507270200385	train acc:0.9891493055555556	train F1:0.991509871534792	train CORR:0.988381738635578
	valid loss:1.3978930887053995	valid acc:0.5689338235294118	valid F1:0.2972145305425725	valid CORR:0.429020778951871
epoch:298
	best_epoch:117	best_acc:0.5827205882352942
	train loss:0.06206691430674659	train acc:0.9895833333333334	train F1:0.9896571783810824	train CORR:0.9852488981917437
	valid loss:1.420229466522441	valid acc:0.5744485294117647	valid F1:0.3007572984255956	valid CORR:0.43368725801393215
epoch:299
	best_epoch:117	best_acc:0.5827205882352942
	train loss:0.062392715364694595	train acc:0.9904513888888888	train F1:0.9892458019703048	train CORR:0.9894788506392045
	valid loss:1.4157472533338211	valid acc:0.5634191176470589	valid F1:0.2973611685886133	valid CORR:0.42465119978623506
test loss:1.4287283350439632	test acc:0.5707720588235294	test F1:0.29408602285980645	test CORR:0.45627619644542994
Total Time Use: 862 s
