epoch:0
	best_epoch:0	best_acc:0.5094852941176471
	train loss:1.6934903893205855	train acc:0.3975694444444444	train F1:0.13703168942932492	train CORR:0.1405879511825605
	valid loss:1.4622867037268246	valid acc:0.5094852941176471	valid F1:0.14517243991591067	valid CORR:0.19466911207681042
epoch:1
	best_epoch:1	best_acc:0.5434926470588235
	train loss:1.4926436841487885	train acc:0.4848090277777778	train F1:0.19341849326265137	train CORR:0.24236455403233204
	valid loss:1.3866696147357715	valid acc:0.5434926470588235	valid F1:0.16566664492020033	valid CORR:0.24216519554056337
epoch:2
	best_epoch:1	best_acc:0.5434926470588235
	train loss:1.4060788684421115	train acc:0.5134548611111112	train F1:0.23959678462420303	train CORR:0.3223934519695668
	valid loss:1.3633105754852295	valid acc:0.5434926470588235	valid F1:0.20131943690083226	valid CORR:0.26261678946589306
epoch:3
	best_epoch:3	best_acc:0.5692279411764706
	train loss:1.3663351800706651	train acc:0.5368923611111112	train F1:0.27206395928270005	train CORR:0.34382597502450885
	valid loss:1.2933957611813265	valid acc:0.5692279411764706	valid F1:0.23859535770830376	valid CORR:0.32840326109094264
epoch:4
	best_epoch:4	best_acc:0.5756617647058824
	train loss:1.3128081974056032	train acc:0.5434027777777778	train F1:0.28391607177635125	train CORR:0.39040072568884054
	valid loss:1.2709622768794788	valid acc:0.5756617647058824	valid F1:0.24934198770917115	valid CORR:0.35868321623509064
epoch:5
	best_epoch:5	best_acc:0.5765808823529411
	train loss:1.2923148456546996	train acc:0.5425347222222222	train F1:0.28855982469798047	train CORR:0.42291082049718287
	valid loss:1.2822027206420898	valid acc:0.5765808823529411	valid F1:0.24992045318938316	valid CORR:0.40767135750860645
epoch:6
	best_epoch:6	best_acc:0.5784191176470589
	train loss:1.269773284594218	train acc:0.5668402777777778	train F1:0.3183498599399113	train CORR:0.43344802230704016
	valid loss:1.242327044991886	valid acc:0.5784191176470589	valid F1:0.25946259767999874	valid CORR:0.4151934192814549
epoch:7
	best_epoch:7	best_acc:0.5894485294117647
	train loss:1.2542290323310428	train acc:0.5651041666666666	train F1:0.3173363266829755	train CORR:0.44488402381164927
	valid loss:1.263941112686606	valid acc:0.5894485294117647	valid F1:0.28018503758984226	valid CORR:0.4416751844910688
epoch:8
	best_epoch:8	best_acc:0.5912867647058824
	train loss:1.2338560670614243	train acc:0.5668402777777778	train F1:0.32057705704317274	train CORR:0.4474869921915324
	valid loss:1.2471927088849686	valid acc:0.5912867647058824	valid F1:0.28354519753186147	valid CORR:0.4214437434214777
epoch:9
	best_epoch:8	best_acc:0.5912867647058824
	train loss:1.2102954652574327	train acc:0.5750868055555556	train F1:0.3324160888029083	train CORR:0.46994299327307143
	valid loss:1.233688252813676	valid acc:0.5848529411764706	valid F1:0.2760692163525213	valid CORR:0.4105391996034655
epoch:10
	best_epoch:8	best_acc:0.5912867647058824
	train loss:1.202517244550917	train acc:0.5794270833333334	train F1:0.33958064224730666	train CORR:0.47217549165087436
	valid loss:1.2427072174408857	valid acc:0.5903676470588235	valid F1:0.28743416201602856	valid CORR:0.4213367918297466
epoch:11
	best_epoch:8	best_acc:0.5912867647058824
	train loss:1.1777374860313203	train acc:0.5859375	train F1:0.3441090241099118	train CORR:0.4429734129139013
	valid loss:1.249449421377743	valid acc:0.5894485294117647	valid F1:0.27752296410246613	valid CORR:0.4370706021433163
epoch:12
	best_epoch:8	best_acc:0.5912867647058824
	train loss:1.1846932934390173	train acc:0.5911458333333334	train F1:0.3504618746016273	train CORR:0.4859857000921566
	valid loss:1.2461610120885513	valid acc:0.5876102941176471	valid F1:0.27275197967257203	valid CORR:0.4157875627298697
epoch:13
	best_epoch:13	best_acc:0.5922058823529411
	train loss:1.1606669806771808	train acc:0.5950520833333334	train F1:0.357169853661795	train CORR:0.4698987654496024
	valid loss:1.2359195281477535	valid acc:0.5922058823529411	valid F1:0.28762153521057654	valid CORR:0.42021363811750534
epoch:14
	best_epoch:14	best_acc:0.5968014705882353
	train loss:1.1528249267074797	train acc:0.5885416666666666	train F1:0.3558671569607877	train CORR:0.46929268152200926
	valid loss:1.2199648548575008	valid acc:0.5968014705882353	valid F1:0.2956859837517256	valid CORR:0.4499745893930474
epoch:15
	best_epoch:15	best_acc:0.5986397058823529
	train loss:1.1401691950029798	train acc:0.6006944444444444	train F1:0.3702179669657166	train CORR:0.4949259018372033
	valid loss:1.197809405186597	valid acc:0.5986397058823529	valid F1:0.31078641772857424	valid CORR:0.4571538874206205
epoch:16
	best_epoch:15	best_acc:0.5986397058823529
	train loss:1.1355934888124466	train acc:0.6019965277777778	train F1:0.37441961330427675	train CORR:0.4872764169448252
	valid loss:1.2103302198297836	valid acc:0.5839338235294118	valid F1:0.29272943750576624	valid CORR:0.44721725277887786
epoch:17
	best_epoch:15	best_acc:0.5986397058823529
	train loss:1.1252064837349787	train acc:0.6015625	train F1:0.37010162719325235	train CORR:0.46365216046514957
	valid loss:1.239086407072404	valid acc:0.5876102941176471	valid F1:0.2817794950584308	valid CORR:0.4101473065727399
epoch:18
	best_epoch:15	best_acc:0.5986397058823529
	train loss:1.120992660522461	train acc:0.5954861111111112	train F1:0.3766073712810698	train CORR:0.48068926406607254
	valid loss:1.2224661392324112	valid acc:0.5968014705882353	valid F1:0.3025420937355209	valid CORR:0.42010212052189055
epoch:19
	best_epoch:15	best_acc:0.5986397058823529
	train loss:1.1024381932285097	train acc:0.6119791666666666	train F1:0.39005053914138244	train CORR:0.5098566658805471
	valid loss:1.2000556833603804	valid acc:0.5986397058823529	valid F1:0.3119864103164598	valid CORR:0.4263703517184767
epoch:20
	best_epoch:15	best_acc:0.5986397058823529
	train loss:1.1019735915793314	train acc:0.61328125	train F1:0.39089272940542674	train CORR:0.5084673348340137
	valid loss:1.240046434542712	valid acc:0.5986397058823529	valid F1:0.3022608007606503	valid CORR:0.42287480873933037
epoch:21
	best_epoch:15	best_acc:0.5986397058823529
	train loss:1.0794311894310846	train acc:0.6319444444444444	train F1:0.41502267027855855	train CORR:0.5166766702893335
	valid loss:1.2118101119995117	valid acc:0.5977205882352942	valid F1:0.32360214349932037	valid CORR:0.4277903985378251
epoch:22
	best_epoch:15	best_acc:0.5986397058823529
	train loss:1.081081168519126	train acc:0.6219618055555556	train F1:0.4007977066685176	train CORR:0.4979361359425406
	valid loss:1.2212102448239046	valid acc:0.5977205882352942	valid F1:0.3208110624101894	valid CORR:0.42278653835568536
epoch:23
	best_epoch:23	best_acc:0.6013970588235295
	train loss:1.0729578766557906	train acc:0.6306423611111112	train F1:0.4048317221946632	train CORR:0.515718800674921
	valid loss:1.2362175198162304	valid acc:0.6013970588235295	valid F1:0.3162485519846332	valid CORR:0.42340545408819763
epoch:24
	best_epoch:24	best_acc:0.6041544117647059
	train loss:1.0738039910793304	train acc:0.6111111111111112	train F1:0.3968405082573693	train CORR:0.5065716848705011
	valid loss:1.2088140109006096	valid acc:0.6041544117647059	valid F1:0.32175778089323004	valid CORR:0.4165004345579345
epoch:25
	best_epoch:25	best_acc:0.6078308823529411
	train loss:1.0474192185534372	train acc:0.6315104166666666	train F1:0.42795325564986925	train CORR:0.5352180079103519
	valid loss:1.2291227123316597	valid acc:0.6078308823529411	valid F1:0.322987345757619	valid CORR:0.4452689896092783
epoch:26
	best_epoch:25	best_acc:0.6078308823529411
	train loss:1.0369053963157866	train acc:0.6302083333333334	train F1:0.40973282646124	train CORR:0.5307697432301937
	valid loss:1.2183374411919539	valid acc:0.6023161764705882	valid F1:0.3165356780062967	valid CORR:0.4387797758386332
epoch:27
	best_epoch:25	best_acc:0.6078308823529411
	train loss:1.047938312093417	train acc:0.6284722222222222	train F1:0.419547694247708	train CORR:0.5319661536067346
	valid loss:1.2103408715304207	valid acc:0.5995588235294118	valid F1:0.33452114239095615	valid CORR:0.4520239156438352
epoch:28
	best_epoch:25	best_acc:0.6078308823529411
	train loss:1.0319990383254156	train acc:0.6349826388888888	train F1:0.43184891938504033	train CORR:0.5457043872896519
	valid loss:1.2086882345816667	valid acc:0.6032352941176471	valid F1:0.3185895927725749	valid CORR:0.4497980056044992
epoch:29
	best_epoch:25	best_acc:0.6078308823529411
	train loss:1.0274605005979538	train acc:0.6310763888888888	train F1:0.43205026018618586	train CORR:0.5206419141470282
	valid loss:1.2071370482444763	valid acc:0.6032352941176471	valid F1:0.32824462928193243	valid CORR:0.45616013777475406
epoch:30
	best_epoch:25	best_acc:0.6078308823529411
	train loss:1.0088300423489676	train acc:0.6536458333333334	train F1:0.45613847187777823	train CORR:0.5523168625868581
	valid loss:1.1971368684488184	valid acc:0.6059926470588235	valid F1:0.3314493158633667	valid CORR:0.4202603916854924
epoch:31
	best_epoch:25	best_acc:0.6078308823529411
	train loss:1.0106057193544176	train acc:0.6467013888888888	train F1:0.43950486456346594	train CORR:0.5284375024143533
	valid loss:1.2462812732247746	valid acc:0.6069117647058824	valid F1:0.3197071834196016	valid CORR:0.4349749589245446
epoch:32
	best_epoch:25	best_acc:0.6078308823529411
	train loss:1.0310074753231473	train acc:0.6419270833333334	train F1:0.45084434583844957	train CORR:0.5423868278627892
	valid loss:1.2105823825387394	valid acc:0.6032352941176471	valid F1:0.3294216501579882	valid CORR:0.4649933961024656
epoch:33
	best_epoch:33	best_acc:0.6105882352941177
	train loss:1.0019786755243938	train acc:0.6410590277777778	train F1:0.4417019043912671	train CORR:0.5509181141256912
	valid loss:1.2168188515831442	valid acc:0.6105882352941177	valid F1:0.32897118526581426	valid CORR:0.44275042593166886
epoch:34
	best_epoch:33	best_acc:0.6105882352941177
	train loss:0.998383965757158	train acc:0.6449652777777778	train F1:0.43770304376044267	train CORR:0.5513412480796013
	valid loss:1.2195072103949154	valid acc:0.5995588235294118	valid F1:0.32604025400726344	valid CORR:0.43635216535774635
epoch:35
	best_epoch:33	best_acc:0.6105882352941177
	train loss:0.9784033762084113	train acc:0.6536458333333334	train F1:0.45715878711224256	train CORR:0.5479719520254263
	valid loss:1.2047276496887207	valid acc:0.6050735294117647	valid F1:0.32793771465299537	valid CORR:0.43992831352784634
epoch:36
	best_epoch:33	best_acc:0.6105882352941177
	train loss:0.9663298726081848	train acc:0.6571180555555556	train F1:0.4488280799005027	train CORR:0.5308280796474472
	valid loss:1.2426763983333813	valid acc:0.5995588235294118	valid F1:0.3267368249002382	valid CORR:0.4302804335368147
epoch:37
	best_epoch:37	best_acc:0.6142647058823529
	train loss:0.9619577477375666	train acc:0.6575520833333334	train F1:0.46000922597140115	train CORR:0.5434305792319525
	valid loss:1.2286001934724695	valid acc:0.6142647058823529	valid F1:0.336292084530729	valid CORR:0.46858682280386654
epoch:38
	best_epoch:37	best_acc:0.6142647058823529
	train loss:0.9443403763903512	train acc:0.6701388888888888	train F1:0.49068299596491166	train CORR:0.5979617598705768
	valid loss:1.217668322955861	valid acc:0.6133455882352942	valid F1:0.33239972328123757	valid CORR:0.4717408397805906
epoch:39
	best_epoch:37	best_acc:0.6142647058823529
	train loss:0.9623549961381488	train acc:0.6627604166666666	train F1:0.4785644396430736	train CORR:0.5475082881195786
	valid loss:1.21613408537472	valid acc:0.6096691176470589	valid F1:0.34098125900608756	valid CORR:0.45251072209480403
epoch:40
	best_epoch:37	best_acc:0.6142647058823529
	train loss:0.9404917077885734	train acc:0.6736111111111112	train F1:0.4984783264710282	train CORR:0.5900797380322593
	valid loss:1.2144706494667952	valid acc:0.6105882352941177	valid F1:0.33583119259930433	valid CORR:0.42282235825137143
epoch:41
	best_epoch:37	best_acc:0.6142647058823529
	train loss:0.9386624511745241	train acc:0.6727430555555556	train F1:0.49447165052547337	train CORR:0.5756337410740001
	valid loss:1.2415279009762932	valid acc:0.6069117647058824	valid F1:0.3302590427148216	valid CORR:0.4280299384527676
epoch:42
	best_epoch:37	best_acc:0.6142647058823529
	train loss:0.9330795175499387	train acc:0.6822916666666666	train F1:0.5221715637089661	train CORR:0.5942274444622291
	valid loss:1.2741147630354936	valid acc:0.5949632352941177	valid F1:0.3257350588510036	valid CORR:0.4269798590397668
epoch:43
	best_epoch:37	best_acc:0.6142647058823529
	train loss:0.9281331184837553	train acc:0.6740451388888888	train F1:0.4819562183628072	train CORR:0.5843148674818637
	valid loss:1.2484336214907028	valid acc:0.5995588235294118	valid F1:0.3324671443378891	valid CORR:0.42008662991126666
epoch:44
	best_epoch:37	best_acc:0.6142647058823529
	train loss:0.9141935093535317	train acc:0.6870659722222222	train F1:0.5040155516701245	train CORR:0.589545552547382
	valid loss:1.2116370481603287	valid acc:0.6115073529411765	valid F1:0.3465914705970839	valid CORR:0.4482777508561795
epoch:45
	best_epoch:37	best_acc:0.6142647058823529
	train loss:0.9176513337426715	train acc:0.6788194444444444	train F1:0.5071424963186947	train CORR:0.5854933714693256
	valid loss:1.2568603508612688	valid acc:0.6078308823529411	valid F1:0.3366918993325233	valid CORR:0.43330185747879735
epoch:46
	best_epoch:37	best_acc:0.6142647058823529
	train loss:0.9170337700181537	train acc:0.6740451388888888	train F1:0.4909882579305108	train CORR:0.5606592363424607
	valid loss:1.2413127597640543	valid acc:0.6105882352941177	valid F1:0.34098365322082985	valid CORR:0.4276167389913538
epoch:47
	best_epoch:37	best_acc:0.6142647058823529
	train loss:0.9062927663326263	train acc:0.6792534722222222	train F1:0.5043786525539636	train CORR:0.591901673952805
	valid loss:1.2272709783385782	valid acc:0.60875	valid F1:0.3412863119346151	valid CORR:0.41683382930246726
epoch:48
	best_epoch:37	best_acc:0.6142647058823529
	train loss:0.8893425116936365	train acc:0.6931423611111112	train F1:0.5290876475120536	train CORR:0.6063568870982482
	valid loss:1.2435340215178097	valid acc:0.6115073529411765	valid F1:0.3494679019559691	valid CORR:0.4421007127397777
epoch:49
	best_epoch:37	best_acc:0.6142647058823529
	train loss:0.8950581947962443	train acc:0.6727430555555556	train F1:0.502286821783478	train CORR:0.5666643546442143
	valid loss:1.244002713876612	valid acc:0.6115073529411765	valid F1:0.3456404645307016	valid CORR:0.43212237703929357
epoch:50
	best_epoch:50	best_acc:0.6151838235294118
	train loss:0.8819673044814004	train acc:0.6814236111111112	train F1:0.5173284306678712	train CORR:0.5568035820945472
	valid loss:1.2497377360568327	valid acc:0.6151838235294118	valid F1:0.34819391139598294	valid CORR:0.43950393874549676
epoch:51
	best_epoch:51	best_acc:0.6197794117647059
	train loss:0.8725717183616426	train acc:0.6901041666666666	train F1:0.5459410432473963	train CORR:0.6061465994505829
	valid loss:1.223856435102575	valid acc:0.6197794117647059	valid F1:0.35764038360419	valid CORR:0.4599590282056789
epoch:52
	best_epoch:51	best_acc:0.6197794117647059
	train loss:0.8916922542783949	train acc:0.6888020833333334	train F1:0.5422559756595108	train CORR:0.5811770417752586
	valid loss:1.2449074948535246	valid acc:0.6059926470588235	valid F1:0.3393169980596853	valid CORR:0.43010888991866814
epoch:53
	best_epoch:51	best_acc:0.6197794117647059
	train loss:0.8583044426308738	train acc:0.7013888888888888	train F1:0.5394894589035979	train CORR:0.6203204128877537
	valid loss:1.2678342812201555	valid acc:0.6041544117647059	valid F1:0.33760195117894204	valid CORR:0.44220777132286637
epoch:54
	best_epoch:51	best_acc:0.6197794117647059
	train loss:0.8506462971369425	train acc:0.6927083333333334	train F1:0.5236839815054488	train CORR:0.6146652153461343
	valid loss:1.263422149069169	valid acc:0.6124264705882353	valid F1:0.3481400854662715	valid CORR:0.4427102536947718
epoch:55
	best_epoch:51	best_acc:0.6197794117647059
	train loss:0.8587326523330476	train acc:0.703125	train F1:0.5425195370818058	train CORR:0.6293890164111839
	valid loss:1.2548057331758387	valid acc:0.6059926470588235	valid F1:0.3455992010380132	valid CORR:0.43906377409170727
epoch:56
	best_epoch:51	best_acc:0.6197794117647059
	train loss:0.8240942905346552	train acc:0.7096354166666666	train F1:0.5553413204777053	train CORR:0.6222833396453029
	valid loss:1.2759855635025923	valid acc:0.5986397058823529	valid F1:0.34220207300667427	valid CORR:0.41958339936527145
epoch:57
	best_epoch:51	best_acc:0.6197794117647059
	train loss:0.8437297576003604	train acc:0.6944444444444444	train F1:0.538300104393768	train CORR:0.5937814165669693
	valid loss:1.300191549693837	valid acc:0.593125	valid F1:0.33977149872909107	valid CORR:0.41282896507516437
epoch:58
	best_epoch:51	best_acc:0.6197794117647059
	train loss:0.8363386624389224	train acc:0.7092013888888888	train F1:0.5573178922115518	train CORR:0.6492301527188196
	valid loss:1.282491245690514	valid acc:0.6096691176470589	valid F1:0.33234387057642206	valid CORR:0.4431616234206168
epoch:59
	best_epoch:51	best_acc:0.6197794117647059
	train loss:0.8524461454815335	train acc:0.6974826388888888	train F1:0.5410122495784133	train CORR:0.6324453896410194
	valid loss:1.2631823420524597	valid acc:0.5968014705882353	valid F1:0.34147263500208996	valid CORR:0.42745927519329396
epoch:60
	best_epoch:51	best_acc:0.6197794117647059
	train loss:0.8358886722061369	train acc:0.6983506944444444	train F1:0.5310890420699392	train CORR:0.605139375144773
	valid loss:1.2953502080019783	valid acc:0.6096691176470589	valid F1:0.3557342960112853	valid CORR:0.4560920164840671
epoch:61
	best_epoch:51	best_acc:0.6197794117647059
	train loss:0.8200045691596137	train acc:0.7087673611111112	train F1:0.554223613688917	train CORR:0.6367883142203384
	valid loss:1.2716223141726326	valid acc:0.6151838235294118	valid F1:0.3787376790316398	valid CORR:0.45146610169248474
epoch:62
	best_epoch:51	best_acc:0.6197794117647059
	train loss:0.8122546060217751	train acc:0.7100694444444444	train F1:0.5723110506685718	train CORR:0.6407711675955307
	valid loss:1.32504985963597	valid acc:0.5958823529411765	valid F1:0.33581715580789195	valid CORR:0.45212519967226394
epoch:63
	best_epoch:51	best_acc:0.6197794117647059
	train loss:0.8193501896328397	train acc:0.7100694444444444	train F1:0.5659418809725025	train CORR:0.6288144037659011
	valid loss:1.2920330236939823	valid acc:0.6161029411764706	valid F1:0.3665167244711249	valid CORR:0.45594265747333007
epoch:64
	best_epoch:51	best_acc:0.6197794117647059
	train loss:0.7971179915799035	train acc:0.7213541666666666	train F1:0.5593472023066222	train CORR:0.6506525621800703
	valid loss:1.3016868093434502	valid acc:0.6050735294117647	valid F1:0.36165681918254144	valid CORR:0.4636436172832714
epoch:65
	best_epoch:51	best_acc:0.6197794117647059
	train loss:0.7900360359085931	train acc:0.7204861111111112	train F1:0.5667941435832866	train CORR:0.6588671162129425
	valid loss:1.2987691164016724	valid acc:0.6069117647058824	valid F1:0.3782203724832415	valid CORR:0.47073673677127115
epoch:66
	best_epoch:51	best_acc:0.6197794117647059
	train loss:0.7867377830876244	train acc:0.7239583333333334	train F1:0.5887884953118074	train CORR:0.6448601991349538
	valid loss:1.2944136051570667	valid acc:0.6041544117647059	valid F1:0.3697797388556069	valid CORR:0.4390768764526307
epoch:67
	best_epoch:51	best_acc:0.6197794117647059
	train loss:0.786376318997807	train acc:0.7183159722222222	train F1:0.5911879165283742	train CORR:0.6210056158565274
	valid loss:1.2968730470713448	valid acc:0.6078308823529411	valid F1:0.3768192439904566	valid CORR:0.445984833695687
epoch:68
	best_epoch:51	best_acc:0.6197794117647059
	train loss:0.7811602503061295	train acc:0.7235243055555556	train F1:0.601906626997605	train CORR:0.639729186209852
	valid loss:1.3589391708374023	valid acc:0.60875	valid F1:0.35370905995907	valid CORR:0.43578784307428564
epoch:69
	best_epoch:51	best_acc:0.6197794117647059
	train loss:0.7512577234043015	train acc:0.7239583333333334	train F1:0.5943980854251194	train CORR:0.6479734657326635
	valid loss:1.3057788680581486	valid acc:0.5986397058823529	valid F1:0.35995502295580784	valid CORR:0.39438018895512583
epoch:70
	best_epoch:51	best_acc:0.6197794117647059
	train loss:0.76882503926754	train acc:0.7287326388888888	train F1:0.6068543411258933	train CORR:0.6708714810468457
	valid loss:1.3467980553122127	valid acc:0.6069117647058824	valid F1:0.36990824467893896	valid CORR:0.45541819114725035
epoch:71
	best_epoch:51	best_acc:0.6197794117647059
	train loss:0.7572737203703986	train acc:0.7261284722222222	train F1:0.5855297320454559	train CORR:0.6609633392621306
	valid loss:1.3462938771528357	valid acc:0.6133455882352942	valid F1:0.36827756112175236	valid CORR:0.4332739584332617
epoch:72
	best_epoch:51	best_acc:0.6197794117647059
	train loss:0.763507346312205	train acc:0.7287326388888888	train F1:0.5982412181711882	train CORR:0.6542333468312063
	valid loss:1.3110002629897173	valid acc:0.5995588235294118	valid F1:0.375559520877982	valid CORR:0.4406190877330104
epoch:73
	best_epoch:51	best_acc:0.6197794117647059
	train loss:0.7428332782453961	train acc:0.73828125	train F1:0.6163165578783099	train CORR:0.6934913658840475
	valid loss:1.3503403488327475	valid acc:0.6023161764705882	valid F1:0.3576065109431216	valid CORR:0.4076339210681409
epoch:74
	best_epoch:51	best_acc:0.6197794117647059
	train loss:0.7343340880341	train acc:0.7456597222222222	train F1:0.6156721855345888	train CORR:0.6783291181118396
	valid loss:1.3243922836640303	valid acc:0.6096691176470589	valid F1:0.370962287718832	valid CORR:0.43552129426954767
epoch:75
	best_epoch:51	best_acc:0.6197794117647059
	train loss:0.7361538426743613	train acc:0.7443576388888888	train F1:0.605607178601564	train CORR:0.6716560929848951
	valid loss:1.3500948933994068	valid acc:0.6041544117647059	valid F1:0.3698237238066037	valid CORR:0.41037284132756635
epoch:76
	best_epoch:51	best_acc:0.6197794117647059
	train loss:0.7136183612876468	train acc:0.7530381944444444	train F1:0.6241776327260276	train CORR:0.6727403496814293
	valid loss:1.3633171600453995	valid acc:0.6023161764705882	valid F1:0.3768852458452236	valid CORR:0.45992773471757614
epoch:77
	best_epoch:51	best_acc:0.6197794117647059
	train loss:0.7431220072838995	train acc:0.7413194444444444	train F1:0.6421065048045	train CORR:0.6708052418152353
	valid loss:1.3730240323964287	valid acc:0.6032352941176471	valid F1:0.35662208698448156	valid CORR:0.421838279193561
epoch:78
	best_epoch:51	best_acc:0.6197794117647059
	train loss:0.7076360781987509	train acc:0.7517361111111112	train F1:0.6302191173645035	train CORR:0.6692504358992197
	valid loss:1.400346559636733	valid acc:0.6013970588235295	valid F1:0.3482976855746648	valid CORR:0.42417975830526083
epoch:79
	best_epoch:51	best_acc:0.6197794117647059
	train loss:0.72418302959866	train acc:0.73828125	train F1:0.6183756173409315	train CORR:0.6636580822167004
	valid loss:1.4239367842674255	valid acc:0.5912867647058824	valid F1:0.3398027343504935	valid CORR:0.4261227323205461
epoch:80
	best_epoch:51	best_acc:0.6197794117647059
	train loss:0.7212488742338287	train acc:0.73828125	train F1:0.6154644983349875	train CORR:0.6812951364661748
	valid loss:1.3958276019376867	valid acc:0.5977205882352942	valid F1:0.36905229289977226	valid CORR:0.4337475465573355
epoch:81
	best_epoch:51	best_acc:0.6197794117647059
	train loss:0.6973949637677934	train acc:0.7560763888888888	train F1:0.6391188668433142	train CORR:0.6796757544686594
	valid loss:1.3791445949498344	valid acc:0.5922058823529411	valid F1:0.3649011995894459	valid CORR:0.43972542574182744
epoch:82
	best_epoch:51	best_acc:0.6197794117647059
	train loss:0.7021105206675	train acc:0.7608506944444444	train F1:0.6609813382740369	train CORR:0.7058322394816964
	valid loss:1.356454940403209	valid acc:0.6004779411764706	valid F1:0.36958814052152533	valid CORR:0.4698613549177759
epoch:83
	best_epoch:51	best_acc:0.6197794117647059
	train loss:0.6820671533544859	train acc:0.7578125	train F1:0.6397193611631788	train CORR:0.6932977514886406
	valid loss:1.4374869921628166	valid acc:0.6078308823529411	valid F1:0.36374295687345604	valid CORR:0.4629956442466211
epoch:84
	best_epoch:51	best_acc:0.6197794117647059
	train loss:0.6897858695851432	train acc:0.7517361111111112	train F1:0.6480472851465469	train CORR:0.706619460675566
	valid loss:1.3947242743828718	valid acc:0.5949632352941177	valid F1:0.38624358049781493	valid CORR:0.4420205467885274
epoch:85
	best_epoch:51	best_acc:0.6197794117647059
	train loss:0.6718381411499448	train acc:0.7699652777777778	train F1:0.6583968638693685	train CORR:0.6914234268523922
	valid loss:1.4219825478161083	valid acc:0.60875	valid F1:0.3763760404847075	valid CORR:0.5039309138291823
epoch:86
	best_epoch:51	best_acc:0.6197794117647059
	train loss:0.676060269276301	train acc:0.7599826388888888	train F1:0.6467804573672231	train CORR:0.6825248764439785
	valid loss:1.3675318500574898	valid acc:0.6041544117647059	valid F1:0.3734279830947118	valid CORR:0.4728876819675372
epoch:87
	best_epoch:51	best_acc:0.6197794117647059
	train loss:0.6703464264671007	train acc:0.7591145833333334	train F1:0.6667504792886225	train CORR:0.7192597286750209
	valid loss:1.3885384166941923	valid acc:0.6004779411764706	valid F1:0.35228359166143586	valid CORR:0.468014175604884
epoch:88
	best_epoch:51	best_acc:0.6197794117647059
	train loss:0.6519330773088667	train acc:0.7651909722222222	train F1:0.6768582052046839	train CORR:0.7114533289310891
	valid loss:1.4217657376738155	valid acc:0.6032352941176471	valid F1:0.352263805205664	valid CORR:0.44695301993586745
epoch:89
	best_epoch:51	best_acc:0.6197794117647059
	train loss:0.6628595656818814	train acc:0.7643229166666666	train F1:0.6546932028846646	train CORR:0.6747163902253714
	valid loss:1.4020365476608276	valid acc:0.593125	valid F1:0.3533063032602583	valid CORR:0.42071570842868133
epoch:90
	best_epoch:51	best_acc:0.6197794117647059
	train loss:0.6400098237726424	train acc:0.7760416666666666	train F1:0.671847218750233	train CORR:0.7326284746900743
	valid loss:1.4321748579249662	valid acc:0.6032352941176471	valid F1:0.3555746439880634	valid CORR:0.45684286547745634
epoch:91
	best_epoch:51	best_acc:0.6197794117647059
	train loss:0.649499639040894	train acc:0.7660590277777778	train F1:0.6475032545776509	train CORR:0.7016911387918587
	valid loss:1.4056069324998295	valid acc:0.593125	valid F1:0.35058619682899794	valid CORR:0.42150597582605576
epoch:92
	best_epoch:51	best_acc:0.6197794117647059
	train loss:0.6527641597721312	train acc:0.7612847222222222	train F1:0.6648174849592994	train CORR:0.6842466085354417
	valid loss:1.4109503030776978	valid acc:0.5876102941176471	valid F1:0.37289085296486735	valid CORR:0.43179660492452576
epoch:93
	best_epoch:51	best_acc:0.6197794117647059
	train loss:0.6292925948897997	train acc:0.7808159722222222	train F1:0.6786666869418214	train CORR:0.7059726884525072
	valid loss:1.4982787545989542	valid acc:0.6023161764705882	valid F1:0.3380775432209967	valid CORR:0.41531958362485355
epoch:94
	best_epoch:51	best_acc:0.6197794117647059
	train loss:0.636351554758019	train acc:0.7703993055555556	train F1:0.6636543781420996	train CORR:0.7076584719584319
	valid loss:1.4544730852631962	valid acc:0.6004779411764706	valid F1:0.3516990222308969	valid CORR:0.4326662214055738
epoch:95
	best_epoch:51	best_acc:0.6197794117647059
	train loss:0.6219465326931741	train acc:0.7921006944444444	train F1:0.7173886876445745	train CORR:0.7599872563824847
	valid loss:1.494848188231973	valid acc:0.6069117647058824	valid F1:0.37436124174316004	valid CORR:0.46138078441876956
epoch:96
	best_epoch:51	best_acc:0.6197794117647059
	train loss:0.6108198306626744	train acc:0.7847222222222222	train F1:0.6924396914792188	train CORR:0.7222260751922472
	valid loss:1.4902561552384321	valid acc:0.6004779411764706	valid F1:0.35155685293299976	valid CORR:0.43877407400042134
epoch:97
	best_epoch:51	best_acc:0.6197794117647059
	train loss:0.6106218364503648	train acc:0.7847222222222222	train F1:0.6909323843230226	train CORR:0.7414496028608751
	valid loss:1.498684921685387	valid acc:0.6032352941176471	valid F1:0.3643038916649144	valid CORR:0.4380558344068002
epoch:98
	best_epoch:51	best_acc:0.6197794117647059
	train loss:0.5934874506460296	train acc:0.7894965277777778	train F1:0.714331612328482	train CORR:0.7749075469483696
	valid loss:1.4884460603489595	valid acc:0.6041544117647059	valid F1:0.3642605988133881	valid CORR:0.4521352167769189
epoch:99
	best_epoch:51	best_acc:0.6197794117647059
	train loss:0.6041481039590306	train acc:0.7886284722222222	train F1:0.7005433677771127	train CORR:0.7360388949351742
	valid loss:1.4458404078203089	valid acc:0.5968014705882353	valid F1:0.39673390616505777	valid CORR:0.45883680532353965
epoch:100
	best_epoch:51	best_acc:0.6197794117647059
	train loss:0.6144018496076266	train acc:0.7829861111111112	train F1:0.6917130061524375	train CORR:0.7346975576769104
	valid loss:1.4598730276612675	valid acc:0.5968014705882353	valid F1:0.3619419741145419	valid CORR:0.44277677539913785
epoch:101
	best_epoch:51	best_acc:0.6197794117647059
	train loss:0.6061321240332391	train acc:0.7803819444444444	train F1:0.6896377663145928	train CORR:0.7138084838627231
	valid loss:1.526709794998169	valid acc:0.6013970588235295	valid F1:0.3384283859022197	valid CORR:0.44184236808815586
epoch:102
	best_epoch:51	best_acc:0.6197794117647059
	train loss:0.5894542063275973	train acc:0.7860243055555556	train F1:0.7043637806265342	train CORR:0.7252000545448649
	valid loss:1.491508473368252	valid acc:0.6050735294117647	valid F1:0.3873362327152895	valid CORR:0.4502488432577343
epoch:103
	best_epoch:51	best_acc:0.6197794117647059
	train loss:0.588854001628028	train acc:0.7951388888888888	train F1:0.6961027930030723	train CORR:0.7420658834774961
	valid loss:1.459815014811123	valid acc:0.5986397058823529	valid F1:0.3890659058947029	valid CORR:0.4429624662837684
epoch:104
	best_epoch:51	best_acc:0.6197794117647059
	train loss:0.5756289983789126	train acc:0.7964409722222222	train F1:0.7104713348134513	train CORR:0.7287787017611136
	valid loss:1.5019069349064547	valid acc:0.5977205882352942	valid F1:0.3827907996079898	valid CORR:0.44393665866422094
epoch:105
	best_epoch:51	best_acc:0.6197794117647059
	train loss:0.5731509402394295	train acc:0.8003472222222222	train F1:0.7177302841533433	train CORR:0.7651357721546272
	valid loss:1.5359895650078268	valid acc:0.6023161764705882	valid F1:0.37969758894718936	valid CORR:0.45352617883670515
epoch:106
	best_epoch:51	best_acc:0.6197794117647059
	train loss:0.5595943522122171	train acc:0.8068576388888888	train F1:0.7275514191953509	train CORR:0.7534455133584619
	valid loss:1.51253364016028	valid acc:0.6078308823529411	valid F1:0.37662526099659915	valid CORR:0.4715780413412346
epoch:107
	best_epoch:51	best_acc:0.6197794117647059
	train loss:0.5599270115296046	train acc:0.7981770833333334	train F1:0.7112602484554715	train CORR:0.7409375152354059
	valid loss:1.5167400451267468	valid acc:0.6069117647058824	valid F1:0.39168659394209604	valid CORR:0.4681703936367556
epoch:108
	best_epoch:51	best_acc:0.6197794117647059
	train loss:0.5611136613620652	train acc:0.796875	train F1:0.7007957170712888	train CORR:0.7239095267539661
	valid loss:1.5315585101352018	valid acc:0.6059926470588235	valid F1:0.3842553911066407	valid CORR:0.47963680466340575
epoch:109
	best_epoch:51	best_acc:0.6197794117647059
	train loss:0.568187501695421	train acc:0.7981770833333334	train F1:0.7100889505137695	train CORR:0.743540817724235
	valid loss:1.5622857598697437	valid acc:0.6059926470588235	valid F1:0.37619021185774426	valid CORR:0.46827516946822945
epoch:110
	best_epoch:51	best_acc:0.6197794117647059
	train loss:0.5262987737854322	train acc:0.8229166666666666	train F1:0.7582526998837158	train CORR:0.8040281136894158
	valid loss:1.53991879084531	valid acc:0.6059926470588235	valid F1:0.38937553483779086	valid CORR:0.4728056826110704
epoch:111
	best_epoch:51	best_acc:0.6197794117647059
	train loss:0.5362744819786813	train acc:0.80859375	train F1:0.7335487293487717	train CORR:0.770513437331966
	valid loss:1.5571926341337317	valid acc:0.5876102941176471	valid F1:0.36966879887251197	valid CORR:0.44929553340391604
epoch:112
	best_epoch:51	best_acc:0.6197794117647059
	train loss:0.5481919232341979	train acc:0.8051215277777778	train F1:0.728938906953603	train CORR:0.7576046372222281
	valid loss:1.5455243587493896	valid acc:0.5977205882352942	valid F1:0.37176524749327783	valid CORR:0.4515277613565862
epoch:113
	best_epoch:51	best_acc:0.6197794117647059
	train loss:0.5311797145340178	train acc:0.8081597222222222	train F1:0.7231301152609309	train CORR:0.7535813108301901
	valid loss:1.5676915224860697	valid acc:0.6050735294117647	valid F1:0.38690957556125205	valid CORR:0.4712466474607877
epoch:114
	best_epoch:51	best_acc:0.6197794117647059
	train loss:0.5204218344555961	train acc:0.8207465277777778	train F1:0.7375469972315141	train CORR:0.7827208842094973
	valid loss:1.568155776051914	valid acc:0.6059926470588235	valid F1:0.3803605949885826	valid CORR:0.465026378743597
epoch:115
	best_epoch:51	best_acc:0.6197794117647059
	train loss:0.521837893459532	train acc:0.8168402777777778	train F1:0.7517928468661665	train CORR:0.7911125860146934
	valid loss:1.5699771151823156	valid acc:0.6069117647058824	valid F1:0.38270003052714574	valid CORR:0.4458764410476954
epoch:116
	best_epoch:51	best_acc:0.6197794117647059
	train loss:0.5171020850539207	train acc:0.8216145833333334	train F1:0.7582262060181726	train CORR:0.7725056720052443
	valid loss:1.5492921787149765	valid acc:0.6069117647058824	valid F1:0.3833276552395818	valid CORR:0.4630638240038391
epoch:117
	best_epoch:51	best_acc:0.6197794117647059
	train loss:0.51798893759648	train acc:0.8133680555555556	train F1:0.7595730277878967	train CORR:0.7765748615179795
	valid loss:1.6069567203521729	valid acc:0.60875	valid F1:0.3757137233353174	valid CORR:0.45296128734356733
epoch:118
	best_epoch:51	best_acc:0.6197794117647059
	train loss:0.5125219664639897	train acc:0.8181423611111112	train F1:0.7564692371370058	train CORR:0.7884975279482924
	valid loss:1.6454964174943811	valid acc:0.5940441176470589	valid F1:0.36926203168850597	valid CORR:0.42159746365057127
epoch:119
	best_epoch:51	best_acc:0.6197794117647059
	train loss:0.5007847025990486	train acc:0.8268229166666666	train F1:0.7590605991585229	train CORR:0.7876805392465304
	valid loss:1.6046296077616073	valid acc:0.5995588235294118	valid F1:0.37701869343746974	valid CORR:0.45510937278967034
epoch:120
	best_epoch:51	best_acc:0.6197794117647059
	train loss:0.5138924088742998	train acc:0.8211805555555556	train F1:0.745768087390865	train CORR:0.7795706500010566
	valid loss:1.5782764238469742	valid acc:0.6059926470588235	valid F1:0.3877249390524275	valid CORR:0.4778983718680926
epoch:121
	best_epoch:51	best_acc:0.6197794117647059
	train loss:0.49115820974111557	train acc:0.8211805555555556	train F1:0.7495517960195215	train CORR:0.7798144687766879
	valid loss:1.5775289184906904	valid acc:0.6069117647058824	valid F1:0.3881379124282046	valid CORR:0.45671357072167584
epoch:122
	best_epoch:51	best_acc:0.6197794117647059
	train loss:0.5021126220623652	train acc:0.8294270833333334	train F1:0.7699544063771373	train CORR:0.7670967703300315
	valid loss:1.60998516924241	valid acc:0.6041544117647059	valid F1:0.37940920218293206	valid CORR:0.4774402626334396
epoch:123
	best_epoch:51	best_acc:0.6197794117647059
	train loss:0.5007687815361552	train acc:0.8138020833333334	train F1:0.732690326208352	train CORR:0.7472227215351517
	valid loss:1.659336335518781	valid acc:0.5977205882352942	valid F1:0.3462815886985513	valid CORR:0.470844767751313
epoch:124
	best_epoch:51	best_acc:0.6197794117647059
	train loss:0.5047453683283594	train acc:0.8168402777777778	train F1:0.7550264960982865	train CORR:0.7781669746859226
	valid loss:1.6151755522279179	valid acc:0.6096691176470589	valid F1:0.39205117314349375	valid CORR:0.45346450927085663
epoch:125
	best_epoch:51	best_acc:0.6197794117647059
	train loss:0.4842601766188939	train acc:0.8294270833333334	train F1:0.7689232801085231	train CORR:0.8036211919927818
	valid loss:1.6580980279866386	valid acc:0.6050735294117647	valid F1:0.37560721501966665	valid CORR:0.4348282805637662
epoch:126
	best_epoch:51	best_acc:0.6197794117647059
	train loss:0.4846976076563199	train acc:0.83203125	train F1:0.7811894731996913	train CORR:0.7932401003358094
	valid loss:1.6921391872798695	valid acc:0.5958823529411765	valid F1:0.3593604478777406	valid CORR:0.4367795385898235
epoch:127
	best_epoch:51	best_acc:0.6197794117647059
	train loss:0.4713151794340875	train acc:0.8363715277777778	train F1:0.7806831114227901	train CORR:0.7900450876106487
	valid loss:1.6458133318844963	valid acc:0.6032352941176471	valid F1:0.3828163883134842	valid CORR:0.4509248364858398
epoch:128
	best_epoch:51	best_acc:0.6197794117647059
	train loss:0.48864849822388756	train acc:0.83203125	train F1:0.7701544468302387	train CORR:0.779129895720969
	valid loss:1.597018532893237	valid acc:0.6004779411764706	valid F1:0.3841650992534128	valid CORR:0.43896194962680707
epoch:129
	best_epoch:51	best_acc:0.6197794117647059
	train loss:0.47089750071366626	train acc:0.8294270833333334	train F1:0.7613214888537922	train CORR:0.7756246422294475
	valid loss:1.6549237966537476	valid acc:0.6032352941176471	valid F1:0.37227986035176364	valid CORR:0.453449644477554
epoch:130
	best_epoch:51	best_acc:0.6197794117647059
	train loss:0.4548332823647393	train acc:0.8298611111111112	train F1:0.7669327269186685	train CORR:0.7837555504083823
	valid loss:1.6152510783251595	valid acc:0.6032352941176471	valid F1:0.38067281927338237	valid CORR:0.458318153290667
epoch:131
	best_epoch:51	best_acc:0.6197794117647059
	train loss:0.46810079365968704	train acc:0.8372395833333334	train F1:0.7817629661423271	train CORR:0.8125305519216593
	valid loss:1.6944506764411926	valid acc:0.5995588235294118	valid F1:0.36478477676966947	valid CORR:0.4616550068424795
epoch:132
	best_epoch:51	best_acc:0.6197794117647059
	train loss:0.4773694591389762	train acc:0.8324652777777778	train F1:0.7732562200383969	train CORR:0.8058037753658762
	valid loss:1.6249948249143713	valid acc:0.6023161764705882	valid F1:0.37482683918779536	valid CORR:0.4686389221435019
epoch:133
	best_epoch:51	best_acc:0.6197794117647059
	train loss:0.44419457018375397	train acc:0.8472222222222222	train F1:0.7982046950989339	train CORR:0.8101163689946169
	valid loss:1.6605850738637589	valid acc:0.6004779411764706	valid F1:0.3694307232813947	valid CORR:0.4492300790636787
epoch:134
	best_epoch:51	best_acc:0.6197794117647059
	train loss:0.44908417016267776	train acc:0.8420138888888888	train F1:0.7874306982790535	train CORR:0.8062421275634359
	valid loss:1.7013210338704727	valid acc:0.6078308823529411	valid F1:0.370651966914609	valid CORR:0.4761649983381324
epoch:135
	best_epoch:51	best_acc:0.6197794117647059
	train loss:0.4211607774098714	train acc:0.8550347222222222	train F1:0.7985956534339022	train CORR:0.784025160285489
	valid loss:1.6677186489105225	valid acc:0.5986397058823529	valid F1:0.37699405552451803	valid CORR:0.47918282293387143
epoch:136
	best_epoch:51	best_acc:0.6197794117647059
	train loss:0.4557926067047649	train acc:0.8420138888888888	train F1:0.7721012372913509	train CORR:0.7860495360421995
	valid loss:1.7001684132744284	valid acc:0.5977205882352942	valid F1:0.3601055937542089	valid CORR:0.46001879806239276
epoch:137
	best_epoch:51	best_acc:0.6197794117647059
	train loss:0.44603215985827976	train acc:0.8407118055555556	train F1:0.775828980035917	train CORR:0.7966923063713228
	valid loss:1.6784836474586935	valid acc:0.5830147058823529	valid F1:0.3798529542441708	valid CORR:0.46912841056137666
epoch:138
	best_epoch:51	best_acc:0.6197794117647059
	train loss:0.43223577323887086	train acc:0.8459201388888888	train F1:0.7925892084445747	train CORR:0.8239087757970145
	valid loss:1.7216856760137222	valid acc:0.6023161764705882	valid F1:0.36474752318179987	valid CORR:0.4650732449128199
epoch:139
	best_epoch:51	best_acc:0.6197794117647059
	train loss:0.44033002273903954	train acc:0.8420138888888888	train F1:0.7926484573672057	train CORR:0.8407175031955936
	valid loss:1.7194272490108715	valid acc:0.6004779411764706	valid F1:0.3504077023530434	valid CORR:0.4242745800122426
epoch:140
	best_epoch:51	best_acc:0.6197794117647059
	train loss:0.4245031740930345	train acc:0.8498263888888888	train F1:0.8067137313919719	train CORR:0.8234712754672568
	valid loss:1.6446205868440515	valid acc:0.5977205882352942	valid F1:0.37175581881273445	valid CORR:0.4310706351220146
epoch:141
	best_epoch:51	best_acc:0.6197794117647059
	train loss:0.4229966029524803	train acc:0.8498263888888888	train F1:0.7975315473082681	train CORR:0.7768925755394636
	valid loss:1.7354725949904497	valid acc:0.6032352941176471	valid F1:0.3787994300804989	valid CORR:0.48080420886136144
epoch:142
	best_epoch:51	best_acc:0.6197794117647059
	train loss:0.4273082489768664	train acc:0.8519965277777778	train F1:0.8095324289007753	train CORR:0.8382485743716086
	valid loss:1.6948836270500631	valid acc:0.6050735294117647	valid F1:0.37985571102444166	valid CORR:0.4652058385340312
epoch:143
	best_epoch:51	best_acc:0.6197794117647059
	train loss:0.41255877746476066	train acc:0.8619791666666666	train F1:0.8184502297956816	train CORR:0.8219306126640692
	valid loss:1.7164723803015316	valid acc:0.5995588235294118	valid F1:0.3790547243879997	valid CORR:0.4382358723426012
epoch:144
	best_epoch:51	best_acc:0.6197794117647059
	train loss:0.4162888874610265	train acc:0.8532986111111112	train F1:0.8032603131581959	train CORR:0.7936000797124019
	valid loss:1.7213968459297628	valid acc:0.593125	valid F1:0.36564890005050565	valid CORR:0.4664422624004516
epoch:145
	best_epoch:51	best_acc:0.6197794117647059
	train loss:0.42017880578835803	train acc:0.8580729166666666	train F1:0.8167492844505435	train CORR:0.8512045098361245
	valid loss:1.7205665321911083	valid acc:0.6105882352941177	valid F1:0.38085391500116306	valid CORR:0.4580771182359848
epoch:146
	best_epoch:51	best_acc:0.6197794117647059
	train loss:0.40038075380855137	train acc:0.8641493055555556	train F1:0.813977783541233	train CORR:0.8374905230512877
	valid loss:1.6993143838994644	valid acc:0.6041544117647059	valid F1:0.3724923446889	valid CORR:0.4573842644241382
epoch:147
	best_epoch:51	best_acc:0.6197794117647059
	train loss:0.37985114090972477	train acc:0.8715277777777778	train F1:0.8274053691231801	train CORR:0.84138977527741
	valid loss:1.7265207346747904	valid acc:0.5995588235294118	valid F1:0.37875456546619746	valid CORR:0.4767338743317788
epoch:148
	best_epoch:51	best_acc:0.6197794117647059
	train loss:0.37455467879772186	train acc:0.8741319444444444	train F1:0.8319960542148659	train CORR:0.8376995536040894
	valid loss:1.744366631788366	valid acc:0.5949632352941177	valid F1:0.37094404020048033	valid CORR:0.4690874303745496
epoch:149
	best_epoch:51	best_acc:0.6197794117647059
	train loss:0.39281367551949287	train acc:0.8663194444444444	train F1:0.8240116920983309	train CORR:0.8314612132229604
	valid loss:1.7692037470200483	valid acc:0.5940441176470589	valid F1:0.36598136286211563	valid CORR:0.434503696507826
epoch:150
	best_epoch:51	best_acc:0.6197794117647059
	train loss:0.3986983837352859	train acc:0.8650173611111112	train F1:0.8132673843415881	train CORR:0.8375186769956419
	valid loss:1.7271837557063383	valid acc:0.5922058823529411	valid F1:0.3734718202583276	valid CORR:0.4682684691466322
epoch:151
	best_epoch:51	best_acc:0.6197794117647059
	train loss:0.38523320025867885	train acc:0.8706597222222222	train F1:0.8315085719785076	train CORR:0.8358422724390293
	valid loss:1.8667104664970846	valid acc:0.6069117647058824	valid F1:0.3584631926647644	valid CORR:0.4507352285212711
epoch:152
	best_epoch:51	best_acc:0.6197794117647059
	train loss:0.38487749960687423	train acc:0.8723958333333334	train F1:0.8242667553170133	train CORR:0.8488563920651614
	valid loss:1.76946057992823	valid acc:0.6013970588235295	valid F1:0.36790264353765134	valid CORR:0.4463171816550434
epoch:153
	best_epoch:51	best_acc:0.6197794117647059
	train loss:0.38255538625849617	train acc:0.8650173611111112	train F1:0.8247532906037225	train CORR:0.8233831517438828
	valid loss:1.854835636475507	valid acc:0.6050735294117647	valid F1:0.3606843801689151	valid CORR:0.44069757533410653
epoch:154
	best_epoch:51	best_acc:0.6197794117647059
	train loss:0.35885727985037696	train acc:0.8771701388888888	train F1:0.8425688968199506	train CORR:0.8475397545268455
	valid loss:1.763803713461932	valid acc:0.5977205882352942	valid F1:0.36950777819736014	valid CORR:0.44689628958062
epoch:155
	best_epoch:51	best_acc:0.6197794117647059
	train loss:0.3972572535276413	train acc:0.8615451388888888	train F1:0.816595101941713	train CORR:0.8396717688741921
	valid loss:1.7939164007411283	valid acc:0.60875	valid F1:0.37158435579752	valid CORR:0.4638316024018309
epoch:156
	best_epoch:51	best_acc:0.6197794117647059
	train loss:0.3816067849596341	train acc:0.86328125	train F1:0.8154626811884502	train CORR:0.8280610448233809
	valid loss:1.7628791402367985	valid acc:0.6105882352941177	valid F1:0.3802396608164319	valid CORR:0.4845345952616733
epoch:157
	best_epoch:51	best_acc:0.6197794117647059
	train loss:0.36927420107854736	train acc:0.8793402777777778	train F1:0.8431746065507977	train CORR:0.8411090165914683
	valid loss:1.755406141281128	valid acc:0.60875	valid F1:0.37072632455887683	valid CORR:0.4650080566471019
epoch:158
	best_epoch:51	best_acc:0.6197794117647059
	train loss:0.36417627582947415	train acc:0.8719618055555556	train F1:0.8382993124339575	train CORR:0.8667049930821107
	valid loss:1.7441330236547135	valid acc:0.6059926470588235	valid F1:0.388490298362229	valid CORR:0.4714549669893792
epoch:159
	best_epoch:51	best_acc:0.6197794117647059
	train loss:0.367320242855284	train acc:0.8706597222222222	train F1:0.8394698303546388	train CORR:0.8531124091049981
	valid loss:1.754475474357605	valid acc:0.6013970588235295	valid F1:0.37402930268623324	valid CORR:0.4559697614728839
epoch:160
	best_epoch:51	best_acc:0.6197794117647059
	train loss:0.3739271139105161	train acc:0.8723958333333334	train F1:0.8276309169603743	train CORR:0.8432026968601194
	valid loss:1.7517115789301254	valid acc:0.5977205882352942	valid F1:0.3700188418055297	valid CORR:0.4459894726489267
epoch:161
	best_epoch:51	best_acc:0.6197794117647059
	train loss:0.3580731869571739	train acc:0.8754340277777778	train F1:0.8372720744542161	train CORR:0.8450742519120585
	valid loss:1.9709867379244637	valid acc:0.6050735294117647	valid F1:0.35819984972169894	valid CORR:0.4631775162979561
epoch:162
	best_epoch:51	best_acc:0.6197794117647059
	train loss:0.34063707250687814	train acc:0.8927951388888888	train F1:0.8653681345189339	train CORR:0.8705515261114376
	valid loss:1.7960013712153715	valid acc:0.5995588235294118	valid F1:0.37390717039659294	valid CORR:0.46556805463767464
epoch:163
	best_epoch:51	best_acc:0.6197794117647059
	train loss:0.34143777067462605	train acc:0.8832465277777778	train F1:0.8440194692454948	train CORR:0.8534131417427391
	valid loss:1.8813974366468542	valid acc:0.5986397058823529	valid F1:0.3702390556684876	valid CORR:0.4403082560298385
epoch:164
	best_epoch:51	best_acc:0.6197794117647059
	train loss:0.3593674782249663	train acc:0.8723958333333334	train F1:0.8413220732145185	train CORR:0.8414473369930832
	valid loss:1.924615453271305	valid acc:0.6059926470588235	valid F1:0.36205503500806124	valid CORR:0.445361299306803
epoch:165
	best_epoch:51	best_acc:0.6197794117647059
	train loss:0.3524530041548941	train acc:0.8828125	train F1:0.8503283785161322	train CORR:0.8608219007539513
	valid loss:1.8594047041500317	valid acc:0.6004779411764706	valid F1:0.3632023390175094	valid CORR:0.4623750763883667
epoch:166
	best_epoch:51	best_acc:0.6197794117647059
	train loss:0.351394660356972	train acc:0.8719618055555556	train F1:0.8378351029956315	train CORR:0.8388799464025595
	valid loss:1.888279585277333	valid acc:0.6059926470588235	valid F1:0.3612619283253111	valid CORR:0.43650169541946454
epoch:167
	best_epoch:51	best_acc:0.6197794117647059
	train loss:0.34098633834057385	train acc:0.8802083333333334	train F1:0.847964912581662	train CORR:0.8587798206975676
	valid loss:1.883451728259816	valid acc:0.6023161764705882	valid F1:0.36322035374595163	valid CORR:0.4287742794954299
epoch:168
	best_epoch:51	best_acc:0.6197794117647059
	train loss:0.32815749156806207	train acc:0.8893229166666666	train F1:0.8577433110578621	train CORR:0.8741939089576116
	valid loss:1.8333601811352898	valid acc:0.6059926470588235	valid F1:0.38178762870351	valid CORR:0.45344637662287635
epoch:169
	best_epoch:51	best_acc:0.6197794117647059
	train loss:0.3539196004470189	train acc:0.8741319444444444	train F1:0.8384871925435009	train CORR:0.849112991948862
	valid loss:1.7841503269532148	valid acc:0.5986397058823529	valid F1:0.3835169101681065	valid CORR:0.44529453311209405
epoch:170
	best_epoch:51	best_acc:0.6197794117647059
	train loss:0.33391015479962033	train acc:0.8832465277777778	train F1:0.8478189512388729	train CORR:0.8490439909042311
	valid loss:1.8935312383315142	valid acc:0.6069117647058824	valid F1:0.3780709049030677	valid CORR:0.457644024066861
epoch:171
	best_epoch:51	best_acc:0.6197794117647059
	train loss:0.3275385904643271	train acc:0.8919270833333334	train F1:0.8541495826894205	train CORR:0.8532811570167094
	valid loss:1.883228666642133	valid acc:0.6050735294117647	valid F1:0.3809730454656211	valid CORR:0.47692834580411547
epoch:172
	best_epoch:51	best_acc:0.6197794117647059
	train loss:0.3079138923850324	train acc:0.9019097222222222	train F1:0.8833019307752883	train CORR:0.8831459603858917
	valid loss:1.846750343547148	valid acc:0.6023161764705882	valid F1:0.3797510708457517	valid CORR:0.4570775322835089
epoch:173
	best_epoch:51	best_acc:0.6197794117647059
	train loss:0.3020128433903058	train acc:0.89453125	train F1:0.8686294212812611	train CORR:0.8869741378340714
	valid loss:1.9275393696392285	valid acc:0.6096691176470589	valid F1:0.374421669375383	valid CORR:0.4669787954409764
epoch:174
	best_epoch:51	best_acc:0.6197794117647059
	train loss:0.3117995771269004	train acc:0.8949652777777778	train F1:0.8741387308851473	train CORR:0.8840643468903417
	valid loss:1.8888506188112146	valid acc:0.6151838235294118	valid F1:0.386379523495922	valid CORR:0.48789207062175377
epoch:175
	best_epoch:51	best_acc:0.6197794117647059
	train loss:0.322615760895941	train acc:0.8858506944444444	train F1:0.8499763214340721	train CORR:0.8593723442443542
	valid loss:1.821735795806436	valid acc:0.6023161764705882	valid F1:0.37591201865400625	valid CORR:0.45382243224596625
epoch:176
	best_epoch:51	best_acc:0.6197794117647059
	train loss:0.334079321887758	train acc:0.88671875	train F1:0.8593918751479767	train CORR:0.867520956772283
	valid loss:1.9026760984869564	valid acc:0.6170220588235295	valid F1:0.38359689031054534	valid CORR:0.47672513331527333
epoch:177
	best_epoch:51	best_acc:0.6197794117647059
	train loss:0.32334274757239556	train acc:0.8862847222222222	train F1:0.8481568395706952	train CORR:0.8359350781716216
	valid loss:1.8527013975031235	valid acc:0.6050735294117647	valid F1:0.36936937800813424	valid CORR:0.4795710505188969
epoch:178
	best_epoch:51	best_acc:0.6197794117647059
	train loss:0.33090442874365383	train acc:0.8884548611111112	train F1:0.8523320314182603	train CORR:0.8528074700688175
	valid loss:1.9087172606412102	valid acc:0.6059926470588235	valid F1:0.38037770399206944	valid CORR:0.48256743982212
epoch:179
	best_epoch:51	best_acc:0.6197794117647059
	train loss:0.3152848357955615	train acc:0.8888888888888888	train F1:0.8512774920540155	train CORR:0.8585363155766205
	valid loss:1.8826421639498543	valid acc:0.60875	valid F1:0.379366074003469	valid CORR:0.473311919712695
epoch:180
	best_epoch:51	best_acc:0.6197794117647059
	train loss:0.30959609233670765	train acc:0.8940972222222222	train F1:0.8671402309467583	train CORR:0.8693255797406093
	valid loss:1.8824951438342823	valid acc:0.6105882352941177	valid F1:0.36689767940186124	valid CORR:0.46176713567914063
epoch:181
	best_epoch:51	best_acc:0.6197794117647059
	train loss:0.31706619511048	train acc:0.8936631944444444	train F1:0.8691350865754313	train CORR:0.8830446078545657
	valid loss:1.9156097664552576	valid acc:0.60875	valid F1:0.3757952006490738	valid CORR:0.48200111598215517
epoch:182
	best_epoch:51	best_acc:0.6197794117647059
	train loss:0.3033439823322826	train acc:0.8958333333333334	train F1:0.8633295421849885	train CORR:0.8656697848717816
	valid loss:1.8789630286833818	valid acc:0.6142647058823529	valid F1:0.3861765572366157	valid CORR:0.4876259147310472
epoch:183
	best_epoch:51	best_acc:0.6197794117647059
	train loss:0.31991392249862355	train acc:0.8880208333333334	train F1:0.8538100635026793	train CORR:0.8600993578642119
	valid loss:1.8862574451109941	valid acc:0.6096691176470589	valid F1:0.3696075746609589	valid CORR:0.44346301685380474
epoch:184
	best_epoch:51	best_acc:0.6197794117647059
	train loss:0.29707149498992497	train acc:0.9058159722222222	train F1:0.8797173502649456	train CORR:0.8800577724918718
	valid loss:1.844279127962449	valid acc:0.5986397058823529	valid F1:0.3625629620026565	valid CORR:0.46822504384195635
epoch:185
	best_epoch:51	best_acc:0.6197794117647059
	train loss:0.3130809950331847	train acc:0.8940972222222222	train F1:0.8611398072545875	train CORR:0.8700123296182628
	valid loss:1.8722754927242504	valid acc:0.6179411764705882	valid F1:0.3804948065061188	valid CORR:0.492055105104109
epoch:186
	best_epoch:51	best_acc:0.6197794117647059
	train loss:0.2876211491723855	train acc:0.9075520833333334	train F1:0.8836534992163021	train CORR:0.8915773450398855
	valid loss:1.898986346581403	valid acc:0.6151838235294118	valid F1:0.37889666706509006	valid CORR:0.48561326154207124
epoch:187
	best_epoch:51	best_acc:0.6197794117647059
	train loss:0.2849714478684796	train acc:0.9118923611111112	train F1:0.8895611423881108	train CORR:0.9055621820647025
	valid loss:1.9059452519697302	valid acc:0.6151838235294118	valid F1:0.38440447727505866	valid CORR:0.4780179145960757
epoch:188
	best_epoch:51	best_acc:0.6197794117647059
	train loss:0.28150522005226875	train acc:0.90625	train F1:0.8694466802275098	train CORR:0.8712306654477535
	valid loss:1.911462145693162	valid acc:0.6059926470588235	valid F1:0.3726133013068423	valid CORR:0.47443865900671434
epoch:189
	best_epoch:51	best_acc:0.6197794117647059
	train loss:0.2859962152110206	train acc:0.8988715277777778	train F1:0.8680125506104797	train CORR:0.8754939954903018
	valid loss:1.9384447125827564	valid acc:0.6069117647058824	valid F1:0.3688282422785911	valid CORR:0.46807019307129627
epoch:190
	best_epoch:51	best_acc:0.6197794117647059
	train loss:0.28627561032772064	train acc:0.8962673611111112	train F1:0.8712551437814094	train CORR:0.870758618677731
	valid loss:2.0397458847831276	valid acc:0.6179411764705882	valid F1:0.36640957756718223	valid CORR:0.45684616209808615
epoch:191
	best_epoch:51	best_acc:0.6197794117647059
	train loss:0.2766933250758383	train acc:0.9027777777777778	train F1:0.8755512088165875	train CORR:0.8718060315984006
	valid loss:2.0514437941943897	valid acc:0.6059926470588235	valid F1:0.35903743153281775	valid CORR:0.4637351241688109
epoch:192
	best_epoch:51	best_acc:0.6197794117647059
	train loss:0.27044474623269504	train acc:0.9075520833333334	train F1:0.8861227372992442	train CORR:0.8915168599266546
	valid loss:2.0379892727907967	valid acc:0.60875	valid F1:0.358236370146656	valid CORR:0.46945113251408116
epoch:193
	best_epoch:51	best_acc:0.6197794117647059
	train loss:0.28964009922411704	train acc:0.9036458333333334	train F1:0.876120478252733	train CORR:0.8725227402983567
	valid loss:1.9766882447635425	valid acc:0.6188602941176471	valid F1:0.3836679022009984	valid CORR:0.48315844799832935
epoch:194
	best_epoch:51	best_acc:0.6197794117647059
	train loss:0.2709613802532355	train acc:0.9092881944444444	train F1:0.8871837592025908	train CORR:0.9074121930770855
	valid loss:1.9582246331607593	valid acc:0.60875	valid F1:0.37488375517385664	valid CORR:0.4771400965051833
epoch:195
	best_epoch:51	best_acc:0.6197794117647059
	train loss:0.25811503786179757	train acc:0.9210069444444444	train F1:0.8877340378607874	train CORR:0.8953274055315309
	valid loss:1.9633063638911528	valid acc:0.6041544117647059	valid F1:0.37468251823733967	valid CORR:0.4710582743128647
epoch:196
	best_epoch:51	best_acc:0.6197794117647059
	train loss:0.2709978077974584	train acc:0.9127604166666666	train F1:0.8852404197330532	train CORR:0.8987194035357711
	valid loss:1.9548277434180765	valid acc:0.6050735294117647	valid F1:0.36548245067293555	valid CORR:0.4904203825228789
epoch:197
	best_epoch:51	best_acc:0.6197794117647059
	train loss:0.2733193031615681	train acc:0.9045138888888888	train F1:0.8796723977299871	train CORR:0.8749302997396405
	valid loss:2.012880100923426	valid acc:0.6032352941176471	valid F1:0.3747096663949109	valid CORR:0.46105525757391386
epoch:198
	best_epoch:51	best_acc:0.6197794117647059
	train loss:0.27948786773615414	train acc:0.9053819444444444	train F1:0.8901037820235456	train CORR:0.8945454247303313
	valid loss:1.968419818317189	valid acc:0.5986397058823529	valid F1:0.3657662890302862	valid CORR:0.44231239378170895
epoch:199
	best_epoch:51	best_acc:0.6197794117647059
	train loss:0.2601864230301645	train acc:0.9105902777777778	train F1:0.8822154337508232	train CORR:0.9024854014737331
	valid loss:2.000679205445682	valid acc:0.6078308823529411	valid F1:0.369492597242818	valid CORR:0.4672822434562839
epoch:200
	best_epoch:51	best_acc:0.6197794117647059
	train loss:0.2592516624265247	train acc:0.9127604166666666	train F1:0.8850649731985287	train CORR:0.8919867769503043
	valid loss:1.9957863162545597	valid acc:0.6069117647058824	valid F1:0.3715989835775819	valid CORR:0.4582408781860638
epoch:201
	best_epoch:51	best_acc:0.6197794117647059
	train loss:0.2596479306618373	train acc:0.9171006944444444	train F1:0.8972114668037481	train CORR:0.906315063070529
	valid loss:1.955563790657941	valid acc:0.6096691176470589	valid F1:0.36741133633581297	valid CORR:0.46644332390436394
epoch:202
	best_epoch:51	best_acc:0.6197794117647059
	train loss:0.24846439767214987	train acc:0.9240451388888888	train F1:0.8996228484893709	train CORR:0.8931448345868986
	valid loss:2.0381483330446133	valid acc:0.6105882352941177	valid F1:0.3612444127666133	valid CORR:0.44312242050809647
epoch:203
	best_epoch:51	best_acc:0.6197794117647059
	train loss:0.2509649226235019	train acc:0.9162326388888888	train F1:0.8926889206253824	train CORR:0.8916744124016213
	valid loss:1.9544311621609856	valid acc:0.5986397058823529	valid F1:0.37760911819816656	valid CORR:0.45698343860436197
epoch:204
	best_epoch:51	best_acc:0.6197794117647059
	train loss:0.2555999822086758	train acc:0.9157986111111112	train F1:0.8937344826010685	train CORR:0.8991196725850145
	valid loss:1.9946191451128792	valid acc:0.6023161764705882	valid F1:0.362301341726182	valid CORR:0.4525924182367258
epoch:205
	best_epoch:51	best_acc:0.6197794117647059
	train loss:0.2515011197990841	train acc:0.9201388888888888	train F1:0.8881982682710056	train CORR:0.8997876515622771
	valid loss:1.9721166246077593	valid acc:0.5885294117647059	valid F1:0.36460716857073494	valid CORR:0.4579411182458749
epoch:206
	best_epoch:51	best_acc:0.6197794117647059
	train loss:0.2473939007355107	train acc:0.9184027777777778	train F1:0.9035351228995657	train CORR:0.9068773174624465
	valid loss:1.9409466491026037	valid acc:0.6041544117647059	valid F1:0.38058470169890135	valid CORR:0.48863950204481943
epoch:207
	best_epoch:51	best_acc:0.6197794117647059
	train loss:0.24646396934986115	train acc:0.9197048611111112	train F1:0.8954408183866729	train CORR:0.8916160905334278
	valid loss:1.9557514891904944	valid acc:0.6050735294117647	valid F1:0.3723216331626952	valid CORR:0.4607808746812482
epoch:208
	best_epoch:51	best_acc:0.6197794117647059
	train loss:0.25178144748012227	train acc:0.91796875	train F1:0.9015549314202433	train CORR:0.8986438648583772
	valid loss:2.030142033801359	valid acc:0.6105882352941177	valid F1:0.37350971619440504	valid CORR:0.46197779726443805
epoch:209
	best_epoch:51	best_acc:0.6197794117647059
	train loss:0.2362059574160311	train acc:0.9262152777777778	train F1:0.9100157077835607	train CORR:0.9119022057462247
	valid loss:1.9862173795700073	valid acc:0.6032352941176471	valid F1:0.36766763419094156	valid CORR:0.45800802057045703
epoch:210
	best_epoch:51	best_acc:0.6197794117647059
	train loss:0.24363923196991286	train acc:0.9197048611111112	train F1:0.8987589706563499	train CORR:0.8858446647173115
	valid loss:2.080829445053549	valid acc:0.6050735294117647	valid F1:0.36205476852114526	valid CORR:0.4607763869571293
epoch:211
	best_epoch:51	best_acc:0.6197794117647059
	train loss:0.2609885467423333	train acc:0.9136284722222222	train F1:0.8957484956284617	train CORR:0.896287190754222
	valid loss:1.9745940250508927	valid acc:0.6050735294117647	valid F1:0.36656994686292965	valid CORR:0.4633563123170187
epoch:212
	best_epoch:51	best_acc:0.6197794117647059
	train loss:0.24115285774072012	train acc:0.9240451388888888	train F1:0.8938352761838049	train CORR:0.8966703828429732
	valid loss:1.959691840059617	valid acc:0.6004779411764706	valid F1:0.3752590217052839	valid CORR:0.4531256782003189
epoch:213
	best_epoch:51	best_acc:0.6197794117647059
	train loss:0.23154271187053788	train acc:0.9279513888888888	train F1:0.9068341355954286	train CORR:0.923318836920784
	valid loss:2.008131307714126	valid acc:0.6059926470588235	valid F1:0.36019716440010374	valid CORR:0.46546436819238407
epoch:214
	best_epoch:51	best_acc:0.6197794117647059
	train loss:0.23760400174392593	train acc:0.9262152777777778	train F1:0.9189613349818031	train CORR:0.9203411555904253
	valid loss:1.9327538714689367	valid acc:0.593125	valid F1:0.3765643507695999	valid CORR:0.46769003989955404
epoch:215
	best_epoch:51	best_acc:0.6197794117647059
	train loss:0.23589356823099983	train acc:0.9253472222222222	train F1:0.9048927295912179	train CORR:0.9126368196625957
	valid loss:1.9638175333247465	valid acc:0.6032352941176471	valid F1:0.3763601550493588	valid CORR:0.47180519026827505
epoch:216
	best_epoch:51	best_acc:0.6197794117647059
	train loss:0.21655295147664017	train acc:0.9361979166666666	train F1:0.9164783766614144	train CORR:0.9197415042878536
	valid loss:2.1610893221462475	valid acc:0.60875	valid F1:0.36032911327522565	valid CORR:0.460861840392512
epoch:217
	best_epoch:51	best_acc:0.6197794117647059
	train loss:0.2405504346307781	train acc:0.9227430555555556	train F1:0.9085110703289003	train CORR:0.9136702121039071
	valid loss:2.0851035398595474	valid acc:0.60875	valid F1:0.36530642287287274	valid CORR:0.46671224352844265
epoch:218
	best_epoch:51	best_acc:0.6197794117647059
	train loss:0.21455193021231228	train acc:0.9353298611111112	train F1:0.9129072474990351	train CORR:0.9140818040325034
	valid loss:2.179309466305901	valid acc:0.6096691176470589	valid F1:0.36580974030431607	valid CORR:0.4762089091185784
epoch:219
	best_epoch:51	best_acc:0.6197794117647059
	train loss:0.2280876719289356	train acc:0.9275173611111112	train F1:0.8996719977311232	train CORR:0.8981140808619494
	valid loss:2.0477345691007725	valid acc:0.6004779411764706	valid F1:0.37158898056739637	valid CORR:0.46992725415585174
epoch:220
	best_epoch:51	best_acc:0.6197794117647059
	train loss:0.22395938800440895	train acc:0.9322916666666666	train F1:0.9181844250325253	train CORR:0.916496034362636
	valid loss:1.9496494742000805	valid acc:0.6050735294117647	valid F1:0.3829358457002	valid CORR:0.49386919147445296
epoch:221
	best_epoch:51	best_acc:0.6197794117647059
	train loss:0.22360594736205208	train acc:0.9240451388888888	train F1:0.8997989958998371	train CORR:0.898602491522901
	valid loss:2.1323028452256145	valid acc:0.6096691176470589	valid F1:0.3678245002930616	valid CORR:0.45572708615092083
epoch:222
	best_epoch:51	best_acc:0.6197794117647059
	train loss:0.23161862128310734	train acc:0.9227430555555556	train F1:0.8992454033138632	train CORR:0.9063275004839055
	valid loss:2.2004449437646305	valid acc:0.6133455882352942	valid F1:0.3541059668232285	valid CORR:0.44433195799504044
epoch:223
	best_epoch:51	best_acc:0.6197794117647059
	train loss:0.24142439083920586	train acc:0.91796875	train F1:0.8905473558116246	train CORR:0.8974574242563056
	valid loss:2.073671074474559	valid acc:0.6078308823529411	valid F1:0.3613605007422745	valid CORR:0.4754159952692786
epoch:224
	best_epoch:51	best_acc:0.6197794117647059
	train loss:0.21658622328605917	train acc:0.9296875	train F1:0.9138863599241145	train CORR:0.9285575061160055
	valid loss:2.113935393445632	valid acc:0.6151838235294118	valid F1:0.368117923470199	valid CORR:0.48452638913954044
epoch:225
	best_epoch:51	best_acc:0.6197794117647059
	train loss:0.2241402380168438	train acc:0.9214409722222222	train F1:0.8908103689459521	train CORR:0.8957678869233743
	valid loss:2.0474371278987213	valid acc:0.6115073529411765	valid F1:0.3658751341708293	valid CORR:0.4716590759428469
epoch:226
	best_epoch:51	best_acc:0.6197794117647059
	train loss:0.21497194738023812	train acc:0.9314236111111112	train F1:0.912647907954943	train CORR:0.9049833537241367
	valid loss:2.024064302444458	valid acc:0.6069117647058824	valid F1:0.36840586220579596	valid CORR:0.459672651430622
epoch:227
	best_epoch:51	best_acc:0.6197794117647059
	train loss:0.21862150190605056	train acc:0.9344618055555556	train F1:0.9173927767832868	train CORR:0.9136123854035396
	valid loss:2.0830723257625805	valid acc:0.6133455882352942	valid F1:0.3702752256094489	valid CORR:0.46552007627884495
epoch:228
	best_epoch:51	best_acc:0.6197794117647059
	train loss:0.19523720029327604	train acc:0.9388020833333334	train F1:0.9177574505582549	train CORR:0.9268399211616957
	valid loss:2.125555332969217	valid acc:0.6078308823529411	valid F1:0.3593152834897782	valid CORR:0.4767594771577653
epoch:229
	best_epoch:51	best_acc:0.6197794117647059
	train loss:0.20577596024506623	train acc:0.9370659722222222	train F1:0.9248429276259464	train CORR:0.9340274629714678
	valid loss:2.0624381934895233	valid acc:0.6133455882352942	valid F1:0.37191575289675427	valid CORR:0.486139010816773
epoch:230
	best_epoch:51	best_acc:0.6197794117647059
	train loss:0.20236767849160564	train acc:0.9340277777777778	train F1:0.9148446370926622	train CORR:0.9220922582657958
	valid loss:2.1525732699562523	valid acc:0.6124264705882353	valid F1:0.3651699969652151	valid CORR:0.48839818208594676
epoch:231
	best_epoch:51	best_acc:0.6197794117647059
	train loss:0.2051325754986869	train acc:0.9331597222222222	train F1:0.9109146868939106	train CORR:0.9009681361537324
	valid loss:2.058923230451696	valid acc:0.6004779411764706	valid F1:0.372740848877443	valid CORR:0.46929044987577784
epoch:232
	best_epoch:51	best_acc:0.6197794117647059
	train loss:0.21098480249444643	train acc:0.9340277777777778	train F1:0.9199335200928909	train CORR:0.913162116087852
	valid loss:1.9832623636021334	valid acc:0.5885294117647059	valid F1:0.3771401942820129	valid CORR:0.4581309037759519
epoch:233
	best_epoch:51	best_acc:0.6197794117647059
	train loss:0.2149084537393517	train acc:0.9318576388888888	train F1:0.9102551824586487	train CORR:0.9032562390458592
	valid loss:2.1259603570489323	valid acc:0.6124264705882353	valid F1:0.3766545490288362	valid CORR:0.47915017971307594
epoch:234
	best_epoch:51	best_acc:0.6197794117647059
	train loss:0.19748397316369745	train acc:0.9353298611111112	train F1:0.9226307662929772	train CORR:0.9251967179135687
	valid loss:1.9970833203371834	valid acc:0.5866911764705882	valid F1:0.37369342381374737	valid CORR:0.45358013232417094
epoch:235
	best_epoch:51	best_acc:0.6197794117647059
	train loss:0.2169283731944031	train acc:0.9262152777777778	train F1:0.9068290443168074	train CORR:0.9157469587794798
	valid loss:2.0493522391599766	valid acc:0.5866911764705882	valid F1:0.3605881641207153	valid CORR:0.4629862271041099
epoch:236
	best_epoch:51	best_acc:0.6197794117647059
	train loss:0.2133087186763684	train acc:0.9279513888888888	train F1:0.9136732559847822	train CORR:0.9151165906821994
	valid loss:2.2258895565481747	valid acc:0.6096691176470589	valid F1:0.35256117918661734	valid CORR:0.4501484549309491
epoch:237
	best_epoch:51	best_acc:0.6197794117647059
	train loss:0.21110974065959454	train acc:0.9361979166666666	train F1:0.9136905097014016	train CORR:0.9136035682579768
	valid loss:2.106097193325267	valid acc:0.6069117647058824	valid F1:0.3697890657832051	valid CORR:0.44344197171822475
epoch:238
	best_epoch:51	best_acc:0.6197794117647059
	train loss:0.20576957282092836	train acc:0.9348958333333334	train F1:0.9204920718704934	train CORR:0.9196156583089206
	valid loss:2.0443177082959343	valid acc:0.6004779411764706	valid F1:0.3722050285945827	valid CORR:0.47093053278261476
epoch:239
	best_epoch:51	best_acc:0.6197794117647059
	train loss:0.19671070016920567	train acc:0.9405381944444444	train F1:0.9263251166058531	train CORR:0.9305700754549486
	valid loss:2.128919208751005	valid acc:0.6013970588235295	valid F1:0.36194425262590735	valid CORR:0.46669360341937915
epoch:240
	best_epoch:51	best_acc:0.6197794117647059
	train loss:0.20660789476500618	train acc:0.9322916666666666	train F1:0.9134008604715244	train CORR:0.9063793203789143
	valid loss:2.2718041714499977	valid acc:0.6050735294117647	valid F1:0.34976077624515794	valid CORR:0.43897774312665827
epoch:241
	best_epoch:51	best_acc:0.6197794117647059
	train loss:0.20072183344099256	train acc:0.9361979166666666	train F1:0.9208928339119709	train CORR:0.9313920681450037
	valid loss:2.024007530773387	valid acc:0.5922058823529411	valid F1:0.3725377367940186	valid CORR:0.4602326475519579
epoch:242
	best_epoch:51	best_acc:0.6197794117647059
	train loss:0.20538261801832253	train acc:0.9344618055555556	train F1:0.920206395130217	train CORR:0.9363324478449326
	valid loss:2.1183944800320793	valid acc:0.6151838235294118	valid F1:0.3809151704186472	valid CORR:0.47988939764077443
epoch:243
	best_epoch:51	best_acc:0.6197794117647059
	train loss:0.19463644921779633	train acc:0.9418402777777778	train F1:0.9232544561597587	train CORR:0.9230101537027272
	valid loss:2.120227708536036	valid acc:0.60875	valid F1:0.37484055959689877	valid CORR:0.46435586624954484
epoch:244
	best_epoch:51	best_acc:0.6197794117647059
	train loss:0.18788588274684218	train acc:0.9422743055555556	train F1:0.9294534644408019	train CORR:0.9249955997852483
	valid loss:2.135002676178427	valid acc:0.6078308823529411	valid F1:0.3697342465316109	valid CORR:0.46981901414265437
epoch:245
	best_epoch:51	best_acc:0.6197794117647059
	train loss:0.21535798721015453	train acc:0.9331597222222222	train F1:0.9169134776686969	train CORR:0.9198730011409031
	valid loss:2.012914734728196	valid acc:0.5995588235294118	valid F1:0.37575234763476484	valid CORR:0.4667133180451053
epoch:246
	best_epoch:51	best_acc:0.6197794117647059
	train loss:0.18512416858639982	train acc:0.9435763888888888	train F1:0.9299686378919066	train CORR:0.9231142519847888
	valid loss:2.158149417708902	valid acc:0.6078308823529411	valid F1:0.3699866853018374	valid CORR:0.4517115504858945
