E:\Anaconda 5.3.1\lib\site-packages\scipy\stats\stats.py:3399: PearsonRConstantInputWarning: An input array is constant; the correlation coefficent is not defined.
  warnings.warn(PearsonRConstantInputWarning())
epoch:0
	best_epoch:0	best_acc:0.19025735294117646
	train loss:7.547114769617717	train acc:0.1796875	train F1:0.04938724826036765	train CORR:-0.0640378449354321
	valid loss:9.339463037603041	valid acc:0.19025735294117646	valid F1:0.03996138996138996	valid CORR:0.0
epoch:1
	best_epoch:0	best_acc:0.19025735294117646
	train loss:7.545332153638204	train acc:0.18663194444444445	train F1:0.040521967241419904	train CORR:0.027712359282872186
	valid loss:9.33948693555944	valid acc:0.19025735294117646	valid F1:0.03996138996138996	valid CORR:0.0
epoch:2
	best_epoch:2	best_acc:0.4540441176470588
	train loss:7.536518024073707	train acc:0.2630208333333333	train F1:0.08361365502664206	train CORR:0.08686251194083144
	valid loss:9.309298683615292	valid acc:0.4540441176470588	valid F1:0.07806573957016434	valid CORR:0.0
epoch:3
	best_epoch:2	best_acc:0.4540441176470588
	train loss:7.538315753142039	train acc:0.24609375	train F1:0.07738075585572984	train CORR:-0.09590818370262168
	valid loss:9.339534787570729	valid acc:0.19025735294117646	valid F1:0.03996138996138996	valid CORR:0.0
epoch:4
	best_epoch:2	best_acc:0.4540441176470588
	train loss:7.545893457200792	train acc:0.18446180555555555	train F1:0.04048597622105956	train CORR:-0.03960766273342082
	valid loss:9.339802096871768	valid acc:0.19025735294117646	valid F1:0.03996138996138996	valid CORR:0.0
epoch:5
	best_epoch:2	best_acc:0.4540441176470588
	train loss:7.531096114052667	train acc:0.3172743055555556	train F1:0.0983450005737987	train CORR:0.10875277949227907
	valid loss:9.309357839472154	valid acc:0.4540441176470588	valid F1:0.07806573957016434	valid CORR:0.0
epoch:6
	best_epoch:2	best_acc:0.4540441176470588
	train loss:7.523088018099467	train acc:0.3901909722222222	train F1:0.09684647609100404	train CORR:0.11079212825666108
	valid loss:9.309338765985826	valid acc:0.4540441176470588	valid F1:0.07806573957016434	valid CORR:0.0
epoch:7
	best_epoch:2	best_acc:0.4540441176470588
	train loss:7.521627015537685	train acc:0.3962673611111111	train F1:0.08558599210773125	train CORR:0.026811846434099437
	valid loss:9.30937287386726	valid acc:0.4540441176470588	valid F1:0.07806573957016434	valid CORR:0.0
epoch:8
	best_epoch:2	best_acc:0.4540441176470588
	train loss:7.520882692601946	train acc:0.4006076388888889	train F1:0.0753078178311823	train CORR:0.028147761691159283
	valid loss:9.309436615775613	valid acc:0.4540441176470588	valid F1:0.07806573957016434	valid CORR:0.0
epoch:9
	best_epoch:2	best_acc:0.4540441176470588
	train loss:7.520998371971978	train acc:0.4001736111111111	train F1:0.07200297389020287	train CORR:0.011214654115347828
	valid loss:9.30945458131678	valid acc:0.4540441176470588	valid F1:0.07806573957016434	valid CORR:0.0
epoch:10
	best_epoch:2	best_acc:0.4540441176470588
	train loss:7.521077725622389	train acc:0.3997395833333333	train F1:0.07258910190427173	train CORR:-0.014009078407035306
	valid loss:9.309475169462317	valid acc:0.4540441176470588	valid F1:0.07806573957016434	valid CORR:0.0
epoch:11
	best_epoch:2	best_acc:0.4540441176470588
	train loss:7.521025101343791	train acc:0.3997395833333333	train F1:0.0713953488372093	train CORR:0.0
	valid loss:9.309458634432625	valid acc:0.4540441176470588	valid F1:0.07806573957016434	valid CORR:0.0
epoch:12
	best_epoch:2	best_acc:0.4540441176470588
	train loss:7.521441247728136	train acc:0.39453125	train F1:0.07650636845665638	train CORR:0.011648155976376041
	valid loss:9.309432338265811	valid acc:0.4540441176470588	valid F1:0.07806573957016434	valid CORR:0.0
epoch:13
	best_epoch:2	best_acc:0.4540441176470588
	train loss:7.5210578838984175	train acc:0.3997395833333333	train F1:0.0713953488372093	train CORR:0.0
	valid loss:9.30940879092497	valid acc:0.4540441176470588	valid F1:0.07806573957016434	valid CORR:0.0
epoch:14
	best_epoch:2	best_acc:0.4540441176470588
	train loss:7.520965536435445	train acc:0.3997395833333333	train F1:0.0713953488372093	train CORR:0.0
	valid loss:9.309433880974264	valid acc:0.4540441176470588	valid F1:0.07806573957016434	valid CORR:0.0
epoch:15
	best_epoch:2	best_acc:0.4540441176470588
	train loss:7.520983795324962	train acc:0.3997395833333333	train F1:0.0713953488372093	train CORR:0.0
	valid loss:9.309458999072804	valid acc:0.4540441176470588	valid F1:0.07806573957016434	valid CORR:0.0
epoch:16
	best_epoch:2	best_acc:0.4540441176470588
	train loss:7.5209538208113775	train acc:0.3997395833333333	train F1:0.0713953488372093	train CORR:0.0
	valid loss:9.309562248342177	valid acc:0.4540441176470588	valid F1:0.07806573957016434	valid CORR:0.0
epoch:17
	best_epoch:2	best_acc:0.4540441176470588
	train loss:7.520963205231561	train acc:0.3997395833333333	train F1:0.0713953488372093	train CORR:0.0
	valid loss:9.309542950461893	valid acc:0.4540441176470588	valid F1:0.07806573957016434	valid CORR:0.0
epoch:18
	best_epoch:2	best_acc:0.4540441176470588
	train loss:7.520967900753021	train acc:0.3997395833333333	train F1:0.0713953488372093	train CORR:0.0
	valid loss:9.309447232414694	valid acc:0.4540441176470588	valid F1:0.07806573957016434	valid CORR:0.0
epoch:19
	best_epoch:2	best_acc:0.4540441176470588
	train loss:7.520905600653754	train acc:0.3997395833333333	train F1:0.0713953488372093	train CORR:0.0
	valid loss:9.30959451899809	valid acc:0.4540441176470588	valid F1:0.07806573957016434	valid CORR:0.0
epoch:20
	best_epoch:2	best_acc:0.4540441176470588
	train loss:7.520980795224507	train acc:0.3997395833333333	train F1:0.0713953488372093	train CORR:0.0
	valid loss:9.309471312691183	valid acc:0.4540441176470588	valid F1:0.07806573957016434	valid CORR:0.0
epoch:21
	best_epoch:2	best_acc:0.4540441176470588
	train loss:7.520942131678264	train acc:0.3997395833333333	train F1:0.0713953488372093	train CORR:0.0
	valid loss:9.30955696105957	valid acc:0.4540441176470588	valid F1:0.07806573957016434	valid CORR:0.0
epoch:22
	best_epoch:2	best_acc:0.4540441176470588
	train loss:7.5209516353077355	train acc:0.3997395833333333	train F1:0.0713953488372093	train CORR:0.0
	valid loss:9.309681625927196	valid acc:0.4540441176470588	valid F1:0.07806573957016434	valid CORR:0.0
epoch:23
	best_epoch:2	best_acc:0.4540441176470588
	train loss:7.520933058526781	train acc:0.3997395833333333	train F1:0.0713953488372093	train CORR:0.0
	valid loss:9.309547284070183	valid acc:0.4540441176470588	valid F1:0.07806573957016434	valid CORR:0.0
epoch:24
	best_epoch:2	best_acc:0.4540441176470588
	train loss:7.520939800474379	train acc:0.3997395833333333	train F1:0.0713953488372093	train CORR:0.0
	valid loss:9.309469363268684	valid acc:0.4540441176470588	valid F1:0.07806573957016434	valid CORR:0.0
epoch:25
	best_epoch:2	best_acc:0.4540441176470588
	train loss:7.520939310391744	train acc:0.3997395833333333	train F1:0.0713953488372093	train CORR:0.0
	valid loss:9.309471102321849	valid acc:0.4540441176470588	valid F1:0.07806573957016434	valid CORR:0.0
epoch:26
	best_epoch:2	best_acc:0.4540441176470588
	train loss:7.520943012502459	train acc:0.3997395833333333	train F1:0.0713953488372093	train CORR:0.0
	valid loss:9.309880200554343	valid acc:0.4540441176470588	valid F1:0.07806573957016434	valid CORR:0.0
epoch:27
	best_epoch:2	best_acc:0.4540441176470588
	train loss:7.52095107237498	train acc:0.3997395833333333	train F1:0.0713953488372093	train CORR:0.0
	valid loss:9.309631487902474	valid acc:0.4540441176470588	valid F1:0.07806573957016434	valid CORR:0.0
epoch:28
	best_epoch:2	best_acc:0.4540441176470588
	train loss:7.520968483553992	train acc:0.3997395833333333	train F1:0.0713953488372093	train CORR:0.0
	valid loss:9.309577422983507	valid acc:0.4540441176470588	valid F1:0.07806573957016434	valid CORR:0.0
epoch:29
	best_epoch:2	best_acc:0.4540441176470588
	train loss:7.520939058727688	train acc:0.3997395833333333	train F1:0.0713953488372093	train CORR:0.0
	valid loss:9.309640786227058	valid acc:0.4540441176470588	valid F1:0.07806573957016434	valid CORR:0.0
epoch:30
	best_epoch:2	best_acc:0.4540441176470588
	train loss:7.520966860983107	train acc:0.3997395833333333	train F1:0.0713953488372093	train CORR:0.0
	valid loss:9.309508870629703	valid acc:0.4540441176470588	valid F1:0.07806573957016434	valid CORR:0.0
epoch:31
	best_epoch:2	best_acc:0.4540441176470588
	train loss:7.520928959051768	train acc:0.3997395833333333	train F1:0.0713953488372093	train CORR:0.0
	valid loss:9.309872823603014	valid acc:0.4540441176470588	valid F1:0.07806573957016434	valid CORR:0.0
epoch:32
	best_epoch:2	best_acc:0.4540441176470588
	train loss:7.520938641495174	train acc:0.3997395833333333	train F1:0.0713953488372093	train CORR:0.0
	valid loss:9.309546975528493	valid acc:0.4540441176470588	valid F1:0.07806573957016434	valid CORR:0.0
epoch:33
	best_epoch:2	best_acc:0.4540441176470588
	train loss:7.5209160976939735	train acc:0.3997395833333333	train F1:0.0713953488372093	train CORR:0.0
	valid loss:9.309720263761633	valid acc:0.4540441176470588	valid F1:0.07806573957016434	valid CORR:0.0
epoch:34
	best_epoch:2	best_acc:0.4540441176470588
	train loss:7.520992133352491	train acc:0.3993055555555556	train F1:0.07133995037220843	train CORR:-0.0006925178117311555
	valid loss:9.309688806533813	valid acc:0.4540441176470588	valid F1:0.07806573957016434	valid CORR:0.0
epoch:35
	best_epoch:2	best_acc:0.4540441176470588
	train loss:7.520954628785451	train acc:0.3997395833333333	train F1:0.0713953488372093	train CORR:0.0
	valid loss:9.309701512841617	valid acc:0.4540441176470588	valid F1:0.07806573957016434	valid CORR:0.0
epoch:36
	best_epoch:2	best_acc:0.4540441176470588
	train loss:7.520936383141412	train acc:0.3997395833333333	train F1:0.0713953488372093	train CORR:0.0
	valid loss:9.309583930408253	valid acc:0.4540441176470588	valid F1:0.07806573957016434	valid CORR:0.0
epoch:37
	best_epoch:2	best_acc:0.4540441176470588
	train loss:7.520936356650458	train acc:0.3997395833333333	train F1:0.0713953488372093	train CORR:0.0
	valid loss:9.309954909717336	valid acc:0.4540441176470588	valid F1:0.07806573957016434	valid CORR:0.0
epoch:38
	best_epoch:2	best_acc:0.4540441176470588
	train loss:7.520955787764655	train acc:0.3997395833333333	train F1:0.0713953488372093	train CORR:0.0
	valid loss:9.309557129355039	valid acc:0.4540441176470588	valid F1:0.07806573957016434	valid CORR:0.0
epoch:39
	best_epoch:2	best_acc:0.4540441176470588
	train loss:7.52094382709927	train acc:0.3997395833333333	train F1:0.0713953488372093	train CORR:0.0
	valid loss:9.309610913781558	valid acc:0.4540441176470588	valid F1:0.07806573957016434	valid CORR:0.0
epoch:40
	best_epoch:2	best_acc:0.4540441176470588
	train loss:7.5209448205100164	train acc:0.3997395833333333	train F1:0.0713953488372093	train CORR:0.0
	valid loss:9.30951556037454	valid acc:0.4540441176470588	valid F1:0.07806573957016434	valid CORR:0.0
epoch:41
	best_epoch:2	best_acc:0.4540441176470588
	train loss:7.520910157097711	train acc:0.3997395833333333	train F1:0.0713953488372093	train CORR:0.0
	valid loss:9.309751720989452	valid acc:0.4540441176470588	valid F1:0.07806573957016434	valid CORR:0.0
epoch:42
	best_epoch:2	best_acc:0.4540441176470588
	train loss:7.520955787764655	train acc:0.3997395833333333	train F1:0.0713953488372093	train CORR:0.0
	valid loss:9.30962049259859	valid acc:0.4540441176470588	valid F1:0.07806573957016434	valid CORR:0.0
epoch:43
	best_epoch:2	best_acc:0.4540441176470588
	train loss:7.520906209945679	train acc:0.3997395833333333	train F1:0.0713953488372093	train CORR:0.0
	valid loss:9.309704794603235	valid acc:0.4540441176470588	valid F1:0.07806573957016434	valid CORR:0.0
epoch:44
	best_epoch:2	best_acc:0.4540441176470588
	train loss:7.520943270789252	train acc:0.3997395833333333	train F1:0.0713953488372093	train CORR:0.0
	valid loss:9.309601054472083	valid acc:0.4540441176470588	valid F1:0.07806573957016434	valid CORR:0.0
epoch:45
	best_epoch:2	best_acc:0.4540441176470588
	train loss:7.520959105756548	train acc:0.3997395833333333	train F1:0.0713953488372093	train CORR:0.0
	valid loss:9.30998694195467	valid acc:0.4540441176470588	valid F1:0.07806573957016434	valid CORR:0.0
epoch:46
	best_epoch:2	best_acc:0.4540441176470588
	train loss:7.520967364311218	train acc:0.3997395833333333	train F1:0.0713953488372093	train CORR:0.0
	valid loss:9.309758340611177	valid acc:0.4540441176470588	valid F1:0.07806573957016434	valid CORR:0.0
epoch:47
	best_epoch:2	best_acc:0.4540441176470588
	train loss:7.52091986603207	train acc:0.3997395833333333	train F1:0.0713953488372093	train CORR:0.0
	valid loss:9.30948561780593	valid acc:0.4540441176470588	valid F1:0.07806573957016434	valid CORR:0.0
epoch:48
	best_epoch:2	best_acc:0.4540441176470588
	train loss:7.520900580618116	train acc:0.3997395833333333	train F1:0.0713953488372093	train CORR:0.0
	valid loss:9.30991816520691	valid acc:0.4540441176470588	valid F1:0.07806573957016434	valid CORR:0.0
epoch:49
	best_epoch:2	best_acc:0.4540441176470588
	train loss:7.520937773916456	train acc:0.3997395833333333	train F1:0.0713953488372093	train CORR:0.0
	valid loss:9.309570144204532	valid acc:0.4540441176470588	valid F1:0.07806573957016434	valid CORR:0.0
epoch:50
	best_epoch:2	best_acc:0.4540441176470588
	train loss:7.520911653836568	train acc:0.3997395833333333	train F1:0.0713953488372093	train CORR:0.0
	valid loss:9.30974707883947	valid acc:0.4540441176470588	valid F1:0.07806573957016434	valid CORR:0.0
epoch:51
	best_epoch:2	best_acc:0.4540441176470588
	train loss:7.520945217874315	train acc:0.3997395833333333	train F1:0.0713953488372093	train CORR:0.0
	valid loss:9.309807693257051	valid acc:0.4540441176470588	valid F1:0.07806573957016434	valid CORR:0.0
epoch:52
	best_epoch:2	best_acc:0.4540441176470588
	train loss:7.520928376250797	train acc:0.3997395833333333	train F1:0.0713953488372093	train CORR:0.0
	valid loss:9.30971384048462	valid acc:0.4540441176470588	valid F1:0.07806573957016434	valid CORR:0.0
epoch:53
	best_epoch:2	best_acc:0.4540441176470588
	train loss:7.520924727121989	train acc:0.3997395833333333	train F1:0.0713953488372093	train CORR:0.0
	valid loss:9.309813064687392	valid acc:0.4540441176470588	valid F1:0.07806573957016434	valid CORR:0.0
epoch:54
	best_epoch:2	best_acc:0.4540441176470588
	train loss:7.520961291260189	train acc:0.3997395833333333	train F1:0.0713953488372093	train CORR:0.0
	valid loss:9.309936691732968	valid acc:0.4540441176470588	valid F1:0.07806573957016434	valid CORR:0.0
epoch:55
	best_epoch:2	best_acc:0.4540441176470588
	train loss:7.520918084515466	train acc:0.3997395833333333	train F1:0.0713953488372093	train CORR:0.0
	valid loss:9.309808520709767	valid acc:0.4540441176470588	valid F1:0.07806573957016434	valid CORR:0.0
epoch:56
	best_epoch:2	best_acc:0.4540441176470588
	train loss:7.520960688591003	train acc:0.3997395833333333	train F1:0.0713953488372093	train CORR:0.0
	valid loss:9.309862894170424	valid acc:0.4540441176470588	valid F1:0.07806573957016434	valid CORR:0.0
epoch:57
	best_epoch:2	best_acc:0.4540441176470588
	train loss:7.520927952395545	train acc:0.3997395833333333	train F1:0.0713953488372093	train CORR:0.0
	valid loss:9.309823372784782	valid acc:0.4540441176470588	valid F1:0.07806573957016434	valid CORR:0.0
epoch:58
	best_epoch:2	best_acc:0.4540441176470588
	train loss:7.520944515864055	train acc:0.3997395833333333	train F1:0.0713953488372093	train CORR:0.0
	valid loss:9.309759196113138	valid acc:0.4540441176470588	valid F1:0.07806573957016434	valid CORR:0.0
epoch:59
	best_epoch:2	best_acc:0.4540441176470588
	train loss:7.5209192170037165	train acc:0.3997395833333333	train F1:0.0713953488372093	train CORR:0.0
	valid loss:9.310051525340361	valid acc:0.4540441176470588	valid F1:0.07806573957016434	valid CORR:0.0
epoch:60
	best_epoch:2	best_acc:0.4540441176470588
	train loss:7.520926111274296	train acc:0.3997395833333333	train F1:0.0713953488372093	train CORR:0.0
	valid loss:9.309773893917308	valid acc:0.4540441176470588	valid F1:0.07806573957016434	valid CORR:0.0
epoch:61
	best_epoch:2	best_acc:0.4540441176470588
	train loss:7.520905282762316	train acc:0.3997395833333333	train F1:0.0713953488372093	train CORR:0.0
	valid loss:9.309787553899428	valid acc:0.4540441176470588	valid F1:0.07806573957016434	valid CORR:0.0
epoch:62
	best_epoch:2	best_acc:0.4540441176470588
	train loss:7.520936336782244	train acc:0.3997395833333333	train F1:0.0713953488372093	train CORR:0.0
	valid loss:9.309742899502025	valid acc:0.4540441176470588	valid F1:0.07806573957016434	valid CORR:0.0
epoch:63
	best_epoch:2	best_acc:0.4540441176470588
	train loss:7.520926793416341	train acc:0.3997395833333333	train F1:0.0713953488372093	train CORR:0.0
	valid loss:9.309788339278278	valid acc:0.4540441176470588	valid F1:0.07806573957016434	valid CORR:0.0
epoch:64
	best_epoch:2	best_acc:0.4540441176470588
	train loss:7.520919700463613	train acc:0.3997395833333333	train F1:0.0713953488372093	train CORR:0.0
	valid loss:9.30971737468944	valid acc:0.4540441176470588	valid F1:0.07806573957016434	valid CORR:0.0
epoch:65
	best_epoch:2	best_acc:0.4540441176470588
	train loss:7.520919389194912	train acc:0.3997395833333333	train F1:0.0713953488372093	train CORR:0.0
	valid loss:9.309672818464392	valid acc:0.4540441176470588	valid F1:0.07806573957016434	valid CORR:0.0
epoch:66
	best_epoch:2	best_acc:0.4540441176470588
	train loss:7.520941615104675	train acc:0.3997395833333333	train F1:0.0713953488372093	train CORR:0.0
	valid loss:9.309702508589801	valid acc:0.4540441176470588	valid F1:0.07806573957016434	valid CORR:0.0
epoch:67
	best_epoch:2	best_acc:0.4540441176470588
	train loss:7.52090240849389	train acc:0.3997395833333333	train F1:0.0713953488372093	train CORR:0.0
	valid loss:9.310033321380615	valid acc:0.4540441176470588	valid F1:0.07806573957016434	valid CORR:0.0
epoch:68
	best_epoch:2	best_acc:0.4540441176470588
	train loss:7.520976735485925	train acc:0.3997395833333333	train F1:0.0713953488372093	train CORR:0.0
	valid loss:9.309609553393196	valid acc:0.4540441176470588	valid F1:0.07806573957016434	valid CORR:0.0
epoch:69
	best_epoch:2	best_acc:0.4540441176470588
	train loss:7.520911706818475	train acc:0.3997395833333333	train F1:0.0713953488372093	train CORR:0.0
	valid loss:9.309722143061022	valid acc:0.4540441176470588	valid F1:0.07806573957016434	valid CORR:0.0
epoch:70
	best_epoch:2	best_acc:0.4540441176470588
	train loss:7.520910971694523	train acc:0.3997395833333333	train F1:0.0713953488372093	train CORR:0.0
	valid loss:9.30989634289461	valid acc:0.4540441176470588	valid F1:0.07806573957016434	valid CORR:0.0
epoch:71
	best_epoch:2	best_acc:0.4540441176470588
	train loss:7.5209112829632225	train acc:0.3997395833333333	train F1:0.0713953488372093	train CORR:0.0
	valid loss:9.30972975843093	valid acc:0.4540441176470588	valid F1:0.07806573957016434	valid CORR:0.0
epoch:72
	best_epoch:2	best_acc:0.4540441176470588
	train loss:7.520937912993961	train acc:0.3997395833333333	train F1:0.0713953488372093	train CORR:0.0
	valid loss:9.309742731206557	valid acc:0.4540441176470588	valid F1:0.07806573957016434	valid CORR:0.0
epoch:73
	best_epoch:2	best_acc:0.4540441176470588
	train loss:7.520902885331048	train acc:0.3997395833333333	train F1:0.0713953488372093	train CORR:0.0
	valid loss:9.310045522802016	valid acc:0.4540441176470588	valid F1:0.07806573957016434	valid CORR:0.0
epoch:74
	best_epoch:2	best_acc:0.4540441176470588
	train loss:7.520928965674506	train acc:0.3997395833333333	train F1:0.0713953488372093	train CORR:0.0
	valid loss:9.309706169016222	valid acc:0.4540441176470588	valid F1:0.07806573957016434	valid CORR:0.0
epoch:75
	best_epoch:2	best_acc:0.4540441176470588
	train loss:7.520923773447673	train acc:0.3997395833333333	train F1:0.0713953488372093	train CORR:0.0
	valid loss:9.309892149532542	valid acc:0.4540441176470588	valid F1:0.07806573957016434	valid CORR:0.0
epoch:76
	best_epoch:2	best_acc:0.4540441176470588
	train loss:7.5209272437625465	train acc:0.3997395833333333	train F1:0.0713953488372093	train CORR:0.0
	valid loss:9.309988274293787	valid acc:0.4540441176470588	valid F1:0.07806573957016434	valid CORR:0.0
epoch:77
	best_epoch:2	best_acc:0.4540441176470588
	train loss:7.520950376987457	train acc:0.3997395833333333	train F1:0.0713953488372093	train CORR:0.0
	valid loss:9.309679017347449	valid acc:0.4540441176470588	valid F1:0.07806573957016434	valid CORR:0.0
epoch:78
	best_epoch:2	best_acc:0.4540441176470588
	train loss:7.5209146870507135	train acc:0.3997395833333333	train F1:0.0713953488372093	train CORR:0.0
	valid loss:9.309659130433026	valid acc:0.4540441176470588	valid F1:0.07806573957016434	valid CORR:0.0
epoch:79
	best_epoch:2	best_acc:0.4540441176470588
	train loss:7.520914382404751	train acc:0.3997395833333333	train F1:0.0713953488372093	train CORR:0.0
	valid loss:9.30980011996101	valid acc:0.4540441176470588	valid F1:0.07806573957016434	valid CORR:0.0
epoch:80
	best_epoch:2	best_acc:0.4540441176470588
	train loss:7.520908686849806	train acc:0.3997395833333333	train F1:0.0713953488372093	train CORR:0.0
	valid loss:9.309831114376292	valid acc:0.4540441176470588	valid F1:0.07806573957016434	valid CORR:0.0
epoch:81
	best_epoch:2	best_acc:0.4540441176470588
	train loss:7.520960874027676	train acc:0.3997395833333333	train F1:0.0713953488372093	train CORR:0.0
	valid loss:9.309608445448035	valid acc:0.4540441176470588	valid F1:0.07806573957016434	valid CORR:0.0
epoch:82
	best_epoch:2	best_acc:0.4540441176470588
	train loss:7.520918210347493	train acc:0.3997395833333333	train F1:0.0713953488372093	train CORR:0.0
	valid loss:9.309846331091489	valid acc:0.4540441176470588	valid F1:0.07806573957016434	valid CORR:0.0
epoch:83
	best_epoch:2	best_acc:0.4540441176470588
	train loss:7.520899573961894	train acc:0.3997395833333333	train F1:0.0713953488372093	train CORR:0.0
	valid loss:9.309605906991397	valid acc:0.4540441176470588	valid F1:0.07806573957016434	valid CORR:0.0
epoch:84
	best_epoch:2	best_acc:0.4540441176470588
	train loss:7.5209254423777265	train acc:0.3997395833333333	train F1:0.0713953488372093	train CORR:0.0
	valid loss:9.309707501355339	valid acc:0.4540441176470588	valid F1:0.07806573957016434	valid CORR:0.0
epoch:85
	best_epoch:2	best_acc:0.4540441176470588
	train loss:7.520942562156254	train acc:0.3997395833333333	train F1:0.0713953488372093	train CORR:0.0
	valid loss:9.309766699286069	valid acc:0.4540441176470588	valid F1:0.07806573957016434	valid CORR:0.0
epoch:86
	best_epoch:2	best_acc:0.4540441176470588
	train loss:7.520921780003442	train acc:0.3997395833333333	train F1:0.0713953488372093	train CORR:0.0
	valid loss:9.30971463988809	valid acc:0.4540441176470588	valid F1:0.07806573957016434	valid CORR:0.0
epoch:87
	best_epoch:2	best_acc:0.4540441176470588
	train loss:7.5209450589285956	train acc:0.3997395833333333	train F1:0.0713953488372093	train CORR:0.0
	valid loss:9.309725228477927	valid acc:0.4540441176470588	valid F1:0.07806573957016434	valid CORR:0.0
epoch:88
	best_epoch:2	best_acc:0.4540441176470588
	train loss:7.520915230115254	train acc:0.3997395833333333	train F1:0.0713953488372093	train CORR:0.0
	valid loss:9.309779307421516	valid acc:0.4540441176470588	valid F1:0.07806573957016434	valid CORR:0.0
epoch:89
	best_epoch:2	best_acc:0.4540441176470588
	train loss:7.520936522218916	train acc:0.3997395833333333	train F1:0.0713953488372093	train CORR:0.0
	valid loss:9.309744007447186	valid acc:0.4540441176470588	valid F1:0.07806573957016434	valid CORR:0.0
epoch:90
	best_epoch:2	best_acc:0.4540441176470588
	train loss:7.520910859107971	train acc:0.3997395833333333	train F1:0.0713953488372093	train CORR:0.0
	valid loss:9.309766250498155	valid acc:0.4540441176470588	valid F1:0.07806573957016434	valid CORR:0.0
epoch:91
	best_epoch:2	best_acc:0.4540441176470588
	train loss:7.520924283398522	train acc:0.3997395833333333	train F1:0.0713953488372093	train CORR:0.0
	valid loss:9.309742338517133	valid acc:0.4540441176470588	valid F1:0.07806573957016434	valid CORR:0.0
epoch:92
	best_epoch:2	best_acc:0.4540441176470588
	train loss:7.520932621426052	train acc:0.3997395833333333	train F1:0.0713953488372093	train CORR:0.0
	valid loss:9.309763543746051	valid acc:0.4540441176470588	valid F1:0.07806573957016434	valid CORR:0.0
epoch:93
	best_epoch:2	best_acc:0.4540441176470588
	train loss:7.520931051837073	train acc:0.3997395833333333	train F1:0.0713953488372093	train CORR:0.0
	valid loss:9.309797847972197	valid acc:0.4540441176470588	valid F1:0.07806573957016434	valid CORR:0.0
epoch:94
	best_epoch:2	best_acc:0.4540441176470588
	train loss:7.520921574698554	train acc:0.3997395833333333	train F1:0.0713953488372093	train CORR:0.0
	valid loss:9.309618725496179	valid acc:0.4540441176470588	valid F1:0.07806573957016434	valid CORR:0.0
epoch:95
	best_epoch:2	best_acc:0.4540441176470588
	train loss:7.520921548207601	train acc:0.3997395833333333	train F1:0.0713953488372093	train CORR:0.0
	valid loss:9.309681331410127	valid acc:0.4540441176470588	valid F1:0.07806573957016434	valid CORR:0.0
epoch:96
	best_epoch:2	best_acc:0.4540441176470588
	train loss:7.520925588077969	train acc:0.3997395833333333	train F1:0.0713953488372093	train CORR:0.0
	valid loss:9.309666030547199	valid acc:0.4540441176470588	valid F1:0.07806573957016434	valid CORR:0.0
epoch:97
	best_epoch:2	best_acc:0.4540441176470588
	train loss:7.520904488033718	train acc:0.3997395833333333	train F1:0.0713953488372093	train CORR:0.0
	valid loss:9.309783739202162	valid acc:0.4540441176470588	valid F1:0.07806573957016434	valid CORR:0.0
epoch:98
	best_epoch:2	best_acc:0.4540441176470588
	train loss:7.520910978317261	train acc:0.3997395833333333	train F1:0.0713953488372093	train CORR:0.0
	valid loss:9.309651122373694	valid acc:0.4540441176470588	valid F1:0.07806573957016434	valid CORR:0.0
epoch:99
	best_epoch:2	best_acc:0.4540441176470588
	train loss:7.5209311909145775	train acc:0.3997395833333333	train F1:0.0713953488372093	train CORR:0.0
	valid loss:9.309725649216595	valid acc:0.4540441176470588	valid F1:0.07806573957016434	valid CORR:0.0
epoch:100
	best_epoch:2	best_acc:0.4540441176470588
	train loss:7.520927594767676	train acc:0.3997395833333333	train F1:0.0713953488372093	train CORR:0.0
	valid loss:9.30996030919692	valid acc:0.4540441176470588	valid F1:0.07806573957016434	valid CORR:0.0
epoch:101
	best_epoch:2	best_acc:0.4540441176470588
	train loss:7.520950237909953	train acc:0.3997395833333333	train F1:0.0713953488372093	train CORR:0.0
	valid loss:9.309878994436826	valid acc:0.4540441176470588	valid F1:0.07806573957016434	valid CORR:0.0
epoch:102
	best_epoch:2	best_acc:0.4540441176470588
	train loss:7.5209126472473145	train acc:0.3997395833333333	train F1:0.0713953488372093	train CORR:0.0
	valid loss:9.309917197507971	valid acc:0.4540441176470588	valid F1:0.07806573957016434	valid CORR:0.0
epoch:103
	best_epoch:2	best_acc:0.4540441176470588
	train loss:7.5209172699186535	train acc:0.3997395833333333	train F1:0.0713953488372093	train CORR:0.0
	valid loss:9.309948009603163	valid acc:0.4540441176470588	valid F1:0.07806573957016434	valid CORR:0.0
epoch:104
	best_epoch:2	best_acc:0.4540441176470588
	train loss:7.520916865931617	train acc:0.3997395833333333	train F1:0.0713953488372093	train CORR:0.0
	valid loss:9.309760696747723	valid acc:0.4540441176470588	valid F1:0.07806573957016434	valid CORR:0.0
epoch:105
	best_epoch:2	best_acc:0.4540441176470588
	train loss:7.520933442645603	train acc:0.3997395833333333	train F1:0.0713953488372093	train CORR:0.0
	valid loss:9.309701793334064	valid acc:0.4540441176470588	valid F1:0.07806573957016434	valid CORR:0.0
epoch:106
	best_epoch:2	best_acc:0.4540441176470588
	train loss:7.520914912223816	train acc:0.3997395833333333	train F1:0.0713953488372093	train CORR:0.0
	valid loss:9.309820427614099	valid acc:0.4540441176470588	valid F1:0.07806573957016434	valid CORR:0.0
epoch:107
	best_epoch:2	best_acc:0.4540441176470588
	train loss:7.520943025747935	train acc:0.3997395833333333	train F1:0.0713953488372093	train CORR:0.0
	valid loss:9.309723755892586	valid acc:0.4540441176470588	valid F1:0.07806573957016434	valid CORR:0.0
epoch:108
	best_epoch:2	best_acc:0.4540441176470588
	train loss:7.5209212634298535	train acc:0.3997395833333333	train F1:0.0713953488372093	train CORR:0.0
	valid loss:9.309705776326796	valid acc:0.4540441176470588	valid F1:0.07806573957016434	valid CORR:0.0
epoch:109
	best_epoch:2	best_acc:0.4540441176470588
	train loss:7.520901335610284	train acc:0.3997395833333333	train F1:0.0713953488372093	train CORR:0.0
	valid loss:9.309689002878526	valid acc:0.4540441176470588	valid F1:0.07806573957016434	valid CORR:0.0
epoch:110
	best_epoch:2	best_acc:0.4540441176470588
	train loss:7.520909441841973	train acc:0.3997395833333333	train F1:0.0713953488372093	train CORR:0.0
	valid loss:9.309781355016371	valid acc:0.4540441176470588	valid F1:0.07806573957016434	valid CORR:0.0
epoch:111
	best_epoch:2	best_acc:0.4540441176470588
	train loss:7.520947615305583	train acc:0.3997395833333333	train F1:0.0713953488372093	train CORR:0.0
	valid loss:9.30995889271007	valid acc:0.4540441176470588	valid F1:0.07806573957016434	valid CORR:0.0
epoch:112
	best_epoch:2	best_acc:0.4540441176470588
	train loss:7.520930886268616	train acc:0.3997395833333333	train F1:0.0713953488372093	train CORR:0.0
	valid loss:9.309796080869788	valid acc:0.4540441176470588	valid F1:0.07806573957016434	valid CORR:0.0
epoch:113
	best_epoch:2	best_acc:0.4540441176470588
	train loss:7.520926157633464	train acc:0.3997395833333333	train F1:0.0713953488372093	train CORR:0.0
	valid loss:9.309749196557437	valid acc:0.4540441176470588	valid F1:0.07806573957016434	valid CORR:0.0
epoch:114
	best_epoch:2	best_acc:0.4540441176470588
	train loss:7.520935151312086	train acc:0.3997395833333333	train F1:0.0713953488372093	train CORR:0.0
	valid loss:9.309736644520479	valid acc:0.4540441176470588	valid F1:0.07806573957016434	valid CORR:0.0
epoch:115
	best_epoch:2	best_acc:0.4540441176470588
	train loss:7.520894805590312	train acc:0.3997395833333333	train F1:0.0713953488372093	train CORR:0.0
	valid loss:9.309729197446037	valid acc:0.4540441176470588	valid F1:0.07806573957016434	valid CORR:0.0
epoch:116
	best_epoch:2	best_acc:0.4540441176470588
	train loss:7.520925985442267	train acc:0.3997395833333333	train F1:0.0713953488372093	train CORR:0.0
	valid loss:9.309743895250207	valid acc:0.4540441176470588	valid F1:0.07806573957016434	valid CORR:0.0
epoch:117
	best_epoch:2	best_acc:0.4540441176470588
	train loss:7.5209113823042975	train acc:0.3997395833333333	train F1:0.0713953488372093	train CORR:0.0
	valid loss:9.309899217942181	valid acc:0.4540441176470588	valid F1:0.07806573957016434	valid CORR:0.0
epoch:118
	best_epoch:2	best_acc:0.4540441176470588
	train loss:7.520951204829746	train acc:0.3997395833333333	train F1:0.0713953488372093	train CORR:0.0
	valid loss:9.30983481687658	valid acc:0.4540441176470588	valid F1:0.07806573957016434	valid CORR:0.0
epoch:119
	best_epoch:2	best_acc:0.4540441176470588
	train loss:7.520939555433062	train acc:0.3997395833333333	train F1:0.0713953488372093	train CORR:0.0
	valid loss:9.30969866584329	valid acc:0.4540441176470588	valid F1:0.07806573957016434	valid CORR:0.0
epoch:120
	best_epoch:2	best_acc:0.4540441176470588
	train loss:7.520902011129591	train acc:0.3997395833333333	train F1:0.0713953488372093	train CORR:0.0
	valid loss:9.309856498942656	valid acc:0.4540441176470588	valid F1:0.07806573957016434	valid CORR:0.0
epoch:121
	best_epoch:2	best_acc:0.4540441176470588
	train loss:7.520965337753296	train acc:0.3997395833333333	train F1:0.0713953488372093	train CORR:0.0
	valid loss:9.309779910480275	valid acc:0.4540441176470588	valid F1:0.07806573957016434	valid CORR:0.0
epoch:122
	best_epoch:2	best_acc:0.4540441176470588
	train loss:7.52093960179223	train acc:0.3997395833333333	train F1:0.0713953488372093	train CORR:0.0
	valid loss:9.309829908258775	valid acc:0.4540441176470588	valid F1:0.07806573957016434	valid CORR:0.0
epoch:123
	best_epoch:2	best_acc:0.4540441176470588
	train loss:7.520913925435808	train acc:0.3997395833333333	train F1:0.0713953488372093	train CORR:0.0
	valid loss:9.309707234887515	valid acc:0.4540441176470588	valid F1:0.07806573957016434	valid CORR:0.0
epoch:124
	best_epoch:2	best_acc:0.4540441176470588
	train loss:7.520921409130096	train acc:0.3997395833333333	train F1:0.0713953488372093	train CORR:0.0
	valid loss:9.30969384137322	valid acc:0.4540441176470588	valid F1:0.07806573957016434	valid CORR:0.0
epoch:125
	best_epoch:2	best_acc:0.4540441176470588
	train loss:7.520915932125515	train acc:0.3997395833333333	train F1:0.0713953488372093	train CORR:0.0
	valid loss:9.309633647694307	valid acc:0.4540441176470588	valid F1:0.07806573957016434	valid CORR:0.0
epoch:126
	best_epoch:2	best_acc:0.4540441176470588
	train loss:7.520928257041508	train acc:0.3997395833333333	train F1:0.0713953488372093	train CORR:0.0
	valid loss:9.309839557198917	valid acc:0.4540441176470588	valid F1:0.07806573957016434	valid CORR:0.0
epoch:127
	best_epoch:2	best_acc:0.4540441176470588
	train loss:7.520926740434435	train acc:0.3997395833333333	train F1:0.0713953488372093	train CORR:0.0
	valid loss:9.309723208932315	valid acc:0.4540441176470588	valid F1:0.07806573957016434	valid CORR:0.0
epoch:128
	best_epoch:2	best_acc:0.4540441176470588
	train loss:7.520937495761448	train acc:0.3997395833333333	train F1:0.0713953488372093	train CORR:0.0
	valid loss:9.309611446717206	valid acc:0.4540441176470588	valid F1:0.07806573957016434	valid CORR:0.0
epoch:129
	best_epoch:2	best_acc:0.4540441176470588
	train loss:7.520898487832811	train acc:0.3997395833333333	train F1:0.0713953488372093	train CORR:0.0
	valid loss:9.30979560403263	valid acc:0.4540441176470588	valid F1:0.07806573957016434	valid CORR:0.0
epoch:130
	best_epoch:2	best_acc:0.4540441176470588
	train loss:7.520939860079023	train acc:0.3997395833333333	train F1:0.0713953488372093	train CORR:0.0
	valid loss:9.30967884905198	valid acc:0.4540441176470588	valid F1:0.07806573957016434	valid CORR:0.0
epoch:131
	best_epoch:2	best_acc:0.4540441176470588
	train loss:7.520941654841105	train acc:0.3997395833333333	train F1:0.0713953488372093	train CORR:0.0
	valid loss:9.309532502118278	valid acc:0.4540441176470588	valid F1:0.07806573957016434	valid CORR:0.0
epoch:132
	best_epoch:2	best_acc:0.4540441176470588
	train loss:7.520912183655633	train acc:0.3997395833333333	train F1:0.0713953488372093	train CORR:0.0
	valid loss:9.309943507699405	valid acc:0.4540441176470588	valid F1:0.07806573957016434	valid CORR:0.0
epoch:133
	best_epoch:2	best_acc:0.4540441176470588
	train loss:7.520917428864373	train acc:0.3997395833333333	train F1:0.0713953488372093	train CORR:0.0
	valid loss:9.309709689196419	valid acc:0.4540441176470588	valid F1:0.07806573957016434	valid CORR:0.0
epoch:134
	best_epoch:2	best_acc:0.4540441176470588
	train loss:7.520919309722053	train acc:0.3997395833333333	train F1:0.0713953488372093	train CORR:0.0
	valid loss:9.309729716357063	valid acc:0.4540441176470588	valid F1:0.07806573957016434	valid CORR:0.0
epoch:135
	best_epoch:2	best_acc:0.4540441176470588
	train loss:7.520932846599155	train acc:0.3997395833333333	train F1:0.0713953488372093	train CORR:0.0
	valid loss:9.309707894044763	valid acc:0.4540441176470588	valid F1:0.07806573957016434	valid CORR:0.0
epoch:136
	best_epoch:2	best_acc:0.4540441176470588
	train loss:7.520950754483541	train acc:0.3997395833333333	train F1:0.0713953488372093	train CORR:0.0
	valid loss:9.309763179105872	valid acc:0.4540441176470588	valid F1:0.07806573957016434	valid CORR:0.0
epoch:137
	best_epoch:2	best_acc:0.4540441176470588
	train loss:7.520916978518168	train acc:0.3997395833333333	train F1:0.0713953488372093	train CORR:0.0
	valid loss:9.309685314402861	valid acc:0.4540441176470588	valid F1:0.07806573957016434	valid CORR:0.0
epoch:138
	best_epoch:2	best_acc:0.4540441176470588
	train loss:7.520913256539239	train acc:0.3997395833333333	train F1:0.0713953488372093	train CORR:0.0
	valid loss:9.309800372404212	valid acc:0.4540441176470588	valid F1:0.07806573957016434	valid CORR:0.0
epoch:139
	best_epoch:2	best_acc:0.4540441176470588
	train loss:7.520922064781189	train acc:0.3997395833333333	train F1:0.0713953488372093	train CORR:0.0
	valid loss:9.310020615072812	valid acc:0.4540441176470588	valid F1:0.07806573957016434	valid CORR:0.0
epoch:140
	best_epoch:2	best_acc:0.4540441176470588
	train loss:7.520908839172787	train acc:0.3997395833333333	train F1:0.0713953488372093	train CORR:0.0
	valid loss:9.31011163487154	valid acc:0.4540441176470588	valid F1:0.07806573957016434	valid CORR:0.0
epoch:141
	best_epoch:2	best_acc:0.4540441176470588
	train loss:7.520933482382032	train acc:0.3997395833333333	train F1:0.0713953488372093	train CORR:0.0
	valid loss:9.309683589374318	valid acc:0.4540441176470588	valid F1:0.07806573957016434	valid CORR:0.0
epoch:142
	best_epoch:2	best_acc:0.4540441176470588
	train loss:7.520911852518718	train acc:0.3997395833333333	train F1:0.0713953488372093	train CORR:0.0
	valid loss:9.309728285845589	valid acc:0.4540441176470588	valid F1:0.07806573957016434	valid CORR:0.0
epoch:143
	best_epoch:2	best_acc:0.4540441176470588
	train loss:7.520904534392887	train acc:0.3997395833333333	train F1:0.0713953488372093	train CORR:0.0
	valid loss:9.30985663918888	valid acc:0.4540441176470588	valid F1:0.07806573957016434	valid CORR:0.0
epoch:144
	best_epoch:2	best_acc:0.4540441176470588
	train loss:7.520930382940504	train acc:0.3997395833333333	train F1:0.0713953488372093	train CORR:0.0
	valid loss:9.309752941131592	valid acc:0.4540441176470588	valid F1:0.07806573957016434	valid CORR:0.0
epoch:145
	best_epoch:2	best_acc:0.4540441176470588
	train loss:7.5209290981292725	train acc:0.3997395833333333	train F1:0.0713953488372093	train CORR:0.0
	valid loss:9.309687361997717	valid acc:0.4540441176470588	valid F1:0.07806573957016434	valid CORR:0.0
epoch:146
	best_epoch:2	best_acc:0.4540441176470588
	train loss:7.520942343605889	train acc:0.3997395833333333	train F1:0.0713953488372093	train CORR:0.0
	valid loss:9.30970298542696	valid acc:0.4540441176470588	valid F1:0.07806573957016434	valid CORR:0.0
epoch:147
	best_epoch:2	best_acc:0.4540441176470588
	train loss:7.520911653836568	train acc:0.3997395833333333	train F1:0.0713953488372093	train CORR:0.0
	valid loss:9.309694107841043	valid acc:0.4540441176470588	valid F1:0.07806573957016434	valid CORR:0.0
epoch:148
	best_epoch:2	best_acc:0.4540441176470588
	train loss:7.52089508374532	train acc:0.3997395833333333	train F1:0.0713953488372093	train CORR:0.0
	valid loss:9.309947224224315	valid acc:0.4540441176470588	valid F1:0.07806573957016434	valid CORR:0.0
epoch:149
	best_epoch:2	best_acc:0.4540441176470588
	train loss:7.520923415819804	train acc:0.3997395833333333	train F1:0.0713953488372093	train CORR:0.0
	valid loss:9.30979939068065	valid acc:0.4540441176470588	valid F1:0.07806573957016434	valid CORR:0.0
epoch:150
	best_epoch:2	best_acc:0.4540441176470588
	train loss:7.520926627847883	train acc:0.3997395833333333	train F1:0.0713953488372093	train CORR:0.0
	valid loss:9.309662089628333	valid acc:0.4540441176470588	valid F1:0.07806573957016434	valid CORR:0.0
epoch:151
	best_epoch:2	best_acc:0.4540441176470588
	train loss:7.520910739898682	train acc:0.3997395833333333	train F1:0.0713953488372093	train CORR:0.0
	valid loss:9.30973097857307	valid acc:0.4540441176470588	valid F1:0.07806573957016434	valid CORR:0.0
epoch:152
	best_epoch:2	best_acc:0.4540441176470588
	train loss:7.520890646510654	train acc:0.3997395833333333	train F1:0.0713953488372093	train CORR:0.0
	valid loss:9.309841422473683	valid acc:0.4540441176470588	valid F1:0.07806573957016434	valid CORR:0.0
epoch:153
	best_epoch:2	best_acc:0.4540441176470588
	train loss:7.520950436592102	train acc:0.3997395833333333	train F1:0.0713953488372093	train CORR:0.0
	valid loss:9.30971482220818	valid acc:0.4540441176470588	valid F1:0.07806573957016434	valid CORR:0.0
epoch:154
	best_epoch:2	best_acc:0.4540441176470588
	train loss:7.520895620187123	train acc:0.3997395833333333	train F1:0.0713953488372093	train CORR:0.0
	valid loss:9.309677488663617	valid acc:0.4540441176470588	valid F1:0.07806573957016434	valid CORR:0.0
epoch:155
	best_epoch:2	best_acc:0.4540441176470588
	train loss:7.520924634403652	train acc:0.3997395833333333	train F1:0.0713953488372093	train CORR:0.0
	valid loss:9.309736251831055	valid acc:0.4540441176470588	valid F1:0.07806573957016434	valid CORR:0.0
epoch:156
	best_epoch:2	best_acc:0.4540441176470588
	train loss:7.52094923125373	train acc:0.3997395833333333	train F1:0.0713953488372093	train CORR:0.0
	valid loss:9.309639972798964	valid acc:0.4540441176470588	valid F1:0.07806573957016434	valid CORR:0.0
epoch:157
	best_epoch:2	best_acc:0.4540441176470588
	train loss:7.520916435453627	train acc:0.3997395833333333	train F1:0.0713953488372093	train CORR:0.0
	valid loss:9.30970134454615	valid acc:0.4540441176470588	valid F1:0.07806573957016434	valid CORR:0.0
epoch:158
	best_epoch:2	best_acc:0.4540441176470588
	train loss:7.520907163619995	train acc:0.3997395833333333	train F1:0.0713953488372093	train CORR:0.0
	valid loss:9.309724597369923	valid acc:0.4540441176470588	valid F1:0.07806573957016434	valid CORR:0.0
epoch:159
	best_epoch:2	best_acc:0.4540441176470588
	train loss:7.520933734046088	train acc:0.3997395833333333	train F1:0.0713953488372093	train CORR:0.0
	valid loss:9.309638163622688	valid acc:0.4540441176470588	valid F1:0.07806573957016434	valid CORR:0.0
epoch:160
	best_epoch:2	best_acc:0.4540441176470588
	train loss:7.52089081870185	train acc:0.3997395833333333	train F1:0.0713953488372093	train CORR:0.0
	valid loss:9.309912541333366	valid acc:0.4540441176470588	valid F1:0.07806573957016434	valid CORR:0.0
epoch:161
	best_epoch:2	best_acc:0.4540441176470588
	train loss:7.520924773481157	train acc:0.3997395833333333	train F1:0.0713953488372093	train CORR:0.0
	valid loss:9.309755802154541	valid acc:0.4540441176470588	valid F1:0.07806573957016434	valid CORR:0.0
epoch:162
	best_epoch:2	best_acc:0.4540441176470588
	train loss:7.520907097392612	train acc:0.3997395833333333	train F1:0.0713953488372093	train CORR:0.0
	valid loss:9.309689002878526	valid acc:0.4540441176470588	valid F1:0.07806573957016434	valid CORR:0.0
epoch:163
	best_epoch:2	best_acc:0.4540441176470588
	train loss:7.520936681164636	train acc:0.3997395833333333	train F1:0.0713953488372093	train CORR:0.0
	valid loss:9.309628346387077	valid acc:0.4540441176470588	valid F1:0.07806573957016434	valid CORR:0.0
epoch:164
	best_epoch:2	best_acc:0.4540441176470588
	train loss:7.520942621760899	train acc:0.3997395833333333	train F1:0.0713953488372093	train CORR:0.0
	valid loss:9.309685763190775	valid acc:0.4540441176470588	valid F1:0.07806573957016434	valid CORR:0.0
epoch:165
	best_epoch:2	best_acc:0.4540441176470588
	train loss:7.5209244224760265	train acc:0.3997395833333333	train F1:0.0713953488372093	train CORR:0.0
	valid loss:9.309736335978789	valid acc:0.4540441176470588	valid F1:0.07806573957016434	valid CORR:0.0
epoch:166
	best_epoch:2	best_acc:0.4540441176470588
	train loss:7.520937899748485	train acc:0.3997395833333333	train F1:0.0713953488372093	train CORR:0.0
	valid loss:9.309788577696857	valid acc:0.4540441176470588	valid F1:0.07806573957016434	valid CORR:0.0
epoch:167
	best_epoch:2	best_acc:0.4540441176470588
	train loss:7.520921323034498	train acc:0.3997395833333333	train F1:0.0713953488372093	train CORR:0.0
	valid loss:9.309740361045389	valid acc:0.4540441176470588	valid F1:0.07806573957016434	valid CORR:0.0
epoch:168
	best_epoch:2	best_acc:0.4540441176470588
	train loss:7.5209176606602135	train acc:0.3997395833333333	train F1:0.0713953488372093	train CORR:0.0
	valid loss:9.309791550916785	valid acc:0.4540441176470588	valid F1:0.07806573957016434	valid CORR:0.0
epoch:169
	best_epoch:2	best_acc:0.4540441176470588
	train loss:7.5209178063604565	train acc:0.3997395833333333	train F1:0.0713953488372093	train CORR:0.0
	valid loss:9.309650042477776	valid acc:0.4540441176470588	valid F1:0.07806573957016434	valid CORR:0.0
epoch:170
	best_epoch:2	best_acc:0.4540441176470588
	train loss:7.520911832650502	train acc:0.3997395833333333	train F1:0.0713953488372093	train CORR:0.0
	valid loss:9.309956073760986	valid acc:0.4540441176470588	valid F1:0.07806573957016434	valid CORR:0.0
epoch:171
	best_epoch:2	best_acc:0.4540441176470588
	train loss:7.520916521549225	train acc:0.3997395833333333	train F1:0.0713953488372093	train CORR:0.0
	valid loss:9.309731315164004	valid acc:0.4540441176470588	valid F1:0.07806573957016434	valid CORR:0.0
epoch:172
	best_epoch:2	best_acc:0.4540441176470588
	train loss:7.520910342534383	train acc:0.3997395833333333	train F1:0.0713953488372093	train CORR:0.0
	valid loss:9.309761075412526	valid acc:0.4540441176470588	valid F1:0.07806573957016434	valid CORR:0.0
epoch:173
	best_epoch:2	best_acc:0.4540441176470588
	train loss:7.5209313829739886	train acc:0.3997395833333333	train F1:0.0713953488372093	train CORR:0.0
	valid loss:9.30985579771154	valid acc:0.4540441176470588	valid F1:0.07806573957016434	valid CORR:0.0
epoch:174
	best_epoch:2	best_acc:0.4540441176470588
	train loss:7.520923932393392	train acc:0.3997395833333333	train F1:0.0713953488372093	train CORR:0.0
	valid loss:9.309641936246086	valid acc:0.4540441176470588	valid F1:0.07806573957016434	valid CORR:0.0
epoch:175
	best_epoch:2	best_acc:0.4540441176470588
	train loss:7.520929051770104	train acc:0.3997395833333333	train F1:0.0713953488372093	train CORR:0.0
	valid loss:9.309667965945076	valid acc:0.4540441176470588	valid F1:0.07806573957016434	valid CORR:0.0
epoch:176
	best_epoch:2	best_acc:0.4540441176470588
	train loss:7.520911839273241	train acc:0.3997395833333333	train F1:0.0713953488372093	train CORR:0.0
	valid loss:9.309725929709042	valid acc:0.4540441176470588	valid F1:0.07806573957016434	valid CORR:0.0
epoch:177
	best_epoch:2	best_acc:0.4540441176470588
	train loss:7.520914554595947	train acc:0.3997395833333333	train F1:0.0713953488372093	train CORR:0.0
	valid loss:9.309720207663144	valid acc:0.4540441176470588	valid F1:0.07806573957016434	valid CORR:0.0
epoch:178
	best_epoch:2	best_acc:0.4540441176470588
	train loss:7.520909501446618	train acc:0.3997395833333333	train F1:0.0713953488372093	train CORR:0.0
	valid loss:9.30973518595976	valid acc:0.4540441176470588	valid F1:0.07806573957016434	valid CORR:0.0
epoch:179
	best_epoch:2	best_acc:0.4540441176470588
	train loss:7.520940846867031	train acc:0.3997395833333333	train F1:0.0713953488372093	train CORR:0.0
	valid loss:9.30972804742701	valid acc:0.4540441176470588	valid F1:0.07806573957016434	valid CORR:0.0
epoch:180
	best_epoch:2	best_acc:0.4540441176470588
	train loss:7.5209022826618614	train acc:0.3997395833333333	train F1:0.0713953488372093	train CORR:0.0
	valid loss:9.309784762999591	valid acc:0.4540441176470588	valid F1:0.07806573957016434	valid CORR:0.0
epoch:181
	best_epoch:2	best_acc:0.4540441176470588
	train loss:7.520914759900835	train acc:0.3997395833333333	train F1:0.0713953488372093	train CORR:0.0
	valid loss:9.309759083916159	valid acc:0.4540441176470588	valid F1:0.07806573957016434	valid CORR:0.0
epoch:182
	best_epoch:2	best_acc:0.4540441176470588
	train loss:7.520887745751275	train acc:0.3997395833333333	train F1:0.0713953488372093	train CORR:0.0
	valid loss:9.309732829823213	valid acc:0.4540441176470588	valid F1:0.07806573957016434	valid CORR:0.0
epoch:183
	best_epoch:2	best_acc:0.4540441176470588
	train loss:7.520928131209479	train acc:0.3997395833333333	train F1:0.0713953488372093	train CORR:0.0
	valid loss:9.309857677010928	valid acc:0.4540441176470588	valid F1:0.07806573957016434	valid CORR:0.0
epoch:184
	best_epoch:2	best_acc:0.4540441176470588
	train loss:7.520915932125515	train acc:0.3997395833333333	train F1:0.0713953488372093	train CORR:0.0
	valid loss:9.309652188244987	valid acc:0.4540441176470588	valid F1:0.07806573957016434	valid CORR:0.0
epoch:185
	best_epoch:2	best_acc:0.4540441176470588
	train loss:7.520932230684492	train acc:0.3997395833333333	train F1:0.0713953488372093	train CORR:0.0
	valid loss:9.309731974321252	valid acc:0.4540441176470588	valid F1:0.07806573957016434	valid CORR:0.0
epoch:186
	best_epoch:2	best_acc:0.4540441176470588
	train loss:7.5209282702869835	train acc:0.3997395833333333	train F1:0.0713953488372093	train CORR:0.0
	valid loss:9.309857480666217	valid acc:0.4540441176470588	valid F1:0.07806573957016434	valid CORR:0.0
epoch:187
	best_epoch:2	best_acc:0.4540441176470588
	train loss:7.520924402607812	train acc:0.3997395833333333	train F1:0.0713953488372093	train CORR:0.0
	valid loss:9.309814986060648	valid acc:0.4540441176470588	valid F1:0.07806573957016434	valid CORR:0.0
epoch:188
	best_epoch:2	best_acc:0.4540441176470588
	train loss:7.52091289891137	train acc:0.3997395833333333	train F1:0.0713953488372093	train CORR:0.0
	valid loss:9.309787581948672	valid acc:0.4540441176470588	valid F1:0.07806573957016434	valid CORR:0.0
epoch:189
	best_epoch:2	best_acc:0.4540441176470588
	train loss:7.520920011732313	train acc:0.3997395833333333	train F1:0.0713953488372093	train CORR:0.0
	valid loss:9.309704906800214	valid acc:0.4540441176470588	valid F1:0.07806573957016434	valid CORR:0.0
epoch:190
	best_epoch:2	best_acc:0.4540441176470588
	train loss:7.520899494489034	train acc:0.3997395833333333	train F1:0.0713953488372093	train CORR:0.0
	valid loss:9.30972866451039	valid acc:0.4540441176470588	valid F1:0.07806573957016434	valid CORR:0.0
epoch:191
	best_epoch:2	best_acc:0.4540441176470588
	train loss:7.5209276874860125	train acc:0.3997395833333333	train F1:0.0713953488372093	train CORR:0.0
	valid loss:9.309726574841667	valid acc:0.4540441176470588	valid F1:0.07806573957016434	valid CORR:0.0
epoch:192
	best_epoch:2	best_acc:0.4540441176470588
	train loss:7.520922541618347	train acc:0.3997395833333333	train F1:0.0713953488372093	train CORR:0.0
	valid loss:9.30978676852058	valid acc:0.4540441176470588	valid F1:0.07806573957016434	valid CORR:0.0
epoch:193
	best_epoch:2	best_acc:0.4540441176470588
	train loss:7.520930111408234	train acc:0.3997395833333333	train F1:0.0713953488372093	train CORR:0.0
	valid loss:9.30973902870627	valid acc:0.4540441176470588	valid F1:0.07806573957016434	valid CORR:0.0
epoch:194
	best_epoch:2	best_acc:0.4540441176470588
	train loss:7.520930846532186	train acc:0.3997395833333333	train F1:0.0713953488372093	train CORR:0.0
	valid loss:9.309917688369751	valid acc:0.4540441176470588	valid F1:0.07806573957016434	valid CORR:0.0
epoch:195
	best_epoch:2	best_acc:0.4540441176470588
	train loss:7.520922395918104	train acc:0.3997395833333333	train F1:0.0713953488372093	train CORR:0.0
	valid loss:9.309839262681848	valid acc:0.4540441176470588	valid F1:0.07806573957016434	valid CORR:0.0
epoch:196
	best_epoch:2	best_acc:0.4540441176470588
	train loss:7.520932171079847	train acc:0.3997395833333333	train F1:0.0713953488372093	train CORR:0.0
	valid loss:9.309866119833554	valid acc:0.4540441176470588	valid F1:0.07806573957016434	valid CORR:0.0
epoch:197
	best_epoch:2	best_acc:0.4540441176470588
	train loss:7.520927594767676	train acc:0.3997395833333333	train F1:0.0713953488372093	train CORR:0.0
	valid loss:9.309685482698328	valid acc:0.4540441176470588	valid F1:0.07806573957016434	valid CORR:0.0
epoch:198
	best_epoch:2	best_acc:0.4540441176470588
	train loss:7.520909706751506	train acc:0.3997395833333333	train F1:0.0713953488372093	train CORR:0.0
	valid loss:9.309749813640819	valid acc:0.4540441176470588	valid F1:0.07806573957016434	valid CORR:0.0
epoch:199
	best_epoch:2	best_acc:0.4540441176470588
	train loss:7.520923852920532	train acc:0.3997395833333333	train F1:0.0713953488372093	train CORR:0.0
	valid loss:9.309739042730893	valid acc:0.4540441176470588	valid F1:0.07806573957016434	valid CORR:0.0
epoch:200
	best_epoch:2	best_acc:0.4540441176470588
	train loss:7.520929786894056	train acc:0.3997395833333333	train F1:0.0713953488372093	train CORR:0.0
	valid loss:9.309867325951071	valid acc:0.4540441176470588	valid F1:0.07806573957016434	valid CORR:0.0
epoch:201
	best_epoch:2	best_acc:0.4540441176470588
	train loss:7.5209039317237005	train acc:0.3997395833333333	train F1:0.0713953488372093	train CORR:0.0
	valid loss:9.309747457504272	valid acc:0.4540441176470588	valid F1:0.07806573957016434	valid CORR:0.0
epoch:202
	best_epoch:2	best_acc:0.4540441176470588
	train loss:7.52090236875746	train acc:0.3997395833333333	train F1:0.0713953488372093	train CORR:0.0
	valid loss:9.309743544634651	valid acc:0.4540441176470588	valid F1:0.07806573957016434	valid CORR:0.0
epoch:203
	best_epoch:2	best_acc:0.4540441176470588
	train loss:7.520906938446893	train acc:0.3997395833333333	train F1:0.0713953488372093	train CORR:0.0
	valid loss:9.309767877354341	valid acc:0.4540441176470588	valid F1:0.07806573957016434	valid CORR:0.0
epoch:204
	best_epoch:2	best_acc:0.4540441176470588
	train loss:7.520932038625081	train acc:0.3997395833333333	train F1:0.0713953488372093	train CORR:0.0
	valid loss:9.309663912829231	valid acc:0.4540441176470588	valid F1:0.07806573957016434	valid CORR:0.0
epoch:205
	best_epoch:2	best_acc:0.4540441176470588
	train loss:7.520909905433655	train acc:0.3997395833333333	train F1:0.0713953488372093	train CORR:0.0
	valid loss:9.309714261223288	valid acc:0.4540441176470588	valid F1:0.07806573957016434	valid CORR:0.0
epoch:206
	best_epoch:2	best_acc:0.4540441176470588
	train loss:7.520926011933221	train acc:0.3997395833333333	train F1:0.0713953488372093	train CORR:0.0
	valid loss:9.309715327094583	valid acc:0.4540441176470588	valid F1:0.07806573957016434	valid CORR:0.0
epoch:207
	best_epoch:2	best_acc:0.4540441176470588
	train loss:7.520919336213006	train acc:0.3997395833333333	train F1:0.0713953488372093	train CORR:0.0
	valid loss:9.309712409973145	valid acc:0.4540441176470588	valid F1:0.07806573957016434	valid CORR:0.0
epoch:208
	best_epoch:2	best_acc:0.4540441176470588
	train loss:7.520901653501722	train acc:0.3997395833333333	train F1:0.0713953488372093	train CORR:0.0
	valid loss:9.30992366285885	valid acc:0.4540441176470588	valid F1:0.07806573957016434	valid CORR:0.0
epoch:209
	best_epoch:2	best_acc:0.4540441176470588
	train loss:7.520918521616194	train acc:0.3997395833333333	train F1:0.0713953488372093	train CORR:0.0
	valid loss:9.309835462009206	valid acc:0.4540441176470588	valid F1:0.07806573957016434	valid CORR:0.0
epoch:210
	best_epoch:2	best_acc:0.4540441176470588
	train loss:7.5209136671490135	train acc:0.3997395833333333	train F1:0.0713953488372093	train CORR:0.0
	valid loss:9.309788395376767	valid acc:0.4540441176470588	valid F1:0.07806573957016434	valid CORR:0.0
epoch:211
	best_epoch:2	best_acc:0.4540441176470588
	train loss:7.520936528841655	train acc:0.3997395833333333	train F1:0.0713953488372093	train CORR:0.0
	valid loss:9.30971469598658	valid acc:0.4540441176470588	valid F1:0.07806573957016434	valid CORR:0.0
epoch:212
	best_epoch:2	best_acc:0.4540441176470588
	train loss:7.520884964201185	train acc:0.3997395833333333	train F1:0.0713953488372093	train CORR:0.0
	valid loss:9.30983213817372	valid acc:0.4540441176470588	valid F1:0.07806573957016434	valid CORR:0.0
epoch:213
	best_epoch:2	best_acc:0.4540441176470588
	train loss:7.520892077022129	train acc:0.3997395833333333	train F1:0.0713953488372093	train CORR:0.0
	valid loss:9.309772940242992	valid acc:0.4540441176470588	valid F1:0.07806573957016434	valid CORR:0.0
epoch:214
	best_epoch:2	best_acc:0.4540441176470588
	train loss:7.52093118429184	train acc:0.3997395833333333	train F1:0.0713953488372093	train CORR:0.0
	valid loss:9.309830076554242	valid acc:0.4540441176470588	valid F1:0.07806573957016434	valid CORR:0.0
epoch:215
	best_epoch:2	best_acc:0.4540441176470588
	train loss:7.520918130874634	train acc:0.3997395833333333	train F1:0.0713953488372093	train CORR:0.0
	valid loss:9.309818520265466	valid acc:0.4540441176470588	valid F1:0.07806573957016434	valid CORR:0.0
epoch:216
	best_epoch:2	best_acc:0.4540441176470588
	train loss:7.5209183428022595	train acc:0.3997395833333333	train F1:0.0713953488372093	train CORR:0.0
	valid loss:9.309794832678403	valid acc:0.4540441176470588	valid F1:0.07806573957016434	valid CORR:0.0
epoch:217
	best_epoch:2	best_acc:0.4540441176470588
	train loss:7.5209372242291765	train acc:0.3997395833333333	train F1:0.0713953488372093	train CORR:0.0
	valid loss:9.30979336009306	valid acc:0.4540441176470588	valid F1:0.07806573957016434	valid CORR:0.0
epoch:218
	best_epoch:2	best_acc:0.4540441176470588
	train loss:7.52090945508745	train acc:0.3997395833333333	train F1:0.0713953488372093	train CORR:0.0
	valid loss:9.309792616788078	valid acc:0.4540441176470588	valid F1:0.07806573957016434	valid CORR:0.0
epoch:219
	best_epoch:2	best_acc:0.4540441176470588
	train loss:7.520926502015856	train acc:0.3997395833333333	train F1:0.0713953488372093	train CORR:0.0
	valid loss:9.309825224034926	valid acc:0.4540441176470588	valid F1:0.07806573957016434	valid CORR:0.0
epoch:220
	best_epoch:2	best_acc:0.4540441176470588
	train loss:7.520913309521145	train acc:0.3997395833333333	train F1:0.0713953488372093	train CORR:0.0
	valid loss:9.309873300440172	valid acc:0.4540441176470588	valid F1:0.07806573957016434	valid CORR:0.0
epoch:221
	best_epoch:2	best_acc:0.4540441176470588
	train loss:7.520935462580787	train acc:0.3997395833333333	train F1:0.0713953488372093	train CORR:0.0
	valid loss:9.309697179233327	valid acc:0.4540441176470588	valid F1:0.07806573957016434	valid CORR:0.0
epoch:222
	best_epoch:2	best_acc:0.4540441176470588
	train loss:7.52091250816981	train acc:0.3997395833333333	train F1:0.0713953488372093	train CORR:0.0
	valid loss:9.30976573158713	valid acc:0.4540441176470588	valid F1:0.07806573957016434	valid CORR:0.0
epoch:223
	best_epoch:2	best_acc:0.4540441176470588
	train loss:7.520927124553257	train acc:0.3997395833333333	train F1:0.0713953488372093	train CORR:0.0
	valid loss:9.309765591340906	valid acc:0.4540441176470588	valid F1:0.07806573957016434	valid CORR:0.0
epoch:224
	best_epoch:2	best_acc:0.4540441176470588
	train loss:7.520910037888421	train acc:0.3997395833333333	train F1:0.0713953488372093	train CORR:0.0
	valid loss:9.309688385795145	valid acc:0.4540441176470588	valid F1:0.07806573957016434	valid CORR:0.0
epoch:225
	best_epoch:2	best_acc:0.4540441176470588
	train loss:7.520888282193078	train acc:0.3997395833333333	train F1:0.0713953488372093	train CORR:0.0
	valid loss:9.310046195983887	valid acc:0.4540441176470588	valid F1:0.07806573957016434	valid CORR:0.0
epoch:226
	best_epoch:2	best_acc:0.4540441176470588
	train loss:7.52092511124081	train acc:0.3997395833333333	train F1:0.0713953488372093	train CORR:0.0
	valid loss:9.309689030927771	valid acc:0.4540441176470588	valid F1:0.07806573957016434	valid CORR:0.0
epoch:227
	best_epoch:2	best_acc:0.4540441176470588
	train loss:7.520942939652337	train acc:0.3997395833333333	train F1:0.0713953488372093	train CORR:0.0
	valid loss:9.309711526421939	valid acc:0.4540441176470588	valid F1:0.07806573957016434	valid CORR:0.0
epoch:228
	best_epoch:2	best_acc:0.4540441176470588
	train loss:7.520911554495494	train acc:0.3997395833333333	train F1:0.0713953488372093	train CORR:0.0
	valid loss:9.309738397598267	valid acc:0.4540441176470588	valid F1:0.07806573957016434	valid CORR:0.0
epoch:229
	best_epoch:2	best_acc:0.4540441176470588
	train loss:7.520924303266737	train acc:0.3997395833333333	train F1:0.0713953488372093	train CORR:0.0
	valid loss:9.309867213754092	valid acc:0.4540441176470588	valid F1:0.07806573957016434	valid CORR:0.0
epoch:230
	best_epoch:2	best_acc:0.4540441176470588
	train loss:7.520903242958917	train acc:0.3997395833333333	train F1:0.0713953488372093	train CORR:0.0
	valid loss:9.30969134499045	valid acc:0.4540441176470588	valid F1:0.07806573957016434	valid CORR:0.0
epoch:231
	best_epoch:2	best_acc:0.4540441176470588
	train loss:7.520901752842797	train acc:0.3997395833333333	train F1:0.0713953488372093	train CORR:0.0
	valid loss:9.309847943923053	valid acc:0.4540441176470588	valid F1:0.07806573957016434	valid CORR:0.0
epoch:232
	best_epoch:2	best_acc:0.4540441176470588
	train loss:7.520923435688019	train acc:0.3997395833333333	train F1:0.0713953488372093	train CORR:0.0
	valid loss:9.309768410289989	valid acc:0.4540441176470588	valid F1:0.07806573957016434	valid CORR:0.0
epoch:233
	best_epoch:2	best_acc:0.4540441176470588
	train loss:7.520922124385834	train acc:0.3997395833333333	train F1:0.0713953488372093	train CORR:0.0
	valid loss:9.309729814529419	valid acc:0.4540441176470588	valid F1:0.07806573957016434	valid CORR:0.0
epoch:234
	best_epoch:2	best_acc:0.4540441176470588
	train loss:7.520907362302144	train acc:0.3997395833333333	train F1:0.0713953488372093	train CORR:0.0
	valid loss:9.309783402611227	valid acc:0.4540441176470588	valid F1:0.07806573957016434	valid CORR:0.0
epoch:235
	best_epoch:2	best_acc:0.4540441176470588
	train loss:7.520922263463338	train acc:0.3997395833333333	train F1:0.0713953488372093	train CORR:0.0
	valid loss:9.309901686275706	valid acc:0.4540441176470588	valid F1:0.07806573957016434	valid CORR:0.0
epoch:236
	best_epoch:2	best_acc:0.4540441176470588
	train loss:7.520945290724437	train acc:0.3997395833333333	train F1:0.0713953488372093	train CORR:0.0
	valid loss:9.309663253671983	valid acc:0.4540441176470588	valid F1:0.07806573957016434	valid CORR:0.0
epoch:237
	best_epoch:2	best_acc:0.4540441176470588
	train loss:7.520894991026984	train acc:0.3997395833333333	train F1:0.0713953488372093	train CORR:0.0
	valid loss:9.309875319985782	valid acc:0.4540441176470588	valid F1:0.07806573957016434	valid CORR:0.0
epoch:238
	best_epoch:2	best_acc:0.4540441176470588
	train loss:7.520920621024238	train acc:0.3997395833333333	train F1:0.0713953488372093	train CORR:0.0
	valid loss:9.309803513919606	valid acc:0.4540441176470588	valid F1:0.07806573957016434	valid CORR:0.0
epoch:239
	best_epoch:2	best_acc:0.4540441176470588
	train loss:7.520928634537591	train acc:0.3997395833333333	train F1:0.0713953488372093	train CORR:0.0
	valid loss:9.309807595084695	valid acc:0.4540441176470588	valid F1:0.07806573957016434	valid CORR:0.0
epoch:240
	best_epoch:2	best_acc:0.4540441176470588
	train loss:7.520952761173248	train acc:0.3997395833333333	train F1:0.0713953488372093	train CORR:0.0
	valid loss:9.309841366375194	valid acc:0.4540441176470588	valid F1:0.07806573957016434	valid CORR:0.0
epoch:241
	best_epoch:2	best_acc:0.4540441176470588
	train loss:7.520924442344242	train acc:0.3997395833333333	train F1:0.0713953488372093	train CORR:0.0
	valid loss:9.309797735775218	valid acc:0.4540441176470588	valid F1:0.07806573957016434	valid CORR:0.0
epoch:242
	best_epoch:2	best_acc:0.4540441176470588
	train loss:7.520925581455231	train acc:0.3997395833333333	train F1:0.0713953488372093	train CORR:0.0
	valid loss:9.30974646175609	valid acc:0.4540441176470588	valid F1:0.07806573957016434	valid CORR:0.0
epoch:243
	best_epoch:2	best_acc:0.4540441176470588
	train loss:7.520902911822001	train acc:0.3997395833333333	train F1:0.0713953488372093	train CORR:0.0
	valid loss:9.309745522106395	valid acc:0.4540441176470588	valid F1:0.07806573957016434	valid CORR:0.0
epoch:244
	best_epoch:2	best_acc:0.4540441176470588
	train loss:7.520905766222212	train acc:0.3997395833333333	train F1:0.0713953488372093	train CORR:0.0
	valid loss:9.309800133985632	valid acc:0.4540441176470588	valid F1:0.07806573957016434	valid CORR:0.0
epoch:245
	best_epoch:2	best_acc:0.4540441176470588
	train loss:7.520901799201965	train acc:0.3997395833333333	train F1:0.0713953488372093	train CORR:0.0
	valid loss:9.309611124150893	valid acc:0.4540441176470588	valid F1:0.07806573957016434	valid CORR:0.0
epoch:246
	best_epoch:2	best_acc:0.4540441176470588
	train loss:7.52093489964803	train acc:0.3997395833333333	train F1:0.0713953488372093	train CORR:0.0
	valid loss:9.309718889348646	valid acc:0.4540441176470588	valid F1:0.07806573957016434	valid CORR:0.0
epoch:247
	best_epoch:2	best_acc:0.4540441176470588
	train loss:7.5209167334768505	train acc:0.3997395833333333	train F1:0.0713953488372093	train CORR:0.0
	valid loss:9.309784720925723	valid acc:0.4540441176470588	valid F1:0.07806573957016434	valid CORR:0.0
epoch:248
	best_epoch:2	best_acc:0.4540441176470588
	train loss:7.520920515060425	train acc:0.3997395833333333	train F1:0.0713953488372093	train CORR:0.0
	valid loss:9.309757400961484	valid acc:0.4540441176470588	valid F1:0.07806573957016434	valid CORR:0.0
epoch:249
	best_epoch:2	best_acc:0.4540441176470588
	train loss:7.520923131042057	train acc:0.3997395833333333	train F1:0.0713953488372093	train CORR:0.0
	valid loss:9.309669831219841	valid acc:0.4540441176470588	valid F1:0.07806573957016434	valid CORR:0.0
epoch:250
	best_epoch:2	best_acc:0.4540441176470588
	train loss:7.520916554662916	train acc:0.3997395833333333	train F1:0.0713953488372093	train CORR:0.0
	valid loss:9.309729071224437	valid acc:0.4540441176470588	valid F1:0.07806573957016434	valid CORR:0.0
epoch:251
	best_epoch:2	best_acc:0.4540441176470588
	train loss:7.520935005611843	train acc:0.3997395833333333	train F1:0.0713953488372093	train CORR:0.0
	valid loss:9.309713994755464	valid acc:0.4540441176470588	valid F1:0.07806573957016434	valid CORR:0.0
epoch:252
	best_epoch:2	best_acc:0.4540441176470588
	train loss:7.520896706316206	train acc:0.3997395833333333	train F1:0.0713953488372093	train CORR:0.0
	valid loss:9.309686324175667	valid acc:0.4540441176470588	valid F1:0.07806573957016434	valid CORR:0.0
epoch:253
	best_epoch:2	best_acc:0.4540441176470588
	train loss:7.520930310090383	train acc:0.3997395833333333	train F1:0.0713953488372093	train CORR:0.0
	valid loss:9.309745283687816	valid acc:0.4540441176470588	valid F1:0.07806573957016434	valid CORR:0.0
epoch:254
	best_epoch:2	best_acc:0.4540441176470588
	train loss:7.52089845471912	train acc:0.3997395833333333	train F1:0.0713953488372093	train CORR:0.0
	valid loss:9.309724050409654	valid acc:0.4540441176470588	valid F1:0.07806573957016434	valid CORR:0.0
epoch:255
	best_epoch:2	best_acc:0.4540441176470588
	train loss:7.520923905902439	train acc:0.3997395833333333	train F1:0.0713953488372093	train CORR:0.0
	valid loss:9.309764539494234	valid acc:0.4540441176470588	valid F1:0.07806573957016434	valid CORR:0.0
epoch:256
	best_epoch:2	best_acc:0.4540441176470588
	train loss:7.520934952629937	train acc:0.3997395833333333	train F1:0.0713953488372093	train CORR:0.0
	valid loss:9.309605991139131	valid acc:0.4540441176470588	valid F1:0.07806573957016434	valid CORR:0.0
epoch:257
	best_epoch:2	best_acc:0.4540441176470588
	train loss:7.52091450161404	train acc:0.3997395833333333	train F1:0.0713953488372093	train CORR:0.0
	valid loss:9.309719057644115	valid acc:0.4540441176470588	valid F1:0.07806573957016434	valid CORR:0.0
epoch:258
	best_epoch:2	best_acc:0.4540441176470588
	train loss:7.520919766690996	train acc:0.3997395833333333	train F1:0.0713953488372093	train CORR:0.0
	valid loss:9.30980634689331	valid acc:0.4540441176470588	valid F1:0.07806573957016434	valid CORR:0.0
epoch:259
	best_epoch:2	best_acc:0.4540441176470588
	train loss:7.520919296476576	train acc:0.3997395833333333	train F1:0.0713953488372093	train CORR:0.0
	valid loss:9.309676142299876	valid acc:0.4540441176470588	valid F1:0.07806573957016434	valid CORR:0.0
epoch:260
	best_epoch:2	best_acc:0.4540441176470588
	train loss:7.520903772777981	train acc:0.3997395833333333	train F1:0.0713953488372093	train CORR:0.0
	valid loss:9.309729477938484	valid acc:0.4540441176470588	valid F1:0.07806573957016434	valid CORR:0.0
epoch:261
	best_epoch:2	best_acc:0.4540441176470588
	train loss:7.520915084415012	train acc:0.3997395833333333	train F1:0.0713953488372093	train CORR:0.0
	valid loss:9.309728201697855	valid acc:0.4540441176470588	valid F1:0.07806573957016434	valid CORR:0.0
epoch:262
	best_epoch:2	best_acc:0.4540441176470588
	train loss:7.520888871616787	train acc:0.3997395833333333	train F1:0.0713953488372093	train CORR:0.0
	valid loss:9.309835574206184	valid acc:0.4540441176470588	valid F1:0.07806573957016434	valid CORR:0.0
epoch:263
	best_epoch:2	best_acc:0.4540441176470588
	train loss:7.520909925301869	train acc:0.3997395833333333	train F1:0.0713953488372093	train CORR:0.0
	valid loss:9.309910072999841	valid acc:0.4540441176470588	valid F1:0.07806573957016434	valid CORR:0.0
epoch:264
	best_epoch:2	best_acc:0.4540441176470588
	train loss:7.5209059715271	train acc:0.3997395833333333	train F1:0.0713953488372093	train CORR:0.0
	valid loss:9.309707725749297	valid acc:0.4540441176470588	valid F1:0.07806573957016434	valid CORR:0.0
epoch:265
	best_epoch:2	best_acc:0.4540441176470588
	train loss:7.520895785755581	train acc:0.3997395833333333	train F1:0.0713953488372093	train CORR:0.0
	valid loss:9.309830889982337	valid acc:0.4540441176470588	valid F1:0.07806573957016434	valid CORR:0.0
epoch:266
	best_epoch:2	best_acc:0.4540441176470588
	train loss:7.520932197570801	train acc:0.3997395833333333	train F1:0.0713953488372093	train CORR:0.0
	valid loss:9.309738285401288	valid acc:0.4540441176470588	valid F1:0.07806573957016434	valid CORR:0.0
epoch:267
	best_epoch:2	best_acc:0.4540441176470588
	train loss:7.5209243761168585	train acc:0.3997395833333333	train F1:0.0713953488372093	train CORR:0.0
	valid loss:9.309657545650706	valid acc:0.4540441176470588	valid F1:0.07806573957016434	valid CORR:0.0
epoch:268
	best_epoch:2	best_acc:0.4540441176470588
	train loss:7.520903375413683	train acc:0.3997395833333333	train F1:0.0713953488372093	train CORR:0.0
	valid loss:9.309696898740881	valid acc:0.4540441176470588	valid F1:0.07806573957016434	valid CORR:0.0
epoch:269
	best_epoch:2	best_acc:0.4540441176470588
	train loss:7.520906044377221	train acc:0.3997395833333333	train F1:0.0713953488372093	train CORR:0.0
	valid loss:9.309724372975966	valid acc:0.4540441176470588	valid F1:0.07806573957016434	valid CORR:0.0
epoch:270
	best_epoch:2	best_acc:0.4540441176470588
	train loss:7.52092429002126	train acc:0.3997395833333333	train F1:0.0713953488372093	train CORR:0.0
	valid loss:9.309778858633603	valid acc:0.4540441176470588	valid F1:0.07806573957016434	valid CORR:0.0
epoch:271
	best_epoch:2	best_acc:0.4540441176470588
	train loss:7.520926356315613	train acc:0.3997395833333333	train F1:0.0713953488372093	train CORR:0.0
	valid loss:9.309953114565682	valid acc:0.4540441176470588	valid F1:0.07806573957016434	valid CORR:0.0
epoch:272
	best_epoch:2	best_acc:0.4540441176470588
	train loss:7.5209239853752985	train acc:0.3997395833333333	train F1:0.0713953488372093	train CORR:0.0
	valid loss:9.309804551741657	valid acc:0.4540441176470588	valid F1:0.07806573957016434	valid CORR:0.0
epoch:273
	best_epoch:2	best_acc:0.4540441176470588
	train loss:7.5209188726213245	train acc:0.3997395833333333	train F1:0.0713953488372093	train CORR:0.0
	valid loss:9.309722844292136	valid acc:0.4540441176470588	valid F1:0.07806573957016434	valid CORR:0.0
epoch:274
	best_epoch:2	best_acc:0.4540441176470588
	train loss:7.5208998454941645	train acc:0.3997395833333333	train F1:0.0713953488372093	train CORR:0.0
	valid loss:9.310049183228436	valid acc:0.4540441176470588	valid F1:0.07806573957016434	valid CORR:0.0
epoch:275
	best_epoch:2	best_acc:0.4540441176470588
	train loss:7.5209156009886	train acc:0.3997395833333333	train F1:0.0713953488372093	train CORR:0.0
	valid loss:9.309813190908994	valid acc:0.4540441176470588	valid F1:0.07806573957016434	valid CORR:0.0
epoch:276
	best_epoch:2	best_acc:0.4540441176470588
	train loss:7.520905772844951	train acc:0.3997395833333333	train F1:0.0713953488372093	train CORR:0.0
	valid loss:9.309891308055205	valid acc:0.4540441176470588	valid F1:0.07806573957016434	valid CORR:0.0
epoch:277
	best_epoch:2	best_acc:0.4540441176470588
	train loss:7.520916183789571	train acc:0.3997395833333333	train F1:0.0713953488372093	train CORR:0.0
	valid loss:9.309715831980986	valid acc:0.4540441176470588	valid F1:0.07806573957016434	valid CORR:0.0
epoch:278
	best_epoch:2	best_acc:0.4540441176470588
	train loss:7.520904686715868	train acc:0.3997395833333333	train F1:0.0713953488372093	train CORR:0.0
	valid loss:9.309844073127298	valid acc:0.4540441176470588	valid F1:0.07806573957016434	valid CORR:0.0
epoch:279
	best_epoch:2	best_acc:0.4540441176470588
	train loss:7.520923773447673	train acc:0.3997395833333333	train F1:0.0713953488372093	train CORR:0.0
	valid loss:9.309680658228258	valid acc:0.4540441176470588	valid F1:0.07806573957016434	valid CORR:0.0
epoch:280
	best_epoch:2	best_acc:0.4540441176470588
	train loss:7.52090843518575	train acc:0.3997395833333333	train F1:0.0713953488372093	train CORR:0.0
	valid loss:9.30975310942706	valid acc:0.4540441176470588	valid F1:0.07806573957016434	valid CORR:0.0
epoch:281
	best_epoch:2	best_acc:0.4540441176470588
	train loss:7.520927038457659	train acc:0.3997395833333333	train F1:0.0713953488372093	train CORR:0.0
	valid loss:9.309952777974745	valid acc:0.4540441176470588	valid F1:0.07806573957016434	valid CORR:0.0
epoch:282
	best_epoch:2	best_acc:0.4540441176470588
	train loss:7.520903090635936	train acc:0.3997395833333333	train F1:0.0713953488372093	train CORR:0.0
	valid loss:9.30965019674862	valid acc:0.4540441176470588	valid F1:0.07806573957016434	valid CORR:0.0
epoch:283
	best_epoch:2	best_acc:0.4540441176470588
	train loss:7.52091603146659	train acc:0.3997395833333333	train F1:0.0713953488372093	train CORR:0.0
	valid loss:9.309696365805234	valid acc:0.4540441176470588	valid F1:0.07806573957016434	valid CORR:0.0
epoch:284
	best_epoch:2	best_acc:0.4540441176470588
	train loss:7.5209048589070635	train acc:0.3997395833333333	train F1:0.0713953488372093	train CORR:0.0
	valid loss:9.309711456298828	valid acc:0.4540441176470588	valid F1:0.07806573957016434	valid CORR:0.0
epoch:285
	best_epoch:2	best_acc:0.4540441176470588
	train loss:7.520923137664795	train acc:0.3997395833333333	train F1:0.0713953488372093	train CORR:0.0
	valid loss:9.309761426028084	valid acc:0.4540441176470588	valid F1:0.07806573957016434	valid CORR:0.0
epoch:286
	best_epoch:2	best_acc:0.4540441176470588
	train loss:7.520911362436083	train acc:0.3997395833333333	train F1:0.0713953488372093	train CORR:0.0
	valid loss:9.309828421648811	valid acc:0.4540441176470588	valid F1:0.07806573957016434	valid CORR:0.0
epoch:287
	best_epoch:2	best_acc:0.4540441176470588
	train loss:7.520928780237834	train acc:0.3997395833333333	train F1:0.0713953488372093	train CORR:0.0
	valid loss:9.309690489488489	valid acc:0.4540441176470588	valid F1:0.07806573957016434	valid CORR:0.0
epoch:288
	best_epoch:2	best_acc:0.4540441176470588
	train loss:7.52090307076772	train acc:0.3997395833333333	train F1:0.0713953488372093	train CORR:0.0
	valid loss:9.309819319668938	valid acc:0.4540441176470588	valid F1:0.07806573957016434	valid CORR:0.0
epoch:289
	best_epoch:2	best_acc:0.4540441176470588
	train loss:7.520933787027995	train acc:0.3997395833333333	train F1:0.0713953488372093	train CORR:0.0
	valid loss:9.309801690718707	valid acc:0.4540441176470588	valid F1:0.07806573957016434	valid CORR:0.0
epoch:290
	best_epoch:2	best_acc:0.4540441176470588
	train loss:7.520923879411486	train acc:0.3997395833333333	train F1:0.0713953488372093	train CORR:0.0
	valid loss:9.309807412764606	valid acc:0.4540441176470588	valid F1:0.07806573957016434	valid CORR:0.0
epoch:291
	best_epoch:2	best_acc:0.4540441176470588
	train loss:7.520911196867625	train acc:0.3997395833333333	train F1:0.0713953488372093	train CORR:0.0
	valid loss:9.309758943669936	valid acc:0.4540441176470588	valid F1:0.07806573957016434	valid CORR:0.0
epoch:292
	best_epoch:2	best_acc:0.4540441176470588
	train loss:7.520895507600573	train acc:0.3997395833333333	train F1:0.0713953488372093	train CORR:0.0
	valid loss:9.309770303614	valid acc:0.4540441176470588	valid F1:0.07806573957016434	valid CORR:0.0
epoch:293
	best_epoch:2	best_acc:0.4540441176470588
	train loss:7.52091646194458	train acc:0.3997395833333333	train F1:0.0713953488372093	train CORR:0.0
	valid loss:9.309760219910565	valid acc:0.4540441176470588	valid F1:0.07806573957016434	valid CORR:0.0
epoch:294
	best_epoch:2	best_acc:0.4540441176470588
	train loss:7.520895924833086	train acc:0.3997395833333333	train F1:0.0713953488372093	train CORR:0.0
	valid loss:9.309908095528098	valid acc:0.4540441176470588	valid F1:0.07806573957016434	valid CORR:0.0
epoch:295
	best_epoch:2	best_acc:0.4540441176470588
	train loss:7.5209105014801025	train acc:0.3997395833333333	train F1:0.0713953488372093	train CORR:0.0
	valid loss:9.309799558976117	valid acc:0.4540441176470588	valid F1:0.07806573957016434	valid CORR:0.0
epoch:296
	best_epoch:2	best_acc:0.4540441176470588
	train loss:7.520905256271362	train acc:0.3997395833333333	train F1:0.0713953488372093	train CORR:0.0
	valid loss:9.309716701507568	valid acc:0.4540441176470588	valid F1:0.07806573957016434	valid CORR:0.0
epoch:297
	best_epoch:2	best_acc:0.4540441176470588
	train loss:7.520925482114156	train acc:0.3997395833333333	train F1:0.0713953488372093	train CORR:0.0
	valid loss:9.309683813768274	valid acc:0.4540441176470588	valid F1:0.07806573957016434	valid CORR:0.0
epoch:298
	best_epoch:2	best_acc:0.4540441176470588
	train loss:7.5209148327509565	train acc:0.3997395833333333	train F1:0.0713953488372093	train CORR:0.0
	valid loss:9.309828211279477	valid acc:0.4540441176470588	valid F1:0.07806573957016434	valid CORR:0.0
epoch:299
	best_epoch:2	best_acc:0.4540441176470588
	train loss:7.520919746822781	train acc:0.3997395833333333	train F1:0.0713953488372093	train CORR:0.0
	valid loss:9.30981622022741	valid acc:0.4540441176470588	valid F1:0.07806573957016434	valid CORR:0.0
test loss:10.226788464714499	test acc:0.4650735294117647	test F1:0.07936010037641154	test CORR:0.0
Total Time Use: 859 s
