Traceback (most recent call last):
  File "main.py", line 187, in <module>
    func_map[sys.argv[1]]()
  File "main.py", line 145, in run_rcnn
    run_net(dict(basic_config, **config))
  File "D:\大二下\人智导\作业\hw3_up\ChineseSentiment\run_net.py", line 160, in run_net
    model = load_model(config, net_name)
  File "D:\大二下\人智导\作业\hw3_up\ChineseSentiment\run_net.py", line 125, in load_model
    model = load_rcnn(config, os.path.join(config['output_path'], net_name + '.pkl'), device)
  File "D:\大二下\人智导\作业\hw3_up\ChineseSentiment\rcnn.py", line 112, in load_rcnn
    ).to(device)
  File "E:\Anaconda 5.3.1\lib\site-packages\torch\nn\modules\module.py", line 443, in to
    return self._apply(convert)
  File "E:\Anaconda 5.3.1\lib\site-packages\torch\nn\modules\module.py", line 203, in _apply
    module._apply(fn)
  File "E:\Anaconda 5.3.1\lib\site-packages\torch\nn\modules\module.py", line 225, in _apply
    param_applied = fn(param)
  File "E:\Anaconda 5.3.1\lib\site-packages\torch\nn\modules\module.py", line 441, in convert
    return t.to(device, dtype if t.is_floating_point() else None, non_blocking)
  File "E:\Anaconda 5.3.1\lib\site-packages\torch\cuda\__init__.py", line 153, in _lazy_init
    torch._C._cuda_init()
KeyboardInterrupt
